results/efficientnet_sgd_lr0.01_d1.0_w1.0_r1.0_c1.0_DA_steplr_phase2_DA/
Data loaded!

8 Classes detected!
optimizer: sgd
output_dir: results/efficientnet_sgd_lr0.01_d1.0_w1.0_r1.0_c1.0_DA_steplr_phase2_DA/
path_extension: steplr_phase2_DA
data_augmentation: True
crop_size: 224
balanced_sampler: False
learning_rate: 0.01
batch_size: 32
width_coefficient: 1.0
verbose: False
model_name: efficientnet
epochs: 300
resolution_coefficient: 1.0
img_size: 256
compound_coefficient: 1.0
depth_coefficient: 1.0

---- Start Training ----
[2019-06-14 15:53:24] Epoch 1, LR: 0.010000, Train Loss: 1.239514, Val Loss: 1.104547, Train Acc: 55.51, Val Acc: 60.13, Val Balanced Acc: 0.22
[2019-06-14 16:04:33] Epoch 2, LR: 0.010000, Train Loss: 1.145714, Val Loss: 1.026348, Train Acc: 58.58, Val Acc: 62.76, Val Balanced Acc: 0.27
[2019-06-14 16:14:34] Epoch 3, LR: 0.010000, Train Loss: 1.107029, Val Loss: 1.037544, Train Acc: 59.90, Val Acc: 62.55, Val Balanced Acc: 0.29
[2019-06-14 16:24:35] Epoch 4, LR: 0.010000, Train Loss: 1.074839, Val Loss: 0.986277, Train Acc: 61.22, Val Acc: 63.89, Val Balanced Acc: 0.30
[2019-06-14 16:34:37] Epoch 5, LR: 0.010000, Train Loss: 1.052108, Val Loss: 0.950669, Train Acc: 62.01, Val Acc: 65.16, Val Balanced Acc: 0.33
[2019-06-14 16:44:42] Epoch 6, LR: 0.010000, Train Loss: 1.034139, Val Loss: 0.935375, Train Acc: 62.42, Val Acc: 66.32, Val Balanced Acc: 0.37
[2019-06-14 16:54:46] Epoch 7, LR: 0.010000, Train Loss: 1.020968, Val Loss: 0.951525, Train Acc: 62.96, Val Acc: 66.37, Val Balanced Acc: 0.38
[2019-06-14 17:04:51] Epoch 8, LR: 0.010000, Train Loss: 0.997251, Val Loss: 0.913378, Train Acc: 63.83, Val Acc: 66.61, Val Balanced Acc: 0.36
[2019-06-14 17:14:56] Epoch 9, LR: 0.010000, Train Loss: 0.989769, Val Loss: 0.909754, Train Acc: 64.15, Val Acc: 67.21, Val Balanced Acc: 0.38
[2019-06-14 17:25:00] Epoch 10, LR: 0.010000, Train Loss: 0.974847, Val Loss: 0.925812, Train Acc: 64.58, Val Acc: 67.42, Val Balanced Acc: 0.35
[2019-06-14 17:35:03] Epoch 11, LR: 0.010000, Train Loss: 0.965969, Val Loss: 0.885185, Train Acc: 64.66, Val Acc: 68.08, Val Balanced Acc: 0.40
[2019-06-14 17:45:09] Epoch 12, LR: 0.010000, Train Loss: 0.955923, Val Loss: 0.883567, Train Acc: 65.18, Val Acc: 68.05, Val Balanced Acc: 0.41
[2019-06-14 17:55:15] Epoch 13, LR: 0.010000, Train Loss: 0.950327, Val Loss: 0.856216, Train Acc: 65.51, Val Acc: 69.21, Val Balanced Acc: 0.44
[2019-06-14 18:05:20] Epoch 14, LR: 0.010000, Train Loss: 0.939222, Val Loss: 0.864728, Train Acc: 65.68, Val Acc: 69.00, Val Balanced Acc: 0.38
[2019-06-14 18:15:26] Epoch 15, LR: 0.010000, Train Loss: 0.935179, Val Loss: 0.923444, Train Acc: 65.71, Val Acc: 67.82, Val Balanced Acc: 0.37
[2019-06-14 18:25:30] Epoch 16, LR: 0.010000, Train Loss: 0.938967, Val Loss: 0.876895, Train Acc: 65.58, Val Acc: 68.50, Val Balanced Acc: 0.40
[2019-06-14 18:35:34] Epoch 17, LR: 0.010000, Train Loss: 0.925207, Val Loss: 0.858781, Train Acc: 66.24, Val Acc: 69.32, Val Balanced Acc: 0.43
[2019-06-14 18:45:39] Epoch 18, LR: 0.010000, Train Loss: 0.921212, Val Loss: 0.855704, Train Acc: 66.44, Val Acc: 69.13, Val Balanced Acc: 0.41
[2019-06-14 18:55:44] Epoch 19, LR: 0.010000, Train Loss: 0.923970, Val Loss: 0.846568, Train Acc: 65.99, Val Acc: 69.32, Val Balanced Acc: 0.41
[2019-06-14 19:05:49] Epoch 20, LR: 0.010000, Train Loss: 0.908132, Val Loss: 0.827563, Train Acc: 66.71, Val Acc: 69.97, Val Balanced Acc: 0.41
[2019-06-14 19:15:54] Epoch 21, LR: 0.010000, Train Loss: 0.909977, Val Loss: 0.852525, Train Acc: 66.63, Val Acc: 68.42, Val Balanced Acc: 0.47
[2019-06-14 19:25:57] Epoch 22, LR: 0.010000, Train Loss: 0.908191, Val Loss: 0.848368, Train Acc: 66.59, Val Acc: 70.37, Val Balanced Acc: 0.45
[2019-06-14 19:36:03] Epoch 23, LR: 0.010000, Train Loss: 0.905378, Val Loss: 0.892502, Train Acc: 66.84, Val Acc: 68.11, Val Balanced Acc: 0.38
[2019-06-14 19:46:09] Epoch 24, LR: 0.010000, Train Loss: 0.902688, Val Loss: 0.835450, Train Acc: 67.05, Val Acc: 69.61, Val Balanced Acc: 0.45
[2019-06-14 19:56:14] Epoch 25, LR: 0.010000, Train Loss: 0.898586, Val Loss: 0.817545, Train Acc: 67.04, Val Acc: 70.89, Val Balanced Acc: 0.47
[2019-06-14 20:06:19] Epoch 26, LR: 0.010000, Train Loss: 0.903549, Val Loss: 0.885339, Train Acc: 66.96, Val Acc: 68.89, Val Balanced Acc: 0.49
[2019-06-14 20:16:23] Epoch 27, LR: 0.010000, Train Loss: 0.898712, Val Loss: 0.852139, Train Acc: 66.94, Val Acc: 70.29, Val Balanced Acc: 0.48
[2019-06-14 20:26:27] Epoch 28, LR: 0.010000, Train Loss: 0.903632, Val Loss: 0.841067, Train Acc: 66.99, Val Acc: 70.00, Val Balanced Acc: 0.40
[2019-06-14 20:36:32] Epoch 29, LR: 0.010000, Train Loss: 0.892221, Val Loss: 0.823108, Train Acc: 67.23, Val Acc: 69.84, Val Balanced Acc: 0.48
[2019-06-14 20:46:36] Epoch 30, LR: 0.010000, Train Loss: 0.893197, Val Loss: 0.818993, Train Acc: 67.28, Val Acc: 69.74, Val Balanced Acc: 0.44
[2019-06-14 20:56:34] Epoch 31, LR: 0.010000, Train Loss: 0.889869, Val Loss: 0.857850, Train Acc: 67.18, Val Acc: 69.47, Val Balanced Acc: 0.43
[2019-06-14 21:06:36] Epoch 32, LR: 0.010000, Train Loss: 0.887425, Val Loss: 0.840918, Train Acc: 67.38, Val Acc: 70.66, Val Balanced Acc: 0.48
[2019-06-14 21:16:39] Epoch 33, LR: 0.010000, Train Loss: 0.891772, Val Loss: 0.847407, Train Acc: 67.43, Val Acc: 69.37, Val Balanced Acc: 0.48
[2019-06-14 21:26:43] Epoch 34, LR: 0.010000, Train Loss: 0.885385, Val Loss: 0.814722, Train Acc: 67.34, Val Acc: 70.61, Val Balanced Acc: 0.50
[2019-06-14 21:36:45] Epoch 35, LR: 0.010000, Train Loss: 0.887599, Val Loss: 0.844030, Train Acc: 67.20, Val Acc: 69.45, Val Balanced Acc: 0.49
[2019-06-14 21:46:46] Epoch 36, LR: 0.010000, Train Loss: 0.888681, Val Loss: 0.811834, Train Acc: 67.61, Val Acc: 70.71, Val Balanced Acc: 0.51
[2019-06-14 21:56:44] Epoch 37, LR: 0.010000, Train Loss: 0.875191, Val Loss: 0.801227, Train Acc: 68.06, Val Acc: 71.53, Val Balanced Acc: 0.48
[2019-06-14 22:06:38] Epoch 38, LR: 0.010000, Train Loss: 0.884941, Val Loss: 0.849585, Train Acc: 67.57, Val Acc: 69.11, Val Balanced Acc: 0.47
[2019-06-14 22:16:35] Epoch 39, LR: 0.010000, Train Loss: 0.881565, Val Loss: 0.821599, Train Acc: 67.79, Val Acc: 70.26, Val Balanced Acc: 0.50
[2019-06-14 22:26:34] Epoch 40, LR: 0.010000, Train Loss: 0.880319, Val Loss: 0.908465, Train Acc: 67.79, Val Acc: 68.29, Val Balanced Acc: 0.49
[2019-06-14 22:36:33] Epoch 41, LR: 0.010000, Train Loss: 0.878375, Val Loss: 0.891011, Train Acc: 67.99, Val Acc: 68.63, Val Balanced Acc: 0.47
[2019-06-14 22:46:32] Epoch 42, LR: 0.010000, Train Loss: 0.879616, Val Loss: 0.797099, Train Acc: 67.80, Val Acc: 72.39, Val Balanced Acc: 0.52
[2019-06-14 22:56:28] Epoch 43, LR: 0.010000, Train Loss: 0.878410, Val Loss: 0.820862, Train Acc: 67.70, Val Acc: 71.37, Val Balanced Acc: 0.53
[2019-06-14 23:06:26] Epoch 44, LR: 0.010000, Train Loss: 0.873422, Val Loss: 0.820428, Train Acc: 68.05, Val Acc: 70.32, Val Balanced Acc: 0.48
[2019-06-14 23:16:22] Epoch 45, LR: 0.010000, Train Loss: 0.872756, Val Loss: 0.894249, Train Acc: 67.80, Val Acc: 67.95, Val Balanced Acc: 0.48
[2019-06-14 23:26:19] Epoch 46, LR: 0.010000, Train Loss: 0.872927, Val Loss: 0.810435, Train Acc: 67.83, Val Acc: 70.68, Val Balanced Acc: 0.46
[2019-06-14 23:36:19] Epoch 47, LR: 0.010000, Train Loss: 0.870667, Val Loss: 0.784189, Train Acc: 68.17, Val Acc: 72.05, Val Balanced Acc: 0.51
[2019-06-14 23:46:19] Epoch 48, LR: 0.010000, Train Loss: 0.868848, Val Loss: 0.796717, Train Acc: 68.27, Val Acc: 71.53, Val Balanced Acc: 0.48
[2019-06-14 23:56:24] Epoch 49, LR: 0.010000, Train Loss: 0.869565, Val Loss: 0.835697, Train Acc: 68.06, Val Acc: 69.13, Val Balanced Acc: 0.49
[2019-06-15 00:06:25] Epoch 50, LR: 0.010000, Train Loss: 0.869524, Val Loss: 0.862276, Train Acc: 67.99, Val Acc: 69.89, Val Balanced Acc: 0.54
[2019-06-15 00:16:22] Epoch 51, LR: 0.010000, Train Loss: 0.862614, Val Loss: 0.808700, Train Acc: 68.37, Val Acc: 71.00, Val Balanced Acc: 0.48
[2019-06-15 00:26:22] Epoch 52, LR: 0.010000, Train Loss: 0.873345, Val Loss: 0.824121, Train Acc: 67.93, Val Acc: 69.76, Val Balanced Acc: 0.47
[2019-06-15 00:36:22] Epoch 53, LR: 0.010000, Train Loss: 0.865132, Val Loss: 0.809868, Train Acc: 68.25, Val Acc: 70.45, Val Balanced Acc: 0.51
[2019-06-15 00:46:20] Epoch 54, LR: 0.010000, Train Loss: 0.860042, Val Loss: 0.825425, Train Acc: 68.65, Val Acc: 70.89, Val Balanced Acc: 0.51
[2019-06-15 00:56:16] Epoch 55, LR: 0.010000, Train Loss: 0.869429, Val Loss: 0.838734, Train Acc: 68.03, Val Acc: 70.82, Val Balanced Acc: 0.50
[2019-06-15 01:06:17] Epoch 56, LR: 0.010000, Train Loss: 0.865631, Val Loss: 0.785375, Train Acc: 68.49, Val Acc: 71.87, Val Balanced Acc: 0.49
[2019-06-15 01:16:13] Epoch 57, LR: 0.010000, Train Loss: 0.861797, Val Loss: 0.809454, Train Acc: 68.26, Val Acc: 71.29, Val Balanced Acc: 0.51
[2019-06-15 01:26:12] Epoch 58, LR: 0.010000, Train Loss: 0.860279, Val Loss: 0.860368, Train Acc: 68.58, Val Acc: 69.53, Val Balanced Acc: 0.49
[2019-06-15 01:36:12] Epoch 59, LR: 0.010000, Train Loss: 0.859951, Val Loss: 0.803738, Train Acc: 68.71, Val Acc: 71.47, Val Balanced Acc: 0.56
[2019-06-15 01:46:11] Epoch 60, LR: 0.010000, Train Loss: 0.859089, Val Loss: 0.806560, Train Acc: 68.35, Val Acc: 70.66, Val Balanced Acc: 0.53
[2019-06-15 01:56:10] Epoch 61, LR: 0.010000, Train Loss: 0.854036, Val Loss: 0.803231, Train Acc: 68.65, Val Acc: 71.24, Val Balanced Acc: 0.52
[2019-06-15 02:06:08] Epoch 62, LR: 0.010000, Train Loss: 0.853639, Val Loss: 0.790469, Train Acc: 68.62, Val Acc: 71.42, Val Balanced Acc: 0.52
[2019-06-15 02:16:07] Epoch 63, LR: 0.010000, Train Loss: 0.854886, Val Loss: 0.765619, Train Acc: 68.73, Val Acc: 71.82, Val Balanced Acc: 0.54
[2019-06-15 02:26:06] Epoch 64, LR: 0.010000, Train Loss: 0.856710, Val Loss: 0.789726, Train Acc: 68.64, Val Acc: 72.13, Val Balanced Acc: 0.54
[2019-06-15 02:36:06] Epoch 65, LR: 0.010000, Train Loss: 0.850199, Val Loss: 0.810870, Train Acc: 68.91, Val Acc: 70.34, Val Balanced Acc: 0.50
[2019-06-15 02:46:05] Epoch 66, LR: 0.010000, Train Loss: 0.850147, Val Loss: 0.787237, Train Acc: 68.91, Val Acc: 71.45, Val Balanced Acc: 0.51
[2019-06-15 02:56:02] Epoch 67, LR: 0.010000, Train Loss: 0.850257, Val Loss: 0.762549, Train Acc: 68.81, Val Acc: 72.55, Val Balanced Acc: 0.51
[2019-06-15 03:06:01] Epoch 68, LR: 0.010000, Train Loss: 0.844566, Val Loss: 0.798205, Train Acc: 69.29, Val Acc: 72.08, Val Balanced Acc: 0.50
[2019-06-15 03:16:02] Epoch 69, LR: 0.010000, Train Loss: 0.849950, Val Loss: 0.805882, Train Acc: 68.82, Val Acc: 71.21, Val Balanced Acc: 0.48
[2019-06-15 03:26:01] Epoch 70, LR: 0.010000, Train Loss: 0.845963, Val Loss: 0.780597, Train Acc: 69.24, Val Acc: 72.79, Val Balanced Acc: 0.53
[2019-06-15 03:35:58] Epoch 71, LR: 0.010000, Train Loss: 0.845980, Val Loss: 0.782450, Train Acc: 69.04, Val Acc: 71.39, Val Balanced Acc: 0.53
[2019-06-15 03:46:01] Epoch 72, LR: 0.010000, Train Loss: 0.845443, Val Loss: 0.794874, Train Acc: 68.91, Val Acc: 71.68, Val Balanced Acc: 0.52
[2019-06-15 03:56:00] Epoch 73, LR: 0.010000, Train Loss: 0.836028, Val Loss: 0.773064, Train Acc: 69.22, Val Acc: 71.39, Val Balanced Acc: 0.54
[2019-06-15 04:05:59] Epoch 74, LR: 0.010000, Train Loss: 0.842130, Val Loss: 0.804101, Train Acc: 69.25, Val Acc: 71.47, Val Balanced Acc: 0.57
[2019-06-15 04:15:56] Epoch 75, LR: 0.010000, Train Loss: 0.843413, Val Loss: 0.873525, Train Acc: 69.10, Val Acc: 69.53, Val Balanced Acc: 0.49
[2019-06-15 04:25:53] Epoch 76, LR: 0.010000, Train Loss: 0.837882, Val Loss: 0.797919, Train Acc: 69.40, Val Acc: 71.58, Val Balanced Acc: 0.52
[2019-06-15 04:35:52] Epoch 77, LR: 0.010000, Train Loss: 0.839882, Val Loss: 0.754696, Train Acc: 69.24, Val Acc: 73.16, Val Balanced Acc: 0.54
[2019-06-15 04:45:49] Epoch 78, LR: 0.010000, Train Loss: 0.833919, Val Loss: 0.809960, Train Acc: 69.33, Val Acc: 71.47, Val Balanced Acc: 0.48
[2019-06-15 04:55:50] Epoch 79, LR: 0.010000, Train Loss: 0.830892, Val Loss: 0.785211, Train Acc: 69.64, Val Acc: 71.55, Val Balanced Acc: 0.52
[2019-06-15 05:05:53] Epoch 80, LR: 0.010000, Train Loss: 0.839600, Val Loss: 0.824057, Train Acc: 69.24, Val Acc: 71.71, Val Balanced Acc: 0.53
[2019-06-15 05:15:49] Epoch 81, LR: 0.010000, Train Loss: 0.837243, Val Loss: 0.824873, Train Acc: 69.36, Val Acc: 70.89, Val Balanced Acc: 0.52
[2019-06-15 05:25:48] Epoch 82, LR: 0.010000, Train Loss: 0.831898, Val Loss: 0.776150, Train Acc: 69.70, Val Acc: 71.95, Val Balanced Acc: 0.51
[2019-06-15 05:35:48] Epoch 83, LR: 0.010000, Train Loss: 0.829655, Val Loss: 0.822202, Train Acc: 69.77, Val Acc: 71.39, Val Balanced Acc: 0.54
[2019-06-15 05:46:09] Epoch 84, LR: 0.010000, Train Loss: 0.832029, Val Loss: 0.771781, Train Acc: 69.62, Val Acc: 71.82, Val Balanced Acc: 0.52
[2019-06-15 05:56:12] Epoch 85, LR: 0.010000, Train Loss: 0.829998, Val Loss: 1.083398, Train Acc: 69.59, Val Acc: 65.18, Val Balanced Acc: 0.52
[2019-06-15 06:06:09] Epoch 86, LR: 0.010000, Train Loss: 0.834808, Val Loss: 0.801675, Train Acc: 69.42, Val Acc: 71.50, Val Balanced Acc: 0.53
[2019-06-15 06:16:05] Epoch 87, LR: 0.010000, Train Loss: 0.830124, Val Loss: 0.804878, Train Acc: 69.31, Val Acc: 72.13, Val Balanced Acc: 0.55
[2019-06-15 06:26:02] Epoch 88, LR: 0.010000, Train Loss: 0.824855, Val Loss: 0.759838, Train Acc: 70.09, Val Acc: 72.63, Val Balanced Acc: 0.52
[2019-06-15 06:36:00] Epoch 89, LR: 0.010000, Train Loss: 0.825254, Val Loss: 0.830802, Train Acc: 69.56, Val Acc: 69.84, Val Balanced Acc: 0.55
[2019-06-15 06:45:56] Epoch 90, LR: 0.010000, Train Loss: 0.826064, Val Loss: 0.780554, Train Acc: 69.71, Val Acc: 71.84, Val Balanced Acc: 0.51
[2019-06-15 06:55:54] Epoch 91, LR: 0.010000, Train Loss: 0.830170, Val Loss: 0.747015, Train Acc: 69.49, Val Acc: 73.79, Val Balanced Acc: 0.51
[2019-06-15 07:05:56] Epoch 92, LR: 0.010000, Train Loss: 0.815439, Val Loss: 0.801814, Train Acc: 69.93, Val Acc: 71.08, Val Balanced Acc: 0.55
[2019-06-15 07:15:53] Epoch 93, LR: 0.010000, Train Loss: 0.826491, Val Loss: 0.743891, Train Acc: 69.69, Val Acc: 72.82, Val Balanced Acc: 0.53
[2019-06-15 07:25:49] Epoch 94, LR: 0.010000, Train Loss: 0.821933, Val Loss: 0.776245, Train Acc: 69.93, Val Acc: 72.74, Val Balanced Acc: 0.52
[2019-06-15 07:35:45] Epoch 95, LR: 0.010000, Train Loss: 0.822696, Val Loss: 0.778347, Train Acc: 69.82, Val Acc: 72.76, Val Balanced Acc: 0.53
[2019-06-15 07:45:41] Epoch 96, LR: 0.010000, Train Loss: 0.823103, Val Loss: 0.755967, Train Acc: 70.01, Val Acc: 73.03, Val Balanced Acc: 0.52
[2019-06-15 07:55:39] Epoch 97, LR: 0.010000, Train Loss: 0.819137, Val Loss: 0.835333, Train Acc: 69.94, Val Acc: 70.89, Val Balanced Acc: 0.46
[2019-06-15 08:05:41] Epoch 98, LR: 0.010000, Train Loss: 0.814415, Val Loss: 0.799021, Train Acc: 70.21, Val Acc: 71.87, Val Balanced Acc: 0.54
[2019-06-15 08:15:40] Epoch 99, LR: 0.010000, Train Loss: 0.817736, Val Loss: 0.766651, Train Acc: 69.83, Val Acc: 73.50, Val Balanced Acc: 0.54
[2019-06-15 08:25:37] Epoch 100, LR: 0.010000, Train Loss: 0.819983, Val Loss: 0.769706, Train Acc: 69.81, Val Acc: 72.53, Val Balanced Acc: 0.54
[2019-06-15 08:35:35] Epoch 101, LR: 0.010000, Train Loss: 0.814636, Val Loss: 0.749214, Train Acc: 70.10, Val Acc: 72.82, Val Balanced Acc: 0.53
[2019-06-15 08:45:34] Epoch 102, LR: 0.010000, Train Loss: 0.818777, Val Loss: 0.743319, Train Acc: 70.15, Val Acc: 73.53, Val Balanced Acc: 0.53
[2019-06-15 08:55:32] Epoch 103, LR: 0.010000, Train Loss: 0.817648, Val Loss: 0.756570, Train Acc: 69.85, Val Acc: 73.16, Val Balanced Acc: 0.54
[2019-06-15 09:05:29] Epoch 104, LR: 0.010000, Train Loss: 0.815438, Val Loss: 0.753035, Train Acc: 70.10, Val Acc: 72.66, Val Balanced Acc: 0.54
[2019-06-15 09:15:28] Epoch 105, LR: 0.010000, Train Loss: 0.815458, Val Loss: 0.767119, Train Acc: 70.22, Val Acc: 72.05, Val Balanced Acc: 0.55
[2019-06-15 09:25:26] Epoch 106, LR: 0.010000, Train Loss: 0.819708, Val Loss: 0.781784, Train Acc: 69.91, Val Acc: 71.74, Val Balanced Acc: 0.52
[2019-06-15 09:35:21] Epoch 107, LR: 0.010000, Train Loss: 0.814101, Val Loss: 0.792986, Train Acc: 70.28, Val Acc: 71.18, Val Balanced Acc: 0.53
[2019-06-15 09:45:21] Epoch 108, LR: 0.010000, Train Loss: 0.811836, Val Loss: 0.760390, Train Acc: 70.32, Val Acc: 72.74, Val Balanced Acc: 0.54
[2019-06-15 09:55:19] Epoch 109, LR: 0.010000, Train Loss: 0.814487, Val Loss: 0.765045, Train Acc: 70.28, Val Acc: 73.71, Val Balanced Acc: 0.59
[2019-06-15 10:05:17] Epoch 110, LR: 0.010000, Train Loss: 0.815673, Val Loss: 0.741997, Train Acc: 70.01, Val Acc: 73.05, Val Balanced Acc: 0.51
[2019-06-15 10:15:13] Epoch 111, LR: 0.010000, Train Loss: 0.812175, Val Loss: 0.790164, Train Acc: 70.22, Val Acc: 72.50, Val Balanced Acc: 0.56
[2019-06-15 10:25:10] Epoch 112, LR: 0.010000, Train Loss: 0.815079, Val Loss: 0.768672, Train Acc: 70.21, Val Acc: 72.76, Val Balanced Acc: 0.50
[2019-06-15 10:35:07] Epoch 113, LR: 0.010000, Train Loss: 0.807639, Val Loss: 0.743349, Train Acc: 70.16, Val Acc: 72.79, Val Balanced Acc: 0.52
[2019-06-15 10:45:08] Epoch 114, LR: 0.010000, Train Loss: 0.811522, Val Loss: 0.811631, Train Acc: 70.39, Val Acc: 71.00, Val Balanced Acc: 0.53
[2019-06-15 10:55:09] Epoch 115, LR: 0.010000, Train Loss: 0.804039, Val Loss: 0.797006, Train Acc: 70.29, Val Acc: 70.95, Val Balanced Acc: 0.53
[2019-06-15 11:05:10] Epoch 116, LR: 0.010000, Train Loss: 0.803463, Val Loss: 0.790720, Train Acc: 70.49, Val Acc: 72.63, Val Balanced Acc: 0.51
[2019-06-15 11:15:08] Epoch 117, LR: 0.010000, Train Loss: 0.809012, Val Loss: 0.813072, Train Acc: 70.47, Val Acc: 70.92, Val Balanced Acc: 0.53
[2019-06-15 11:26:56] Epoch 118, LR: 0.010000, Train Loss: 0.809507, Val Loss: 0.776038, Train Acc: 70.52, Val Acc: 72.47, Val Balanced Acc: 0.52
[2019-06-15 11:37:45] Epoch 119, LR: 0.010000, Train Loss: 0.809133, Val Loss: 0.769732, Train Acc: 70.32, Val Acc: 72.13, Val Balanced Acc: 0.49
[2019-06-15 11:47:41] Epoch 120, LR: 0.010000, Train Loss: 0.803560, Val Loss: 0.793688, Train Acc: 70.39, Val Acc: 71.82, Val Balanced Acc: 0.55
[2019-06-15 11:57:37] Epoch 121, LR: 0.010000, Train Loss: 0.796977, Val Loss: 0.827947, Train Acc: 70.83, Val Acc: 69.11, Val Balanced Acc: 0.53
[2019-06-15 12:07:34] Epoch 122, LR: 0.010000, Train Loss: 0.802008, Val Loss: 0.783490, Train Acc: 70.60, Val Acc: 72.89, Val Balanced Acc: 0.54
[2019-06-15 12:17:29] Epoch 123, LR: 0.010000, Train Loss: 0.804866, Val Loss: 0.828299, Train Acc: 70.74, Val Acc: 71.03, Val Balanced Acc: 0.56
[2019-06-15 12:27:24] Epoch 124, LR: 0.010000, Train Loss: 0.808015, Val Loss: 0.787486, Train Acc: 70.25, Val Acc: 71.92, Val Balanced Acc: 0.55
[2019-06-15 12:37:24] Epoch 125, LR: 0.010000, Train Loss: 0.802563, Val Loss: 0.781844, Train Acc: 70.75, Val Acc: 72.42, Val Balanced Acc: 0.56
[2019-06-15 12:47:22] Epoch 126, LR: 0.010000, Train Loss: 0.798333, Val Loss: 0.756694, Train Acc: 70.75, Val Acc: 73.68, Val Balanced Acc: 0.54
[2019-06-15 12:57:21] Epoch 127, LR: 0.010000, Train Loss: 0.797961, Val Loss: 0.839025, Train Acc: 70.81, Val Acc: 68.95, Val Balanced Acc: 0.58
[2019-06-15 13:07:17] Epoch 128, LR: 0.010000, Train Loss: 0.794446, Val Loss: 0.762890, Train Acc: 71.12, Val Acc: 72.79, Val Balanced Acc: 0.52
[2019-06-15 13:17:16] Epoch 129, LR: 0.010000, Train Loss: 0.798402, Val Loss: 0.775795, Train Acc: 70.83, Val Acc: 73.05, Val Balanced Acc: 0.56
[2019-06-15 13:27:19] Epoch 130, LR: 0.010000, Train Loss: 0.798319, Val Loss: 0.761866, Train Acc: 70.95, Val Acc: 73.47, Val Balanced Acc: 0.53
[2019-06-15 13:37:19] Epoch 131, LR: 0.010000, Train Loss: 0.799690, Val Loss: 0.827930, Train Acc: 70.66, Val Acc: 71.74, Val Balanced Acc: 0.52
[2019-06-15 13:47:17] Epoch 132, LR: 0.010000, Train Loss: 0.801696, Val Loss: 0.757226, Train Acc: 70.69, Val Acc: 73.79, Val Balanced Acc: 0.52
[2019-06-15 13:57:14] Epoch 133, LR: 0.010000, Train Loss: 0.789043, Val Loss: 0.788633, Train Acc: 70.89, Val Acc: 72.55, Val Balanced Acc: 0.57
[2019-06-15 14:07:12] Epoch 134, LR: 0.010000, Train Loss: 0.798746, Val Loss: 0.785837, Train Acc: 70.70, Val Acc: 72.61, Val Balanced Acc: 0.59
[2019-06-15 14:17:13] Epoch 135, LR: 0.010000, Train Loss: 0.797726, Val Loss: 0.735399, Train Acc: 70.89, Val Acc: 74.26, Val Balanced Acc: 0.58
[2019-06-15 14:27:17] Epoch 136, LR: 0.010000, Train Loss: 0.794469, Val Loss: 0.728361, Train Acc: 70.87, Val Acc: 74.16, Val Balanced Acc: 0.55
[2019-06-15 14:37:17] Epoch 137, LR: 0.010000, Train Loss: 0.799284, Val Loss: 0.769456, Train Acc: 70.56, Val Acc: 72.76, Val Balanced Acc: 0.57
[2019-06-15 14:47:15] Epoch 138, LR: 0.010000, Train Loss: 0.795098, Val Loss: 0.756244, Train Acc: 71.04, Val Acc: 73.76, Val Balanced Acc: 0.55
[2019-06-15 14:57:14] Epoch 139, LR: 0.010000, Train Loss: 0.794021, Val Loss: 0.805312, Train Acc: 70.96, Val Acc: 72.42, Val Balanced Acc: 0.56
[2019-06-15 15:07:14] Epoch 140, LR: 0.010000, Train Loss: 0.799027, Val Loss: 0.726918, Train Acc: 70.81, Val Acc: 74.26, Val Balanced Acc: 0.61
[2019-06-15 15:17:16] Epoch 141, LR: 0.010000, Train Loss: 0.792044, Val Loss: 0.797194, Train Acc: 70.79, Val Acc: 72.26, Val Balanced Acc: 0.59
[2019-06-15 15:27:15] Epoch 142, LR: 0.010000, Train Loss: 0.794464, Val Loss: 0.767884, Train Acc: 70.82, Val Acc: 73.13, Val Balanced Acc: 0.54
[2019-06-15 15:37:17] Epoch 143, LR: 0.010000, Train Loss: 0.793270, Val Loss: 0.740504, Train Acc: 71.17, Val Acc: 72.97, Val Balanced Acc: 0.52
[2019-06-15 15:47:19] Epoch 144, LR: 0.010000, Train Loss: 0.790903, Val Loss: 0.736964, Train Acc: 71.07, Val Acc: 73.87, Val Balanced Acc: 0.57
[2019-06-15 15:57:21] Epoch 145, LR: 0.010000, Train Loss: 0.791325, Val Loss: 0.781526, Train Acc: 71.36, Val Acc: 72.26, Val Balanced Acc: 0.53
[2019-06-15 16:07:20] Epoch 146, LR: 0.010000, Train Loss: 0.791590, Val Loss: 0.755747, Train Acc: 70.89, Val Acc: 72.95, Val Balanced Acc: 0.58
[2019-06-15 16:17:16] Epoch 147, LR: 0.010000, Train Loss: 0.784467, Val Loss: 0.759597, Train Acc: 71.36, Val Acc: 72.97, Val Balanced Acc: 0.54
[2019-06-15 16:27:18] Epoch 148, LR: 0.010000, Train Loss: 0.794384, Val Loss: 0.740908, Train Acc: 70.81, Val Acc: 73.66, Val Balanced Acc: 0.53
[2019-06-15 16:37:22] Epoch 149, LR: 0.010000, Train Loss: 0.787419, Val Loss: 0.813993, Train Acc: 71.24, Val Acc: 71.79, Val Balanced Acc: 0.58
[2019-06-15 16:47:26] Epoch 150, LR: 0.010000, Train Loss: 0.787140, Val Loss: 0.746524, Train Acc: 71.20, Val Acc: 73.58, Val Balanced Acc: 0.57
[2019-06-15 16:57:27] Epoch 151, LR: 0.010000, Train Loss: 0.787225, Val Loss: 0.732394, Train Acc: 71.24, Val Acc: 73.74, Val Balanced Acc: 0.56
[2019-06-15 17:07:28] Epoch 152, LR: 0.001500, Train Loss: 0.702342, Val Loss: 0.658816, Train Acc: 74.31, Val Acc: 76.74, Val Balanced Acc: 0.60
[2019-06-15 17:17:24] Epoch 153, LR: 0.001500, Train Loss: 0.684696, Val Loss: 0.638853, Train Acc: 74.71, Val Acc: 76.66, Val Balanced Acc: 0.62
[2019-06-15 17:27:26] Epoch 154, LR: 0.001500, Train Loss: 0.671357, Val Loss: 0.641181, Train Acc: 75.59, Val Acc: 76.79, Val Balanced Acc: 0.60
[2019-06-15 17:37:22] Epoch 155, LR: 0.001500, Train Loss: 0.662427, Val Loss: 0.646003, Train Acc: 76.08, Val Acc: 76.87, Val Balanced Acc: 0.64
[2019-06-15 17:47:17] Epoch 156, LR: 0.001500, Train Loss: 0.654365, Val Loss: 0.638299, Train Acc: 75.91, Val Acc: 77.34, Val Balanced Acc: 0.64
[2019-06-15 17:57:18] Epoch 157, LR: 0.001500, Train Loss: 0.651093, Val Loss: 0.638545, Train Acc: 76.30, Val Acc: 77.50, Val Balanced Acc: 0.63
[2019-06-15 18:07:21] Epoch 158, LR: 0.001500, Train Loss: 0.651501, Val Loss: 0.631897, Train Acc: 76.27, Val Acc: 76.97, Val Balanced Acc: 0.63
[2019-06-15 18:17:22] Epoch 159, LR: 0.001500, Train Loss: 0.646606, Val Loss: 0.642354, Train Acc: 76.19, Val Acc: 77.58, Val Balanced Acc: 0.64
[2019-06-15 18:27:23] Epoch 160, LR: 0.001500, Train Loss: 0.646169, Val Loss: 0.626890, Train Acc: 76.38, Val Acc: 77.61, Val Balanced Acc: 0.64
[2019-06-15 18:37:22] Epoch 161, LR: 0.001500, Train Loss: 0.640371, Val Loss: 0.644839, Train Acc: 76.62, Val Acc: 77.18, Val Balanced Acc: 0.63
[2019-06-15 18:47:20] Epoch 162, LR: 0.001500, Train Loss: 0.638628, Val Loss: 0.651327, Train Acc: 76.49, Val Acc: 77.53, Val Balanced Acc: 0.63
[2019-06-15 18:57:15] Epoch 163, LR: 0.001500, Train Loss: 0.635354, Val Loss: 0.640847, Train Acc: 76.52, Val Acc: 77.05, Val Balanced Acc: 0.64
[2019-06-15 19:07:16] Epoch 164, LR: 0.001500, Train Loss: 0.634865, Val Loss: 0.624631, Train Acc: 76.57, Val Acc: 78.24, Val Balanced Acc: 0.66
[2019-06-15 19:17:16] Epoch 165, LR: 0.001500, Train Loss: 0.630624, Val Loss: 0.641109, Train Acc: 77.00, Val Acc: 77.03, Val Balanced Acc: 0.63
[2019-06-15 19:27:17] Epoch 166, LR: 0.001500, Train Loss: 0.633474, Val Loss: 0.631156, Train Acc: 76.93, Val Acc: 77.39, Val Balanced Acc: 0.63
[2019-06-15 19:37:18] Epoch 167, LR: 0.001500, Train Loss: 0.636151, Val Loss: 0.665981, Train Acc: 76.49, Val Acc: 76.97, Val Balanced Acc: 0.65
[2019-06-15 19:47:17] Epoch 168, LR: 0.001500, Train Loss: 0.631942, Val Loss: 0.625480, Train Acc: 76.62, Val Acc: 77.68, Val Balanced Acc: 0.65
[2019-06-15 19:57:14] Epoch 169, LR: 0.001500, Train Loss: 0.629400, Val Loss: 0.662852, Train Acc: 76.96, Val Acc: 76.61, Val Balanced Acc: 0.65
[2019-06-15 20:07:11] Epoch 170, LR: 0.001500, Train Loss: 0.626398, Val Loss: 0.660327, Train Acc: 76.75, Val Acc: 77.16, Val Balanced Acc: 0.63
[2019-06-15 20:17:07] Epoch 171, LR: 0.001500, Train Loss: 0.624108, Val Loss: 0.671342, Train Acc: 77.08, Val Acc: 77.71, Val Balanced Acc: 0.66
[2019-06-15 20:27:08] Epoch 172, LR: 0.001500, Train Loss: 0.619233, Val Loss: 0.664139, Train Acc: 77.34, Val Acc: 77.95, Val Balanced Acc: 0.66
[2019-06-15 20:37:09] Epoch 173, LR: 0.001500, Train Loss: 0.623097, Val Loss: 0.644452, Train Acc: 77.32, Val Acc: 77.71, Val Balanced Acc: 0.63
[2019-06-15 20:47:06] Epoch 174, LR: 0.001500, Train Loss: 0.622445, Val Loss: 0.657333, Train Acc: 77.43, Val Acc: 77.58, Val Balanced Acc: 0.68
[2019-06-15 20:57:05] Epoch 175, LR: 0.001500, Train Loss: 0.624277, Val Loss: 0.634368, Train Acc: 77.43, Val Acc: 77.11, Val Balanced Acc: 0.66
[2019-06-15 21:07:04] Epoch 176, LR: 0.001500, Train Loss: 0.628225, Val Loss: 0.660441, Train Acc: 77.05, Val Acc: 77.92, Val Balanced Acc: 0.63
[2019-06-15 21:17:04] Epoch 177, LR: 0.001500, Train Loss: 0.620469, Val Loss: 0.758190, Train Acc: 77.12, Val Acc: 77.32, Val Balanced Acc: 0.67
[2019-06-15 21:27:06] Epoch 178, LR: 0.001500, Train Loss: 0.620735, Val Loss: 0.705960, Train Acc: 77.06, Val Acc: 78.08, Val Balanced Acc: 0.63
[2019-06-15 21:37:04] Epoch 179, LR: 0.001500, Train Loss: 0.620739, Val Loss: 0.684923, Train Acc: 77.63, Val Acc: 77.61, Val Balanced Acc: 0.66
[2019-06-15 21:46:59] Epoch 180, LR: 0.001500, Train Loss: 0.616808, Val Loss: 0.746476, Train Acc: 77.29, Val Acc: 77.68, Val Balanced Acc: 0.67
[2019-06-15 21:56:58] Epoch 181, LR: 0.001500, Train Loss: 0.619998, Val Loss: 0.667666, Train Acc: 77.03, Val Acc: 78.08, Val Balanced Acc: 0.68
[2019-06-15 22:06:59] Epoch 182, LR: 0.001500, Train Loss: 0.615718, Val Loss: 0.649923, Train Acc: 77.21, Val Acc: 78.29, Val Balanced Acc: 0.65
[2019-06-15 22:17:00] Epoch 183, LR: 0.001500, Train Loss: 0.613248, Val Loss: 0.739642, Train Acc: 77.63, Val Acc: 77.87, Val Balanced Acc: 0.66
[2019-06-15 22:27:01] Epoch 184, LR: 0.001500, Train Loss: 0.620031, Val Loss: 0.650701, Train Acc: 77.11, Val Acc: 78.03, Val Balanced Acc: 0.64
[2019-06-15 22:37:03] Epoch 185, LR: 0.001500, Train Loss: 0.612275, Val Loss: 0.740935, Train Acc: 77.66, Val Acc: 77.95, Val Balanced Acc: 0.65
[2019-06-15 22:47:04] Epoch 186, LR: 0.001500, Train Loss: 0.618091, Val Loss: 0.639889, Train Acc: 77.21, Val Acc: 77.74, Val Balanced Acc: 0.65
[2019-06-15 22:57:03] Epoch 187, LR: 0.001500, Train Loss: 0.612876, Val Loss: 0.657567, Train Acc: 77.28, Val Acc: 77.37, Val Balanced Acc: 0.67
[2019-06-15 23:07:05] Epoch 188, LR: 0.001500, Train Loss: 0.611493, Val Loss: 0.627431, Train Acc: 77.76, Val Acc: 77.92, Val Balanced Acc: 0.67
[2019-06-15 23:17:05] Epoch 189, LR: 0.001500, Train Loss: 0.612451, Val Loss: 0.629483, Train Acc: 77.77, Val Acc: 77.97, Val Balanced Acc: 0.64
[2019-06-15 23:27:06] Epoch 190, LR: 0.001500, Train Loss: 0.612467, Val Loss: 0.616551, Train Acc: 77.57, Val Acc: 77.95, Val Balanced Acc: 0.65
[2019-06-15 23:37:07] Epoch 191, LR: 0.001500, Train Loss: 0.613229, Val Loss: 0.640198, Train Acc: 77.87, Val Acc: 77.13, Val Balanced Acc: 0.63
[2019-06-15 23:47:02] Epoch 192, LR: 0.001500, Train Loss: 0.614523, Val Loss: 0.638777, Train Acc: 77.42, Val Acc: 77.58, Val Balanced Acc: 0.67
[2019-06-15 23:57:02] Epoch 193, LR: 0.001500, Train Loss: 0.609537, Val Loss: 0.651667, Train Acc: 77.59, Val Acc: 76.82, Val Balanced Acc: 0.64
[2019-06-16 00:07:03] Epoch 194, LR: 0.001500, Train Loss: 0.606761, Val Loss: 0.637074, Train Acc: 77.72, Val Acc: 78.11, Val Balanced Acc: 0.68
[2019-06-16 00:17:03] Epoch 195, LR: 0.001500, Train Loss: 0.608765, Val Loss: 0.644605, Train Acc: 77.82, Val Acc: 77.08, Val Balanced Acc: 0.66
[2019-06-16 00:27:03] Epoch 196, LR: 0.001500, Train Loss: 0.603659, Val Loss: 0.691385, Train Acc: 77.91, Val Acc: 78.53, Val Balanced Acc: 0.65
[2019-06-16 00:37:02] Epoch 197, LR: 0.001500, Train Loss: 0.607788, Val Loss: 0.664695, Train Acc: 77.60, Val Acc: 78.97, Val Balanced Acc: 0.69
[2019-06-16 00:47:04] Epoch 198, LR: 0.001500, Train Loss: 0.606718, Val Loss: 0.705137, Train Acc: 77.87, Val Acc: 78.26, Val Balanced Acc: 0.63
[2019-06-16 00:57:03] Epoch 199, LR: 0.001500, Train Loss: 0.612003, Val Loss: 0.724962, Train Acc: 77.65, Val Acc: 78.45, Val Balanced Acc: 0.67
[2019-06-16 01:07:04] Epoch 200, LR: 0.001500, Train Loss: 0.598101, Val Loss: 0.687874, Train Acc: 78.16, Val Acc: 78.66, Val Balanced Acc: 0.64
[2019-06-16 01:17:04] Epoch 201, LR: 0.001500, Train Loss: 0.598838, Val Loss: 0.659275, Train Acc: 77.94, Val Acc: 77.24, Val Balanced Acc: 0.66
[2019-06-16 01:27:04] Epoch 202, LR: 0.001500, Train Loss: 0.606681, Val Loss: 0.697883, Train Acc: 77.59, Val Acc: 78.24, Val Balanced Acc: 0.66
[2019-06-16 01:37:05] Epoch 203, LR: 0.001500, Train Loss: 0.607615, Val Loss: 0.830503, Train Acc: 77.60, Val Acc: 78.16, Val Balanced Acc: 0.62
[2019-06-16 01:47:03] Epoch 204, LR: 0.001500, Train Loss: 0.606291, Val Loss: 0.889452, Train Acc: 77.66, Val Acc: 78.47, Val Balanced Acc: 0.64
[2019-06-16 01:57:01] Epoch 205, LR: 0.001500, Train Loss: 0.604587, Val Loss: 1.055542, Train Acc: 77.71, Val Acc: 79.05, Val Balanced Acc: 0.64
[2019-06-16 02:06:56] Epoch 206, LR: 0.001500, Train Loss: 0.603456, Val Loss: 1.048133, Train Acc: 78.27, Val Acc: 77.71, Val Balanced Acc: 0.66
[2019-06-16 02:16:56] Epoch 207, LR: 0.001500, Train Loss: 0.600275, Val Loss: 0.814870, Train Acc: 78.06, Val Acc: 77.82, Val Balanced Acc: 0.65
[2019-06-16 02:26:56] Epoch 208, LR: 0.001500, Train Loss: 0.601535, Val Loss: 0.767274, Train Acc: 77.96, Val Acc: 78.63, Val Balanced Acc: 0.66
[2019-06-16 02:36:56] Epoch 209, LR: 0.001500, Train Loss: 0.604116, Val Loss: 0.677277, Train Acc: 77.79, Val Acc: 77.76, Val Balanced Acc: 0.67
[2019-06-16 02:47:01] Epoch 210, LR: 0.001500, Train Loss: 0.599692, Val Loss: 0.867682, Train Acc: 77.79, Val Acc: 78.82, Val Balanced Acc: 0.67
[2019-06-16 02:56:59] Epoch 211, LR: 0.001500, Train Loss: 0.602225, Val Loss: 0.762277, Train Acc: 77.76, Val Acc: 77.66, Val Balanced Acc: 0.66
[2019-06-16 03:06:57] Epoch 212, LR: 0.001500, Train Loss: 0.599080, Val Loss: 1.398131, Train Acc: 78.12, Val Acc: 78.68, Val Balanced Acc: 0.66
[2019-06-16 03:16:56] Epoch 213, LR: 0.001500, Train Loss: 0.604045, Val Loss: 0.857714, Train Acc: 77.83, Val Acc: 78.18, Val Balanced Acc: 0.66
[2019-06-16 03:26:53] Epoch 214, LR: 0.001500, Train Loss: 0.603026, Val Loss: 0.638764, Train Acc: 77.76, Val Acc: 77.97, Val Balanced Acc: 0.66
[2019-06-16 03:36:50] Epoch 215, LR: 0.001500, Train Loss: 0.609428, Val Loss: 0.803151, Train Acc: 77.51, Val Acc: 77.29, Val Balanced Acc: 0.67
[2019-06-16 03:46:48] Epoch 216, LR: 0.001500, Train Loss: 0.603300, Val Loss: 0.644616, Train Acc: 77.80, Val Acc: 78.32, Val Balanced Acc: 0.65
[2019-06-16 03:56:47] Epoch 217, LR: 0.001500, Train Loss: 0.595025, Val Loss: 0.607047, Train Acc: 78.02, Val Acc: 78.68, Val Balanced Acc: 0.66
[2019-06-16 04:06:48] Epoch 218, LR: 0.001500, Train Loss: 0.593664, Val Loss: 0.657823, Train Acc: 78.00, Val Acc: 79.08, Val Balanced Acc: 0.67
[2019-06-16 04:16:48] Epoch 219, LR: 0.001500, Train Loss: 0.600871, Val Loss: 0.853967, Train Acc: 77.76, Val Acc: 78.47, Val Balanced Acc: 0.67
[2019-06-16 04:26:45] Epoch 220, LR: 0.001500, Train Loss: 0.596041, Val Loss: 0.763774, Train Acc: 78.05, Val Acc: 78.32, Val Balanced Acc: 0.68
[2019-06-16 04:36:44] Epoch 221, LR: 0.001500, Train Loss: 0.595598, Val Loss: 0.741731, Train Acc: 78.18, Val Acc: 77.76, Val Balanced Acc: 0.64
[2019-06-16 04:46:42] Epoch 222, LR: 0.000225, Train Loss: 0.553447, Val Loss: 0.744028, Train Acc: 80.01, Val Acc: 79.71, Val Balanced Acc: 0.68
[2019-06-16 04:56:43] Epoch 223, LR: 0.000225, Train Loss: 0.529614, Val Loss: 0.630546, Train Acc: 80.60, Val Acc: 80.24, Val Balanced Acc: 0.69
[2019-06-16 05:06:46] Epoch 224, LR: 0.000225, Train Loss: 0.532631, Val Loss: 0.681425, Train Acc: 80.37, Val Acc: 80.32, Val Balanced Acc: 0.68
[2019-06-16 05:16:47] Epoch 225, LR: 0.000225, Train Loss: 0.521385, Val Loss: 0.711511, Train Acc: 81.04, Val Acc: 80.39, Val Balanced Acc: 0.69
[2019-06-16 05:26:46] Epoch 226, LR: 0.000225, Train Loss: 0.519199, Val Loss: 0.676521, Train Acc: 81.00, Val Acc: 80.13, Val Balanced Acc: 0.70
[2019-06-16 05:36:48] Epoch 227, LR: 0.000225, Train Loss: 0.516500, Val Loss: 0.734727, Train Acc: 81.12, Val Acc: 80.34, Val Balanced Acc: 0.68
[2019-06-16 05:46:51] Epoch 228, LR: 0.000225, Train Loss: 0.513323, Val Loss: 0.920912, Train Acc: 81.19, Val Acc: 80.97, Val Balanced Acc: 0.70
[2019-06-16 05:56:51] Epoch 229, LR: 0.000225, Train Loss: 0.515699, Val Loss: 0.955210, Train Acc: 81.36, Val Acc: 80.50, Val Balanced Acc: 0.71
[2019-06-16 06:06:48] Epoch 230, LR: 0.000225, Train Loss: 0.515012, Val Loss: 0.965547, Train Acc: 81.02, Val Acc: 80.66, Val Balanced Acc: 0.69
[2019-06-16 06:16:45] Epoch 231, LR: 0.000225, Train Loss: 0.514508, Val Loss: 0.988964, Train Acc: 81.28, Val Acc: 80.39, Val Balanced Acc: 0.70
[2019-06-16 06:26:40] Epoch 232, LR: 0.000225, Train Loss: 0.513352, Val Loss: 0.924941, Train Acc: 81.29, Val Acc: 80.87, Val Balanced Acc: 0.70
[2019-06-16 06:36:34] Epoch 233, LR: 0.000225, Train Loss: 0.510754, Val Loss: 0.756168, Train Acc: 81.42, Val Acc: 80.55, Val Balanced Acc: 0.70
[2019-06-16 06:46:33] Epoch 234, LR: 0.000225, Train Loss: 0.507643, Val Loss: 0.627007, Train Acc: 81.51, Val Acc: 80.61, Val Balanced Acc: 0.71
[2019-06-16 06:56:33] Epoch 235, LR: 0.000225, Train Loss: 0.506265, Val Loss: 0.879645, Train Acc: 81.49, Val Acc: 80.84, Val Balanced Acc: 0.69
[2019-06-16 07:06:37] Epoch 236, LR: 0.000225, Train Loss: 0.505129, Val Loss: 1.108929, Train Acc: 81.56, Val Acc: 80.66, Val Balanced Acc: 0.70
[2019-06-16 07:16:41] Epoch 237, LR: 0.000225, Train Loss: 0.506582, Val Loss: 1.064742, Train Acc: 81.49, Val Acc: 81.03, Val Balanced Acc: 0.69
[2019-06-16 07:26:44] Epoch 238, LR: 0.000225, Train Loss: 0.500490, Val Loss: 0.863154, Train Acc: 81.59, Val Acc: 80.82, Val Balanced Acc: 0.69
[2019-06-16 07:36:42] Epoch 239, LR: 0.000225, Train Loss: 0.497573, Val Loss: 1.014703, Train Acc: 81.74, Val Acc: 81.00, Val Balanced Acc: 0.70
[2019-06-16 07:46:44] Epoch 240, LR: 0.000225, Train Loss: 0.500124, Val Loss: 0.876058, Train Acc: 81.58, Val Acc: 80.61, Val Balanced Acc: 0.70
[2019-06-16 07:56:46] Epoch 241, LR: 0.000225, Train Loss: 0.504439, Val Loss: 0.787374, Train Acc: 81.44, Val Acc: 81.29, Val Balanced Acc: 0.69
[2019-06-16 08:06:44] Epoch 242, LR: 0.000225, Train Loss: 0.506997, Val Loss: 0.904124, Train Acc: 81.55, Val Acc: 81.53, Val Balanced Acc: 0.70
[2019-06-16 08:16:43] Epoch 243, LR: 0.000225, Train Loss: 0.498339, Val Loss: 0.955109, Train Acc: 81.66, Val Acc: 80.97, Val Balanced Acc: 0.71
[2019-06-16 08:26:42] Epoch 244, LR: 0.000225, Train Loss: 0.504359, Val Loss: 0.886216, Train Acc: 81.87, Val Acc: 81.11, Val Balanced Acc: 0.70
[2019-06-16 08:36:41] Epoch 245, LR: 0.000225, Train Loss: 0.503308, Val Loss: 0.736092, Train Acc: 81.49, Val Acc: 81.24, Val Balanced Acc: 0.70
[2019-06-16 08:46:39] Epoch 246, LR: 0.000225, Train Loss: 0.492173, Val Loss: 0.902814, Train Acc: 82.00, Val Acc: 80.89, Val Balanced Acc: 0.70
[2019-06-16 08:56:36] Epoch 247, LR: 0.000225, Train Loss: 0.494920, Val Loss: 0.944197, Train Acc: 81.82, Val Acc: 80.95, Val Balanced Acc: 0.70
[2019-06-16 09:06:33] Epoch 248, LR: 0.000225, Train Loss: 0.496429, Val Loss: 0.870812, Train Acc: 81.87, Val Acc: 81.42, Val Balanced Acc: 0.71
[2019-06-16 09:16:30] Epoch 249, LR: 0.000225, Train Loss: 0.501114, Val Loss: 0.938145, Train Acc: 81.64, Val Acc: 80.68, Val Balanced Acc: 0.69
[2019-06-16 09:26:27] Epoch 250, LR: 0.000225, Train Loss: 0.496687, Val Loss: 1.034892, Train Acc: 81.98, Val Acc: 81.53, Val Balanced Acc: 0.71
[2019-06-16 09:36:23] Epoch 251, LR: 0.000225, Train Loss: 0.493203, Val Loss: 1.025023, Train Acc: 81.93, Val Acc: 80.53, Val Balanced Acc: 0.71
[2019-06-16 09:46:20] Epoch 252, LR: 0.000225, Train Loss: 0.493612, Val Loss: 1.142085, Train Acc: 82.33, Val Acc: 80.92, Val Balanced Acc: 0.70
[2019-06-16 09:56:19] Epoch 253, LR: 0.000225, Train Loss: 0.492867, Val Loss: 1.115703, Train Acc: 81.99, Val Acc: 81.00, Val Balanced Acc: 0.71
[2019-06-16 10:06:19] Epoch 254, LR: 0.000225, Train Loss: 0.487265, Val Loss: 1.103302, Train Acc: 82.36, Val Acc: 80.95, Val Balanced Acc: 0.69
[2019-06-16 10:16:21] Epoch 255, LR: 0.000225, Train Loss: 0.492476, Val Loss: 0.789308, Train Acc: 81.89, Val Acc: 81.42, Val Balanced Acc: 0.70
[2019-06-16 10:26:19] Epoch 256, LR: 0.000225, Train Loss: 0.488810, Val Loss: 0.902059, Train Acc: 82.29, Val Acc: 81.37, Val Balanced Acc: 0.71
[2019-06-16 10:36:17] Epoch 257, LR: 0.000225, Train Loss: 0.494290, Val Loss: 0.999209, Train Acc: 81.62, Val Acc: 81.16, Val Balanced Acc: 0.71
[2019-06-16 10:46:13] Epoch 258, LR: 0.000225, Train Loss: 0.489838, Val Loss: 0.900251, Train Acc: 81.90, Val Acc: 81.26, Val Balanced Acc: 0.71
[2019-06-16 10:56:07] Epoch 259, LR: 0.000225, Train Loss: 0.484915, Val Loss: 1.080870, Train Acc: 82.26, Val Acc: 81.03, Val Balanced Acc: 0.70
[2019-06-16 11:06:07] Epoch 260, LR: 0.000225, Train Loss: 0.485085, Val Loss: 0.809707, Train Acc: 82.40, Val Acc: 81.82, Val Balanced Acc: 0.71
[2019-06-16 11:16:06] Epoch 261, LR: 0.000225, Train Loss: 0.490491, Val Loss: 0.831654, Train Acc: 82.06, Val Acc: 81.47, Val Balanced Acc: 0.70
[2019-06-16 11:26:05] Epoch 262, LR: 0.000225, Train Loss: 0.490696, Val Loss: 0.985949, Train Acc: 82.19, Val Acc: 81.42, Val Balanced Acc: 0.71
[2019-06-16 11:36:04] Epoch 263, LR: 0.000225, Train Loss: 0.486549, Val Loss: 1.299677, Train Acc: 82.39, Val Acc: 81.45, Val Balanced Acc: 0.72
[2019-06-16 11:46:04] Epoch 264, LR: 0.000225, Train Loss: 0.483892, Val Loss: 1.017553, Train Acc: 82.31, Val Acc: 81.26, Val Balanced Acc: 0.71
[2019-06-16 11:56:01] Epoch 265, LR: 0.000225, Train Loss: 0.483695, Val Loss: 0.835286, Train Acc: 82.28, Val Acc: 80.45, Val Balanced Acc: 0.70
[2019-06-16 12:05:59] Epoch 266, LR: 0.000225, Train Loss: 0.488374, Val Loss: 1.300955, Train Acc: 82.19, Val Acc: 81.37, Val Balanced Acc: 0.71
[2019-06-16 12:15:59] Epoch 267, LR: 0.000225, Train Loss: 0.482309, Val Loss: 1.209661, Train Acc: 82.42, Val Acc: 81.34, Val Balanced Acc: 0.71
[2019-06-16 12:25:58] Epoch 268, LR: 0.000225, Train Loss: 0.481963, Val Loss: 1.109691, Train Acc: 82.47, Val Acc: 81.82, Val Balanced Acc: 0.72
[2019-06-16 12:36:03] Epoch 269, LR: 0.000225, Train Loss: 0.485261, Val Loss: 0.966966, Train Acc: 82.06, Val Acc: 80.74, Val Balanced Acc: 0.69
[2019-06-16 12:46:03] Epoch 270, LR: 0.000225, Train Loss: 0.489907, Val Loss: 1.013815, Train Acc: 82.26, Val Acc: 81.18, Val Balanced Acc: 0.71
[2019-06-16 12:56:03] Epoch 271, LR: 0.000225, Train Loss: 0.483301, Val Loss: 0.848294, Train Acc: 82.27, Val Acc: 81.24, Val Balanced Acc: 0.71
[2019-06-16 13:06:03] Epoch 272, LR: 0.000034, Train Loss: 0.470299, Val Loss: 0.774245, Train Acc: 82.74, Val Acc: 81.63, Val Balanced Acc: 0.72
[2019-06-16 13:16:05] Epoch 273, LR: 0.000034, Train Loss: 0.462179, Val Loss: 0.940801, Train Acc: 83.10, Val Acc: 82.08, Val Balanced Acc: 0.72
[2019-06-16 13:26:04] Epoch 274, LR: 0.000034, Train Loss: 0.464201, Val Loss: 0.894485, Train Acc: 82.87, Val Acc: 81.61, Val Balanced Acc: 0.70
[2019-06-16 13:36:04] Epoch 275, LR: 0.000034, Train Loss: 0.461767, Val Loss: 0.945102, Train Acc: 83.30, Val Acc: 81.92, Val Balanced Acc: 0.71
[2019-06-16 13:46:06] Epoch 276, LR: 0.000034, Train Loss: 0.464449, Val Loss: 1.073754, Train Acc: 83.13, Val Acc: 81.84, Val Balanced Acc: 0.72
[2019-06-16 13:56:05] Epoch 277, LR: 0.000034, Train Loss: 0.460573, Val Loss: 0.939041, Train Acc: 83.08, Val Acc: 81.47, Val Balanced Acc: 0.72
[2019-06-16 14:06:06] Epoch 278, LR: 0.000034, Train Loss: 0.461900, Val Loss: 1.082900, Train Acc: 83.37, Val Acc: 81.71, Val Balanced Acc: 0.72
[2019-06-16 14:16:06] Epoch 279, LR: 0.000034, Train Loss: 0.459238, Val Loss: 1.058725, Train Acc: 83.10, Val Acc: 82.11, Val Balanced Acc: 0.72
[2019-06-16 14:26:04] Epoch 280, LR: 0.000034, Train Loss: 0.454926, Val Loss: 1.108694, Train Acc: 83.38, Val Acc: 81.74, Val Balanced Acc: 0.72
[2019-06-16 14:36:04] Epoch 281, LR: 0.000034, Train Loss: 0.462772, Val Loss: 0.939715, Train Acc: 83.35, Val Acc: 82.05, Val Balanced Acc: 0.72
[2019-06-16 14:46:01] Epoch 282, LR: 0.000034, Train Loss: 0.455218, Val Loss: 1.028588, Train Acc: 83.58, Val Acc: 82.11, Val Balanced Acc: 0.72
[2019-06-16 14:55:59] Epoch 283, LR: 0.000034, Train Loss: 0.460832, Val Loss: 1.081864, Train Acc: 83.23, Val Acc: 82.16, Val Balanced Acc: 0.72
[2019-06-16 15:05:57] Epoch 284, LR: 0.000034, Train Loss: 0.464145, Val Loss: 1.044093, Train Acc: 83.02, Val Acc: 82.03, Val Balanced Acc: 0.71
[2019-06-16 15:16:00] Epoch 285, LR: 0.000034, Train Loss: 0.456550, Val Loss: 1.118622, Train Acc: 83.40, Val Acc: 82.00, Val Balanced Acc: 0.72
[2019-06-16 15:25:58] Epoch 286, LR: 0.000034, Train Loss: 0.459780, Val Loss: 1.080076, Train Acc: 83.26, Val Acc: 82.05, Val Balanced Acc: 0.72
[2019-06-16 15:35:57] Epoch 287, LR: 0.000034, Train Loss: 0.464680, Val Loss: 0.912877, Train Acc: 83.12, Val Acc: 81.58, Val Balanced Acc: 0.72
[2019-06-16 15:45:58] Epoch 288, LR: 0.000034, Train Loss: 0.453432, Val Loss: 1.345771, Train Acc: 83.54, Val Acc: 82.18, Val Balanced Acc: 0.71
[2019-06-16 15:55:57] Epoch 289, LR: 0.000034, Train Loss: 0.459134, Val Loss: 1.152997, Train Acc: 83.57, Val Acc: 82.05, Val Balanced Acc: 0.71
[2019-06-16 16:05:56] Epoch 290, LR: 0.000034, Train Loss: 0.451712, Val Loss: 1.090442, Train Acc: 83.59, Val Acc: 81.87, Val Balanced Acc: 0.72
[2019-06-16 16:15:54] Epoch 291, LR: 0.000034, Train Loss: 0.457127, Val Loss: 1.233891, Train Acc: 83.47, Val Acc: 81.84, Val Balanced Acc: 0.72
[2019-06-16 16:25:53] Epoch 292, LR: 0.000034, Train Loss: 0.451373, Val Loss: 1.023956, Train Acc: 83.47, Val Acc: 81.61, Val Balanced Acc: 0.71
[2019-06-16 16:35:55] Epoch 293, LR: 0.000034, Train Loss: 0.455654, Val Loss: 1.223013, Train Acc: 83.55, Val Acc: 81.74, Val Balanced Acc: 0.72
[2019-06-16 16:45:51] Epoch 294, LR: 0.000034, Train Loss: 0.454836, Val Loss: 1.239333, Train Acc: 83.62, Val Acc: 81.84, Val Balanced Acc: 0.72
[2019-06-16 16:55:50] Epoch 295, LR: 0.000034, Train Loss: 0.453789, Val Loss: 1.009116, Train Acc: 83.40, Val Acc: 82.45, Val Balanced Acc: 0.72
[2019-06-16 17:05:49] Epoch 296, LR: 0.000034, Train Loss: 0.453264, Val Loss: 1.136067, Train Acc: 83.40, Val Acc: 81.55, Val Balanced Acc: 0.72
[2019-06-16 17:15:47] Epoch 297, LR: 0.000034, Train Loss: 0.456600, Val Loss: 0.939465, Train Acc: 83.59, Val Acc: 81.97, Val Balanced Acc: 0.71
[2019-06-16 17:25:44] Epoch 298, LR: 0.000034, Train Loss: 0.458962, Val Loss: 1.302685, Train Acc: 83.19, Val Acc: 81.66, Val Balanced Acc: 0.71
[2019-06-16 17:35:43] Epoch 299, LR: 0.000034, Train Loss: 0.459566, Val Loss: 1.359951, Train Acc: 83.21, Val Acc: 81.58, Val Balanced Acc: 0.73
[2019-06-16 17:45:42] Epoch 300, LR: 0.000034, Train Loss: 0.460222, Val Loss: 1.134899, Train Acc: 83.10, Val Acc: 81.79, Val Balanced Acc: 0.72

------------------------
Best Validation Accuracy 82.4474 at epoch 295
Best Validation Balanced Accuracy 0.7306 at epoch 299
------------------------

