results/efficientnet_sgd_lr0.01_d1.0_w1.0_r1.0_c1.0_DA_steplr_phase2_SHadeOfGrayNoCOlorTransform/
Data loaded!

8 Classes detected!
compound_coefficient: 1.0
retinex: False
optimizer: sgd
verbose: False
freezed_epochs: 0
model_name: efficientnet
depth_coefficient: 1.0
snapshot: 1
path_extension: steplr_phase2_SHadeOfGrayNoCOlorTransform
crop_size: 224
data_augmentation: True
balanced_sampler: False
output_dir: results/efficientnet_sgd_lr0.01_d1.0_w1.0_r1.0_c1.0_DA_steplr_phase2_SHadeOfGrayNoCOlorTransform/
colornet: False
img_size: 248
resolution_coefficient: 1.0
pretrained_imagenet: False
shade_of_gray: True
learning_rate: 0.01
width_coefficient: 1.0
batch_size: 32
epochs: 400

---- Start Training ----
[2019-07-12 21:31:53] Epoch 1, LR: 0.010000, Train Loss: 1.204368, Val Loss: 1.095166, Train Acc: 56.69, Val Acc: 60.39, Val Balanced Acc: 0.27
[2019-07-12 21:43:02] Epoch 2, LR: 0.010000, Train Loss: 1.102842, Val Loss: 1.121959, Train Acc: 59.79, Val Acc: 59.66, Val Balanced Acc: 0.30
[2019-07-12 21:53:56] Epoch 3, LR: 0.010000, Train Loss: 1.062176, Val Loss: 1.105908, Train Acc: 61.63, Val Acc: 61.63, Val Balanced Acc: 0.29
[2019-07-12 22:04:48] Epoch 4, LR: 0.010000, Train Loss: 1.037455, Val Loss: 1.032258, Train Acc: 62.40, Val Acc: 63.21, Val Balanced Acc: 0.31
[2019-07-12 22:15:41] Epoch 5, LR: 0.010000, Train Loss: 1.010792, Val Loss: 0.990174, Train Acc: 63.02, Val Acc: 63.11, Val Balanced Acc: 0.35
[2019-07-12 22:26:34] Epoch 6, LR: 0.010000, Train Loss: 0.994086, Val Loss: 2.268858, Train Acc: 63.77, Val Acc: 41.05, Val Balanced Acc: 0.26
[2019-07-12 22:37:28] Epoch 7, LR: 0.010000, Train Loss: 0.976488, Val Loss: 1.201017, Train Acc: 64.45, Val Acc: 60.11, Val Balanced Acc: 0.24
[2019-07-12 22:48:20] Epoch 8, LR: 0.010000, Train Loss: 0.961670, Val Loss: 0.934727, Train Acc: 64.96, Val Acc: 65.37, Val Balanced Acc: 0.34
[2019-07-12 22:59:14] Epoch 9, LR: 0.010000, Train Loss: 0.943775, Val Loss: 0.911880, Train Acc: 65.57, Val Acc: 67.39, Val Balanced Acc: 0.44
[2019-07-12 23:10:07] Epoch 10, LR: 0.010000, Train Loss: 0.932682, Val Loss: 0.865826, Train Acc: 65.84, Val Acc: 68.21, Val Balanced Acc: 0.42
[2019-07-12 23:20:59] Epoch 11, LR: 0.010000, Train Loss: 0.919760, Val Loss: 0.935301, Train Acc: 66.48, Val Acc: 66.26, Val Balanced Acc: 0.38
[2019-07-12 23:31:51] Epoch 12, LR: 0.010000, Train Loss: 0.910286, Val Loss: 1.025032, Train Acc: 66.80, Val Acc: 63.13, Val Balanced Acc: 0.29
[2019-07-12 23:42:44] Epoch 13, LR: 0.010000, Train Loss: 0.897657, Val Loss: 0.888866, Train Acc: 67.07, Val Acc: 68.21, Val Balanced Acc: 0.46
[2019-07-12 23:53:36] Epoch 14, LR: 0.010000, Train Loss: 0.892462, Val Loss: 1.121491, Train Acc: 67.43, Val Acc: 60.74, Val Balanced Acc: 0.34
[2019-07-13 00:04:30] Epoch 15, LR: 0.010000, Train Loss: 0.889322, Val Loss: 0.843620, Train Acc: 67.64, Val Acc: 69.58, Val Balanced Acc: 0.47
[2019-07-13 00:15:24] Epoch 16, LR: 0.010000, Train Loss: 0.875465, Val Loss: 0.902714, Train Acc: 67.90, Val Acc: 67.71, Val Balanced Acc: 0.46
[2019-07-13 00:26:18] Epoch 17, LR: 0.010000, Train Loss: 0.875128, Val Loss: 0.861874, Train Acc: 67.93, Val Acc: 68.53, Val Balanced Acc: 0.45
[2019-07-13 00:37:10] Epoch 18, LR: 0.010000, Train Loss: 0.864544, Val Loss: 0.833576, Train Acc: 68.14, Val Acc: 69.13, Val Balanced Acc: 0.44
[2019-07-13 00:48:02] Epoch 19, LR: 0.010000, Train Loss: 0.863712, Val Loss: 0.879337, Train Acc: 68.35, Val Acc: 67.79, Val Balanced Acc: 0.48
[2019-07-13 00:58:56] Epoch 20, LR: 0.010000, Train Loss: 0.859831, Val Loss: 0.863515, Train Acc: 68.29, Val Acc: 68.50, Val Balanced Acc: 0.42
[2019-07-13 01:09:47] Epoch 21, LR: 0.010000, Train Loss: 0.856702, Val Loss: 0.826280, Train Acc: 68.70, Val Acc: 70.11, Val Balanced Acc: 0.47
[2019-07-13 01:20:39] Epoch 22, LR: 0.010000, Train Loss: 0.848945, Val Loss: 0.802281, Train Acc: 69.15, Val Acc: 69.97, Val Balanced Acc: 0.47
[2019-07-13 01:31:32] Epoch 23, LR: 0.010000, Train Loss: 0.847863, Val Loss: 0.838039, Train Acc: 68.58, Val Acc: 70.37, Val Balanced Acc: 0.47
[2019-07-13 01:42:24] Epoch 24, LR: 0.010000, Train Loss: 0.848640, Val Loss: 0.979728, Train Acc: 68.78, Val Acc: 64.50, Val Balanced Acc: 0.35
[2019-07-13 01:53:16] Epoch 25, LR: 0.010000, Train Loss: 0.844970, Val Loss: 0.933279, Train Acc: 69.20, Val Acc: 67.16, Val Balanced Acc: 0.43
[2019-07-13 02:04:09] Epoch 26, LR: 0.010000, Train Loss: 0.836277, Val Loss: 0.862224, Train Acc: 69.11, Val Acc: 68.21, Val Balanced Acc: 0.43
[2019-07-13 02:15:02] Epoch 27, LR: 0.010000, Train Loss: 0.839008, Val Loss: 0.874462, Train Acc: 69.03, Val Acc: 68.00, Val Balanced Acc: 0.42
[2019-07-13 02:25:56] Epoch 28, LR: 0.010000, Train Loss: 0.839979, Val Loss: 1.120296, Train Acc: 69.13, Val Acc: 61.37, Val Balanced Acc: 0.36
[2019-07-13 02:36:50] Epoch 29, LR: 0.010000, Train Loss: 0.832013, Val Loss: 0.854532, Train Acc: 69.43, Val Acc: 68.87, Val Balanced Acc: 0.44
[2019-07-13 02:47:42] Epoch 30, LR: 0.010000, Train Loss: 0.826705, Val Loss: 0.897336, Train Acc: 69.76, Val Acc: 68.63, Val Balanced Acc: 0.45
[2019-07-13 02:58:35] Epoch 31, LR: 0.010000, Train Loss: 0.830619, Val Loss: 0.914979, Train Acc: 69.53, Val Acc: 68.63, Val Balanced Acc: 0.48
[2019-07-13 03:09:29] Epoch 32, LR: 0.010000, Train Loss: 0.827829, Val Loss: 0.921244, Train Acc: 69.55, Val Acc: 67.11, Val Balanced Acc: 0.33
[2019-07-13 03:20:20] Epoch 33, LR: 0.010000, Train Loss: 0.826060, Val Loss: 0.828883, Train Acc: 69.68, Val Acc: 69.87, Val Balanced Acc: 0.44
[2019-07-13 03:31:12] Epoch 34, LR: 0.010000, Train Loss: 0.826932, Val Loss: 0.867057, Train Acc: 69.69, Val Acc: 68.74, Val Balanced Acc: 0.45
[2019-07-13 03:42:06] Epoch 35, LR: 0.010000, Train Loss: 0.821539, Val Loss: 1.245897, Train Acc: 69.41, Val Acc: 62.58, Val Balanced Acc: 0.27
[2019-07-13 03:52:59] Epoch 36, LR: 0.010000, Train Loss: 0.824526, Val Loss: 0.946552, Train Acc: 69.31, Val Acc: 66.34, Val Balanced Acc: 0.44
[2019-07-13 04:03:52] Epoch 37, LR: 0.010000, Train Loss: 0.818447, Val Loss: 1.182858, Train Acc: 69.82, Val Acc: 60.18, Val Balanced Acc: 0.37
[2019-07-13 04:14:45] Epoch 38, LR: 0.010000, Train Loss: 0.821486, Val Loss: 0.909575, Train Acc: 69.57, Val Acc: 67.16, Val Balanced Acc: 0.42
[2019-07-13 04:25:38] Epoch 39, LR: 0.010000, Train Loss: 0.819124, Val Loss: 0.933767, Train Acc: 69.86, Val Acc: 66.76, Val Balanced Acc: 0.42
[2019-07-13 04:36:32] Epoch 40, LR: 0.010000, Train Loss: 0.816180, Val Loss: 1.009749, Train Acc: 69.89, Val Acc: 65.76, Val Balanced Acc: 0.43
[2019-07-13 04:47:25] Epoch 41, LR: 0.010000, Train Loss: 0.813545, Val Loss: 0.902423, Train Acc: 70.01, Val Acc: 66.71, Val Balanced Acc: 0.48
[2019-07-13 04:58:17] Epoch 42, LR: 0.010000, Train Loss: 0.816341, Val Loss: 0.823312, Train Acc: 70.05, Val Acc: 70.00, Val Balanced Acc: 0.42
[2019-07-13 05:09:10] Epoch 43, LR: 0.010000, Train Loss: 0.814114, Val Loss: 0.972793, Train Acc: 70.11, Val Acc: 65.03, Val Balanced Acc: 0.34
[2019-07-13 05:20:03] Epoch 44, LR: 0.010000, Train Loss: 0.814255, Val Loss: 0.794712, Train Acc: 69.81, Val Acc: 71.58, Val Balanced Acc: 0.50
[2019-07-13 05:30:55] Epoch 45, LR: 0.010000, Train Loss: 0.808608, Val Loss: 0.910095, Train Acc: 70.35, Val Acc: 67.76, Val Balanced Acc: 0.42
[2019-07-13 05:41:49] Epoch 46, LR: 0.010000, Train Loss: 0.811460, Val Loss: 0.870132, Train Acc: 70.41, Val Acc: 68.39, Val Balanced Acc: 0.56
[2019-07-13 05:52:40] Epoch 47, LR: 0.010000, Train Loss: 0.805598, Val Loss: 0.836110, Train Acc: 70.23, Val Acc: 70.13, Val Balanced Acc: 0.48
[2019-07-13 06:03:32] Epoch 48, LR: 0.010000, Train Loss: 0.814338, Val Loss: 0.866523, Train Acc: 69.80, Val Acc: 68.71, Val Balanced Acc: 0.46
[2019-07-13 06:14:25] Epoch 49, LR: 0.010000, Train Loss: 0.804763, Val Loss: 0.992825, Train Acc: 70.03, Val Acc: 64.37, Val Balanced Acc: 0.36
[2019-07-13 06:25:22] Epoch 50, LR: 0.010000, Train Loss: 0.808473, Val Loss: 0.898581, Train Acc: 70.37, Val Acc: 68.95, Val Balanced Acc: 0.40
[2019-07-13 06:36:15] Epoch 51, LR: 0.010000, Train Loss: 0.799624, Val Loss: 1.050991, Train Acc: 70.66, Val Acc: 61.24, Val Balanced Acc: 0.31
[2019-07-13 06:47:06] Epoch 52, LR: 0.010000, Train Loss: 0.806144, Val Loss: 0.904506, Train Acc: 70.26, Val Acc: 68.84, Val Balanced Acc: 0.47
[2019-07-13 06:57:58] Epoch 53, LR: 0.010000, Train Loss: 0.804074, Val Loss: 0.803721, Train Acc: 70.35, Val Acc: 70.74, Val Balanced Acc: 0.51
[2019-07-13 07:08:52] Epoch 54, LR: 0.010000, Train Loss: 0.803120, Val Loss: 0.799935, Train Acc: 70.55, Val Acc: 71.29, Val Balanced Acc: 0.54
[2019-07-13 07:19:45] Epoch 55, LR: 0.010000, Train Loss: 0.799707, Val Loss: 0.837895, Train Acc: 70.63, Val Acc: 70.39, Val Balanced Acc: 0.50
[2019-07-13 07:30:37] Epoch 56, LR: 0.010000, Train Loss: 0.798414, Val Loss: 0.820434, Train Acc: 70.51, Val Acc: 69.18, Val Balanced Acc: 0.46
[2019-07-13 07:41:29] Epoch 57, LR: 0.010000, Train Loss: 0.802783, Val Loss: 0.865551, Train Acc: 70.75, Val Acc: 68.58, Val Balanced Acc: 0.51
[2019-07-13 07:52:21] Epoch 58, LR: 0.010000, Train Loss: 0.793840, Val Loss: 0.785676, Train Acc: 70.69, Val Acc: 71.50, Val Balanced Acc: 0.52
[2019-07-13 08:03:13] Epoch 59, LR: 0.010000, Train Loss: 0.794408, Val Loss: 0.866888, Train Acc: 70.70, Val Acc: 69.24, Val Balanced Acc: 0.46
[2019-07-13 08:14:07] Epoch 60, LR: 0.010000, Train Loss: 0.798197, Val Loss: 1.071385, Train Acc: 70.66, Val Acc: 62.50, Val Balanced Acc: 0.48
[2019-07-13 08:25:00] Epoch 61, LR: 0.010000, Train Loss: 0.790294, Val Loss: 0.848694, Train Acc: 70.77, Val Acc: 69.95, Val Balanced Acc: 0.45
[2019-07-13 08:35:55] Epoch 62, LR: 0.010000, Train Loss: 0.795080, Val Loss: 0.845685, Train Acc: 70.92, Val Acc: 69.39, Val Balanced Acc: 0.53
[2019-07-13 08:46:47] Epoch 63, LR: 0.010000, Train Loss: 0.793286, Val Loss: 0.769307, Train Acc: 70.73, Val Acc: 71.66, Val Balanced Acc: 0.57
[2019-07-13 08:57:41] Epoch 64, LR: 0.010000, Train Loss: 0.791574, Val Loss: 0.893973, Train Acc: 70.72, Val Acc: 67.50, Val Balanced Acc: 0.44
[2019-07-13 09:08:37] Epoch 65, LR: 0.010000, Train Loss: 0.786799, Val Loss: 0.795016, Train Acc: 70.89, Val Acc: 71.42, Val Balanced Acc: 0.53
[2019-07-13 09:19:31] Epoch 66, LR: 0.010000, Train Loss: 0.789882, Val Loss: 0.844913, Train Acc: 70.88, Val Acc: 70.11, Val Balanced Acc: 0.45
[2019-07-13 09:30:26] Epoch 67, LR: 0.010000, Train Loss: 0.787955, Val Loss: 0.953577, Train Acc: 70.90, Val Acc: 67.39, Val Balanced Acc: 0.41
[2019-07-13 09:41:20] Epoch 68, LR: 0.010000, Train Loss: 0.783349, Val Loss: 0.816644, Train Acc: 70.97, Val Acc: 70.37, Val Balanced Acc: 0.50
[2019-07-13 09:52:12] Epoch 69, LR: 0.010000, Train Loss: 0.787876, Val Loss: 0.802470, Train Acc: 70.95, Val Acc: 70.82, Val Balanced Acc: 0.47
[2019-07-13 10:03:07] Epoch 70, LR: 0.010000, Train Loss: 0.787916, Val Loss: 0.770126, Train Acc: 71.23, Val Acc: 72.47, Val Balanced Acc: 0.54
[2019-07-13 10:14:02] Epoch 71, LR: 0.010000, Train Loss: 0.785760, Val Loss: 0.778015, Train Acc: 70.86, Val Acc: 71.84, Val Balanced Acc: 0.51
[2019-07-13 10:24:55] Epoch 72, LR: 0.010000, Train Loss: 0.784953, Val Loss: 0.815175, Train Acc: 71.11, Val Acc: 71.21, Val Balanced Acc: 0.52
[2019-07-13 10:35:48] Epoch 73, LR: 0.010000, Train Loss: 0.781496, Val Loss: 0.854836, Train Acc: 71.26, Val Acc: 69.05, Val Balanced Acc: 0.47
[2019-07-13 10:46:42] Epoch 74, LR: 0.010000, Train Loss: 0.782167, Val Loss: 0.969156, Train Acc: 71.12, Val Acc: 65.79, Val Balanced Acc: 0.40
[2019-07-13 10:57:35] Epoch 75, LR: 0.010000, Train Loss: 0.781922, Val Loss: 0.904671, Train Acc: 71.37, Val Acc: 68.08, Val Balanced Acc: 0.45
[2019-07-13 11:08:28] Epoch 76, LR: 0.010000, Train Loss: 0.779362, Val Loss: 1.051028, Train Acc: 71.37, Val Acc: 64.39, Val Balanced Acc: 0.34
[2019-07-13 11:19:20] Epoch 77, LR: 0.010000, Train Loss: 0.782865, Val Loss: 0.857384, Train Acc: 71.24, Val Acc: 69.11, Val Balanced Acc: 0.44
[2019-07-13 11:30:14] Epoch 78, LR: 0.010000, Train Loss: 0.778393, Val Loss: 0.970917, Train Acc: 71.59, Val Acc: 66.05, Val Balanced Acc: 0.40
[2019-07-13 11:41:08] Epoch 79, LR: 0.010000, Train Loss: 0.773933, Val Loss: 0.909911, Train Acc: 71.54, Val Acc: 68.05, Val Balanced Acc: 0.45
[2019-07-13 11:52:02] Epoch 80, LR: 0.010000, Train Loss: 0.776491, Val Loss: 0.950875, Train Acc: 71.39, Val Acc: 64.00, Val Balanced Acc: 0.36
[2019-07-13 12:02:56] Epoch 81, LR: 0.010000, Train Loss: 0.777686, Val Loss: 0.882182, Train Acc: 71.25, Val Acc: 68.97, Val Balanced Acc: 0.49
[2019-07-13 12:13:49] Epoch 82, LR: 0.010000, Train Loss: 0.771465, Val Loss: 0.784612, Train Acc: 71.77, Val Acc: 71.37, Val Balanced Acc: 0.53
[2019-07-13 12:24:43] Epoch 83, LR: 0.010000, Train Loss: 0.769648, Val Loss: 0.791872, Train Acc: 71.82, Val Acc: 71.21, Val Balanced Acc: 0.53
[2019-07-13 12:35:35] Epoch 84, LR: 0.010000, Train Loss: 0.771008, Val Loss: 0.890489, Train Acc: 71.58, Val Acc: 68.16, Val Balanced Acc: 0.44
[2019-07-13 12:46:30] Epoch 85, LR: 0.010000, Train Loss: 0.770170, Val Loss: 0.960104, Train Acc: 71.57, Val Acc: 66.37, Val Balanced Acc: 0.42
[2019-07-13 12:57:22] Epoch 86, LR: 0.010000, Train Loss: 0.772384, Val Loss: 0.873771, Train Acc: 71.59, Val Acc: 69.76, Val Balanced Acc: 0.50
[2019-07-13 13:08:17] Epoch 87, LR: 0.010000, Train Loss: 0.773060, Val Loss: 0.932886, Train Acc: 71.37, Val Acc: 66.47, Val Balanced Acc: 0.47
[2019-07-13 13:19:10] Epoch 88, LR: 0.010000, Train Loss: 0.762794, Val Loss: 0.815391, Train Acc: 71.84, Val Acc: 71.13, Val Balanced Acc: 0.56
[2019-07-13 13:30:04] Epoch 89, LR: 0.010000, Train Loss: 0.770132, Val Loss: 0.777302, Train Acc: 71.55, Val Acc: 72.03, Val Balanced Acc: 0.51
[2019-07-13 13:40:58] Epoch 90, LR: 0.010000, Train Loss: 0.762391, Val Loss: 0.851778, Train Acc: 71.73, Val Acc: 69.89, Val Balanced Acc: 0.47
[2019-07-13 13:51:51] Epoch 91, LR: 0.010000, Train Loss: 0.764294, Val Loss: 0.895427, Train Acc: 71.76, Val Acc: 67.47, Val Balanced Acc: 0.47
[2019-07-13 14:02:46] Epoch 92, LR: 0.010000, Train Loss: 0.762090, Val Loss: 0.844658, Train Acc: 71.75, Val Acc: 69.47, Val Balanced Acc: 0.44
[2019-07-13 14:13:39] Epoch 93, LR: 0.010000, Train Loss: 0.767987, Val Loss: 0.952347, Train Acc: 71.66, Val Acc: 66.87, Val Balanced Acc: 0.45
[2019-07-13 14:24:31] Epoch 94, LR: 0.010000, Train Loss: 0.765432, Val Loss: 0.899864, Train Acc: 71.84, Val Acc: 69.34, Val Balanced Acc: 0.60
[2019-07-13 14:35:25] Epoch 95, LR: 0.010000, Train Loss: 0.757455, Val Loss: 1.017719, Train Acc: 72.03, Val Acc: 64.95, Val Balanced Acc: 0.46
[2019-07-13 14:46:17] Epoch 96, LR: 0.010000, Train Loss: 0.761209, Val Loss: 1.299406, Train Acc: 72.02, Val Acc: 57.39, Val Balanced Acc: 0.24
[2019-07-13 14:57:10] Epoch 97, LR: 0.010000, Train Loss: 0.761682, Val Loss: 0.862934, Train Acc: 72.10, Val Acc: 69.29, Val Balanced Acc: 0.48
[2019-07-13 15:08:05] Epoch 98, LR: 0.010000, Train Loss: 0.766546, Val Loss: 0.828627, Train Acc: 71.97, Val Acc: 70.92, Val Balanced Acc: 0.62
[2019-07-13 15:18:59] Epoch 99, LR: 0.010000, Train Loss: 0.755669, Val Loss: 0.863870, Train Acc: 72.14, Val Acc: 68.76, Val Balanced Acc: 0.47
[2019-07-13 15:29:53] Epoch 100, LR: 0.010000, Train Loss: 0.761917, Val Loss: 0.810020, Train Acc: 71.97, Val Acc: 69.76, Val Balanced Acc: 0.50
[2019-07-13 15:40:45] Epoch 101, LR: 0.010000, Train Loss: 0.758247, Val Loss: 0.819519, Train Acc: 71.98, Val Acc: 70.13, Val Balanced Acc: 0.49
[2019-07-13 15:51:40] Epoch 102, LR: 0.010000, Train Loss: 0.759259, Val Loss: 0.904634, Train Acc: 72.02, Val Acc: 68.55, Val Balanced Acc: 0.53
[2019-07-13 16:02:35] Epoch 103, LR: 0.010000, Train Loss: 0.757505, Val Loss: 0.810439, Train Acc: 72.07, Val Acc: 71.00, Val Balanced Acc: 0.49
[2019-07-13 16:13:30] Epoch 104, LR: 0.010000, Train Loss: 0.755632, Val Loss: 0.886410, Train Acc: 71.78, Val Acc: 68.50, Val Balanced Acc: 0.51
[2019-07-13 16:24:24] Epoch 105, LR: 0.010000, Train Loss: 0.755213, Val Loss: 0.868851, Train Acc: 71.94, Val Acc: 68.42, Val Balanced Acc: 0.50
[2019-07-13 16:35:17] Epoch 106, LR: 0.010000, Train Loss: 0.754997, Val Loss: 1.130865, Train Acc: 72.03, Val Acc: 62.79, Val Balanced Acc: 0.38
[2019-07-13 16:46:10] Epoch 107, LR: 0.010000, Train Loss: 0.751824, Val Loss: 0.982625, Train Acc: 72.38, Val Acc: 64.24, Val Balanced Acc: 0.40
[2019-07-13 16:57:01] Epoch 108, LR: 0.010000, Train Loss: 0.757111, Val Loss: 0.792753, Train Acc: 72.26, Val Acc: 71.08, Val Balanced Acc: 0.50
[2019-07-13 17:07:56] Epoch 109, LR: 0.010000, Train Loss: 0.753973, Val Loss: 0.826121, Train Acc: 72.25, Val Acc: 71.18, Val Balanced Acc: 0.48
[2019-07-13 17:18:48] Epoch 110, LR: 0.010000, Train Loss: 0.754774, Val Loss: 0.774722, Train Acc: 72.25, Val Acc: 71.82, Val Balanced Acc: 0.56
[2019-07-13 17:29:42] Epoch 111, LR: 0.010000, Train Loss: 0.751715, Val Loss: 1.004781, Train Acc: 72.21, Val Acc: 68.13, Val Balanced Acc: 0.41
[2019-07-13 17:40:37] Epoch 112, LR: 0.010000, Train Loss: 0.751684, Val Loss: 0.979229, Train Acc: 72.05, Val Acc: 63.71, Val Balanced Acc: 0.43
[2019-07-13 17:51:32] Epoch 113, LR: 0.010000, Train Loss: 0.747896, Val Loss: 1.211343, Train Acc: 72.43, Val Acc: 62.61, Val Balanced Acc: 0.30
[2019-07-13 18:02:27] Epoch 114, LR: 0.010000, Train Loss: 0.745071, Val Loss: 0.790336, Train Acc: 72.64, Val Acc: 71.61, Val Balanced Acc: 0.54
[2019-07-13 18:13:22] Epoch 115, LR: 0.010000, Train Loss: 0.743803, Val Loss: 0.991053, Train Acc: 72.79, Val Acc: 64.79, Val Balanced Acc: 0.38
[2019-07-13 18:24:16] Epoch 116, LR: 0.010000, Train Loss: 0.753214, Val Loss: 0.885509, Train Acc: 72.23, Val Acc: 68.16, Val Balanced Acc: 0.34
[2019-07-13 18:35:09] Epoch 117, LR: 0.010000, Train Loss: 0.749138, Val Loss: 0.821720, Train Acc: 72.48, Val Acc: 70.00, Val Balanced Acc: 0.50
[2019-07-13 18:46:01] Epoch 118, LR: 0.010000, Train Loss: 0.749698, Val Loss: 0.854452, Train Acc: 72.31, Val Acc: 70.63, Val Balanced Acc: 0.51
[2019-07-13 18:56:54] Epoch 119, LR: 0.010000, Train Loss: 0.749636, Val Loss: 0.873183, Train Acc: 72.42, Val Acc: 70.68, Val Balanced Acc: 0.62
[2019-07-13 19:07:47] Epoch 120, LR: 0.010000, Train Loss: 0.741485, Val Loss: 0.863731, Train Acc: 72.80, Val Acc: 69.39, Val Balanced Acc: 0.45
[2019-07-13 19:18:39] Epoch 121, LR: 0.010000, Train Loss: 0.744600, Val Loss: 0.958209, Train Acc: 72.54, Val Acc: 66.13, Val Balanced Acc: 0.46
[2019-07-13 19:29:34] Epoch 122, LR: 0.010000, Train Loss: 0.745789, Val Loss: 0.914334, Train Acc: 72.78, Val Acc: 67.53, Val Balanced Acc: 0.46
[2019-07-13 19:40:29] Epoch 123, LR: 0.010000, Train Loss: 0.749159, Val Loss: 0.921747, Train Acc: 72.63, Val Acc: 68.92, Val Balanced Acc: 0.50
[2019-07-13 19:51:23] Epoch 124, LR: 0.010000, Train Loss: 0.741826, Val Loss: 0.966078, Train Acc: 72.61, Val Acc: 65.97, Val Balanced Acc: 0.48
[2019-07-13 20:02:15] Epoch 125, LR: 0.010000, Train Loss: 0.738706, Val Loss: 0.776022, Train Acc: 73.15, Val Acc: 71.92, Val Balanced Acc: 0.56
[2019-07-13 20:13:08] Epoch 126, LR: 0.010000, Train Loss: 0.742422, Val Loss: 0.755366, Train Acc: 72.93, Val Acc: 73.05, Val Balanced Acc: 0.52
[2019-07-13 20:24:01] Epoch 127, LR: 0.010000, Train Loss: 0.738412, Val Loss: 0.984537, Train Acc: 72.98, Val Acc: 68.08, Val Balanced Acc: 0.42
[2019-07-13 20:34:53] Epoch 128, LR: 0.010000, Train Loss: 0.733391, Val Loss: 1.084934, Train Acc: 72.94, Val Acc: 62.92, Val Balanced Acc: 0.30
[2019-07-13 20:45:46] Epoch 129, LR: 0.010000, Train Loss: 0.745238, Val Loss: 0.799203, Train Acc: 72.52, Val Acc: 71.76, Val Balanced Acc: 0.52
[2019-07-13 20:56:40] Epoch 130, LR: 0.010000, Train Loss: 0.746234, Val Loss: 0.844712, Train Acc: 72.41, Val Acc: 70.24, Val Balanced Acc: 0.45
[2019-07-13 21:07:34] Epoch 131, LR: 0.010000, Train Loss: 0.739647, Val Loss: 0.784049, Train Acc: 72.86, Val Acc: 72.08, Val Balanced Acc: 0.56
[2019-07-13 21:18:26] Epoch 132, LR: 0.010000, Train Loss: 0.736482, Val Loss: 0.871356, Train Acc: 73.22, Val Acc: 68.08, Val Balanced Acc: 0.45
[2019-07-13 21:29:19] Epoch 133, LR: 0.010000, Train Loss: 0.737483, Val Loss: 0.902594, Train Acc: 72.84, Val Acc: 67.58, Val Balanced Acc: 0.50
[2019-07-13 21:40:12] Epoch 134, LR: 0.010000, Train Loss: 0.739962, Val Loss: 0.989159, Train Acc: 72.72, Val Acc: 65.21, Val Balanced Acc: 0.57
[2019-07-13 21:51:05] Epoch 135, LR: 0.010000, Train Loss: 0.735970, Val Loss: 0.908657, Train Acc: 73.06, Val Acc: 67.89, Val Balanced Acc: 0.45
[2019-07-13 22:01:58] Epoch 136, LR: 0.010000, Train Loss: 0.734479, Val Loss: 0.993803, Train Acc: 73.05, Val Acc: 67.11, Val Balanced Acc: 0.34
[2019-07-13 22:12:50] Epoch 137, LR: 0.010000, Train Loss: 0.736468, Val Loss: 0.847646, Train Acc: 73.19, Val Acc: 70.58, Val Balanced Acc: 0.58
[2019-07-13 22:23:44] Epoch 138, LR: 0.010000, Train Loss: 0.736984, Val Loss: 0.795087, Train Acc: 72.88, Val Acc: 70.39, Val Balanced Acc: 0.49
[2019-07-13 22:34:37] Epoch 139, LR: 0.010000, Train Loss: 0.729342, Val Loss: 0.804474, Train Acc: 73.05, Val Acc: 70.97, Val Balanced Acc: 0.47
[2019-07-13 22:45:29] Epoch 140, LR: 0.010000, Train Loss: 0.740327, Val Loss: 1.135156, Train Acc: 72.93, Val Acc: 61.21, Val Balanced Acc: 0.36
[2019-07-13 22:56:23] Epoch 141, LR: 0.010000, Train Loss: 0.725660, Val Loss: 0.933459, Train Acc: 73.42, Val Acc: 68.61, Val Balanced Acc: 0.45
[2019-07-13 23:07:16] Epoch 142, LR: 0.010000, Train Loss: 0.733304, Val Loss: 0.972037, Train Acc: 73.13, Val Acc: 66.97, Val Balanced Acc: 0.41
[2019-07-13 23:18:09] Epoch 143, LR: 0.010000, Train Loss: 0.735561, Val Loss: 0.948582, Train Acc: 72.97, Val Acc: 65.82, Val Balanced Acc: 0.51
[2019-07-13 23:29:03] Epoch 144, LR: 0.010000, Train Loss: 0.732296, Val Loss: 0.773327, Train Acc: 73.16, Val Acc: 71.89, Val Balanced Acc: 0.54
[2019-07-13 23:39:57] Epoch 145, LR: 0.010000, Train Loss: 0.737021, Val Loss: 0.775789, Train Acc: 72.62, Val Acc: 72.61, Val Balanced Acc: 0.55
[2019-07-13 23:50:50] Epoch 146, LR: 0.010000, Train Loss: 0.727384, Val Loss: 0.901093, Train Acc: 72.98, Val Acc: 69.00, Val Balanced Acc: 0.52
[2019-07-14 00:01:42] Epoch 147, LR: 0.010000, Train Loss: 0.733084, Val Loss: 0.823247, Train Acc: 73.05, Val Acc: 69.32, Val Balanced Acc: 0.56
[2019-07-14 00:12:36] Epoch 148, LR: 0.010000, Train Loss: 0.721787, Val Loss: 0.887604, Train Acc: 73.20, Val Acc: 67.84, Val Balanced Acc: 0.42
[2019-07-14 00:23:29] Epoch 149, LR: 0.010000, Train Loss: 0.725999, Val Loss: 1.003578, Train Acc: 73.39, Val Acc: 65.26, Val Balanced Acc: 0.42
[2019-07-14 00:34:21] Epoch 150, LR: 0.010000, Train Loss: 0.729087, Val Loss: 0.809656, Train Acc: 73.07, Val Acc: 71.18, Val Balanced Acc: 0.58
[2019-07-14 00:45:15] Epoch 151, LR: 0.010000, Train Loss: 0.734071, Val Loss: 0.766372, Train Acc: 73.17, Val Acc: 72.05, Val Balanced Acc: 0.51
[2019-07-14 00:56:07] Epoch 152, LR: 0.001000, Train Loss: 0.639678, Val Loss: 0.639140, Train Acc: 76.50, Val Acc: 76.66, Val Balanced Acc: 0.64
[2019-07-14 01:07:00] Epoch 153, LR: 0.001000, Train Loss: 0.605579, Val Loss: 0.623966, Train Acc: 77.99, Val Acc: 77.58, Val Balanced Acc: 0.64
[2019-07-14 01:17:55] Epoch 154, LR: 0.001000, Train Loss: 0.591030, Val Loss: 0.612784, Train Acc: 78.06, Val Acc: 78.05, Val Balanced Acc: 0.66
[2019-07-14 01:28:51] Epoch 155, LR: 0.001000, Train Loss: 0.589683, Val Loss: 0.631362, Train Acc: 78.41, Val Acc: 77.21, Val Balanced Acc: 0.65
[2019-07-14 01:39:45] Epoch 156, LR: 0.001000, Train Loss: 0.583312, Val Loss: 0.608795, Train Acc: 78.90, Val Acc: 78.84, Val Balanced Acc: 0.67
[2019-07-14 01:50:40] Epoch 157, LR: 0.001000, Train Loss: 0.572821, Val Loss: 0.627619, Train Acc: 78.94, Val Acc: 78.21, Val Balanced Acc: 0.67
[2019-07-14 02:01:34] Epoch 158, LR: 0.001000, Train Loss: 0.566150, Val Loss: 0.612596, Train Acc: 78.86, Val Acc: 78.21, Val Balanced Acc: 0.66
[2019-07-14 02:12:29] Epoch 159, LR: 0.001000, Train Loss: 0.561817, Val Loss: 0.607630, Train Acc: 79.33, Val Acc: 78.05, Val Balanced Acc: 0.68
[2019-07-14 02:23:24] Epoch 160, LR: 0.001000, Train Loss: 0.560616, Val Loss: 0.614877, Train Acc: 79.50, Val Acc: 77.95, Val Balanced Acc: 0.69
[2019-07-14 02:34:18] Epoch 161, LR: 0.001000, Train Loss: 0.556715, Val Loss: 0.602849, Train Acc: 79.36, Val Acc: 78.37, Val Balanced Acc: 0.67
[2019-07-14 02:45:11] Epoch 162, LR: 0.001000, Train Loss: 0.550903, Val Loss: 0.612717, Train Acc: 79.76, Val Acc: 78.11, Val Balanced Acc: 0.67
[2019-07-14 02:56:04] Epoch 163, LR: 0.001000, Train Loss: 0.550155, Val Loss: 0.604479, Train Acc: 79.57, Val Acc: 78.55, Val Balanced Acc: 0.67
[2019-07-14 03:06:56] Epoch 164, LR: 0.001000, Train Loss: 0.551466, Val Loss: 0.621086, Train Acc: 79.92, Val Acc: 77.47, Val Balanced Acc: 0.66
[2019-07-14 03:17:50] Epoch 165, LR: 0.001000, Train Loss: 0.544037, Val Loss: 0.623227, Train Acc: 80.05, Val Acc: 77.89, Val Balanced Acc: 0.67
[2019-07-14 03:28:43] Epoch 166, LR: 0.001000, Train Loss: 0.547590, Val Loss: 0.607488, Train Acc: 79.91, Val Acc: 78.00, Val Balanced Acc: 0.66
[2019-07-14 03:39:35] Epoch 167, LR: 0.001000, Train Loss: 0.536634, Val Loss: 0.595845, Train Acc: 80.32, Val Acc: 78.79, Val Balanced Acc: 0.68
[2019-07-14 03:50:27] Epoch 168, LR: 0.001000, Train Loss: 0.537738, Val Loss: 0.637942, Train Acc: 80.18, Val Acc: 77.42, Val Balanced Acc: 0.68
[2019-07-14 04:01:21] Epoch 169, LR: 0.001000, Train Loss: 0.532427, Val Loss: 0.618476, Train Acc: 80.38, Val Acc: 78.42, Val Balanced Acc: 0.67
[2019-07-14 04:12:18] Epoch 170, LR: 0.001000, Train Loss: 0.536123, Val Loss: 0.609445, Train Acc: 80.37, Val Acc: 78.53, Val Balanced Acc: 0.70
[2019-07-14 04:23:12] Epoch 171, LR: 0.001000, Train Loss: 0.531420, Val Loss: 0.613989, Train Acc: 80.34, Val Acc: 77.68, Val Balanced Acc: 0.67
[2019-07-14 04:34:05] Epoch 172, LR: 0.001000, Train Loss: 0.532272, Val Loss: 0.611551, Train Acc: 80.47, Val Acc: 77.89, Val Balanced Acc: 0.69
[2019-07-14 04:44:59] Epoch 173, LR: 0.001000, Train Loss: 0.523108, Val Loss: 0.611882, Train Acc: 81.08, Val Acc: 78.39, Val Balanced Acc: 0.68
[2019-07-14 04:55:51] Epoch 174, LR: 0.001000, Train Loss: 0.524778, Val Loss: 0.609295, Train Acc: 80.72, Val Acc: 77.74, Val Balanced Acc: 0.68
[2019-07-14 05:06:46] Epoch 175, LR: 0.001000, Train Loss: 0.522748, Val Loss: 0.632940, Train Acc: 80.70, Val Acc: 77.42, Val Balanced Acc: 0.66
[2019-07-14 05:17:40] Epoch 176, LR: 0.001000, Train Loss: 0.524042, Val Loss: 0.629768, Train Acc: 80.90, Val Acc: 78.39, Val Balanced Acc: 0.68
[2019-07-14 05:28:32] Epoch 177, LR: 0.001000, Train Loss: 0.525851, Val Loss: 0.609507, Train Acc: 80.61, Val Acc: 78.08, Val Balanced Acc: 0.69
[2019-07-14 05:39:24] Epoch 178, LR: 0.001000, Train Loss: 0.523143, Val Loss: 0.627746, Train Acc: 80.81, Val Acc: 78.47, Val Balanced Acc: 0.69
[2019-07-14 05:50:18] Epoch 179, LR: 0.001000, Train Loss: 0.519161, Val Loss: 0.613478, Train Acc: 80.76, Val Acc: 79.05, Val Balanced Acc: 0.68
[2019-07-14 06:01:11] Epoch 180, LR: 0.001000, Train Loss: 0.518611, Val Loss: 0.622132, Train Acc: 80.93, Val Acc: 77.71, Val Balanced Acc: 0.68
[2019-07-14 06:12:04] Epoch 181, LR: 0.001000, Train Loss: 0.516590, Val Loss: 0.599821, Train Acc: 80.92, Val Acc: 78.74, Val Balanced Acc: 0.69
[2019-07-14 06:23:00] Epoch 182, LR: 0.001000, Train Loss: 0.514420, Val Loss: 0.603996, Train Acc: 80.86, Val Acc: 78.63, Val Balanced Acc: 0.69
[2019-07-14 06:33:52] Epoch 183, LR: 0.001000, Train Loss: 0.518976, Val Loss: 0.599638, Train Acc: 81.06, Val Acc: 78.76, Val Balanced Acc: 0.68
[2019-07-14 06:44:46] Epoch 184, LR: 0.001000, Train Loss: 0.508589, Val Loss: 0.610801, Train Acc: 81.39, Val Acc: 78.29, Val Balanced Acc: 0.66
[2019-07-14 06:55:39] Epoch 185, LR: 0.001000, Train Loss: 0.516652, Val Loss: 0.624279, Train Acc: 80.87, Val Acc: 78.58, Val Balanced Acc: 0.67
[2019-07-14 07:06:34] Epoch 186, LR: 0.001000, Train Loss: 0.515832, Val Loss: 0.608639, Train Acc: 81.08, Val Acc: 78.50, Val Balanced Acc: 0.68
[2019-07-14 07:17:27] Epoch 187, LR: 0.001000, Train Loss: 0.509122, Val Loss: 0.653699, Train Acc: 81.56, Val Acc: 76.92, Val Balanced Acc: 0.70
[2019-07-14 07:28:19] Epoch 188, LR: 0.001000, Train Loss: 0.511837, Val Loss: 0.610700, Train Acc: 81.16, Val Acc: 78.55, Val Balanced Acc: 0.68
[2019-07-14 07:39:12] Epoch 189, LR: 0.001000, Train Loss: 0.504608, Val Loss: 0.609249, Train Acc: 81.55, Val Acc: 78.24, Val Balanced Acc: 0.71
[2019-07-14 07:50:06] Epoch 190, LR: 0.001000, Train Loss: 0.507083, Val Loss: 0.614852, Train Acc: 81.32, Val Acc: 77.95, Val Balanced Acc: 0.68
[2019-07-14 08:01:00] Epoch 191, LR: 0.001000, Train Loss: 0.504485, Val Loss: 0.636095, Train Acc: 81.39, Val Acc: 77.71, Val Balanced Acc: 0.71
[2019-07-14 08:11:52] Epoch 192, LR: 0.001000, Train Loss: 0.505013, Val Loss: 0.632024, Train Acc: 81.21, Val Acc: 77.50, Val Balanced Acc: 0.69
[2019-07-14 08:22:44] Epoch 193, LR: 0.001000, Train Loss: 0.505761, Val Loss: 0.608863, Train Acc: 81.27, Val Acc: 78.82, Val Balanced Acc: 0.70
[2019-07-14 08:33:38] Epoch 194, LR: 0.001000, Train Loss: 0.499982, Val Loss: 0.616310, Train Acc: 81.65, Val Acc: 77.97, Val Balanced Acc: 0.67
[2019-07-14 08:44:34] Epoch 195, LR: 0.001000, Train Loss: 0.503898, Val Loss: 0.601381, Train Acc: 81.53, Val Acc: 78.55, Val Balanced Acc: 0.63
[2019-07-14 08:55:29] Epoch 196, LR: 0.001000, Train Loss: 0.502600, Val Loss: 0.594618, Train Acc: 81.52, Val Acc: 78.95, Val Balanced Acc: 0.69
[2019-07-14 09:06:20] Epoch 197, LR: 0.001000, Train Loss: 0.499524, Val Loss: 0.616478, Train Acc: 81.60, Val Acc: 78.63, Val Balanced Acc: 0.67
[2019-07-14 09:17:15] Epoch 198, LR: 0.001000, Train Loss: 0.488970, Val Loss: 0.630831, Train Acc: 81.85, Val Acc: 77.24, Val Balanced Acc: 0.67
[2019-07-14 09:28:08] Epoch 199, LR: 0.001000, Train Loss: 0.493970, Val Loss: 0.604260, Train Acc: 81.90, Val Acc: 79.05, Val Balanced Acc: 0.69
[2019-07-14 09:39:01] Epoch 200, LR: 0.001000, Train Loss: 0.499166, Val Loss: 0.610561, Train Acc: 81.66, Val Acc: 78.34, Val Balanced Acc: 0.67
[2019-07-14 09:49:53] Epoch 201, LR: 0.001000, Train Loss: 0.492035, Val Loss: 0.608537, Train Acc: 81.98, Val Acc: 78.39, Val Balanced Acc: 0.67
[2019-07-14 10:00:46] Epoch 202, LR: 0.001000, Train Loss: 0.497434, Val Loss: 0.610582, Train Acc: 81.56, Val Acc: 77.97, Val Balanced Acc: 0.68
[2019-07-14 10:11:41] Epoch 203, LR: 0.001000, Train Loss: 0.491358, Val Loss: 0.647962, Train Acc: 81.97, Val Acc: 77.97, Val Balanced Acc: 0.70
[2019-07-14 10:22:35] Epoch 204, LR: 0.001000, Train Loss: 0.495432, Val Loss: 0.609245, Train Acc: 82.08, Val Acc: 78.24, Val Balanced Acc: 0.68
[2019-07-14 10:33:31] Epoch 205, LR: 0.001000, Train Loss: 0.496884, Val Loss: 0.635986, Train Acc: 81.70, Val Acc: 77.00, Val Balanced Acc: 0.66
[2019-07-14 10:44:26] Epoch 206, LR: 0.001000, Train Loss: 0.483045, Val Loss: 0.613216, Train Acc: 81.82, Val Acc: 77.89, Val Balanced Acc: 0.66
[2019-07-14 10:55:19] Epoch 207, LR: 0.001000, Train Loss: 0.489898, Val Loss: 0.603463, Train Acc: 81.89, Val Acc: 78.63, Val Balanced Acc: 0.67
[2019-07-14 11:06:11] Epoch 208, LR: 0.001000, Train Loss: 0.492445, Val Loss: 0.634458, Train Acc: 81.78, Val Acc: 77.32, Val Balanced Acc: 0.66
[2019-07-14 11:17:06] Epoch 209, LR: 0.001000, Train Loss: 0.491534, Val Loss: 0.620884, Train Acc: 81.86, Val Acc: 78.18, Val Balanced Acc: 0.67
[2019-07-14 11:27:59] Epoch 210, LR: 0.001000, Train Loss: 0.486260, Val Loss: 0.618304, Train Acc: 82.05, Val Acc: 78.16, Val Balanced Acc: 0.69
[2019-07-14 11:38:55] Epoch 211, LR: 0.001000, Train Loss: 0.481712, Val Loss: 0.623847, Train Acc: 82.22, Val Acc: 77.63, Val Balanced Acc: 0.66
[2019-07-14 11:49:48] Epoch 212, LR: 0.001000, Train Loss: 0.482689, Val Loss: 0.626363, Train Acc: 82.22, Val Acc: 78.00, Val Balanced Acc: 0.67
[2019-07-14 12:00:43] Epoch 213, LR: 0.001000, Train Loss: 0.481989, Val Loss: 0.654610, Train Acc: 82.21, Val Acc: 77.03, Val Balanced Acc: 0.66
[2019-07-14 12:11:38] Epoch 214, LR: 0.001000, Train Loss: 0.477326, Val Loss: 0.615105, Train Acc: 82.40, Val Acc: 78.21, Val Balanced Acc: 0.66
[2019-07-14 12:22:33] Epoch 215, LR: 0.001000, Train Loss: 0.478630, Val Loss: 0.623932, Train Acc: 82.20, Val Acc: 78.16, Val Balanced Acc: 0.67
[2019-07-14 12:33:26] Epoch 216, LR: 0.001000, Train Loss: 0.482422, Val Loss: 0.613382, Train Acc: 82.21, Val Acc: 78.58, Val Balanced Acc: 0.66
[2019-07-14 12:44:18] Epoch 217, LR: 0.001000, Train Loss: 0.480579, Val Loss: 0.591348, Train Acc: 82.32, Val Acc: 79.05, Val Balanced Acc: 0.67
[2019-07-14 12:55:13] Epoch 218, LR: 0.001000, Train Loss: 0.480158, Val Loss: 0.651372, Train Acc: 82.38, Val Acc: 77.32, Val Balanced Acc: 0.67
[2019-07-14 13:06:05] Epoch 219, LR: 0.001000, Train Loss: 0.472920, Val Loss: 0.638444, Train Acc: 82.73, Val Acc: 77.95, Val Balanced Acc: 0.65
[2019-07-14 13:16:57] Epoch 220, LR: 0.001000, Train Loss: 0.482592, Val Loss: 0.626088, Train Acc: 82.12, Val Acc: 77.95, Val Balanced Acc: 0.65
[2019-07-14 13:27:51] Epoch 221, LR: 0.001000, Train Loss: 0.474829, Val Loss: 0.609616, Train Acc: 82.58, Val Acc: 78.13, Val Balanced Acc: 0.67
[2019-07-14 13:38:45] Epoch 222, LR: 0.000100, Train Loss: 0.437606, Val Loss: 0.575466, Train Acc: 83.96, Val Acc: 79.18, Val Balanced Acc: 0.71
[2019-07-14 13:49:39] Epoch 223, LR: 0.000100, Train Loss: 0.419261, Val Loss: 0.572161, Train Acc: 84.44, Val Acc: 79.47, Val Balanced Acc: 0.69
[2019-07-14 14:00:33] Epoch 224, LR: 0.000100, Train Loss: 0.415134, Val Loss: 0.574722, Train Acc: 84.78, Val Acc: 79.29, Val Balanced Acc: 0.70
[2019-07-14 14:11:28] Epoch 225, LR: 0.000100, Train Loss: 0.411478, Val Loss: 0.575532, Train Acc: 85.27, Val Acc: 79.74, Val Balanced Acc: 0.71
[2019-07-14 14:22:23] Epoch 226, LR: 0.000100, Train Loss: 0.411160, Val Loss: 0.575947, Train Acc: 84.99, Val Acc: 79.87, Val Balanced Acc: 0.71
[2019-07-14 14:33:18] Epoch 227, LR: 0.000100, Train Loss: 0.400939, Val Loss: 0.572711, Train Acc: 85.28, Val Acc: 79.55, Val Balanced Acc: 0.69
[2019-07-14 14:44:12] Epoch 228, LR: 0.000100, Train Loss: 0.401226, Val Loss: 0.563398, Train Acc: 85.45, Val Acc: 79.87, Val Balanced Acc: 0.70
[2019-07-14 14:55:06] Epoch 229, LR: 0.000100, Train Loss: 0.400053, Val Loss: 0.586155, Train Acc: 85.34, Val Acc: 79.53, Val Balanced Acc: 0.71
[2019-07-14 15:05:58] Epoch 230, LR: 0.000100, Train Loss: 0.400286, Val Loss: 0.579626, Train Acc: 85.54, Val Acc: 79.66, Val Balanced Acc: 0.71
[2019-07-14 15:16:53] Epoch 231, LR: 0.000100, Train Loss: 0.395593, Val Loss: 0.576641, Train Acc: 85.47, Val Acc: 79.97, Val Balanced Acc: 0.71
[2019-07-14 15:27:47] Epoch 232, LR: 0.000100, Train Loss: 0.399462, Val Loss: 0.583118, Train Acc: 85.23, Val Acc: 79.42, Val Balanced Acc: 0.70
[2019-07-14 15:38:41] Epoch 233, LR: 0.000100, Train Loss: 0.399708, Val Loss: 0.558967, Train Acc: 85.71, Val Acc: 79.71, Val Balanced Acc: 0.69
[2019-07-14 15:49:34] Epoch 234, LR: 0.000100, Train Loss: 0.392495, Val Loss: 0.562269, Train Acc: 85.69, Val Acc: 79.84, Val Balanced Acc: 0.69
[2019-07-14 16:00:28] Epoch 235, LR: 0.000100, Train Loss: 0.395148, Val Loss: 0.575627, Train Acc: 85.85, Val Acc: 79.66, Val Balanced Acc: 0.70
[2019-07-14 16:11:22] Epoch 236, LR: 0.000100, Train Loss: 0.391469, Val Loss: 0.565996, Train Acc: 85.74, Val Acc: 79.97, Val Balanced Acc: 0.70
[2019-07-14 16:22:15] Epoch 237, LR: 0.000100, Train Loss: 0.393146, Val Loss: 0.572973, Train Acc: 85.73, Val Acc: 79.97, Val Balanced Acc: 0.70
[2019-07-14 16:33:10] Epoch 238, LR: 0.000100, Train Loss: 0.389370, Val Loss: 0.581917, Train Acc: 85.63, Val Acc: 79.42, Val Balanced Acc: 0.71
[2019-07-14 16:44:03] Epoch 239, LR: 0.000100, Train Loss: 0.389155, Val Loss: 0.573452, Train Acc: 86.03, Val Acc: 79.71, Val Balanced Acc: 0.71
[2019-07-14 16:54:58] Epoch 240, LR: 0.000100, Train Loss: 0.387201, Val Loss: 0.602205, Train Acc: 85.98, Val Acc: 79.13, Val Balanced Acc: 0.73
[2019-07-14 17:05:50] Epoch 241, LR: 0.000100, Train Loss: 0.387896, Val Loss: 0.584566, Train Acc: 86.05, Val Acc: 79.66, Val Balanced Acc: 0.71
[2019-07-14 17:16:43] Epoch 242, LR: 0.000100, Train Loss: 0.385882, Val Loss: 0.585358, Train Acc: 85.84, Val Acc: 79.97, Val Balanced Acc: 0.71
[2019-07-14 17:27:37] Epoch 243, LR: 0.000100, Train Loss: 0.393434, Val Loss: 0.586399, Train Acc: 85.43, Val Acc: 79.82, Val Balanced Acc: 0.71
[2019-07-14 17:38:31] Epoch 244, LR: 0.000100, Train Loss: 0.382157, Val Loss: 0.569969, Train Acc: 85.89, Val Acc: 80.29, Val Balanced Acc: 0.71
[2019-07-14 17:49:23] Epoch 245, LR: 0.000100, Train Loss: 0.387005, Val Loss: 0.588004, Train Acc: 86.21, Val Acc: 79.61, Val Balanced Acc: 0.72
[2019-07-14 18:00:16] Epoch 246, LR: 0.000100, Train Loss: 0.386746, Val Loss: 0.574213, Train Acc: 85.89, Val Acc: 79.92, Val Balanced Acc: 0.72
[2019-07-14 18:11:10] Epoch 247, LR: 0.000100, Train Loss: 0.378918, Val Loss: 0.569334, Train Acc: 86.09, Val Acc: 79.66, Val Balanced Acc: 0.71
[2019-07-14 18:22:04] Epoch 248, LR: 0.000100, Train Loss: 0.377427, Val Loss: 0.573880, Train Acc: 86.38, Val Acc: 80.13, Val Balanced Acc: 0.72
[2019-07-14 18:32:59] Epoch 249, LR: 0.000100, Train Loss: 0.379825, Val Loss: 0.582140, Train Acc: 86.10, Val Acc: 79.76, Val Balanced Acc: 0.71
[2019-07-14 18:43:54] Epoch 250, LR: 0.000100, Train Loss: 0.382407, Val Loss: 0.567365, Train Acc: 85.86, Val Acc: 80.05, Val Balanced Acc: 0.70
[2019-07-14 18:54:48] Epoch 251, LR: 0.000100, Train Loss: 0.374492, Val Loss: 0.578263, Train Acc: 86.40, Val Acc: 79.66, Val Balanced Acc: 0.72
[2019-07-14 19:05:40] Epoch 252, LR: 0.000100, Train Loss: 0.378400, Val Loss: 0.571516, Train Acc: 86.33, Val Acc: 79.92, Val Balanced Acc: 0.71
[2019-07-14 19:16:34] Epoch 253, LR: 0.000100, Train Loss: 0.383696, Val Loss: 0.584630, Train Acc: 86.00, Val Acc: 79.63, Val Balanced Acc: 0.72
[2019-07-14 19:27:27] Epoch 254, LR: 0.000100, Train Loss: 0.379716, Val Loss: 0.575719, Train Acc: 86.23, Val Acc: 79.68, Val Balanced Acc: 0.71
[2019-07-14 19:38:19] Epoch 255, LR: 0.000100, Train Loss: 0.379507, Val Loss: 0.571666, Train Acc: 85.97, Val Acc: 80.08, Val Balanced Acc: 0.72
[2019-07-14 19:49:13] Epoch 256, LR: 0.000100, Train Loss: 0.378189, Val Loss: 0.571579, Train Acc: 85.98, Val Acc: 80.18, Val Balanced Acc: 0.72
[2019-07-14 20:00:05] Epoch 257, LR: 0.000100, Train Loss: 0.375910, Val Loss: 0.572983, Train Acc: 86.29, Val Acc: 79.82, Val Balanced Acc: 0.70
[2019-07-14 20:10:57] Epoch 258, LR: 0.000100, Train Loss: 0.381617, Val Loss: 0.564525, Train Acc: 86.10, Val Acc: 80.21, Val Balanced Acc: 0.71
[2019-07-14 20:21:49] Epoch 259, LR: 0.000100, Train Loss: 0.372936, Val Loss: 0.569262, Train Acc: 86.32, Val Acc: 79.97, Val Balanced Acc: 0.71
[2019-07-14 20:32:43] Epoch 260, LR: 0.000100, Train Loss: 0.374810, Val Loss: 0.570464, Train Acc: 86.39, Val Acc: 80.11, Val Balanced Acc: 0.71
[2019-07-14 20:43:37] Epoch 261, LR: 0.000100, Train Loss: 0.376188, Val Loss: 0.575355, Train Acc: 86.48, Val Acc: 80.05, Val Balanced Acc: 0.71
[2019-07-14 20:54:31] Epoch 262, LR: 0.000100, Train Loss: 0.374032, Val Loss: 0.582700, Train Acc: 86.25, Val Acc: 79.39, Val Balanced Acc: 0.71
[2019-07-14 21:05:25] Epoch 263, LR: 0.000100, Train Loss: 0.372008, Val Loss: 0.574633, Train Acc: 86.57, Val Acc: 79.84, Val Balanced Acc: 0.71
[2019-07-14 21:16:19] Epoch 264, LR: 0.000100, Train Loss: 0.373226, Val Loss: 0.577982, Train Acc: 86.57, Val Acc: 80.03, Val Balanced Acc: 0.71
[2019-07-14 21:27:11] Epoch 265, LR: 0.000100, Train Loss: 0.371226, Val Loss: 0.576847, Train Acc: 86.59, Val Acc: 80.13, Val Balanced Acc: 0.71
[2019-07-14 21:38:03] Epoch 266, LR: 0.000100, Train Loss: 0.374074, Val Loss: 0.571752, Train Acc: 86.48, Val Acc: 79.92, Val Balanced Acc: 0.70
[2019-07-14 21:48:57] Epoch 267, LR: 0.000100, Train Loss: 0.372188, Val Loss: 0.585201, Train Acc: 86.32, Val Acc: 79.95, Val Balanced Acc: 0.71
[2019-07-14 21:59:50] Epoch 268, LR: 0.000100, Train Loss: 0.371427, Val Loss: 0.569829, Train Acc: 86.54, Val Acc: 79.84, Val Balanced Acc: 0.70
[2019-07-14 22:10:44] Epoch 269, LR: 0.000100, Train Loss: 0.371038, Val Loss: 0.572314, Train Acc: 86.52, Val Acc: 80.05, Val Balanced Acc: 0.70
[2019-07-14 22:21:39] Epoch 270, LR: 0.000100, Train Loss: 0.368107, Val Loss: 0.588647, Train Acc: 86.56, Val Acc: 79.47, Val Balanced Acc: 0.70
[2019-07-14 22:32:34] Epoch 271, LR: 0.000100, Train Loss: 0.364493, Val Loss: 0.572371, Train Acc: 86.90, Val Acc: 79.79, Val Balanced Acc: 0.70
[2019-07-14 22:43:25] Epoch 272, LR: 0.000010, Train Loss: 0.361387, Val Loss: 0.577685, Train Acc: 86.88, Val Acc: 79.95, Val Balanced Acc: 0.72
[2019-07-14 22:54:19] Epoch 273, LR: 0.000010, Train Loss: 0.357326, Val Loss: 0.574817, Train Acc: 87.05, Val Acc: 80.05, Val Balanced Acc: 0.72
[2019-07-14 23:05:12] Epoch 274, LR: 0.000010, Train Loss: 0.357224, Val Loss: 0.577459, Train Acc: 86.92, Val Acc: 79.89, Val Balanced Acc: 0.71
[2019-07-14 23:16:09] Epoch 275, LR: 0.000010, Train Loss: 0.363573, Val Loss: 0.568210, Train Acc: 86.87, Val Acc: 79.97, Val Balanced Acc: 0.70
[2019-07-14 23:27:00] Epoch 276, LR: 0.000010, Train Loss: 0.360279, Val Loss: 0.580915, Train Acc: 86.92, Val Acc: 79.71, Val Balanced Acc: 0.71
[2019-07-14 23:37:55] Epoch 277, LR: 0.000010, Train Loss: 0.359440, Val Loss: 0.571769, Train Acc: 86.84, Val Acc: 79.89, Val Balanced Acc: 0.72
[2019-07-14 23:48:48] Epoch 278, LR: 0.000010, Train Loss: 0.359483, Val Loss: 0.579865, Train Acc: 87.11, Val Acc: 80.18, Val Balanced Acc: 0.71
[2019-07-14 23:59:41] Epoch 279, LR: 0.000010, Train Loss: 0.364401, Val Loss: 0.582696, Train Acc: 86.76, Val Acc: 79.74, Val Balanced Acc: 0.72
[2019-07-15 00:10:33] Epoch 280, LR: 0.000010, Train Loss: 0.358208, Val Loss: 0.578137, Train Acc: 86.90, Val Acc: 79.95, Val Balanced Acc: 0.71
[2019-07-15 00:21:26] Epoch 281, LR: 0.000010, Train Loss: 0.354187, Val Loss: 0.587866, Train Acc: 87.22, Val Acc: 79.74, Val Balanced Acc: 0.72
[2019-07-15 00:32:20] Epoch 282, LR: 0.000010, Train Loss: 0.355671, Val Loss: 0.569716, Train Acc: 87.19, Val Acc: 80.05, Val Balanced Acc: 0.71
[2019-07-15 00:43:14] Epoch 283, LR: 0.000010, Train Loss: 0.358420, Val Loss: 0.580588, Train Acc: 86.98, Val Acc: 79.95, Val Balanced Acc: 0.72
[2019-07-15 00:54:06] Epoch 284, LR: 0.000010, Train Loss: 0.357742, Val Loss: 0.575543, Train Acc: 87.33, Val Acc: 80.05, Val Balanced Acc: 0.71
[2019-07-15 01:05:01] Epoch 285, LR: 0.000010, Train Loss: 0.350663, Val Loss: 0.570636, Train Acc: 87.36, Val Acc: 80.13, Val Balanced Acc: 0.71
[2019-07-15 01:15:53] Epoch 286, LR: 0.000010, Train Loss: 0.359466, Val Loss: 0.581979, Train Acc: 86.72, Val Acc: 79.84, Val Balanced Acc: 0.72
[2019-07-15 01:26:46] Epoch 287, LR: 0.000010, Train Loss: 0.357130, Val Loss: 0.570888, Train Acc: 87.14, Val Acc: 80.21, Val Balanced Acc: 0.71
[2019-07-15 01:37:38] Epoch 288, LR: 0.000010, Train Loss: 0.358781, Val Loss: 0.569923, Train Acc: 86.84, Val Acc: 80.50, Val Balanced Acc: 0.72
[2019-07-15 01:48:32] Epoch 289, LR: 0.000010, Train Loss: 0.358994, Val Loss: 0.580779, Train Acc: 86.87, Val Acc: 80.16, Val Balanced Acc: 0.71
[2019-07-15 01:59:27] Epoch 290, LR: 0.000010, Train Loss: 0.353828, Val Loss: 0.575850, Train Acc: 87.02, Val Acc: 80.24, Val Balanced Acc: 0.72
[2019-07-15 02:10:21] Epoch 291, LR: 0.000010, Train Loss: 0.353312, Val Loss: 0.566883, Train Acc: 87.24, Val Acc: 80.50, Val Balanced Acc: 0.71
[2019-07-15 02:21:13] Epoch 292, LR: 0.000010, Train Loss: 0.357150, Val Loss: 0.590823, Train Acc: 86.94, Val Acc: 79.45, Val Balanced Acc: 0.71
[2019-07-15 02:32:06] Epoch 293, LR: 0.000010, Train Loss: 0.353911, Val Loss: 0.581729, Train Acc: 87.02, Val Acc: 79.50, Val Balanced Acc: 0.70
[2019-07-15 02:42:59] Epoch 294, LR: 0.000010, Train Loss: 0.359719, Val Loss: 0.579743, Train Acc: 87.13, Val Acc: 79.89, Val Balanced Acc: 0.71
[2019-07-15 02:53:54] Epoch 295, LR: 0.000010, Train Loss: 0.358243, Val Loss: 0.577237, Train Acc: 87.07, Val Acc: 80.05, Val Balanced Acc: 0.72
[2019-07-15 03:04:48] Epoch 296, LR: 0.000010, Train Loss: 0.352490, Val Loss: 0.578903, Train Acc: 87.07, Val Acc: 79.82, Val Balanced Acc: 0.70
[2019-07-15 03:15:40] Epoch 297, LR: 0.000010, Train Loss: 0.358092, Val Loss: 0.578774, Train Acc: 86.95, Val Acc: 80.16, Val Balanced Acc: 0.71
[2019-07-15 03:26:34] Epoch 298, LR: 0.000010, Train Loss: 0.360507, Val Loss: 0.572050, Train Acc: 86.97, Val Acc: 80.42, Val Balanced Acc: 0.71
[2019-07-15 03:37:28] Epoch 299, LR: 0.000010, Train Loss: 0.354804, Val Loss: 0.585224, Train Acc: 86.95, Val Acc: 80.37, Val Balanced Acc: 0.72
[2019-07-15 03:48:21] Epoch 300, LR: 0.000010, Train Loss: 0.360190, Val Loss: 0.572278, Train Acc: 87.20, Val Acc: 80.00, Val Balanced Acc: 0.72
[2019-07-15 03:59:17] Epoch 301, LR: 0.000010, Train Loss: 0.362753, Val Loss: 0.571162, Train Acc: 86.87, Val Acc: 79.95, Val Balanced Acc: 0.71
[2019-07-15 04:10:11] Epoch 302, LR: 0.000010, Train Loss: 0.351189, Val Loss: 0.583128, Train Acc: 87.43, Val Acc: 79.89, Val Balanced Acc: 0.71
[2019-07-15 04:21:05] Epoch 303, LR: 0.000010, Train Loss: 0.355481, Val Loss: 0.577424, Train Acc: 87.12, Val Acc: 79.97, Val Balanced Acc: 0.71
[2019-07-15 04:31:59] Epoch 304, LR: 0.000010, Train Loss: 0.354804, Val Loss: 0.577771, Train Acc: 86.95, Val Acc: 80.21, Val Balanced Acc: 0.72
[2019-07-15 04:42:53] Epoch 305, LR: 0.000010, Train Loss: 0.355790, Val Loss: 0.581316, Train Acc: 87.25, Val Acc: 79.95, Val Balanced Acc: 0.72
[2019-07-15 04:53:46] Epoch 306, LR: 0.000010, Train Loss: 0.357209, Val Loss: 0.580662, Train Acc: 87.08, Val Acc: 80.11, Val Balanced Acc: 0.72
[2019-07-15 05:04:39] Epoch 307, LR: 0.000010, Train Loss: 0.356707, Val Loss: 0.582840, Train Acc: 87.07, Val Acc: 79.95, Val Balanced Acc: 0.72
[2019-07-15 05:15:31] Epoch 308, LR: 0.000010, Train Loss: 0.355763, Val Loss: 0.582830, Train Acc: 87.04, Val Acc: 79.76, Val Balanced Acc: 0.72
[2019-07-15 05:26:26] Epoch 309, LR: 0.000010, Train Loss: 0.356606, Val Loss: 0.571305, Train Acc: 87.13, Val Acc: 79.66, Val Balanced Acc: 0.71
[2019-07-15 05:37:20] Epoch 310, LR: 0.000010, Train Loss: 0.358111, Val Loss: 0.579471, Train Acc: 87.23, Val Acc: 80.24, Val Balanced Acc: 0.72
[2019-07-15 05:48:13] Epoch 311, LR: 0.000010, Train Loss: 0.354613, Val Loss: 0.571171, Train Acc: 87.26, Val Acc: 80.37, Val Balanced Acc: 0.72
[2019-07-15 05:59:07] Epoch 312, LR: 0.000010, Train Loss: 0.358408, Val Loss: 0.569877, Train Acc: 87.07, Val Acc: 80.11, Val Balanced Acc: 0.72
[2019-07-15 06:09:59] Epoch 313, LR: 0.000010, Train Loss: 0.355516, Val Loss: 0.584472, Train Acc: 87.06, Val Acc: 80.03, Val Balanced Acc: 0.71
[2019-07-15 06:20:52] Epoch 314, LR: 0.000010, Train Loss: 0.357574, Val Loss: 0.578719, Train Acc: 87.11, Val Acc: 79.87, Val Balanced Acc: 0.71
[2019-07-15 06:31:44] Epoch 315, LR: 0.000010, Train Loss: 0.355900, Val Loss: 0.581914, Train Acc: 86.92, Val Acc: 79.92, Val Balanced Acc: 0.72
[2019-07-15 06:42:38] Epoch 316, LR: 0.000010, Train Loss: 0.357814, Val Loss: 0.578179, Train Acc: 87.03, Val Acc: 80.16, Val Balanced Acc: 0.72
[2019-07-15 06:53:31] Epoch 317, LR: 0.000010, Train Loss: 0.353178, Val Loss: 0.575934, Train Acc: 87.34, Val Acc: 80.32, Val Balanced Acc: 0.70
[2019-07-15 07:04:25] Epoch 318, LR: 0.000010, Train Loss: 0.350873, Val Loss: 0.568834, Train Acc: 87.54, Val Acc: 80.47, Val Balanced Acc: 0.72
[2019-07-15 07:15:20] Epoch 319, LR: 0.000010, Train Loss: 0.356475, Val Loss: 0.565978, Train Acc: 87.06, Val Acc: 80.21, Val Balanced Acc: 0.72
[2019-07-15 07:26:14] Epoch 320, LR: 0.000010, Train Loss: 0.355129, Val Loss: 0.581773, Train Acc: 87.00, Val Acc: 80.05, Val Balanced Acc: 0.72
[2019-07-15 07:37:08] Epoch 321, LR: 0.000010, Train Loss: 0.352211, Val Loss: 0.581957, Train Acc: 87.37, Val Acc: 80.05, Val Balanced Acc: 0.72
[2019-07-15 07:48:02] Epoch 322, LR: 0.000010, Train Loss: 0.344162, Val Loss: 0.574475, Train Acc: 87.30, Val Acc: 80.13, Val Balanced Acc: 0.70
[2019-07-15 07:58:55] Epoch 323, LR: 0.000010, Train Loss: 0.347676, Val Loss: 0.574620, Train Acc: 87.42, Val Acc: 80.24, Val Balanced Acc: 0.71
[2019-07-15 08:09:49] Epoch 324, LR: 0.000010, Train Loss: 0.353019, Val Loss: 0.568723, Train Acc: 87.13, Val Acc: 80.16, Val Balanced Acc: 0.71
[2019-07-15 08:20:42] Epoch 325, LR: 0.000010, Train Loss: 0.352853, Val Loss: 0.571618, Train Acc: 87.46, Val Acc: 79.89, Val Balanced Acc: 0.71
[2019-07-15 08:31:36] Epoch 326, LR: 0.000010, Train Loss: 0.353435, Val Loss: 0.568992, Train Acc: 87.24, Val Acc: 80.32, Val Balanced Acc: 0.72
[2019-07-15 08:42:31] Epoch 327, LR: 0.000010, Train Loss: 0.350586, Val Loss: 0.567318, Train Acc: 87.34, Val Acc: 80.24, Val Balanced Acc: 0.71
[2019-07-15 08:53:23] Epoch 328, LR: 0.000010, Train Loss: 0.349016, Val Loss: 0.576997, Train Acc: 87.46, Val Acc: 80.42, Val Balanced Acc: 0.71
[2019-07-15 09:04:18] Epoch 329, LR: 0.000010, Train Loss: 0.357214, Val Loss: 0.575930, Train Acc: 87.10, Val Acc: 80.13, Val Balanced Acc: 0.71
[2019-07-15 09:15:10] Epoch 330, LR: 0.000010, Train Loss: 0.350627, Val Loss: 0.581989, Train Acc: 87.43, Val Acc: 79.92, Val Balanced Acc: 0.71
[2019-07-15 09:26:06] Epoch 331, LR: 0.000010, Train Loss: 0.357243, Val Loss: 0.577820, Train Acc: 87.11, Val Acc: 80.00, Val Balanced Acc: 0.72
[2019-07-15 09:36:59] Epoch 332, LR: 0.000001, Train Loss: 0.357235, Val Loss: 0.578351, Train Acc: 86.98, Val Acc: 79.92, Val Balanced Acc: 0.72
[2019-07-15 09:47:53] Epoch 333, LR: 0.000001, Train Loss: 0.351547, Val Loss: 0.559832, Train Acc: 87.02, Val Acc: 80.61, Val Balanced Acc: 0.72
[2019-07-15 09:58:47] Epoch 334, LR: 0.000001, Train Loss: 0.353106, Val Loss: 0.580706, Train Acc: 87.25, Val Acc: 80.03, Val Balanced Acc: 0.72
[2019-07-15 10:09:41] Epoch 335, LR: 0.000001, Train Loss: 0.346571, Val Loss: 0.577017, Train Acc: 87.49, Val Acc: 79.89, Val Balanced Acc: 0.71
[2019-07-15 10:20:36] Epoch 336, LR: 0.000001, Train Loss: 0.353180, Val Loss: 0.578956, Train Acc: 87.16, Val Acc: 80.21, Val Balanced Acc: 0.71
[2019-07-15 10:31:28] Epoch 337, LR: 0.000001, Train Loss: 0.351881, Val Loss: 0.569388, Train Acc: 87.23, Val Acc: 80.11, Val Balanced Acc: 0.70
[2019-07-15 10:42:21] Epoch 338, LR: 0.000001, Train Loss: 0.356116, Val Loss: 0.572143, Train Acc: 86.97, Val Acc: 80.39, Val Balanced Acc: 0.72
[2019-07-15 10:53:15] Epoch 339, LR: 0.000001, Train Loss: 0.348588, Val Loss: 0.573625, Train Acc: 87.28, Val Acc: 80.18, Val Balanced Acc: 0.71
[2019-07-15 11:04:10] Epoch 340, LR: 0.000001, Train Loss: 0.351978, Val Loss: 0.577928, Train Acc: 87.06, Val Acc: 79.92, Val Balanced Acc: 0.71
[2019-07-15 11:15:05] Epoch 341, LR: 0.000001, Train Loss: 0.345912, Val Loss: 0.585498, Train Acc: 87.38, Val Acc: 79.68, Val Balanced Acc: 0.72
[2019-07-15 11:25:58] Epoch 342, LR: 0.000001, Train Loss: 0.352132, Val Loss: 0.584764, Train Acc: 87.15, Val Acc: 80.00, Val Balanced Acc: 0.71
[2019-07-15 11:36:52] Epoch 343, LR: 0.000001, Train Loss: 0.350751, Val Loss: 0.575234, Train Acc: 87.42, Val Acc: 80.03, Val Balanced Acc: 0.71
[2019-07-15 11:47:45] Epoch 344, LR: 0.000001, Train Loss: 0.351693, Val Loss: 0.582841, Train Acc: 87.29, Val Acc: 79.95, Val Balanced Acc: 0.72
[2019-07-15 11:58:40] Epoch 345, LR: 0.000001, Train Loss: 0.354235, Val Loss: 0.588496, Train Acc: 87.06, Val Acc: 80.11, Val Balanced Acc: 0.72
[2019-07-15 12:09:35] Epoch 346, LR: 0.000001, Train Loss: 0.352387, Val Loss: 0.587313, Train Acc: 87.08, Val Acc: 79.92, Val Balanced Acc: 0.71
[2019-07-15 12:21:04] Epoch 347, LR: 0.000001, Train Loss: 0.355451, Val Loss: 0.578602, Train Acc: 87.07, Val Acc: 79.84, Val Balanced Acc: 0.70
[2019-07-15 12:32:04] Epoch 348, LR: 0.000001, Train Loss: 0.354466, Val Loss: 0.572115, Train Acc: 87.17, Val Acc: 80.13, Val Balanced Acc: 0.71
[2019-07-15 12:42:55] Epoch 349, LR: 0.000001, Train Loss: 0.356779, Val Loss: 0.574981, Train Acc: 87.08, Val Acc: 80.29, Val Balanced Acc: 0.72
[2019-07-15 12:53:49] Epoch 350, LR: 0.000001, Train Loss: 0.349634, Val Loss: 0.568432, Train Acc: 87.33, Val Acc: 80.32, Val Balanced Acc: 0.71
[2019-07-15 13:04:43] Epoch 351, LR: 0.000001, Train Loss: 0.352546, Val Loss: 0.603196, Train Acc: 87.15, Val Acc: 79.37, Val Balanced Acc: 0.72
[2019-07-15 13:15:36] Epoch 352, LR: 0.000001, Train Loss: 0.351940, Val Loss: 0.569385, Train Acc: 87.08, Val Acc: 80.58, Val Balanced Acc: 0.72
[2019-07-15 13:26:31] Epoch 353, LR: 0.000001, Train Loss: 0.353236, Val Loss: 0.588338, Train Acc: 87.15, Val Acc: 79.82, Val Balanced Acc: 0.72
[2019-07-15 13:37:26] Epoch 354, LR: 0.000001, Train Loss: 0.350936, Val Loss: 0.576659, Train Acc: 87.42, Val Acc: 80.18, Val Balanced Acc: 0.71
[2019-07-15 13:48:19] Epoch 355, LR: 0.000001, Train Loss: 0.351402, Val Loss: 0.576839, Train Acc: 87.51, Val Acc: 79.66, Val Balanced Acc: 0.71
[2019-07-15 13:59:12] Epoch 356, LR: 0.000001, Train Loss: 0.355587, Val Loss: 0.581581, Train Acc: 87.04, Val Acc: 79.84, Val Balanced Acc: 0.72
[2019-07-15 14:10:06] Epoch 357, LR: 0.000001, Train Loss: 0.355427, Val Loss: 0.575546, Train Acc: 87.11, Val Acc: 80.08, Val Balanced Acc: 0.72
[2019-07-15 14:20:58] Epoch 358, LR: 0.000001, Train Loss: 0.354553, Val Loss: 0.579880, Train Acc: 86.90, Val Acc: 80.03, Val Balanced Acc: 0.72
[2019-07-15 14:31:52] Epoch 359, LR: 0.000001, Train Loss: 0.352694, Val Loss: 0.588645, Train Acc: 87.39, Val Acc: 80.08, Val Balanced Acc: 0.72
[2019-07-15 14:42:45] Epoch 360, LR: 0.000001, Train Loss: 0.353163, Val Loss: 0.568126, Train Acc: 87.05, Val Acc: 80.29, Val Balanced Acc: 0.71
[2019-07-15 14:53:41] Epoch 361, LR: 0.000001, Train Loss: 0.350472, Val Loss: 0.580418, Train Acc: 87.10, Val Acc: 79.92, Val Balanced Acc: 0.72
[2019-07-15 15:04:36] Epoch 362, LR: 0.000001, Train Loss: 0.356664, Val Loss: 0.581361, Train Acc: 86.99, Val Acc: 80.00, Val Balanced Acc: 0.71
[2019-07-15 15:15:42] Epoch 363, LR: 0.000001, Train Loss: 0.347371, Val Loss: 0.584088, Train Acc: 87.39, Val Acc: 79.79, Val Balanced Acc: 0.72
[2019-07-15 15:28:28] Epoch 364, LR: 0.000001, Train Loss: 0.356571, Val Loss: 0.578315, Train Acc: 87.07, Val Acc: 80.39, Val Balanced Acc: 0.71
[2019-07-15 15:39:45] Epoch 365, LR: 0.000001, Train Loss: 0.355137, Val Loss: 0.567417, Train Acc: 87.27, Val Acc: 80.16, Val Balanced Acc: 0.71
[2019-07-15 15:50:44] Epoch 366, LR: 0.000001, Train Loss: 0.350021, Val Loss: 0.572218, Train Acc: 87.33, Val Acc: 80.53, Val Balanced Acc: 0.71
[2019-07-15 16:01:51] Epoch 367, LR: 0.000001, Train Loss: 0.352826, Val Loss: 0.586080, Train Acc: 87.31, Val Acc: 79.82, Val Balanced Acc: 0.71
[2019-07-15 16:12:47] Epoch 368, LR: 0.000001, Train Loss: 0.353911, Val Loss: 0.567047, Train Acc: 87.22, Val Acc: 79.95, Val Balanced Acc: 0.70
[2019-07-15 16:23:39] Epoch 369, LR: 0.000001, Train Loss: 0.350745, Val Loss: 0.578951, Train Acc: 87.52, Val Acc: 80.13, Val Balanced Acc: 0.72
[2019-07-15 16:34:34] Epoch 370, LR: 0.000001, Train Loss: 0.349520, Val Loss: 0.587637, Train Acc: 87.71, Val Acc: 79.50, Val Balanced Acc: 0.71
[2019-07-15 16:45:26] Epoch 371, LR: 0.000001, Train Loss: 0.348349, Val Loss: 0.579168, Train Acc: 87.32, Val Acc: 80.16, Val Balanced Acc: 0.72
[2019-07-15 16:56:21] Epoch 372, LR: 0.000001, Train Loss: 0.354902, Val Loss: 0.573618, Train Acc: 87.20, Val Acc: 80.24, Val Balanced Acc: 0.71
[2019-07-15 17:07:14] Epoch 373, LR: 0.000001, Train Loss: 0.353644, Val Loss: 0.578266, Train Acc: 86.99, Val Acc: 80.11, Val Balanced Acc: 0.71
[2019-07-15 17:18:08] Epoch 374, LR: 0.000001, Train Loss: 0.353203, Val Loss: 0.582875, Train Acc: 87.07, Val Acc: 80.24, Val Balanced Acc: 0.72
[2019-07-15 17:29:02] Epoch 375, LR: 0.000001, Train Loss: 0.351591, Val Loss: 0.580767, Train Acc: 87.30, Val Acc: 80.05, Val Balanced Acc: 0.72
[2019-07-15 17:39:54] Epoch 376, LR: 0.000001, Train Loss: 0.351187, Val Loss: 0.569881, Train Acc: 87.29, Val Acc: 80.32, Val Balanced Acc: 0.72
[2019-07-15 17:55:18] Epoch 377, LR: 0.000001, Train Loss: 0.353482, Val Loss: 0.583377, Train Acc: 87.23, Val Acc: 80.05, Val Balanced Acc: 0.71
[2019-07-15 18:14:31] Epoch 378, LR: 0.000001, Train Loss: 0.352426, Val Loss: 0.573987, Train Acc: 87.35, Val Acc: 79.97, Val Balanced Acc: 0.72
[2019-07-15 18:34:02] Epoch 379, LR: 0.000001, Train Loss: 0.352681, Val Loss: 0.580262, Train Acc: 87.20, Val Acc: 79.87, Val Balanced Acc: 0.71
[2019-07-15 18:53:10] Epoch 380, LR: 0.000001, Train Loss: 0.353722, Val Loss: 0.584552, Train Acc: 87.07, Val Acc: 79.92, Val Balanced Acc: 0.72
[2019-07-15 19:12:10] Epoch 381, LR: 0.000001, Train Loss: 0.351902, Val Loss: 0.580584, Train Acc: 87.28, Val Acc: 80.00, Val Balanced Acc: 0.72
[2019-07-15 19:31:08] Epoch 382, LR: 0.000000, Train Loss: 0.354630, Val Loss: 0.555035, Train Acc: 87.25, Val Acc: 80.74, Val Balanced Acc: 0.72
[2019-07-15 19:50:01] Epoch 383, LR: 0.000000, Train Loss: 0.350133, Val Loss: 0.579649, Train Acc: 87.20, Val Acc: 79.87, Val Balanced Acc: 0.70
[2019-07-15 20:09:23] Epoch 384, LR: 0.000000, Train Loss: 0.356598, Val Loss: 0.581092, Train Acc: 87.00, Val Acc: 79.97, Val Balanced Acc: 0.71
[2019-07-15 20:28:34] Epoch 385, LR: 0.000000, Train Loss: 0.354637, Val Loss: 0.579386, Train Acc: 87.22, Val Acc: 79.87, Val Balanced Acc: 0.71
[2019-07-15 20:47:52] Epoch 386, LR: 0.000000, Train Loss: 0.349937, Val Loss: 0.582057, Train Acc: 87.32, Val Acc: 80.11, Val Balanced Acc: 0.72
[2019-07-15 21:07:05] Epoch 387, LR: 0.000000, Train Loss: 0.355659, Val Loss: 0.579675, Train Acc: 87.22, Val Acc: 80.24, Val Balanced Acc: 0.71
[2019-07-15 21:26:06] Epoch 388, LR: 0.000000, Train Loss: 0.352819, Val Loss: 0.573123, Train Acc: 87.17, Val Acc: 80.24, Val Balanced Acc: 0.72
[2019-07-15 21:45:09] Epoch 389, LR: 0.000000, Train Loss: 0.348532, Val Loss: 0.575283, Train Acc: 87.23, Val Acc: 80.16, Val Balanced Acc: 0.71
[2019-07-15 22:04:23] Epoch 390, LR: 0.000000, Train Loss: 0.349640, Val Loss: 0.572445, Train Acc: 87.46, Val Acc: 79.89, Val Balanced Acc: 0.71
[2019-07-15 22:23:31] Epoch 391, LR: 0.000000, Train Loss: 0.354962, Val Loss: 0.576423, Train Acc: 87.25, Val Acc: 80.03, Val Balanced Acc: 0.71
[2019-07-15 22:42:46] Epoch 392, LR: 0.000000, Train Loss: 0.351556, Val Loss: 0.574792, Train Acc: 87.31, Val Acc: 80.03, Val Balanced Acc: 0.72
[2019-07-15 23:01:46] Epoch 393, LR: 0.000000, Train Loss: 0.347408, Val Loss: 0.581421, Train Acc: 87.48, Val Acc: 79.84, Val Balanced Acc: 0.72
[2019-07-15 23:20:43] Epoch 394, LR: 0.000000, Train Loss: 0.349453, Val Loss: 0.576008, Train Acc: 87.52, Val Acc: 80.21, Val Balanced Acc: 0.71
[2019-07-15 23:39:20] Epoch 395, LR: 0.000000, Train Loss: 0.351456, Val Loss: 0.587116, Train Acc: 87.41, Val Acc: 79.82, Val Balanced Acc: 0.71
[2019-07-15 23:57:32] Epoch 396, LR: 0.000000, Train Loss: 0.349553, Val Loss: 0.577101, Train Acc: 87.39, Val Acc: 79.76, Val Balanced Acc: 0.71
[2019-07-16 00:16:30] Epoch 397, LR: 0.000000, Train Loss: 0.347511, Val Loss: 0.583905, Train Acc: 87.66, Val Acc: 79.84, Val Balanced Acc: 0.72
[2019-07-16 00:36:07] Epoch 398, LR: 0.000000, Train Loss: 0.349553, Val Loss: 0.577060, Train Acc: 87.10, Val Acc: 80.42, Val Balanced Acc: 0.72
[2019-07-16 00:54:44] Epoch 399, LR: 0.000000, Train Loss: 0.351281, Val Loss: 0.573307, Train Acc: 87.19, Val Acc: 80.05, Val Balanced Acc: 0.71
[2019-07-16 01:14:02] Epoch 400, LR: 0.000000, Train Loss: 0.355657, Val Loss: 0.559939, Train Acc: 87.22, Val Acc: 80.34, Val Balanced Acc: 0.69

------------------------
Best Validation Accuracy 80.7368 at epoch 382
Best Validation Balanced Accuracy 0.7253 at epoch 240
------------------------

