results/efficientnet_sgd_lr0.01_d1.0_w1.0_r1.0_c1.0_DA_steplr_phase2_CustomDA/
Data loaded!

8 Classes detected!
depth_coefficient: 1.0
output_dir: results/efficientnet_sgd_lr0.01_d1.0_w1.0_r1.0_c1.0_DA_steplr_phase2_CustomDA/
balanced_sampler: False
batch_size: 32
width_coefficient: 1.0
compound_coefficient: 1.0
model_name: efficientnet
verbose: False
optimizer: sgd
learning_rate: 0.01
img_size: 256
path_extension: steplr_phase2_CustomDA
crop_size: 224
resolution_coefficient: 1.0
data_augmentation: True
epochs: 300

---- Start Training ----
[2019-06-14 12:04:47] Epoch 1, LR: 0.010000, Train Loss: 1.235640, Val Loss: 1.145057, Train Acc: 55.77, Val Acc: 60.13, Val Balanced Acc: 0.24
[2019-06-14 12:13:48] Epoch 2, LR: 0.010000, Train Loss: 1.133346, Val Loss: 1.070730, Train Acc: 59.15, Val Acc: 61.84, Val Balanced Acc: 0.23
[2019-06-14 12:22:48] Epoch 3, LR: 0.010000, Train Loss: 1.088897, Val Loss: 1.020772, Train Acc: 60.53, Val Acc: 63.95, Val Balanced Acc: 0.33
[2019-06-14 12:31:48] Epoch 4, LR: 0.010000, Train Loss: 1.045082, Val Loss: 1.018376, Train Acc: 62.12, Val Acc: 63.50, Val Balanced Acc: 0.30
[2019-06-14 12:40:48] Epoch 5, LR: 0.010000, Train Loss: 1.020950, Val Loss: 0.975748, Train Acc: 62.86, Val Acc: 63.82, Val Balanced Acc: 0.35
[2019-06-14 12:49:48] Epoch 6, LR: 0.010000, Train Loss: 1.001580, Val Loss: 0.909294, Train Acc: 63.49, Val Acc: 66.97, Val Balanced Acc: 0.38
[2019-06-14 12:58:48] Epoch 7, LR: 0.010000, Train Loss: 0.981414, Val Loss: 0.934158, Train Acc: 64.20, Val Acc: 67.00, Val Balanced Acc: 0.37
[2019-06-14 13:07:48] Epoch 8, LR: 0.010000, Train Loss: 0.967058, Val Loss: 0.908331, Train Acc: 64.79, Val Acc: 66.55, Val Balanced Acc: 0.38
[2019-06-14 13:16:48] Epoch 9, LR: 0.010000, Train Loss: 0.955168, Val Loss: 0.894971, Train Acc: 65.23, Val Acc: 68.16, Val Balanced Acc: 0.39
[2019-06-14 13:25:49] Epoch 10, LR: 0.010000, Train Loss: 0.945709, Val Loss: 0.863519, Train Acc: 65.68, Val Acc: 69.34, Val Balanced Acc: 0.41
[2019-06-14 13:34:49] Epoch 11, LR: 0.010000, Train Loss: 0.939930, Val Loss: 0.859585, Train Acc: 65.53, Val Acc: 68.47, Val Balanced Acc: 0.42
[2019-06-14 13:43:49] Epoch 12, LR: 0.010000, Train Loss: 0.927343, Val Loss: 0.919697, Train Acc: 65.95, Val Acc: 67.87, Val Balanced Acc: 0.42
[2019-06-14 13:52:49] Epoch 13, LR: 0.010000, Train Loss: 0.917782, Val Loss: 0.834100, Train Acc: 66.30, Val Acc: 70.32, Val Balanced Acc: 0.45
[2019-06-14 14:01:49] Epoch 14, LR: 0.010000, Train Loss: 0.909675, Val Loss: 0.848782, Train Acc: 66.63, Val Acc: 70.42, Val Balanced Acc: 0.44
[2019-06-14 14:10:49] Epoch 15, LR: 0.010000, Train Loss: 0.902351, Val Loss: 0.837795, Train Acc: 67.02, Val Acc: 70.13, Val Balanced Acc: 0.46
[2019-06-14 14:19:48] Epoch 16, LR: 0.010000, Train Loss: 0.904724, Val Loss: 0.868093, Train Acc: 66.63, Val Acc: 68.63, Val Balanced Acc: 0.42
[2019-06-14 14:28:48] Epoch 17, LR: 0.010000, Train Loss: 0.892740, Val Loss: 0.873835, Train Acc: 67.31, Val Acc: 68.37, Val Balanced Acc: 0.44
[2019-06-14 14:37:48] Epoch 18, LR: 0.010000, Train Loss: 0.891733, Val Loss: 0.840676, Train Acc: 67.28, Val Acc: 70.13, Val Balanced Acc: 0.48
[2019-06-14 14:46:49] Epoch 19, LR: 0.010000, Train Loss: 0.877707, Val Loss: 0.862423, Train Acc: 67.46, Val Acc: 69.55, Val Balanced Acc: 0.47
[2019-06-14 14:55:50] Epoch 20, LR: 0.010000, Train Loss: 0.886435, Val Loss: 0.819937, Train Acc: 67.50, Val Acc: 70.00, Val Balanced Acc: 0.44
[2019-06-14 15:04:50] Epoch 21, LR: 0.010000, Train Loss: 0.875133, Val Loss: 0.889428, Train Acc: 67.89, Val Acc: 69.16, Val Balanced Acc: 0.47
[2019-06-14 15:13:51] Epoch 22, LR: 0.010000, Train Loss: 0.875043, Val Loss: 0.815847, Train Acc: 67.89, Val Acc: 71.03, Val Balanced Acc: 0.49
[2019-06-14 15:22:51] Epoch 23, LR: 0.010000, Train Loss: 0.865268, Val Loss: 0.832908, Train Acc: 68.12, Val Acc: 70.16, Val Balanced Acc: 0.45
[2019-06-14 15:31:51] Epoch 24, LR: 0.010000, Train Loss: 0.871723, Val Loss: 0.825546, Train Acc: 67.92, Val Acc: 70.34, Val Balanced Acc: 0.43
[2019-06-14 15:40:50] Epoch 25, LR: 0.010000, Train Loss: 0.865997, Val Loss: 0.829418, Train Acc: 68.23, Val Acc: 70.05, Val Balanced Acc: 0.44
[2019-06-14 15:49:50] Epoch 26, LR: 0.010000, Train Loss: 0.861854, Val Loss: 0.826119, Train Acc: 68.50, Val Acc: 70.32, Val Balanced Acc: 0.53
[2019-06-14 15:58:50] Epoch 27, LR: 0.010000, Train Loss: 0.858671, Val Loss: 0.818292, Train Acc: 68.40, Val Acc: 71.08, Val Balanced Acc: 0.48
[2019-06-14 16:07:49] Epoch 28, LR: 0.010000, Train Loss: 0.859324, Val Loss: 0.864796, Train Acc: 68.19, Val Acc: 69.45, Val Balanced Acc: 0.47
[2019-06-14 16:16:50] Epoch 29, LR: 0.010000, Train Loss: 0.854652, Val Loss: 0.835019, Train Acc: 68.78, Val Acc: 69.92, Val Balanced Acc: 0.49
[2019-06-14 16:25:51] Epoch 30, LR: 0.010000, Train Loss: 0.854772, Val Loss: 0.798401, Train Acc: 68.41, Val Acc: 71.42, Val Balanced Acc: 0.51
[2019-06-14 16:34:52] Epoch 31, LR: 0.010000, Train Loss: 0.850751, Val Loss: 0.811185, Train Acc: 69.05, Val Acc: 70.66, Val Balanced Acc: 0.49
[2019-06-14 16:43:53] Epoch 32, LR: 0.010000, Train Loss: 0.851970, Val Loss: 0.873512, Train Acc: 68.64, Val Acc: 68.05, Val Balanced Acc: 0.51
[2019-06-14 16:52:53] Epoch 33, LR: 0.010000, Train Loss: 0.849501, Val Loss: 0.815610, Train Acc: 68.83, Val Acc: 71.11, Val Balanced Acc: 0.47
[2019-06-14 17:01:56] Epoch 34, LR: 0.010000, Train Loss: 0.845648, Val Loss: 0.800836, Train Acc: 68.59, Val Acc: 71.61, Val Balanced Acc: 0.46
[2019-06-14 17:11:03] Epoch 35, LR: 0.010000, Train Loss: 0.849500, Val Loss: 0.804517, Train Acc: 68.67, Val Acc: 71.61, Val Balanced Acc: 0.54
[2019-06-14 17:20:08] Epoch 36, LR: 0.010000, Train Loss: 0.844942, Val Loss: 0.785776, Train Acc: 68.90, Val Acc: 71.34, Val Balanced Acc: 0.48
[2019-06-14 17:29:12] Epoch 37, LR: 0.010000, Train Loss: 0.847148, Val Loss: 0.758048, Train Acc: 68.75, Val Acc: 72.84, Val Balanced Acc: 0.49
[2019-06-14 17:38:13] Epoch 38, LR: 0.010000, Train Loss: 0.845319, Val Loss: 0.840317, Train Acc: 68.76, Val Acc: 69.74, Val Balanced Acc: 0.49
[2019-06-14 17:47:13] Epoch 39, LR: 0.010000, Train Loss: 0.840880, Val Loss: 0.811823, Train Acc: 68.85, Val Acc: 70.05, Val Balanced Acc: 0.50
[2019-06-14 17:56:14] Epoch 40, LR: 0.010000, Train Loss: 0.835878, Val Loss: 0.770201, Train Acc: 69.37, Val Acc: 71.71, Val Balanced Acc: 0.51
[2019-06-14 18:05:15] Epoch 41, LR: 0.010000, Train Loss: 0.841791, Val Loss: 0.792615, Train Acc: 68.97, Val Acc: 71.82, Val Balanced Acc: 0.52
[2019-06-14 18:14:18] Epoch 42, LR: 0.010000, Train Loss: 0.840743, Val Loss: 0.897519, Train Acc: 69.28, Val Acc: 67.05, Val Balanced Acc: 0.49
[2019-06-14 18:23:19] Epoch 43, LR: 0.010000, Train Loss: 0.837482, Val Loss: 0.786808, Train Acc: 69.20, Val Acc: 72.11, Val Balanced Acc: 0.52
[2019-06-14 18:32:20] Epoch 44, LR: 0.010000, Train Loss: 0.839753, Val Loss: 0.876525, Train Acc: 69.04, Val Acc: 69.18, Val Balanced Acc: 0.51
[2019-06-14 18:41:21] Epoch 45, LR: 0.010000, Train Loss: 0.835727, Val Loss: 0.857647, Train Acc: 69.32, Val Acc: 69.29, Val Balanced Acc: 0.51
[2019-06-14 18:50:22] Epoch 46, LR: 0.010000, Train Loss: 0.837115, Val Loss: 0.844565, Train Acc: 69.08, Val Acc: 69.79, Val Balanced Acc: 0.49
[2019-06-14 18:59:23] Epoch 47, LR: 0.010000, Train Loss: 0.833142, Val Loss: 0.787235, Train Acc: 69.59, Val Acc: 71.21, Val Balanced Acc: 0.51
[2019-06-14 19:08:23] Epoch 48, LR: 0.010000, Train Loss: 0.831654, Val Loss: 0.815862, Train Acc: 69.20, Val Acc: 71.00, Val Balanced Acc: 0.50
[2019-06-14 19:17:24] Epoch 49, LR: 0.010000, Train Loss: 0.824671, Val Loss: 0.770642, Train Acc: 69.85, Val Acc: 72.05, Val Balanced Acc: 0.52
[2019-06-14 19:26:25] Epoch 50, LR: 0.010000, Train Loss: 0.828844, Val Loss: 0.828918, Train Acc: 69.60, Val Acc: 71.03, Val Balanced Acc: 0.48
[2019-06-14 19:35:26] Epoch 51, LR: 0.010000, Train Loss: 0.827618, Val Loss: 0.763019, Train Acc: 69.43, Val Acc: 72.29, Val Balanced Acc: 0.48
[2019-06-14 19:44:27] Epoch 52, LR: 0.010000, Train Loss: 0.824229, Val Loss: 0.803772, Train Acc: 69.49, Val Acc: 71.21, Val Balanced Acc: 0.51
[2019-06-14 19:53:28] Epoch 53, LR: 0.010000, Train Loss: 0.831203, Val Loss: 0.812557, Train Acc: 69.39, Val Acc: 71.32, Val Balanced Acc: 0.50
[2019-06-14 20:02:29] Epoch 54, LR: 0.010000, Train Loss: 0.824805, Val Loss: 0.810875, Train Acc: 69.58, Val Acc: 71.11, Val Balanced Acc: 0.51
[2019-06-14 20:11:30] Epoch 55, LR: 0.010000, Train Loss: 0.824683, Val Loss: 0.831576, Train Acc: 69.86, Val Acc: 69.79, Val Balanced Acc: 0.47
[2019-06-14 20:20:30] Epoch 56, LR: 0.010000, Train Loss: 0.827697, Val Loss: 0.771536, Train Acc: 69.40, Val Acc: 72.68, Val Balanced Acc: 0.51
[2019-06-14 20:29:30] Epoch 57, LR: 0.010000, Train Loss: 0.824811, Val Loss: 0.801746, Train Acc: 69.38, Val Acc: 70.79, Val Balanced Acc: 0.47
[2019-06-14 20:38:31] Epoch 58, LR: 0.010000, Train Loss: 0.821207, Val Loss: 0.803176, Train Acc: 69.95, Val Acc: 71.13, Val Balanced Acc: 0.49
[2019-06-14 20:47:33] Epoch 59, LR: 0.010000, Train Loss: 0.827687, Val Loss: 0.759269, Train Acc: 69.40, Val Acc: 72.37, Val Balanced Acc: 0.56
[2019-06-14 20:56:34] Epoch 60, LR: 0.010000, Train Loss: 0.818382, Val Loss: 0.777100, Train Acc: 70.12, Val Acc: 72.08, Val Balanced Acc: 0.51
[2019-06-14 21:05:34] Epoch 61, LR: 0.010000, Train Loss: 0.818055, Val Loss: 0.749390, Train Acc: 69.83, Val Acc: 72.79, Val Balanced Acc: 0.53
[2019-06-14 21:14:35] Epoch 62, LR: 0.010000, Train Loss: 0.810419, Val Loss: 0.770471, Train Acc: 70.11, Val Acc: 72.84, Val Balanced Acc: 0.46
[2019-06-14 21:23:40] Epoch 63, LR: 0.010000, Train Loss: 0.812632, Val Loss: 0.792562, Train Acc: 70.07, Val Acc: 71.76, Val Balanced Acc: 0.49
[2019-06-14 21:32:42] Epoch 64, LR: 0.010000, Train Loss: 0.817706, Val Loss: 0.855265, Train Acc: 69.46, Val Acc: 69.42, Val Balanced Acc: 0.45
[2019-06-14 21:41:43] Epoch 65, LR: 0.010000, Train Loss: 0.815878, Val Loss: 0.798827, Train Acc: 69.95, Val Acc: 71.45, Val Balanced Acc: 0.52
[2019-06-14 21:50:43] Epoch 66, LR: 0.010000, Train Loss: 0.812174, Val Loss: 0.770850, Train Acc: 69.85, Val Acc: 72.68, Val Balanced Acc: 0.54
[2019-06-14 21:59:42] Epoch 67, LR: 0.010000, Train Loss: 0.816389, Val Loss: 0.778792, Train Acc: 70.07, Val Acc: 71.61, Val Balanced Acc: 0.54
[2019-06-14 22:08:44] Epoch 68, LR: 0.010000, Train Loss: 0.812437, Val Loss: 0.784361, Train Acc: 70.06, Val Acc: 72.16, Val Balanced Acc: 0.50
[2019-06-14 22:17:44] Epoch 69, LR: 0.010000, Train Loss: 0.808231, Val Loss: 0.838939, Train Acc: 70.04, Val Acc: 70.87, Val Balanced Acc: 0.52
[2019-06-14 22:26:43] Epoch 70, LR: 0.010000, Train Loss: 0.808396, Val Loss: 0.775587, Train Acc: 70.12, Val Acc: 72.79, Val Balanced Acc: 0.56
[2019-06-14 22:35:43] Epoch 71, LR: 0.010000, Train Loss: 0.810080, Val Loss: 0.769524, Train Acc: 70.42, Val Acc: 72.45, Val Balanced Acc: 0.54
[2019-06-14 22:44:44] Epoch 72, LR: 0.010000, Train Loss: 0.808736, Val Loss: 0.860919, Train Acc: 70.01, Val Acc: 69.45, Val Balanced Acc: 0.56
[2019-06-14 22:53:44] Epoch 73, LR: 0.010000, Train Loss: 0.801558, Val Loss: 0.803246, Train Acc: 70.52, Val Acc: 71.08, Val Balanced Acc: 0.54
[2019-06-14 23:02:43] Epoch 74, LR: 0.010000, Train Loss: 0.803327, Val Loss: 0.822398, Train Acc: 70.33, Val Acc: 71.03, Val Balanced Acc: 0.52
[2019-06-14 23:11:48] Epoch 75, LR: 0.010000, Train Loss: 0.804852, Val Loss: 0.758012, Train Acc: 70.44, Val Acc: 72.42, Val Balanced Acc: 0.54
[2019-06-14 23:20:50] Epoch 76, LR: 0.010000, Train Loss: 0.808050, Val Loss: 0.763352, Train Acc: 70.21, Val Acc: 71.84, Val Balanced Acc: 0.52
[2019-06-14 23:29:50] Epoch 77, LR: 0.010000, Train Loss: 0.799772, Val Loss: 0.800998, Train Acc: 70.53, Val Acc: 71.50, Val Balanced Acc: 0.54
[2019-06-14 23:38:51] Epoch 78, LR: 0.010000, Train Loss: 0.799996, Val Loss: 0.795522, Train Acc: 70.34, Val Acc: 71.34, Val Balanced Acc: 0.54
[2019-06-14 23:47:52] Epoch 79, LR: 0.010000, Train Loss: 0.804706, Val Loss: 0.753958, Train Acc: 70.63, Val Acc: 73.68, Val Balanced Acc: 0.50
[2019-06-14 23:56:53] Epoch 80, LR: 0.010000, Train Loss: 0.800193, Val Loss: 0.774705, Train Acc: 70.74, Val Acc: 72.21, Val Balanced Acc: 0.50
[2019-06-15 00:05:54] Epoch 81, LR: 0.010000, Train Loss: 0.801075, Val Loss: 0.791657, Train Acc: 70.74, Val Acc: 72.00, Val Balanced Acc: 0.51
[2019-06-15 00:14:55] Epoch 82, LR: 0.010000, Train Loss: 0.795225, Val Loss: 0.755107, Train Acc: 70.86, Val Acc: 73.11, Val Balanced Acc: 0.53
[2019-06-15 00:23:56] Epoch 83, LR: 0.010000, Train Loss: 0.796609, Val Loss: 0.772345, Train Acc: 70.82, Val Acc: 72.82, Val Balanced Acc: 0.55
[2019-06-15 00:32:57] Epoch 84, LR: 0.010000, Train Loss: 0.796470, Val Loss: 0.812399, Train Acc: 70.59, Val Acc: 72.47, Val Balanced Acc: 0.50
[2019-06-15 00:41:58] Epoch 85, LR: 0.010000, Train Loss: 0.790038, Val Loss: 0.895844, Train Acc: 71.00, Val Acc: 66.92, Val Balanced Acc: 0.50
[2019-06-15 00:50:58] Epoch 86, LR: 0.010000, Train Loss: 0.789595, Val Loss: 0.764480, Train Acc: 71.05, Val Acc: 72.87, Val Balanced Acc: 0.52
[2019-06-15 01:00:03] Epoch 87, LR: 0.010000, Train Loss: 0.790424, Val Loss: 0.750443, Train Acc: 71.10, Val Acc: 72.24, Val Balanced Acc: 0.53
[2019-06-15 01:09:03] Epoch 88, LR: 0.010000, Train Loss: 0.796282, Val Loss: 0.745519, Train Acc: 70.66, Val Acc: 73.45, Val Balanced Acc: 0.54
[2019-06-15 01:18:03] Epoch 89, LR: 0.010000, Train Loss: 0.787284, Val Loss: 0.801736, Train Acc: 70.99, Val Acc: 72.13, Val Balanced Acc: 0.52
[2019-06-15 01:27:07] Epoch 90, LR: 0.010000, Train Loss: 0.786834, Val Loss: 0.771501, Train Acc: 71.01, Val Acc: 72.71, Val Balanced Acc: 0.50
[2019-06-15 01:36:10] Epoch 91, LR: 0.010000, Train Loss: 0.785478, Val Loss: 0.801332, Train Acc: 70.90, Val Acc: 70.45, Val Balanced Acc: 0.55
[2019-06-15 01:45:11] Epoch 92, LR: 0.010000, Train Loss: 0.786501, Val Loss: 0.799246, Train Acc: 70.83, Val Acc: 72.03, Val Balanced Acc: 0.53
[2019-06-15 01:54:12] Epoch 93, LR: 0.010000, Train Loss: 0.786368, Val Loss: 0.865492, Train Acc: 71.08, Val Acc: 69.97, Val Balanced Acc: 0.52
[2019-06-15 02:03:13] Epoch 94, LR: 0.010000, Train Loss: 0.785396, Val Loss: 0.726285, Train Acc: 70.97, Val Acc: 73.76, Val Balanced Acc: 0.52
[2019-06-15 02:12:19] Epoch 95, LR: 0.010000, Train Loss: 0.780016, Val Loss: 0.739777, Train Acc: 71.17, Val Acc: 73.47, Val Balanced Acc: 0.55
[2019-06-15 02:21:19] Epoch 96, LR: 0.010000, Train Loss: 0.783271, Val Loss: 0.772449, Train Acc: 71.30, Val Acc: 72.21, Val Balanced Acc: 0.54
[2019-06-15 02:30:19] Epoch 97, LR: 0.010000, Train Loss: 0.784342, Val Loss: 0.756656, Train Acc: 71.30, Val Acc: 73.16, Val Balanced Acc: 0.54
[2019-06-15 02:39:20] Epoch 98, LR: 0.010000, Train Loss: 0.775319, Val Loss: 0.754311, Train Acc: 71.65, Val Acc: 72.61, Val Balanced Acc: 0.51
[2019-06-15 02:48:20] Epoch 99, LR: 0.010000, Train Loss: 0.784668, Val Loss: 0.759369, Train Acc: 71.25, Val Acc: 73.11, Val Balanced Acc: 0.53
[2019-06-15 02:57:21] Epoch 100, LR: 0.010000, Train Loss: 0.786318, Val Loss: 0.792825, Train Acc: 71.20, Val Acc: 72.47, Val Balanced Acc: 0.53
[2019-06-15 03:06:21] Epoch 101, LR: 0.010000, Train Loss: 0.777174, Val Loss: 0.760118, Train Acc: 71.37, Val Acc: 73.47, Val Balanced Acc: 0.57
[2019-06-15 03:15:22] Epoch 102, LR: 0.010000, Train Loss: 0.778620, Val Loss: 0.750827, Train Acc: 71.33, Val Acc: 72.55, Val Balanced Acc: 0.52
[2019-06-15 03:24:23] Epoch 103, LR: 0.010000, Train Loss: 0.777143, Val Loss: 0.744712, Train Acc: 71.38, Val Acc: 72.95, Val Balanced Acc: 0.55
[2019-06-15 03:33:23] Epoch 104, LR: 0.010000, Train Loss: 0.783680, Val Loss: 0.756438, Train Acc: 71.00, Val Acc: 72.74, Val Balanced Acc: 0.57
[2019-06-15 03:42:23] Epoch 105, LR: 0.010000, Train Loss: 0.774811, Val Loss: 0.761945, Train Acc: 71.56, Val Acc: 72.95, Val Balanced Acc: 0.52
[2019-06-15 03:51:25] Epoch 106, LR: 0.010000, Train Loss: 0.775872, Val Loss: 0.731328, Train Acc: 71.85, Val Acc: 74.87, Val Balanced Acc: 0.56
[2019-06-15 04:00:26] Epoch 107, LR: 0.010000, Train Loss: 0.779228, Val Loss: 0.736921, Train Acc: 71.34, Val Acc: 73.71, Val Balanced Acc: 0.54
[2019-06-15 04:09:26] Epoch 108, LR: 0.010000, Train Loss: 0.770832, Val Loss: 0.795382, Train Acc: 71.67, Val Acc: 71.47, Val Balanced Acc: 0.52
[2019-06-15 04:18:26] Epoch 109, LR: 0.010000, Train Loss: 0.772745, Val Loss: 0.764121, Train Acc: 71.52, Val Acc: 71.71, Val Balanced Acc: 0.55
[2019-06-15 04:27:26] Epoch 110, LR: 0.010000, Train Loss: 0.771082, Val Loss: 0.757015, Train Acc: 71.57, Val Acc: 73.53, Val Balanced Acc: 0.55
[2019-06-15 04:36:26] Epoch 111, LR: 0.010000, Train Loss: 0.777398, Val Loss: 0.758749, Train Acc: 71.34, Val Acc: 73.26, Val Balanced Acc: 0.60
[2019-06-15 04:45:27] Epoch 112, LR: 0.010000, Train Loss: 0.773932, Val Loss: 0.789613, Train Acc: 71.48, Val Acc: 71.82, Val Balanced Acc: 0.51
[2019-06-15 04:54:27] Epoch 113, LR: 0.010000, Train Loss: 0.775389, Val Loss: 0.752659, Train Acc: 71.45, Val Acc: 73.00, Val Balanced Acc: 0.52
[2019-06-15 05:03:28] Epoch 114, LR: 0.010000, Train Loss: 0.766947, Val Loss: 0.737892, Train Acc: 71.88, Val Acc: 73.66, Val Balanced Acc: 0.56
[2019-06-15 05:12:29] Epoch 115, LR: 0.010000, Train Loss: 0.765772, Val Loss: 0.764419, Train Acc: 71.72, Val Acc: 73.32, Val Balanced Acc: 0.58
[2019-06-15 05:21:30] Epoch 116, LR: 0.010000, Train Loss: 0.766739, Val Loss: 0.753287, Train Acc: 71.78, Val Acc: 72.76, Val Balanced Acc: 0.52
[2019-06-15 05:30:30] Epoch 117, LR: 0.010000, Train Loss: 0.767872, Val Loss: 0.779080, Train Acc: 71.91, Val Acc: 71.42, Val Balanced Acc: 0.53
[2019-06-15 05:39:30] Epoch 118, LR: 0.010000, Train Loss: 0.771303, Val Loss: 0.724134, Train Acc: 71.37, Val Acc: 73.97, Val Balanced Acc: 0.52
[2019-06-15 05:48:33] Epoch 119, LR: 0.010000, Train Loss: 0.766523, Val Loss: 0.785658, Train Acc: 71.64, Val Acc: 72.71, Val Balanced Acc: 0.56
[2019-06-15 05:57:34] Epoch 120, LR: 0.010000, Train Loss: 0.763298, Val Loss: 0.753736, Train Acc: 71.85, Val Acc: 73.42, Val Balanced Acc: 0.60
[2019-06-15 06:06:36] Epoch 121, LR: 0.010000, Train Loss: 0.762477, Val Loss: 0.738509, Train Acc: 71.81, Val Acc: 73.26, Val Balanced Acc: 0.51
[2019-06-15 06:15:36] Epoch 122, LR: 0.010000, Train Loss: 0.760019, Val Loss: 0.714657, Train Acc: 71.77, Val Acc: 74.42, Val Balanced Acc: 0.54
[2019-06-15 06:24:36] Epoch 123, LR: 0.010000, Train Loss: 0.761513, Val Loss: 0.747827, Train Acc: 71.98, Val Acc: 72.82, Val Balanced Acc: 0.56
[2019-06-15 06:33:37] Epoch 124, LR: 0.010000, Train Loss: 0.756636, Val Loss: 0.737020, Train Acc: 71.85, Val Acc: 73.68, Val Balanced Acc: 0.55
[2019-06-15 06:42:38] Epoch 125, LR: 0.010000, Train Loss: 0.764256, Val Loss: 0.756492, Train Acc: 71.59, Val Acc: 73.26, Val Balanced Acc: 0.54
[2019-06-15 06:51:38] Epoch 126, LR: 0.010000, Train Loss: 0.756634, Val Loss: 0.739229, Train Acc: 72.12, Val Acc: 74.32, Val Balanced Acc: 0.53
[2019-06-15 07:00:39] Epoch 127, LR: 0.010000, Train Loss: 0.752841, Val Loss: 0.748486, Train Acc: 72.34, Val Acc: 72.50, Val Balanced Acc: 0.56
[2019-06-15 07:09:39] Epoch 128, LR: 0.010000, Train Loss: 0.757436, Val Loss: 0.746170, Train Acc: 72.19, Val Acc: 73.47, Val Balanced Acc: 0.61
[2019-06-15 07:18:40] Epoch 129, LR: 0.010000, Train Loss: 0.757835, Val Loss: 0.743892, Train Acc: 72.04, Val Acc: 73.71, Val Balanced Acc: 0.57
[2019-06-15 07:27:40] Epoch 130, LR: 0.010000, Train Loss: 0.755793, Val Loss: 0.749841, Train Acc: 72.06, Val Acc: 72.89, Val Balanced Acc: 0.52
[2019-06-15 07:36:41] Epoch 131, LR: 0.010000, Train Loss: 0.760268, Val Loss: 0.697137, Train Acc: 72.05, Val Acc: 74.74, Val Balanced Acc: 0.57
[2019-06-15 07:45:42] Epoch 132, LR: 0.010000, Train Loss: 0.752331, Val Loss: 0.752537, Train Acc: 72.40, Val Acc: 73.55, Val Balanced Acc: 0.53
[2019-06-15 07:54:45] Epoch 133, LR: 0.010000, Train Loss: 0.753958, Val Loss: 0.723224, Train Acc: 72.15, Val Acc: 74.05, Val Balanced Acc: 0.55
[2019-06-15 08:03:49] Epoch 134, LR: 0.010000, Train Loss: 0.760051, Val Loss: 0.750743, Train Acc: 72.23, Val Acc: 73.39, Val Balanced Acc: 0.56
[2019-06-15 08:12:55] Epoch 135, LR: 0.010000, Train Loss: 0.758235, Val Loss: 0.728085, Train Acc: 72.05, Val Acc: 74.37, Val Balanced Acc: 0.58
[2019-06-15 08:21:56] Epoch 136, LR: 0.010000, Train Loss: 0.751914, Val Loss: 0.772854, Train Acc: 72.30, Val Acc: 72.68, Val Balanced Acc: 0.52
[2019-06-15 08:30:56] Epoch 137, LR: 0.010000, Train Loss: 0.755639, Val Loss: 0.750736, Train Acc: 72.28, Val Acc: 72.89, Val Balanced Acc: 0.55
[2019-06-15 08:39:58] Epoch 138, LR: 0.010000, Train Loss: 0.753302, Val Loss: 0.720558, Train Acc: 72.21, Val Acc: 74.03, Val Balanced Acc: 0.55
[2019-06-15 08:48:58] Epoch 139, LR: 0.010000, Train Loss: 0.755286, Val Loss: 0.707821, Train Acc: 72.18, Val Acc: 75.32, Val Balanced Acc: 0.59
[2019-06-15 08:57:58] Epoch 140, LR: 0.010000, Train Loss: 0.746394, Val Loss: 0.724496, Train Acc: 72.39, Val Acc: 74.61, Val Balanced Acc: 0.55
[2019-06-15 09:07:00] Epoch 141, LR: 0.010000, Train Loss: 0.749748, Val Loss: 0.778327, Train Acc: 72.35, Val Acc: 72.26, Val Balanced Acc: 0.61
[2019-06-15 09:16:01] Epoch 142, LR: 0.010000, Train Loss: 0.749145, Val Loss: 0.730296, Train Acc: 72.65, Val Acc: 73.97, Val Balanced Acc: 0.56
[2019-06-15 09:25:02] Epoch 143, LR: 0.010000, Train Loss: 0.749267, Val Loss: 0.724654, Train Acc: 72.59, Val Acc: 74.05, Val Balanced Acc: 0.52
[2019-06-15 09:34:06] Epoch 144, LR: 0.010000, Train Loss: 0.752153, Val Loss: 0.723880, Train Acc: 72.54, Val Acc: 73.63, Val Balanced Acc: 0.54
[2019-06-15 09:43:09] Epoch 145, LR: 0.010000, Train Loss: 0.746547, Val Loss: 0.694427, Train Acc: 72.74, Val Acc: 74.68, Val Balanced Acc: 0.59
[2019-06-15 09:52:10] Epoch 146, LR: 0.010000, Train Loss: 0.754420, Val Loss: 0.757930, Train Acc: 72.01, Val Acc: 73.08, Val Balanced Acc: 0.51
[2019-06-15 10:01:10] Epoch 147, LR: 0.010000, Train Loss: 0.749882, Val Loss: 0.776060, Train Acc: 72.73, Val Acc: 72.34, Val Balanced Acc: 0.57
[2019-06-15 10:10:12] Epoch 148, LR: 0.010000, Train Loss: 0.752654, Val Loss: 0.749411, Train Acc: 72.14, Val Acc: 73.18, Val Balanced Acc: 0.55
[2019-06-15 10:19:13] Epoch 149, LR: 0.010000, Train Loss: 0.746828, Val Loss: 0.731680, Train Acc: 72.66, Val Acc: 73.66, Val Balanced Acc: 0.57
[2019-06-15 10:28:15] Epoch 150, LR: 0.010000, Train Loss: 0.744277, Val Loss: 0.741590, Train Acc: 72.53, Val Acc: 73.66, Val Balanced Acc: 0.56
[2019-06-15 10:37:16] Epoch 151, LR: 0.010000, Train Loss: 0.749270, Val Loss: 0.721942, Train Acc: 72.65, Val Acc: 74.50, Val Balanced Acc: 0.55
[2019-06-15 10:46:17] Epoch 152, LR: 0.001500, Train Loss: 0.650594, Val Loss: 0.632812, Train Acc: 76.12, Val Acc: 77.03, Val Balanced Acc: 0.64
[2019-06-15 10:55:18] Epoch 153, LR: 0.001500, Train Loss: 0.628817, Val Loss: 0.633382, Train Acc: 76.86, Val Acc: 77.92, Val Balanced Acc: 0.64
[2019-06-15 11:04:19] Epoch 154, LR: 0.001500, Train Loss: 0.609842, Val Loss: 0.626320, Train Acc: 77.66, Val Acc: 77.42, Val Balanced Acc: 0.65
[2019-06-15 11:13:21] Epoch 155, LR: 0.001500, Train Loss: 0.606858, Val Loss: 0.626577, Train Acc: 77.59, Val Acc: 77.50, Val Balanced Acc: 0.65
[2019-06-15 11:22:22] Epoch 156, LR: 0.001500, Train Loss: 0.601465, Val Loss: 0.618954, Train Acc: 78.10, Val Acc: 77.92, Val Balanced Acc: 0.66
[2019-06-15 11:31:22] Epoch 157, LR: 0.001500, Train Loss: 0.591016, Val Loss: 0.610725, Train Acc: 78.12, Val Acc: 78.39, Val Balanced Acc: 0.65
[2019-06-15 11:40:22] Epoch 158, LR: 0.001500, Train Loss: 0.593216, Val Loss: 0.609440, Train Acc: 78.00, Val Acc: 78.66, Val Balanced Acc: 0.63
[2019-06-15 11:49:22] Epoch 159, LR: 0.001500, Train Loss: 0.585545, Val Loss: 0.608888, Train Acc: 78.35, Val Acc: 77.84, Val Balanced Acc: 0.66
[2019-06-15 11:58:24] Epoch 160, LR: 0.001500, Train Loss: 0.586751, Val Loss: 0.618612, Train Acc: 78.17, Val Acc: 78.37, Val Balanced Acc: 0.65
[2019-06-15 12:07:27] Epoch 161, LR: 0.001500, Train Loss: 0.584072, Val Loss: 0.601700, Train Acc: 78.69, Val Acc: 77.89, Val Balanced Acc: 0.64
[2019-06-15 12:16:27] Epoch 162, LR: 0.001500, Train Loss: 0.578187, Val Loss: 0.607962, Train Acc: 78.64, Val Acc: 77.84, Val Balanced Acc: 0.64
[2019-06-15 12:25:27] Epoch 163, LR: 0.001500, Train Loss: 0.575560, Val Loss: 0.612734, Train Acc: 78.90, Val Acc: 78.29, Val Balanced Acc: 0.67
[2019-06-15 12:34:27] Epoch 164, LR: 0.001500, Train Loss: 0.576914, Val Loss: 0.606919, Train Acc: 78.97, Val Acc: 78.29, Val Balanced Acc: 0.67
[2019-06-15 12:43:28] Epoch 165, LR: 0.001500, Train Loss: 0.574255, Val Loss: 0.608124, Train Acc: 79.22, Val Acc: 78.50, Val Balanced Acc: 0.68
[2019-06-15 12:52:29] Epoch 166, LR: 0.001500, Train Loss: 0.574185, Val Loss: 0.613353, Train Acc: 78.71, Val Acc: 78.34, Val Balanced Acc: 0.64
[2019-06-15 13:01:29] Epoch 167, LR: 0.001500, Train Loss: 0.574249, Val Loss: 0.611547, Train Acc: 78.86, Val Acc: 78.03, Val Balanced Acc: 0.68
[2019-06-15 13:10:29] Epoch 168, LR: 0.001500, Train Loss: 0.564695, Val Loss: 0.595322, Train Acc: 79.34, Val Acc: 78.29, Val Balanced Acc: 0.65
[2019-06-15 13:19:29] Epoch 169, LR: 0.001500, Train Loss: 0.567466, Val Loss: 0.604511, Train Acc: 79.20, Val Acc: 77.68, Val Balanced Acc: 0.66
[2019-06-15 13:28:31] Epoch 170, LR: 0.001500, Train Loss: 0.566118, Val Loss: 0.605854, Train Acc: 79.10, Val Acc: 78.16, Val Balanced Acc: 0.67
[2019-06-15 13:37:33] Epoch 171, LR: 0.001500, Train Loss: 0.556940, Val Loss: 0.606684, Train Acc: 79.62, Val Acc: 78.00, Val Balanced Acc: 0.67
[2019-06-15 13:46:35] Epoch 172, LR: 0.001500, Train Loss: 0.557806, Val Loss: 0.618952, Train Acc: 79.46, Val Acc: 78.08, Val Balanced Acc: 0.68
[2019-06-15 13:55:34] Epoch 173, LR: 0.001500, Train Loss: 0.562694, Val Loss: 0.605146, Train Acc: 79.22, Val Acc: 77.82, Val Balanced Acc: 0.63
[2019-06-15 14:04:35] Epoch 174, LR: 0.001500, Train Loss: 0.557362, Val Loss: 0.602689, Train Acc: 79.48, Val Acc: 78.32, Val Balanced Acc: 0.67
[2019-06-15 14:13:37] Epoch 175, LR: 0.001500, Train Loss: 0.565104, Val Loss: 0.608470, Train Acc: 79.22, Val Acc: 78.26, Val Balanced Acc: 0.67
[2019-06-15 14:22:38] Epoch 176, LR: 0.001500, Train Loss: 0.561604, Val Loss: 0.611384, Train Acc: 79.69, Val Acc: 78.45, Val Balanced Acc: 0.69
[2019-06-15 14:31:39] Epoch 177, LR: 0.001500, Train Loss: 0.560035, Val Loss: 0.607877, Train Acc: 79.29, Val Acc: 78.76, Val Balanced Acc: 0.67
[2019-06-15 14:40:38] Epoch 178, LR: 0.001500, Train Loss: 0.553614, Val Loss: 0.587689, Train Acc: 79.70, Val Acc: 78.79, Val Balanced Acc: 0.68
[2019-06-15 14:49:39] Epoch 179, LR: 0.001500, Train Loss: 0.557892, Val Loss: 0.596323, Train Acc: 79.46, Val Acc: 78.11, Val Balanced Acc: 0.66
[2019-06-15 14:58:38] Epoch 180, LR: 0.001500, Train Loss: 0.552925, Val Loss: 0.624240, Train Acc: 79.69, Val Acc: 77.87, Val Balanced Acc: 0.68
[2019-06-15 15:07:37] Epoch 181, LR: 0.001500, Train Loss: 0.557118, Val Loss: 0.615293, Train Acc: 79.64, Val Acc: 78.63, Val Balanced Acc: 0.66
[2019-06-15 15:16:38] Epoch 182, LR: 0.001500, Train Loss: 0.557572, Val Loss: 0.618477, Train Acc: 79.85, Val Acc: 78.53, Val Balanced Acc: 0.65
[2019-06-15 15:25:38] Epoch 183, LR: 0.001500, Train Loss: 0.549296, Val Loss: 0.593630, Train Acc: 79.88, Val Acc: 78.61, Val Balanced Acc: 0.65
[2019-06-15 15:34:39] Epoch 184, LR: 0.001500, Train Loss: 0.551073, Val Loss: 0.593045, Train Acc: 79.54, Val Acc: 79.00, Val Balanced Acc: 0.64
[2019-06-15 15:43:40] Epoch 185, LR: 0.001500, Train Loss: 0.548927, Val Loss: 0.611312, Train Acc: 79.88, Val Acc: 78.13, Val Balanced Acc: 0.66
[2019-06-15 15:52:41] Epoch 186, LR: 0.001500, Train Loss: 0.547703, Val Loss: 0.592294, Train Acc: 79.73, Val Acc: 78.47, Val Balanced Acc: 0.63
[2019-06-15 16:01:43] Epoch 187, LR: 0.001500, Train Loss: 0.553852, Val Loss: 0.599189, Train Acc: 79.41, Val Acc: 78.58, Val Balanced Acc: 0.65
[2019-06-15 16:10:44] Epoch 188, LR: 0.001500, Train Loss: 0.545820, Val Loss: 0.622565, Train Acc: 79.74, Val Acc: 78.55, Val Balanced Acc: 0.69
[2019-06-15 16:19:45] Epoch 189, LR: 0.001500, Train Loss: 0.550825, Val Loss: 0.605893, Train Acc: 79.60, Val Acc: 78.82, Val Balanced Acc: 0.64
[2019-06-15 16:28:45] Epoch 190, LR: 0.001500, Train Loss: 0.545199, Val Loss: 0.612045, Train Acc: 79.76, Val Acc: 78.05, Val Balanced Acc: 0.65
[2019-06-15 16:37:47] Epoch 191, LR: 0.001500, Train Loss: 0.541811, Val Loss: 0.602025, Train Acc: 80.07, Val Acc: 78.84, Val Balanced Acc: 0.68
[2019-06-15 16:46:48] Epoch 192, LR: 0.001500, Train Loss: 0.543873, Val Loss: 0.604996, Train Acc: 79.77, Val Acc: 78.76, Val Balanced Acc: 0.67
[2019-06-15 16:55:47] Epoch 193, LR: 0.001500, Train Loss: 0.543078, Val Loss: 0.622269, Train Acc: 79.93, Val Acc: 78.71, Val Balanced Acc: 0.65
[2019-06-15 17:04:47] Epoch 194, LR: 0.001500, Train Loss: 0.542473, Val Loss: 0.599287, Train Acc: 80.48, Val Acc: 79.03, Val Balanced Acc: 0.65
[2019-06-15 17:13:47] Epoch 195, LR: 0.001500, Train Loss: 0.545488, Val Loss: 0.606395, Train Acc: 79.91, Val Acc: 78.92, Val Balanced Acc: 0.64
[2019-06-15 17:22:47] Epoch 196, LR: 0.001500, Train Loss: 0.548561, Val Loss: 0.601165, Train Acc: 79.84, Val Acc: 79.61, Val Balanced Acc: 0.69
[2019-06-15 17:31:47] Epoch 197, LR: 0.001500, Train Loss: 0.540787, Val Loss: 0.626773, Train Acc: 80.17, Val Acc: 78.08, Val Balanced Acc: 0.67
[2019-06-15 17:40:49] Epoch 198, LR: 0.001500, Train Loss: 0.543027, Val Loss: 0.639983, Train Acc: 79.90, Val Acc: 77.24, Val Balanced Acc: 0.66
[2019-06-15 17:49:50] Epoch 199, LR: 0.001500, Train Loss: 0.545654, Val Loss: 0.627811, Train Acc: 79.98, Val Acc: 78.00, Val Balanced Acc: 0.66
[2019-06-15 17:58:51] Epoch 200, LR: 0.001500, Train Loss: 0.540941, Val Loss: 0.599604, Train Acc: 80.22, Val Acc: 78.53, Val Balanced Acc: 0.69
[2019-06-15 18:07:52] Epoch 201, LR: 0.001500, Train Loss: 0.533721, Val Loss: 0.622402, Train Acc: 80.27, Val Acc: 78.39, Val Balanced Acc: 0.69
[2019-06-15 18:16:53] Epoch 202, LR: 0.001500, Train Loss: 0.538657, Val Loss: 0.606798, Train Acc: 80.34, Val Acc: 78.97, Val Balanced Acc: 0.68
[2019-06-15 18:25:53] Epoch 203, LR: 0.001500, Train Loss: 0.538381, Val Loss: 0.604600, Train Acc: 80.24, Val Acc: 78.66, Val Balanced Acc: 0.64
[2019-06-15 18:34:53] Epoch 204, LR: 0.001500, Train Loss: 0.532349, Val Loss: 0.613561, Train Acc: 80.47, Val Acc: 78.13, Val Balanced Acc: 0.67
[2019-06-15 18:43:54] Epoch 205, LR: 0.001500, Train Loss: 0.535116, Val Loss: 0.621474, Train Acc: 80.23, Val Acc: 78.29, Val Balanced Acc: 0.71
[2019-06-15 18:52:58] Epoch 206, LR: 0.001500, Train Loss: 0.531726, Val Loss: 0.616340, Train Acc: 80.44, Val Acc: 78.42, Val Balanced Acc: 0.69
[2019-06-15 19:01:58] Epoch 207, LR: 0.001500, Train Loss: 0.529156, Val Loss: 0.590311, Train Acc: 80.56, Val Acc: 79.32, Val Balanced Acc: 0.68
[2019-06-15 19:11:01] Epoch 208, LR: 0.001500, Train Loss: 0.533144, Val Loss: 0.601211, Train Acc: 80.56, Val Acc: 78.55, Val Balanced Acc: 0.67
[2019-06-15 19:20:02] Epoch 209, LR: 0.001500, Train Loss: 0.535494, Val Loss: 0.598838, Train Acc: 80.34, Val Acc: 78.24, Val Balanced Acc: 0.66
[2019-06-15 19:29:02] Epoch 210, LR: 0.001500, Train Loss: 0.540168, Val Loss: 0.607191, Train Acc: 80.29, Val Acc: 78.24, Val Balanced Acc: 0.66
[2019-06-15 19:38:04] Epoch 211, LR: 0.001500, Train Loss: 0.532173, Val Loss: 0.606884, Train Acc: 80.39, Val Acc: 78.39, Val Balanced Acc: 0.68
[2019-06-15 19:47:03] Epoch 212, LR: 0.001500, Train Loss: 0.535033, Val Loss: 0.590304, Train Acc: 80.28, Val Acc: 79.08, Val Balanced Acc: 0.67
[2019-06-15 19:56:05] Epoch 213, LR: 0.001500, Train Loss: 0.529624, Val Loss: 0.605613, Train Acc: 80.64, Val Acc: 78.92, Val Balanced Acc: 0.69
[2019-06-15 20:05:11] Epoch 214, LR: 0.001500, Train Loss: 0.527406, Val Loss: 0.601900, Train Acc: 80.68, Val Acc: 78.24, Val Balanced Acc: 0.66
[2019-06-15 20:14:18] Epoch 215, LR: 0.001500, Train Loss: 0.528904, Val Loss: 0.603120, Train Acc: 80.54, Val Acc: 78.42, Val Balanced Acc: 0.67
[2019-06-15 20:23:22] Epoch 216, LR: 0.001500, Train Loss: 0.532165, Val Loss: 0.623844, Train Acc: 80.35, Val Acc: 77.55, Val Balanced Acc: 0.67
[2019-06-15 20:32:23] Epoch 217, LR: 0.001500, Train Loss: 0.529232, Val Loss: 0.627776, Train Acc: 80.80, Val Acc: 78.58, Val Balanced Acc: 0.68
[2019-06-15 20:41:23] Epoch 218, LR: 0.001500, Train Loss: 0.532152, Val Loss: 0.619006, Train Acc: 80.32, Val Acc: 78.11, Val Balanced Acc: 0.67
[2019-06-15 20:50:25] Epoch 219, LR: 0.001500, Train Loss: 0.526588, Val Loss: 0.602470, Train Acc: 80.62, Val Acc: 78.34, Val Balanced Acc: 0.65
[2019-06-15 20:59:26] Epoch 220, LR: 0.001500, Train Loss: 0.526501, Val Loss: 0.598877, Train Acc: 80.25, Val Acc: 78.18, Val Balanced Acc: 0.66
[2019-06-15 21:08:27] Epoch 221, LR: 0.001500, Train Loss: 0.526166, Val Loss: 0.600638, Train Acc: 80.66, Val Acc: 78.87, Val Balanced Acc: 0.66
[2019-06-15 21:17:29] Epoch 222, LR: 0.000225, Train Loss: 0.472965, Val Loss: 0.559427, Train Acc: 82.93, Val Acc: 80.63, Val Balanced Acc: 0.71
[2019-06-15 21:26:28] Epoch 223, LR: 0.000225, Train Loss: 0.457521, Val Loss: 0.548253, Train Acc: 83.41, Val Acc: 80.68, Val Balanced Acc: 0.70
[2019-06-15 21:35:29] Epoch 224, LR: 0.000225, Train Loss: 0.451165, Val Loss: 0.539361, Train Acc: 83.49, Val Acc: 81.13, Val Balanced Acc: 0.69
[2019-06-15 21:44:29] Epoch 225, LR: 0.000225, Train Loss: 0.444789, Val Loss: 0.554636, Train Acc: 83.86, Val Acc: 80.87, Val Balanced Acc: 0.71
[2019-06-15 21:53:29] Epoch 226, LR: 0.000225, Train Loss: 0.434736, Val Loss: 0.542466, Train Acc: 84.19, Val Acc: 81.11, Val Balanced Acc: 0.71
[2019-06-15 22:02:28] Epoch 227, LR: 0.000225, Train Loss: 0.437747, Val Loss: 0.569032, Train Acc: 83.85, Val Acc: 80.66, Val Balanced Acc: 0.71
[2019-06-15 22:11:28] Epoch 228, LR: 0.000225, Train Loss: 0.430866, Val Loss: 0.545445, Train Acc: 84.55, Val Acc: 81.13, Val Balanced Acc: 0.71
[2019-06-15 22:20:28] Epoch 229, LR: 0.000225, Train Loss: 0.430341, Val Loss: 0.544873, Train Acc: 84.31, Val Acc: 80.89, Val Balanced Acc: 0.71
[2019-06-15 22:29:28] Epoch 230, LR: 0.000225, Train Loss: 0.429259, Val Loss: 0.559843, Train Acc: 84.51, Val Acc: 80.79, Val Balanced Acc: 0.71
[2019-06-15 22:38:28] Epoch 231, LR: 0.000225, Train Loss: 0.423488, Val Loss: 0.548601, Train Acc: 84.63, Val Acc: 80.92, Val Balanced Acc: 0.71
[2019-06-15 22:47:28] Epoch 232, LR: 0.000225, Train Loss: 0.428530, Val Loss: 0.545394, Train Acc: 84.22, Val Acc: 81.21, Val Balanced Acc: 0.71
[2019-06-15 22:56:28] Epoch 233, LR: 0.000225, Train Loss: 0.429416, Val Loss: 0.546828, Train Acc: 84.40, Val Acc: 80.97, Val Balanced Acc: 0.72
[2019-06-15 23:05:27] Epoch 234, LR: 0.000225, Train Loss: 0.423302, Val Loss: 0.542401, Train Acc: 84.62, Val Acc: 81.21, Val Balanced Acc: 0.70
[2019-06-15 23:14:27] Epoch 235, LR: 0.000225, Train Loss: 0.416740, Val Loss: 0.541441, Train Acc: 84.84, Val Acc: 81.45, Val Balanced Acc: 0.71
[2019-06-15 23:23:27] Epoch 236, LR: 0.000225, Train Loss: 0.424599, Val Loss: 0.550322, Train Acc: 84.65, Val Acc: 81.16, Val Balanced Acc: 0.72
[2019-06-15 23:32:27] Epoch 237, LR: 0.000225, Train Loss: 0.421491, Val Loss: 0.545041, Train Acc: 84.45, Val Acc: 81.13, Val Balanced Acc: 0.71
[2019-06-15 23:41:28] Epoch 238, LR: 0.000225, Train Loss: 0.421800, Val Loss: 0.542292, Train Acc: 84.55, Val Acc: 81.21, Val Balanced Acc: 0.73
[2019-06-15 23:50:29] Epoch 239, LR: 0.000225, Train Loss: 0.417775, Val Loss: 0.535291, Train Acc: 84.72, Val Acc: 81.47, Val Balanced Acc: 0.72
[2019-06-15 23:59:30] Epoch 240, LR: 0.000225, Train Loss: 0.419526, Val Loss: 0.537285, Train Acc: 84.66, Val Acc: 80.95, Val Balanced Acc: 0.70
[2019-06-16 00:08:33] Epoch 241, LR: 0.000225, Train Loss: 0.417472, Val Loss: 0.541451, Train Acc: 84.71, Val Acc: 81.08, Val Balanced Acc: 0.72
[2019-06-16 00:17:34] Epoch 242, LR: 0.000225, Train Loss: 0.415211, Val Loss: 0.539811, Train Acc: 84.62, Val Acc: 81.26, Val Balanced Acc: 0.71
[2019-06-16 00:26:36] Epoch 243, LR: 0.000225, Train Loss: 0.417771, Val Loss: 0.545033, Train Acc: 84.91, Val Acc: 80.58, Val Balanced Acc: 0.71
[2019-06-16 00:35:36] Epoch 244, LR: 0.000225, Train Loss: 0.411026, Val Loss: 0.553132, Train Acc: 85.26, Val Acc: 81.05, Val Balanced Acc: 0.71
[2019-06-16 00:44:36] Epoch 245, LR: 0.000225, Train Loss: 0.411551, Val Loss: 0.546143, Train Acc: 84.93, Val Acc: 81.32, Val Balanced Acc: 0.72
[2019-06-16 00:53:38] Epoch 246, LR: 0.000225, Train Loss: 0.408367, Val Loss: 0.541580, Train Acc: 84.96, Val Acc: 81.32, Val Balanced Acc: 0.71
[2019-06-16 01:02:38] Epoch 247, LR: 0.000225, Train Loss: 0.410401, Val Loss: 0.536900, Train Acc: 85.14, Val Acc: 81.89, Val Balanced Acc: 0.71
[2019-06-16 01:11:38] Epoch 248, LR: 0.000225, Train Loss: 0.409366, Val Loss: 0.550306, Train Acc: 84.89, Val Acc: 81.39, Val Balanced Acc: 0.72
[2019-06-16 01:20:39] Epoch 249, LR: 0.000225, Train Loss: 0.406920, Val Loss: 0.541310, Train Acc: 85.18, Val Acc: 81.18, Val Balanced Acc: 0.72
[2019-06-16 01:29:40] Epoch 250, LR: 0.000225, Train Loss: 0.407702, Val Loss: 0.541993, Train Acc: 85.16, Val Acc: 81.03, Val Balanced Acc: 0.70
[2019-06-16 01:38:41] Epoch 251, LR: 0.000225, Train Loss: 0.408048, Val Loss: 0.549408, Train Acc: 85.30, Val Acc: 81.11, Val Balanced Acc: 0.73
[2019-06-16 01:47:45] Epoch 252, LR: 0.000225, Train Loss: 0.405740, Val Loss: 0.550520, Train Acc: 85.31, Val Acc: 80.53, Val Balanced Acc: 0.72
[2019-06-16 01:56:46] Epoch 253, LR: 0.000225, Train Loss: 0.404895, Val Loss: 0.546415, Train Acc: 85.35, Val Acc: 80.87, Val Balanced Acc: 0.70
[2019-06-16 02:05:46] Epoch 254, LR: 0.000225, Train Loss: 0.410228, Val Loss: 0.528814, Train Acc: 85.07, Val Acc: 81.39, Val Balanced Acc: 0.72
[2019-06-16 02:14:47] Epoch 255, LR: 0.000225, Train Loss: 0.404223, Val Loss: 0.548391, Train Acc: 85.25, Val Acc: 80.87, Val Balanced Acc: 0.70
[2019-06-16 02:23:48] Epoch 256, LR: 0.000225, Train Loss: 0.406490, Val Loss: 0.533334, Train Acc: 84.98, Val Acc: 81.61, Val Balanced Acc: 0.71
[2019-06-16 02:32:47] Epoch 257, LR: 0.000225, Train Loss: 0.404019, Val Loss: 0.537995, Train Acc: 85.39, Val Acc: 81.11, Val Balanced Acc: 0.72
[2019-06-16 02:41:47] Epoch 258, LR: 0.000225, Train Loss: 0.402688, Val Loss: 0.557503, Train Acc: 85.34, Val Acc: 80.97, Val Balanced Acc: 0.71
[2019-06-16 02:50:48] Epoch 259, LR: 0.000225, Train Loss: 0.403026, Val Loss: 0.536432, Train Acc: 85.50, Val Acc: 80.95, Val Balanced Acc: 0.71
[2019-06-16 02:59:51] Epoch 260, LR: 0.000225, Train Loss: 0.403036, Val Loss: 0.548039, Train Acc: 85.50, Val Acc: 81.21, Val Balanced Acc: 0.71
[2019-06-16 03:08:53] Epoch 261, LR: 0.000225, Train Loss: 0.402363, Val Loss: 0.547163, Train Acc: 85.29, Val Acc: 81.21, Val Balanced Acc: 0.71
[2019-06-16 03:17:56] Epoch 262, LR: 0.000225, Train Loss: 0.403186, Val Loss: 0.541003, Train Acc: 85.50, Val Acc: 81.29, Val Balanced Acc: 0.71
[2019-06-16 03:26:57] Epoch 263, LR: 0.000225, Train Loss: 0.400218, Val Loss: 0.543272, Train Acc: 85.37, Val Acc: 81.55, Val Balanced Acc: 0.72
[2019-06-16 03:35:57] Epoch 264, LR: 0.000225, Train Loss: 0.397964, Val Loss: 0.550861, Train Acc: 85.42, Val Acc: 81.26, Val Balanced Acc: 0.71
[2019-06-16 03:44:57] Epoch 265, LR: 0.000225, Train Loss: 0.401797, Val Loss: 0.529608, Train Acc: 85.53, Val Acc: 81.29, Val Balanced Acc: 0.72
[2019-06-16 03:53:57] Epoch 266, LR: 0.000225, Train Loss: 0.396446, Val Loss: 0.541067, Train Acc: 85.45, Val Acc: 81.00, Val Balanced Acc: 0.71
[2019-06-16 04:02:57] Epoch 267, LR: 0.000225, Train Loss: 0.395948, Val Loss: 0.543969, Train Acc: 85.42, Val Acc: 81.11, Val Balanced Acc: 0.72
[2019-06-16 04:11:59] Epoch 268, LR: 0.000225, Train Loss: 0.397020, Val Loss: 0.554284, Train Acc: 85.53, Val Acc: 80.97, Val Balanced Acc: 0.72
[2019-06-16 04:20:58] Epoch 269, LR: 0.000225, Train Loss: 0.394014, Val Loss: 0.538894, Train Acc: 85.56, Val Acc: 81.66, Val Balanced Acc: 0.71
[2019-06-16 04:29:59] Epoch 270, LR: 0.000225, Train Loss: 0.392210, Val Loss: 0.540990, Train Acc: 85.59, Val Acc: 81.24, Val Balanced Acc: 0.71
[2019-06-16 04:39:00] Epoch 271, LR: 0.000225, Train Loss: 0.395719, Val Loss: 0.534400, Train Acc: 85.63, Val Acc: 81.63, Val Balanced Acc: 0.72
[2019-06-16 04:48:01] Epoch 272, LR: 0.000034, Train Loss: 0.383699, Val Loss: 0.528549, Train Acc: 86.09, Val Acc: 81.87, Val Balanced Acc: 0.73
[2019-06-16 04:57:02] Epoch 273, LR: 0.000034, Train Loss: 0.378082, Val Loss: 0.524603, Train Acc: 86.35, Val Acc: 81.89, Val Balanced Acc: 0.72
[2019-06-16 05:06:04] Epoch 274, LR: 0.000034, Train Loss: 0.378199, Val Loss: 0.530346, Train Acc: 86.19, Val Acc: 82.16, Val Balanced Acc: 0.72
[2019-06-16 05:15:08] Epoch 275, LR: 0.000034, Train Loss: 0.376731, Val Loss: 0.535298, Train Acc: 86.36, Val Acc: 81.84, Val Balanced Acc: 0.71
[2019-06-16 05:24:08] Epoch 276, LR: 0.000034, Train Loss: 0.375600, Val Loss: 0.525536, Train Acc: 86.24, Val Acc: 82.03, Val Balanced Acc: 0.72
[2019-06-16 05:33:08] Epoch 277, LR: 0.000034, Train Loss: 0.373582, Val Loss: 0.523184, Train Acc: 86.47, Val Acc: 82.24, Val Balanced Acc: 0.73
[2019-06-16 05:42:08] Epoch 278, LR: 0.000034, Train Loss: 0.371102, Val Loss: 0.526804, Train Acc: 86.83, Val Acc: 81.84, Val Balanced Acc: 0.72
[2019-06-16 05:51:08] Epoch 279, LR: 0.000034, Train Loss: 0.365534, Val Loss: 0.528042, Train Acc: 86.80, Val Acc: 82.13, Val Balanced Acc: 0.72
[2019-06-16 06:00:08] Epoch 280, LR: 0.000034, Train Loss: 0.374687, Val Loss: 0.527194, Train Acc: 86.48, Val Acc: 82.24, Val Balanced Acc: 0.73
[2019-06-16 06:09:08] Epoch 281, LR: 0.000034, Train Loss: 0.374512, Val Loss: 0.533262, Train Acc: 86.34, Val Acc: 82.08, Val Balanced Acc: 0.73
[2019-06-16 06:18:08] Epoch 282, LR: 0.000034, Train Loss: 0.370451, Val Loss: 0.529816, Train Acc: 86.70, Val Acc: 82.00, Val Balanced Acc: 0.73
[2019-06-16 06:27:08] Epoch 283, LR: 0.000034, Train Loss: 0.374329, Val Loss: 0.540002, Train Acc: 86.25, Val Acc: 81.92, Val Balanced Acc: 0.73
[2019-06-16 06:36:09] Epoch 284, LR: 0.000034, Train Loss: 0.373562, Val Loss: 0.527996, Train Acc: 86.52, Val Acc: 82.08, Val Balanced Acc: 0.73
[2019-06-16 06:45:13] Epoch 285, LR: 0.000034, Train Loss: 0.365604, Val Loss: 0.526156, Train Acc: 86.98, Val Acc: 82.26, Val Balanced Acc: 0.73
[2019-06-16 06:54:14] Epoch 286, LR: 0.000034, Train Loss: 0.368498, Val Loss: 0.525447, Train Acc: 86.61, Val Acc: 81.84, Val Balanced Acc: 0.72
[2019-06-16 07:03:15] Epoch 287, LR: 0.000034, Train Loss: 0.372681, Val Loss: 0.529136, Train Acc: 86.55, Val Acc: 82.11, Val Balanced Acc: 0.72
[2019-06-16 07:12:16] Epoch 288, LR: 0.000034, Train Loss: 0.370977, Val Loss: 0.543598, Train Acc: 86.48, Val Acc: 81.61, Val Balanced Acc: 0.72
[2019-06-16 07:21:17] Epoch 289, LR: 0.000034, Train Loss: 0.367491, Val Loss: 0.530878, Train Acc: 86.43, Val Acc: 82.13, Val Balanced Acc: 0.72
[2019-06-16 07:30:18] Epoch 290, LR: 0.000034, Train Loss: 0.363863, Val Loss: 0.528033, Train Acc: 86.94, Val Acc: 81.95, Val Balanced Acc: 0.72
[2019-06-16 07:39:21] Epoch 291, LR: 0.000034, Train Loss: 0.366037, Val Loss: 0.527684, Train Acc: 86.54, Val Acc: 82.21, Val Balanced Acc: 0.72
[2019-06-16 07:48:27] Epoch 292, LR: 0.000034, Train Loss: 0.362254, Val Loss: 0.531316, Train Acc: 86.80, Val Acc: 81.53, Val Balanced Acc: 0.72
[2019-06-16 07:57:28] Epoch 293, LR: 0.000034, Train Loss: 0.364824, Val Loss: 0.528756, Train Acc: 86.65, Val Acc: 81.79, Val Balanced Acc: 0.72
[2019-06-16 08:06:28] Epoch 294, LR: 0.000034, Train Loss: 0.367169, Val Loss: 0.526388, Train Acc: 86.65, Val Acc: 81.66, Val Balanced Acc: 0.72
[2019-06-16 08:15:30] Epoch 295, LR: 0.000034, Train Loss: 0.364182, Val Loss: 0.531997, Train Acc: 86.91, Val Acc: 81.55, Val Balanced Acc: 0.72
[2019-06-16 08:24:31] Epoch 296, LR: 0.000034, Train Loss: 0.367717, Val Loss: 0.535448, Train Acc: 86.57, Val Acc: 81.66, Val Balanced Acc: 0.72
[2019-06-16 08:33:31] Epoch 297, LR: 0.000034, Train Loss: 0.370541, Val Loss: 0.534988, Train Acc: 86.64, Val Acc: 81.71, Val Balanced Acc: 0.72
[2019-06-16 08:42:31] Epoch 298, LR: 0.000034, Train Loss: 0.362314, Val Loss: 0.525650, Train Acc: 86.80, Val Acc: 81.76, Val Balanced Acc: 0.72
[2019-06-16 08:51:33] Epoch 299, LR: 0.000034, Train Loss: 0.371630, Val Loss: 0.532007, Train Acc: 86.48, Val Acc: 81.66, Val Balanced Acc: 0.71
[2019-06-16 09:00:33] Epoch 300, LR: 0.000034, Train Loss: 0.366248, Val Loss: 0.529251, Train Acc: 86.61, Val Acc: 81.84, Val Balanced Acc: 0.72

------------------------
Best Validation Accuracy 82.2632 at epoch 285
Best Validation Balanced Accuracy 0.7320 at epoch 272
------------------------

