results/efficientnet_sgd_lr0.01_d1.0_w1.0_r1.0_c1.0_DA_steplr_phase3_CustomDA_CoefficientSearch/
Data loaded!

8 Classes detected!
verbose: False
output_dir: results/efficientnet_sgd_lr0.01_d1.0_w1.0_r1.0_c1.0_DA_steplr_phase3_CustomDA_CoefficientSearch/
path_extension: steplr_phase3_CustomDA_CoefficientSearch
compound_coefficient: 1.0
batch_size: 32
epochs: 300
crop_size: 224
learning_rate: 0.01
depth_coefficient: 1.0
img_size: 256
width_coefficient: 1.0
data_augmentation: True
model_name: efficientnet
freezed_epochs: 0
optimizer: sgd
balanced_sampler: False
pretrained_imagenet: False
resolution_coefficient: 1.0

---- Start Training ----
[2019-07-08 10:33:28] Epoch 1, LR: 0.010000, Train Loss: 1.243128, Val Loss: 1.075636, Train Acc: 55.36, Val Acc: 59.66, Val Balanced Acc: 0.24
[2019-07-08 10:42:35] Epoch 2, LR: 0.010000, Train Loss: 1.125984, Val Loss: 1.025081, Train Acc: 59.17, Val Acc: 63.24, Val Balanced Acc: 0.27
[2019-07-08 10:51:38] Epoch 3, LR: 0.010000, Train Loss: 1.088133, Val Loss: 0.989961, Train Acc: 60.75, Val Acc: 65.42, Val Balanced Acc: 0.34
[2019-07-08 11:00:37] Epoch 4, LR: 0.010000, Train Loss: 1.053065, Val Loss: 0.976619, Train Acc: 61.80, Val Acc: 64.34, Val Balanced Acc: 0.32
[2019-07-08 11:09:38] Epoch 5, LR: 0.010000, Train Loss: 1.033214, Val Loss: 0.951002, Train Acc: 62.46, Val Acc: 65.29, Val Balanced Acc: 0.34
[2019-07-08 11:18:38] Epoch 6, LR: 0.010000, Train Loss: 1.017879, Val Loss: 0.932819, Train Acc: 63.06, Val Acc: 66.26, Val Balanced Acc: 0.37
[2019-07-08 11:27:38] Epoch 7, LR: 0.010000, Train Loss: 0.997273, Val Loss: 0.904487, Train Acc: 64.04, Val Acc: 67.68, Val Balanced Acc: 0.38
[2019-07-08 11:36:40] Epoch 8, LR: 0.010000, Train Loss: 0.980366, Val Loss: 0.907097, Train Acc: 64.38, Val Acc: 66.71, Val Balanced Acc: 0.36
[2019-07-08 11:45:41] Epoch 9, LR: 0.010000, Train Loss: 0.968735, Val Loss: 0.886511, Train Acc: 64.56, Val Acc: 68.03, Val Balanced Acc: 0.37
[2019-07-08 11:54:42] Epoch 10, LR: 0.010000, Train Loss: 0.958618, Val Loss: 0.869026, Train Acc: 65.01, Val Acc: 68.08, Val Balanced Acc: 0.39
[2019-07-08 12:03:43] Epoch 11, LR: 0.010000, Train Loss: 0.945443, Val Loss: 0.912569, Train Acc: 65.41, Val Acc: 67.24, Val Balanced Acc: 0.40
[2019-07-08 12:12:45] Epoch 12, LR: 0.010000, Train Loss: 0.934380, Val Loss: 0.866850, Train Acc: 65.95, Val Acc: 69.34, Val Balanced Acc: 0.42
[2019-07-08 12:21:46] Epoch 13, LR: 0.010000, Train Loss: 0.924930, Val Loss: 0.866505, Train Acc: 66.11, Val Acc: 68.08, Val Balanced Acc: 0.41
[2019-07-08 12:30:46] Epoch 14, LR: 0.010000, Train Loss: 0.919009, Val Loss: 0.896900, Train Acc: 66.49, Val Acc: 67.42, Val Balanced Acc: 0.41
[2019-07-08 12:39:47] Epoch 15, LR: 0.010000, Train Loss: 0.919196, Val Loss: 0.854039, Train Acc: 66.72, Val Acc: 69.45, Val Balanced Acc: 0.43
[2019-07-08 12:48:48] Epoch 16, LR: 0.010000, Train Loss: 0.908818, Val Loss: 0.846931, Train Acc: 66.64, Val Acc: 69.05, Val Balanced Acc: 0.42
[2019-07-08 12:57:47] Epoch 17, LR: 0.010000, Train Loss: 0.900386, Val Loss: 0.831773, Train Acc: 66.74, Val Acc: 69.74, Val Balanced Acc: 0.41
[2019-07-08 13:06:50] Epoch 18, LR: 0.010000, Train Loss: 0.898316, Val Loss: 0.881882, Train Acc: 66.82, Val Acc: 68.16, Val Balanced Acc: 0.43
[2019-07-08 13:15:50] Epoch 19, LR: 0.010000, Train Loss: 0.893293, Val Loss: 0.820605, Train Acc: 67.24, Val Acc: 70.34, Val Balanced Acc: 0.47
[2019-07-08 13:24:51] Epoch 20, LR: 0.010000, Train Loss: 0.886758, Val Loss: 0.864295, Train Acc: 67.20, Val Acc: 68.53, Val Balanced Acc: 0.47
[2019-07-08 13:33:52] Epoch 21, LR: 0.010000, Train Loss: 0.890590, Val Loss: 0.849131, Train Acc: 67.13, Val Acc: 69.47, Val Balanced Acc: 0.42
[2019-07-08 13:42:55] Epoch 22, LR: 0.010000, Train Loss: 0.886778, Val Loss: 0.825654, Train Acc: 67.58, Val Acc: 70.16, Val Balanced Acc: 0.44
[2019-07-08 13:51:57] Epoch 23, LR: 0.010000, Train Loss: 0.880387, Val Loss: 0.880040, Train Acc: 68.11, Val Acc: 68.95, Val Balanced Acc: 0.43
[2019-07-08 14:00:59] Epoch 24, LR: 0.010000, Train Loss: 0.876991, Val Loss: 0.830339, Train Acc: 67.79, Val Acc: 70.24, Val Balanced Acc: 0.47
[2019-07-08 14:10:01] Epoch 25, LR: 0.010000, Train Loss: 0.871371, Val Loss: 0.863109, Train Acc: 68.11, Val Acc: 67.74, Val Balanced Acc: 0.42
[2019-07-08 14:19:03] Epoch 26, LR: 0.010000, Train Loss: 0.869136, Val Loss: 0.821157, Train Acc: 67.96, Val Acc: 70.05, Val Balanced Acc: 0.47
[2019-07-08 14:28:07] Epoch 27, LR: 0.010000, Train Loss: 0.864481, Val Loss: 0.822125, Train Acc: 68.00, Val Acc: 70.29, Val Balanced Acc: 0.46
[2019-07-08 14:37:08] Epoch 28, LR: 0.010000, Train Loss: 0.871301, Val Loss: 0.823475, Train Acc: 67.85, Val Acc: 70.84, Val Balanced Acc: 0.47
[2019-07-08 14:46:09] Epoch 29, LR: 0.010000, Train Loss: 0.864692, Val Loss: 0.788037, Train Acc: 68.08, Val Acc: 71.26, Val Balanced Acc: 0.50
[2019-07-08 14:55:13] Epoch 30, LR: 0.010000, Train Loss: 0.860296, Val Loss: 0.817531, Train Acc: 68.66, Val Acc: 72.13, Val Balanced Acc: 0.52
[2019-07-08 15:04:17] Epoch 31, LR: 0.010000, Train Loss: 0.861226, Val Loss: 0.818328, Train Acc: 68.39, Val Acc: 70.82, Val Balanced Acc: 0.48
[2019-07-08 15:13:21] Epoch 32, LR: 0.010000, Train Loss: 0.859483, Val Loss: 0.788372, Train Acc: 68.49, Val Acc: 72.61, Val Balanced Acc: 0.53
[2019-07-08 15:22:24] Epoch 33, LR: 0.010000, Train Loss: 0.864750, Val Loss: 0.855096, Train Acc: 68.11, Val Acc: 68.55, Val Balanced Acc: 0.49
[2019-07-08 15:31:25] Epoch 34, LR: 0.010000, Train Loss: 0.857410, Val Loss: 0.826302, Train Acc: 68.49, Val Acc: 71.08, Val Balanced Acc: 0.49
[2019-07-08 15:40:27] Epoch 35, LR: 0.010000, Train Loss: 0.854225, Val Loss: 0.820554, Train Acc: 68.52, Val Acc: 71.08, Val Balanced Acc: 0.54
[2019-07-08 15:49:29] Epoch 36, LR: 0.010000, Train Loss: 0.857022, Val Loss: 0.794039, Train Acc: 68.56, Val Acc: 71.16, Val Balanced Acc: 0.47
[2019-07-08 15:58:32] Epoch 37, LR: 0.010000, Train Loss: 0.851595, Val Loss: 0.869771, Train Acc: 68.50, Val Acc: 69.24, Val Balanced Acc: 0.45
[2019-07-08 16:07:37] Epoch 38, LR: 0.010000, Train Loss: 0.848902, Val Loss: 0.774231, Train Acc: 68.97, Val Acc: 72.05, Val Balanced Acc: 0.50
[2019-07-08 16:16:41] Epoch 39, LR: 0.010000, Train Loss: 0.857133, Val Loss: 0.836725, Train Acc: 68.72, Val Acc: 69.61, Val Balanced Acc: 0.48
[2019-07-08 16:25:43] Epoch 40, LR: 0.010000, Train Loss: 0.851461, Val Loss: 0.817101, Train Acc: 68.67, Val Acc: 71.26, Val Balanced Acc: 0.45
[2019-07-08 16:34:47] Epoch 41, LR: 0.010000, Train Loss: 0.842016, Val Loss: 0.806222, Train Acc: 69.13, Val Acc: 70.47, Val Balanced Acc: 0.47
[2019-07-08 16:43:50] Epoch 42, LR: 0.010000, Train Loss: 0.850068, Val Loss: 0.798235, Train Acc: 68.90, Val Acc: 72.11, Val Balanced Acc: 0.48
[2019-07-08 16:52:53] Epoch 43, LR: 0.010000, Train Loss: 0.848989, Val Loss: 0.781628, Train Acc: 68.75, Val Acc: 71.97, Val Balanced Acc: 0.50
[2019-07-08 17:01:56] Epoch 44, LR: 0.010000, Train Loss: 0.846320, Val Loss: 0.800133, Train Acc: 68.89, Val Acc: 71.45, Val Balanced Acc: 0.53
[2019-07-08 17:10:57] Epoch 45, LR: 0.010000, Train Loss: 0.839620, Val Loss: 0.800478, Train Acc: 69.27, Val Acc: 71.50, Val Balanced Acc: 0.53
[2019-07-08 17:19:59] Epoch 46, LR: 0.010000, Train Loss: 0.846979, Val Loss: 0.831890, Train Acc: 68.81, Val Acc: 70.39, Val Balanced Acc: 0.53
[2019-07-08 17:29:01] Epoch 47, LR: 0.010000, Train Loss: 0.838002, Val Loss: 0.778925, Train Acc: 69.41, Val Acc: 72.05, Val Balanced Acc: 0.49
[2019-07-08 17:38:02] Epoch 48, LR: 0.010000, Train Loss: 0.843966, Val Loss: 0.829050, Train Acc: 68.78, Val Acc: 71.26, Val Balanced Acc: 0.54
[2019-07-08 17:47:03] Epoch 49, LR: 0.010000, Train Loss: 0.839680, Val Loss: 0.851460, Train Acc: 69.03, Val Acc: 70.45, Val Balanced Acc: 0.52
[2019-07-08 17:56:04] Epoch 50, LR: 0.010000, Train Loss: 0.840002, Val Loss: 0.879982, Train Acc: 68.81, Val Acc: 67.71, Val Balanced Acc: 0.50
[2019-07-08 18:05:06] Epoch 51, LR: 0.010000, Train Loss: 0.843426, Val Loss: 0.787030, Train Acc: 69.11, Val Acc: 72.21, Val Balanced Acc: 0.52
[2019-07-08 18:14:08] Epoch 52, LR: 0.010000, Train Loss: 0.837150, Val Loss: 0.768066, Train Acc: 69.34, Val Acc: 72.55, Val Balanced Acc: 0.55
[2019-07-08 18:23:09] Epoch 53, LR: 0.010000, Train Loss: 0.840561, Val Loss: 0.791363, Train Acc: 69.24, Val Acc: 70.63, Val Balanced Acc: 0.49
[2019-07-08 18:32:10] Epoch 54, LR: 0.010000, Train Loss: 0.835665, Val Loss: 0.802527, Train Acc: 69.09, Val Acc: 71.00, Val Balanced Acc: 0.51
[2019-07-08 18:41:11] Epoch 55, LR: 0.010000, Train Loss: 0.838312, Val Loss: 0.898013, Train Acc: 69.37, Val Acc: 67.21, Val Balanced Acc: 0.52
[2019-07-08 18:50:14] Epoch 56, LR: 0.010000, Train Loss: 0.830605, Val Loss: 0.798053, Train Acc: 69.28, Val Acc: 71.92, Val Balanced Acc: 0.48
[2019-07-08 18:59:17] Epoch 57, LR: 0.010000, Train Loss: 0.828994, Val Loss: 0.810109, Train Acc: 69.45, Val Acc: 72.61, Val Balanced Acc: 0.53
[2019-07-08 19:08:18] Epoch 58, LR: 0.010000, Train Loss: 0.825526, Val Loss: 0.786265, Train Acc: 69.71, Val Acc: 73.53, Val Balanced Acc: 0.55
[2019-07-08 19:17:19] Epoch 59, LR: 0.010000, Train Loss: 0.827527, Val Loss: 0.783187, Train Acc: 69.47, Val Acc: 72.37, Val Balanced Acc: 0.51
[2019-07-08 19:26:19] Epoch 60, LR: 0.010000, Train Loss: 0.827499, Val Loss: 0.815520, Train Acc: 69.67, Val Acc: 70.61, Val Balanced Acc: 0.52
[2019-07-08 19:35:19] Epoch 61, LR: 0.010000, Train Loss: 0.823963, Val Loss: 0.777090, Train Acc: 69.71, Val Acc: 72.13, Val Balanced Acc: 0.46
[2019-07-08 19:44:21] Epoch 62, LR: 0.010000, Train Loss: 0.826367, Val Loss: 0.829325, Train Acc: 69.69, Val Acc: 71.32, Val Balanced Acc: 0.56
[2019-07-08 19:53:24] Epoch 63, LR: 0.010000, Train Loss: 0.823250, Val Loss: 0.795849, Train Acc: 69.66, Val Acc: 70.89, Val Balanced Acc: 0.55
[2019-07-08 20:02:25] Epoch 64, LR: 0.010000, Train Loss: 0.826746, Val Loss: 0.786704, Train Acc: 69.86, Val Acc: 71.89, Val Balanced Acc: 0.52
[2019-07-08 20:11:27] Epoch 65, LR: 0.010000, Train Loss: 0.824802, Val Loss: 0.769444, Train Acc: 69.56, Val Acc: 72.18, Val Balanced Acc: 0.50
[2019-07-08 20:20:31] Epoch 66, LR: 0.010000, Train Loss: 0.820554, Val Loss: 0.780524, Train Acc: 70.19, Val Acc: 71.95, Val Balanced Acc: 0.55
[2019-07-08 20:29:32] Epoch 67, LR: 0.010000, Train Loss: 0.817011, Val Loss: 0.886667, Train Acc: 69.96, Val Acc: 68.11, Val Balanced Acc: 0.52
[2019-07-08 20:38:33] Epoch 68, LR: 0.010000, Train Loss: 0.820658, Val Loss: 0.789339, Train Acc: 69.92, Val Acc: 71.84, Val Balanced Acc: 0.52
[2019-07-08 20:47:34] Epoch 69, LR: 0.010000, Train Loss: 0.817111, Val Loss: 0.792490, Train Acc: 70.35, Val Acc: 71.92, Val Balanced Acc: 0.53
[2019-07-08 20:56:35] Epoch 70, LR: 0.010000, Train Loss: 0.819400, Val Loss: 0.795887, Train Acc: 70.02, Val Acc: 71.11, Val Balanced Acc: 0.51
[2019-07-08 21:05:36] Epoch 71, LR: 0.010000, Train Loss: 0.819463, Val Loss: 0.751406, Train Acc: 70.01, Val Acc: 73.50, Val Balanced Acc: 0.52
[2019-07-08 21:14:37] Epoch 72, LR: 0.010000, Train Loss: 0.820083, Val Loss: 0.782219, Train Acc: 70.13, Val Acc: 72.74, Val Balanced Acc: 0.49
[2019-07-08 21:23:38] Epoch 73, LR: 0.010000, Train Loss: 0.817388, Val Loss: 0.775272, Train Acc: 69.90, Val Acc: 72.76, Val Balanced Acc: 0.51
[2019-07-08 21:32:39] Epoch 74, LR: 0.010000, Train Loss: 0.817706, Val Loss: 0.799109, Train Acc: 69.82, Val Acc: 71.26, Val Balanced Acc: 0.49
[2019-07-08 21:41:40] Epoch 75, LR: 0.010000, Train Loss: 0.812654, Val Loss: 0.761748, Train Acc: 70.07, Val Acc: 72.53, Val Balanced Acc: 0.51
[2019-07-08 21:50:41] Epoch 76, LR: 0.010000, Train Loss: 0.812394, Val Loss: 0.775526, Train Acc: 70.17, Val Acc: 72.66, Val Balanced Acc: 0.50
[2019-07-08 21:59:42] Epoch 77, LR: 0.010000, Train Loss: 0.806040, Val Loss: 0.773174, Train Acc: 70.63, Val Acc: 72.32, Val Balanced Acc: 0.55
[2019-07-08 22:08:42] Epoch 78, LR: 0.010000, Train Loss: 0.809551, Val Loss: 0.854351, Train Acc: 70.11, Val Acc: 70.47, Val Balanced Acc: 0.52
[2019-07-08 22:17:43] Epoch 79, LR: 0.010000, Train Loss: 0.810635, Val Loss: 0.814897, Train Acc: 70.31, Val Acc: 70.34, Val Balanced Acc: 0.54
[2019-07-08 22:26:45] Epoch 80, LR: 0.010000, Train Loss: 0.805311, Val Loss: 0.794299, Train Acc: 70.58, Val Acc: 71.89, Val Balanced Acc: 0.50
[2019-07-08 22:35:48] Epoch 81, LR: 0.010000, Train Loss: 0.804817, Val Loss: 0.792531, Train Acc: 70.71, Val Acc: 71.71, Val Balanced Acc: 0.51
[2019-07-08 22:44:51] Epoch 82, LR: 0.010000, Train Loss: 0.806722, Val Loss: 0.753752, Train Acc: 70.63, Val Acc: 73.08, Val Balanced Acc: 0.53
[2019-07-08 22:53:52] Epoch 83, LR: 0.010000, Train Loss: 0.802827, Val Loss: 0.783893, Train Acc: 70.55, Val Acc: 72.45, Val Balanced Acc: 0.53
[2019-07-08 23:02:53] Epoch 84, LR: 0.010000, Train Loss: 0.806686, Val Loss: 0.781867, Train Acc: 70.11, Val Acc: 71.82, Val Balanced Acc: 0.49
[2019-07-08 23:11:54] Epoch 85, LR: 0.010000, Train Loss: 0.806422, Val Loss: 0.767152, Train Acc: 70.35, Val Acc: 71.97, Val Balanced Acc: 0.51
[2019-07-08 23:20:57] Epoch 86, LR: 0.010000, Train Loss: 0.802116, Val Loss: 0.758003, Train Acc: 70.59, Val Acc: 73.26, Val Balanced Acc: 0.55
[2019-07-08 23:29:58] Epoch 87, LR: 0.010000, Train Loss: 0.798692, Val Loss: 0.762197, Train Acc: 70.51, Val Acc: 72.24, Val Balanced Acc: 0.54
[2019-07-08 23:39:00] Epoch 88, LR: 0.010000, Train Loss: 0.800432, Val Loss: 0.745469, Train Acc: 70.67, Val Acc: 73.97, Val Balanced Acc: 0.52
[2019-07-08 23:48:02] Epoch 89, LR: 0.010000, Train Loss: 0.798979, Val Loss: 0.814460, Train Acc: 70.70, Val Acc: 71.13, Val Balanced Acc: 0.51
[2019-07-08 23:57:03] Epoch 90, LR: 0.010000, Train Loss: 0.797877, Val Loss: 0.768698, Train Acc: 70.84, Val Acc: 71.79, Val Balanced Acc: 0.50
[2019-07-09 00:06:06] Epoch 91, LR: 0.010000, Train Loss: 0.800628, Val Loss: 0.741480, Train Acc: 70.69, Val Acc: 74.37, Val Balanced Acc: 0.56
[2019-07-09 00:15:06] Epoch 92, LR: 0.010000, Train Loss: 0.793892, Val Loss: 0.805701, Train Acc: 70.96, Val Acc: 72.05, Val Balanced Acc: 0.51
[2019-07-09 00:24:07] Epoch 93, LR: 0.010000, Train Loss: 0.790599, Val Loss: 0.753155, Train Acc: 70.94, Val Acc: 72.74, Val Balanced Acc: 0.54
[2019-07-09 00:33:08] Epoch 94, LR: 0.010000, Train Loss: 0.798842, Val Loss: 0.769355, Train Acc: 70.75, Val Acc: 73.11, Val Balanced Acc: 0.52
[2019-07-09 00:42:10] Epoch 95, LR: 0.010000, Train Loss: 0.796275, Val Loss: 0.771389, Train Acc: 70.95, Val Acc: 71.82, Val Balanced Acc: 0.51
[2019-07-09 00:51:12] Epoch 96, LR: 0.010000, Train Loss: 0.790774, Val Loss: 0.741296, Train Acc: 71.05, Val Acc: 73.53, Val Balanced Acc: 0.56
[2019-07-09 01:00:13] Epoch 97, LR: 0.010000, Train Loss: 0.791636, Val Loss: 0.879286, Train Acc: 71.06, Val Acc: 69.13, Val Balanced Acc: 0.58
[2019-07-09 01:09:14] Epoch 98, LR: 0.010000, Train Loss: 0.800126, Val Loss: 0.771298, Train Acc: 70.85, Val Acc: 72.87, Val Balanced Acc: 0.55
[2019-07-09 01:18:16] Epoch 99, LR: 0.010000, Train Loss: 0.793112, Val Loss: 0.755673, Train Acc: 70.88, Val Acc: 72.87, Val Balanced Acc: 0.51
[2019-07-09 01:27:16] Epoch 100, LR: 0.010000, Train Loss: 0.787955, Val Loss: 0.791497, Train Acc: 71.12, Val Acc: 71.66, Val Balanced Acc: 0.51
[2019-07-09 01:36:15] Epoch 101, LR: 0.010000, Train Loss: 0.788396, Val Loss: 0.784166, Train Acc: 71.02, Val Acc: 72.68, Val Balanced Acc: 0.53
[2019-07-09 01:45:16] Epoch 102, LR: 0.010000, Train Loss: 0.791066, Val Loss: 0.752410, Train Acc: 70.73, Val Acc: 72.95, Val Balanced Acc: 0.53
[2019-07-09 01:54:17] Epoch 103, LR: 0.010000, Train Loss: 0.791227, Val Loss: 0.746886, Train Acc: 71.13, Val Acc: 73.47, Val Balanced Acc: 0.52
[2019-07-09 02:03:20] Epoch 104, LR: 0.010000, Train Loss: 0.779779, Val Loss: 0.754112, Train Acc: 71.32, Val Acc: 73.37, Val Balanced Acc: 0.57
[2019-07-09 02:12:21] Epoch 105, LR: 0.010000, Train Loss: 0.791465, Val Loss: 0.742128, Train Acc: 70.97, Val Acc: 73.47, Val Balanced Acc: 0.56
[2019-07-09 02:21:22] Epoch 106, LR: 0.010000, Train Loss: 0.790286, Val Loss: 0.750235, Train Acc: 71.05, Val Acc: 73.47, Val Balanced Acc: 0.51
[2019-07-09 02:30:24] Epoch 107, LR: 0.010000, Train Loss: 0.787079, Val Loss: 0.724277, Train Acc: 71.10, Val Acc: 74.11, Val Balanced Acc: 0.56
[2019-07-09 02:39:25] Epoch 108, LR: 0.010000, Train Loss: 0.777289, Val Loss: 0.759198, Train Acc: 71.35, Val Acc: 73.18, Val Balanced Acc: 0.53
[2019-07-09 02:48:28] Epoch 109, LR: 0.010000, Train Loss: 0.784730, Val Loss: 0.812100, Train Acc: 71.40, Val Acc: 71.18, Val Balanced Acc: 0.59
[2019-07-09 02:57:30] Epoch 110, LR: 0.010000, Train Loss: 0.780029, Val Loss: 0.763433, Train Acc: 71.38, Val Acc: 72.71, Val Balanced Acc: 0.56
[2019-07-09 03:06:31] Epoch 111, LR: 0.010000, Train Loss: 0.783646, Val Loss: 0.737383, Train Acc: 71.16, Val Acc: 73.26, Val Balanced Acc: 0.57
[2019-07-09 03:15:32] Epoch 112, LR: 0.010000, Train Loss: 0.781029, Val Loss: 0.779545, Train Acc: 71.47, Val Acc: 71.79, Val Balanced Acc: 0.53
[2019-07-09 03:24:34] Epoch 113, LR: 0.010000, Train Loss: 0.781956, Val Loss: 0.747926, Train Acc: 71.27, Val Acc: 72.58, Val Balanced Acc: 0.52
[2019-07-09 03:33:35] Epoch 114, LR: 0.010000, Train Loss: 0.780022, Val Loss: 0.780585, Train Acc: 71.22, Val Acc: 72.71, Val Balanced Acc: 0.55
[2019-07-09 03:42:36] Epoch 115, LR: 0.010000, Train Loss: 0.775889, Val Loss: 0.745618, Train Acc: 71.29, Val Acc: 73.84, Val Balanced Acc: 0.58
[2019-07-09 03:51:40] Epoch 116, LR: 0.010000, Train Loss: 0.776530, Val Loss: 0.734375, Train Acc: 71.61, Val Acc: 73.92, Val Balanced Acc: 0.52
[2019-07-09 04:00:43] Epoch 117, LR: 0.010000, Train Loss: 0.776487, Val Loss: 0.720625, Train Acc: 71.51, Val Acc: 74.82, Val Balanced Acc: 0.56
[2019-07-09 04:09:45] Epoch 118, LR: 0.010000, Train Loss: 0.779699, Val Loss: 0.785166, Train Acc: 71.46, Val Acc: 70.97, Val Balanced Acc: 0.49
[2019-07-09 04:18:45] Epoch 119, LR: 0.010000, Train Loss: 0.781688, Val Loss: 0.731904, Train Acc: 71.21, Val Acc: 74.34, Val Balanced Acc: 0.57
[2019-07-09 04:27:45] Epoch 120, LR: 0.010000, Train Loss: 0.774949, Val Loss: 0.814565, Train Acc: 71.58, Val Acc: 70.29, Val Balanced Acc: 0.52
[2019-07-09 04:36:46] Epoch 121, LR: 0.010000, Train Loss: 0.771877, Val Loss: 0.721895, Train Acc: 71.58, Val Acc: 74.34, Val Balanced Acc: 0.56
[2019-07-09 04:45:47] Epoch 122, LR: 0.010000, Train Loss: 0.768581, Val Loss: 0.799211, Train Acc: 71.90, Val Acc: 72.42, Val Balanced Acc: 0.53
[2019-07-09 04:54:48] Epoch 123, LR: 0.010000, Train Loss: 0.769510, Val Loss: 0.739728, Train Acc: 71.99, Val Acc: 74.18, Val Balanced Acc: 0.59
[2019-07-09 05:03:51] Epoch 124, LR: 0.010000, Train Loss: 0.769975, Val Loss: 0.715260, Train Acc: 71.58, Val Acc: 74.34, Val Balanced Acc: 0.55
[2019-07-09 05:12:52] Epoch 125, LR: 0.010000, Train Loss: 0.771984, Val Loss: 0.796008, Train Acc: 71.72, Val Acc: 71.95, Val Balanced Acc: 0.54
[2019-07-09 05:21:52] Epoch 126, LR: 0.010000, Train Loss: 0.773883, Val Loss: 0.758293, Train Acc: 71.47, Val Acc: 73.34, Val Balanced Acc: 0.55
[2019-07-09 05:30:53] Epoch 127, LR: 0.010000, Train Loss: 0.771344, Val Loss: 0.756997, Train Acc: 71.77, Val Acc: 73.13, Val Balanced Acc: 0.52
[2019-07-09 05:39:57] Epoch 128, LR: 0.010000, Train Loss: 0.772663, Val Loss: 0.775960, Train Acc: 71.54, Val Acc: 72.13, Val Balanced Acc: 0.54
[2019-07-09 05:49:01] Epoch 129, LR: 0.010000, Train Loss: 0.769812, Val Loss: 0.759728, Train Acc: 71.84, Val Acc: 73.50, Val Balanced Acc: 0.59
[2019-07-09 05:58:02] Epoch 130, LR: 0.010000, Train Loss: 0.770420, Val Loss: 0.782220, Train Acc: 71.56, Val Acc: 72.71, Val Balanced Acc: 0.51
[2019-07-09 06:07:02] Epoch 131, LR: 0.010000, Train Loss: 0.777094, Val Loss: 0.828202, Train Acc: 71.49, Val Acc: 70.97, Val Balanced Acc: 0.53
[2019-07-09 06:16:05] Epoch 132, LR: 0.010000, Train Loss: 0.765719, Val Loss: 0.727509, Train Acc: 71.89, Val Acc: 73.76, Val Balanced Acc: 0.58
[2019-07-09 06:25:07] Epoch 133, LR: 0.010000, Train Loss: 0.766919, Val Loss: 0.775818, Train Acc: 71.96, Val Acc: 71.84, Val Balanced Acc: 0.53
[2019-07-09 06:34:07] Epoch 134, LR: 0.010000, Train Loss: 0.768693, Val Loss: 0.748053, Train Acc: 71.51, Val Acc: 74.00, Val Balanced Acc: 0.54
[2019-07-09 06:43:07] Epoch 135, LR: 0.010000, Train Loss: 0.768591, Val Loss: 0.731104, Train Acc: 71.98, Val Acc: 73.16, Val Balanced Acc: 0.59
[2019-07-09 06:52:07] Epoch 136, LR: 0.010000, Train Loss: 0.767448, Val Loss: 0.734356, Train Acc: 71.97, Val Acc: 74.05, Val Balanced Acc: 0.54
[2019-07-09 07:01:10] Epoch 137, LR: 0.010000, Train Loss: 0.764298, Val Loss: 0.734134, Train Acc: 72.03, Val Acc: 73.97, Val Balanced Acc: 0.58
[2019-07-09 07:10:12] Epoch 138, LR: 0.010000, Train Loss: 0.760979, Val Loss: 0.734772, Train Acc: 72.03, Val Acc: 73.79, Val Balanced Acc: 0.58
[2019-07-09 07:19:14] Epoch 139, LR: 0.010000, Train Loss: 0.767126, Val Loss: 0.775126, Train Acc: 71.69, Val Acc: 72.84, Val Balanced Acc: 0.55
[2019-07-09 07:28:15] Epoch 140, LR: 0.010000, Train Loss: 0.761416, Val Loss: 0.831377, Train Acc: 72.30, Val Acc: 71.05, Val Balanced Acc: 0.59
[2019-07-09 07:37:18] Epoch 141, LR: 0.010000, Train Loss: 0.763384, Val Loss: 0.770885, Train Acc: 72.11, Val Acc: 71.84, Val Balanced Acc: 0.54
[2019-07-09 07:46:21] Epoch 142, LR: 0.010000, Train Loss: 0.760499, Val Loss: 0.737494, Train Acc: 72.35, Val Acc: 74.45, Val Balanced Acc: 0.57
[2019-07-09 07:55:22] Epoch 143, LR: 0.010000, Train Loss: 0.763412, Val Loss: 0.791300, Train Acc: 71.86, Val Acc: 71.68, Val Balanced Acc: 0.55
[2019-07-09 08:04:24] Epoch 144, LR: 0.010000, Train Loss: 0.764375, Val Loss: 0.756437, Train Acc: 71.90, Val Acc: 73.42, Val Balanced Acc: 0.60
[2019-07-09 08:13:25] Epoch 145, LR: 0.010000, Train Loss: 0.759252, Val Loss: 0.710438, Train Acc: 72.06, Val Acc: 74.71, Val Balanced Acc: 0.57
[2019-07-09 08:22:29] Epoch 146, LR: 0.010000, Train Loss: 0.756801, Val Loss: 0.773284, Train Acc: 72.31, Val Acc: 74.79, Val Balanced Acc: 0.57
[2019-07-09 08:31:33] Epoch 147, LR: 0.010000, Train Loss: 0.758849, Val Loss: 0.833433, Train Acc: 71.91, Val Acc: 70.82, Val Balanced Acc: 0.62
[2019-07-09 08:40:36] Epoch 148, LR: 0.010000, Train Loss: 0.762264, Val Loss: 0.757807, Train Acc: 72.02, Val Acc: 73.95, Val Balanced Acc: 0.59
[2019-07-09 08:49:39] Epoch 149, LR: 0.010000, Train Loss: 0.765013, Val Loss: 0.735533, Train Acc: 72.15, Val Acc: 73.55, Val Balanced Acc: 0.57
[2019-07-09 08:58:42] Epoch 150, LR: 0.010000, Train Loss: 0.761534, Val Loss: 0.738702, Train Acc: 72.02, Val Acc: 73.45, Val Balanced Acc: 0.52
[2019-07-09 09:07:44] Epoch 151, LR: 0.010000, Train Loss: 0.759229, Val Loss: 0.750658, Train Acc: 72.13, Val Acc: 74.11, Val Balanced Acc: 0.59
[2019-07-09 09:16:47] Epoch 152, LR: 0.001500, Train Loss: 0.665992, Val Loss: 0.647085, Train Acc: 75.75, Val Acc: 77.66, Val Balanced Acc: 0.65
[2019-07-09 09:25:53] Epoch 153, LR: 0.001500, Train Loss: 0.639846, Val Loss: 0.641463, Train Acc: 76.60, Val Acc: 77.79, Val Balanced Acc: 0.66
[2019-07-09 09:34:56] Epoch 154, LR: 0.001500, Train Loss: 0.630997, Val Loss: 0.612235, Train Acc: 77.06, Val Acc: 78.61, Val Balanced Acc: 0.68
[2019-07-09 09:43:59] Epoch 155, LR: 0.001500, Train Loss: 0.626213, Val Loss: 0.615840, Train Acc: 76.94, Val Acc: 78.66, Val Balanced Acc: 0.66
[2019-07-09 09:53:01] Epoch 156, LR: 0.001500, Train Loss: 0.614313, Val Loss: 0.610142, Train Acc: 77.61, Val Acc: 78.39, Val Balanced Acc: 0.67
[2019-07-09 10:02:04] Epoch 157, LR: 0.001500, Train Loss: 0.614250, Val Loss: 0.609961, Train Acc: 77.30, Val Acc: 78.63, Val Balanced Acc: 0.65
[2019-07-09 10:11:08] Epoch 158, LR: 0.001500, Train Loss: 0.605612, Val Loss: 0.615541, Train Acc: 77.68, Val Acc: 78.47, Val Balanced Acc: 0.69
[2019-07-09 10:20:12] Epoch 159, LR: 0.001500, Train Loss: 0.605396, Val Loss: 0.614613, Train Acc: 77.90, Val Acc: 77.68, Val Balanced Acc: 0.66
[2019-07-09 10:29:14] Epoch 160, LR: 0.001500, Train Loss: 0.608432, Val Loss: 0.604254, Train Acc: 77.94, Val Acc: 78.29, Val Balanced Acc: 0.67
[2019-07-09 10:38:16] Epoch 161, LR: 0.001500, Train Loss: 0.601804, Val Loss: 0.607761, Train Acc: 77.89, Val Acc: 78.05, Val Balanced Acc: 0.69
[2019-07-09 10:47:19] Epoch 162, LR: 0.001500, Train Loss: 0.600435, Val Loss: 0.619544, Train Acc: 78.33, Val Acc: 78.03, Val Balanced Acc: 0.65
[2019-07-09 10:56:26] Epoch 163, LR: 0.001500, Train Loss: 0.595099, Val Loss: 0.594399, Train Acc: 78.22, Val Acc: 79.03, Val Balanced Acc: 0.67
[2019-07-09 11:05:33] Epoch 164, LR: 0.001500, Train Loss: 0.591814, Val Loss: 0.618498, Train Acc: 78.32, Val Acc: 78.47, Val Balanced Acc: 0.66
[2019-07-09 11:14:38] Epoch 165, LR: 0.001500, Train Loss: 0.592195, Val Loss: 0.628802, Train Acc: 78.25, Val Acc: 77.92, Val Balanced Acc: 0.66
[2019-07-09 11:23:39] Epoch 166, LR: 0.001500, Train Loss: 0.585321, Val Loss: 0.593490, Train Acc: 78.38, Val Acc: 78.84, Val Balanced Acc: 0.68
[2019-07-09 11:32:41] Epoch 167, LR: 0.001500, Train Loss: 0.583642, Val Loss: 0.605587, Train Acc: 78.38, Val Acc: 78.55, Val Balanced Acc: 0.66
[2019-07-09 11:41:44] Epoch 168, LR: 0.001500, Train Loss: 0.583497, Val Loss: 0.602708, Train Acc: 78.45, Val Acc: 78.39, Val Balanced Acc: 0.67
[2019-07-09 11:50:46] Epoch 169, LR: 0.001500, Train Loss: 0.592467, Val Loss: 0.607854, Train Acc: 78.56, Val Acc: 78.71, Val Balanced Acc: 0.68
[2019-07-09 11:59:48] Epoch 170, LR: 0.001500, Train Loss: 0.580998, Val Loss: 0.605658, Train Acc: 78.65, Val Acc: 78.58, Val Balanced Acc: 0.69
[2019-07-09 12:08:50] Epoch 171, LR: 0.001500, Train Loss: 0.578062, Val Loss: 0.596619, Train Acc: 78.79, Val Acc: 77.82, Val Balanced Acc: 0.66
[2019-07-09 12:17:52] Epoch 172, LR: 0.001500, Train Loss: 0.578594, Val Loss: 0.606402, Train Acc: 78.62, Val Acc: 78.55, Val Balanced Acc: 0.69
[2019-07-09 12:26:55] Epoch 173, LR: 0.001500, Train Loss: 0.585444, Val Loss: 0.589909, Train Acc: 78.26, Val Acc: 79.66, Val Balanced Acc: 0.67
[2019-07-09 12:35:57] Epoch 174, LR: 0.001500, Train Loss: 0.577681, Val Loss: 0.583438, Train Acc: 78.64, Val Acc: 79.24, Val Balanced Acc: 0.66
[2019-07-09 12:44:59] Epoch 175, LR: 0.001500, Train Loss: 0.580681, Val Loss: 0.610270, Train Acc: 78.79, Val Acc: 79.24, Val Balanced Acc: 0.69
[2019-07-09 12:54:03] Epoch 176, LR: 0.001500, Train Loss: 0.574070, Val Loss: 0.600709, Train Acc: 78.76, Val Acc: 78.68, Val Balanced Acc: 0.68
[2019-07-09 13:03:05] Epoch 177, LR: 0.001500, Train Loss: 0.574851, Val Loss: 0.624782, Train Acc: 79.08, Val Acc: 77.97, Val Balanced Acc: 0.70
[2019-07-09 13:12:08] Epoch 178, LR: 0.001500, Train Loss: 0.576447, Val Loss: 0.612777, Train Acc: 78.67, Val Acc: 78.61, Val Balanced Acc: 0.68
[2019-07-09 13:21:10] Epoch 179, LR: 0.001500, Train Loss: 0.576211, Val Loss: 0.590553, Train Acc: 78.80, Val Acc: 79.37, Val Balanced Acc: 0.66
[2019-07-09 13:30:13] Epoch 180, LR: 0.001500, Train Loss: 0.571678, Val Loss: 0.596213, Train Acc: 79.10, Val Acc: 78.79, Val Balanced Acc: 0.65
[2019-07-09 13:39:14] Epoch 181, LR: 0.001500, Train Loss: 0.574005, Val Loss: 0.589428, Train Acc: 78.85, Val Acc: 78.76, Val Balanced Acc: 0.67
[2019-07-09 13:48:17] Epoch 182, LR: 0.001500, Train Loss: 0.567391, Val Loss: 0.594059, Train Acc: 79.08, Val Acc: 79.18, Val Balanced Acc: 0.67
[2019-07-09 13:57:19] Epoch 183, LR: 0.001500, Train Loss: 0.574084, Val Loss: 0.605555, Train Acc: 78.88, Val Acc: 78.63, Val Balanced Acc: 0.69
[2019-07-09 14:06:22] Epoch 184, LR: 0.001500, Train Loss: 0.567180, Val Loss: 0.626150, Train Acc: 78.90, Val Acc: 79.08, Val Balanced Acc: 0.69
[2019-07-09 14:15:23] Epoch 185, LR: 0.001500, Train Loss: 0.572832, Val Loss: 0.598380, Train Acc: 78.98, Val Acc: 78.24, Val Balanced Acc: 0.66
[2019-07-09 14:24:24] Epoch 186, LR: 0.001500, Train Loss: 0.569658, Val Loss: 0.614406, Train Acc: 79.11, Val Acc: 78.79, Val Balanced Acc: 0.67
[2019-07-09 14:33:25] Epoch 187, LR: 0.001500, Train Loss: 0.573525, Val Loss: 0.597416, Train Acc: 78.96, Val Acc: 78.82, Val Balanced Acc: 0.66
[2019-07-09 14:42:27] Epoch 188, LR: 0.001500, Train Loss: 0.571940, Val Loss: 0.591783, Train Acc: 79.01, Val Acc: 79.58, Val Balanced Acc: 0.68
[2019-07-09 14:51:27] Epoch 189, LR: 0.001500, Train Loss: 0.566571, Val Loss: 0.595148, Train Acc: 79.28, Val Acc: 79.13, Val Balanced Acc: 0.67
[2019-07-09 15:00:30] Epoch 190, LR: 0.001500, Train Loss: 0.564216, Val Loss: 0.593425, Train Acc: 79.59, Val Acc: 79.34, Val Balanced Acc: 0.71
[2019-07-09 15:09:33] Epoch 191, LR: 0.001500, Train Loss: 0.569937, Val Loss: 0.616935, Train Acc: 79.08, Val Acc: 79.34, Val Balanced Acc: 0.69
[2019-07-09 15:18:37] Epoch 192, LR: 0.001500, Train Loss: 0.568300, Val Loss: 0.591788, Train Acc: 79.07, Val Acc: 79.34, Val Balanced Acc: 0.68
[2019-07-09 15:27:40] Epoch 193, LR: 0.001500, Train Loss: 0.560796, Val Loss: 0.598849, Train Acc: 79.39, Val Acc: 78.97, Val Balanced Acc: 0.67
[2019-07-09 15:36:45] Epoch 194, LR: 0.001500, Train Loss: 0.557348, Val Loss: 0.611448, Train Acc: 79.57, Val Acc: 78.63, Val Balanced Acc: 0.70
[2019-07-09 15:45:46] Epoch 195, LR: 0.001500, Train Loss: 0.562460, Val Loss: 0.582594, Train Acc: 79.37, Val Acc: 80.32, Val Balanced Acc: 0.68
[2019-07-09 15:54:46] Epoch 196, LR: 0.001500, Train Loss: 0.563483, Val Loss: 0.606060, Train Acc: 79.04, Val Acc: 78.68, Val Balanced Acc: 0.67
[2019-07-09 16:03:50] Epoch 197, LR: 0.001500, Train Loss: 0.557860, Val Loss: 0.611231, Train Acc: 79.58, Val Acc: 79.03, Val Balanced Acc: 0.67
[2019-07-09 16:12:51] Epoch 198, LR: 0.001500, Train Loss: 0.556429, Val Loss: 0.610944, Train Acc: 79.65, Val Acc: 78.84, Val Balanced Acc: 0.67
[2019-07-09 16:21:55] Epoch 199, LR: 0.001500, Train Loss: 0.558041, Val Loss: 0.632829, Train Acc: 79.31, Val Acc: 78.66, Val Balanced Acc: 0.65
[2019-07-09 16:30:57] Epoch 200, LR: 0.001500, Train Loss: 0.566731, Val Loss: 0.625769, Train Acc: 79.29, Val Acc: 77.76, Val Balanced Acc: 0.68
[2019-07-09 16:40:01] Epoch 201, LR: 0.001500, Train Loss: 0.560829, Val Loss: 0.605010, Train Acc: 79.39, Val Acc: 78.76, Val Balanced Acc: 0.65
[2019-07-09 16:49:04] Epoch 202, LR: 0.001500, Train Loss: 0.552655, Val Loss: 0.581813, Train Acc: 79.76, Val Acc: 79.34, Val Balanced Acc: 0.71
[2019-07-09 16:58:06] Epoch 203, LR: 0.001500, Train Loss: 0.562883, Val Loss: 0.645250, Train Acc: 79.41, Val Acc: 77.82, Val Balanced Acc: 0.69
[2019-07-09 17:07:09] Epoch 204, LR: 0.001500, Train Loss: 0.552450, Val Loss: 0.622091, Train Acc: 79.87, Val Acc: 78.50, Val Balanced Acc: 0.67
[2019-07-09 17:16:10] Epoch 205, LR: 0.001500, Train Loss: 0.559396, Val Loss: 0.585429, Train Acc: 79.33, Val Acc: 79.50, Val Balanced Acc: 0.70
[2019-07-09 17:25:12] Epoch 206, LR: 0.001500, Train Loss: 0.561576, Val Loss: 0.588931, Train Acc: 79.23, Val Acc: 79.66, Val Balanced Acc: 0.69
[2019-07-09 17:34:13] Epoch 207, LR: 0.001500, Train Loss: 0.553040, Val Loss: 0.655750, Train Acc: 79.81, Val Acc: 76.71, Val Balanced Acc: 0.65
[2019-07-09 17:43:15] Epoch 208, LR: 0.001500, Train Loss: 0.550374, Val Loss: 0.583733, Train Acc: 79.72, Val Acc: 79.61, Val Balanced Acc: 0.65
[2019-07-09 17:52:18] Epoch 209, LR: 0.001500, Train Loss: 0.551997, Val Loss: 0.594495, Train Acc: 79.65, Val Acc: 79.32, Val Balanced Acc: 0.66
[2019-07-09 18:01:21] Epoch 210, LR: 0.001500, Train Loss: 0.552493, Val Loss: 0.595534, Train Acc: 79.68, Val Acc: 79.87, Val Balanced Acc: 0.68
[2019-07-09 18:10:24] Epoch 211, LR: 0.001500, Train Loss: 0.561378, Val Loss: 0.588692, Train Acc: 79.22, Val Acc: 79.11, Val Balanced Acc: 0.69
[2019-07-09 18:19:26] Epoch 212, LR: 0.001500, Train Loss: 0.554630, Val Loss: 0.584752, Train Acc: 79.66, Val Acc: 79.11, Val Balanced Acc: 0.68
[2019-07-09 18:28:31] Epoch 213, LR: 0.001500, Train Loss: 0.556862, Val Loss: 0.607236, Train Acc: 79.39, Val Acc: 78.71, Val Balanced Acc: 0.69
[2019-07-09 18:37:33] Epoch 214, LR: 0.001500, Train Loss: 0.545007, Val Loss: 0.600768, Train Acc: 79.95, Val Acc: 78.68, Val Balanced Acc: 0.68
[2019-07-09 18:46:35] Epoch 215, LR: 0.001500, Train Loss: 0.550589, Val Loss: 0.580120, Train Acc: 79.82, Val Acc: 79.92, Val Balanced Acc: 0.70
[2019-07-09 18:55:37] Epoch 216, LR: 0.001500, Train Loss: 0.554258, Val Loss: 0.607918, Train Acc: 79.65, Val Acc: 78.87, Val Balanced Acc: 0.71
[2019-07-09 19:04:40] Epoch 217, LR: 0.001500, Train Loss: 0.551742, Val Loss: 0.588247, Train Acc: 79.60, Val Acc: 79.53, Val Balanced Acc: 0.69
[2019-07-09 19:13:42] Epoch 218, LR: 0.001500, Train Loss: 0.551221, Val Loss: 0.592425, Train Acc: 79.75, Val Acc: 78.79, Val Balanced Acc: 0.68
[2019-07-09 19:22:46] Epoch 219, LR: 0.001500, Train Loss: 0.550521, Val Loss: 0.608903, Train Acc: 80.06, Val Acc: 78.79, Val Balanced Acc: 0.71
[2019-07-09 19:31:49] Epoch 220, LR: 0.001500, Train Loss: 0.545992, Val Loss: 0.592039, Train Acc: 80.06, Val Acc: 79.37, Val Balanced Acc: 0.68
[2019-07-09 19:40:52] Epoch 221, LR: 0.001500, Train Loss: 0.549007, Val Loss: 0.620204, Train Acc: 79.73, Val Acc: 78.87, Val Balanced Acc: 0.69
[2019-07-09 19:49:52] Epoch 222, LR: 0.000225, Train Loss: 0.495163, Val Loss: 0.551175, Train Acc: 81.54, Val Acc: 81.16, Val Balanced Acc: 0.70
[2019-07-09 19:58:53] Epoch 223, LR: 0.000225, Train Loss: 0.474891, Val Loss: 0.543909, Train Acc: 82.56, Val Acc: 81.00, Val Balanced Acc: 0.71
[2019-07-09 20:07:56] Epoch 224, LR: 0.000225, Train Loss: 0.473351, Val Loss: 0.551826, Train Acc: 82.82, Val Acc: 80.84, Val Balanced Acc: 0.72
[2019-07-09 20:16:58] Epoch 225, LR: 0.000225, Train Loss: 0.468118, Val Loss: 0.554068, Train Acc: 82.92, Val Acc: 80.87, Val Balanced Acc: 0.73
[2019-07-09 20:26:01] Epoch 226, LR: 0.000225, Train Loss: 0.467912, Val Loss: 0.539633, Train Acc: 82.86, Val Acc: 81.53, Val Balanced Acc: 0.72
[2019-07-09 20:35:03] Epoch 227, LR: 0.000225, Train Loss: 0.459591, Val Loss: 0.544001, Train Acc: 83.34, Val Acc: 81.68, Val Balanced Acc: 0.72
[2019-07-09 20:44:05] Epoch 228, LR: 0.000225, Train Loss: 0.456055, Val Loss: 0.542120, Train Acc: 83.40, Val Acc: 81.79, Val Balanced Acc: 0.73
[2019-07-09 20:53:09] Epoch 229, LR: 0.000225, Train Loss: 0.453075, Val Loss: 0.544124, Train Acc: 83.47, Val Acc: 81.66, Val Balanced Acc: 0.73
[2019-07-09 21:02:12] Epoch 230, LR: 0.000225, Train Loss: 0.449479, Val Loss: 0.547149, Train Acc: 83.38, Val Acc: 80.79, Val Balanced Acc: 0.72
[2019-07-09 21:11:16] Epoch 231, LR: 0.000225, Train Loss: 0.452460, Val Loss: 0.541889, Train Acc: 83.49, Val Acc: 81.39, Val Balanced Acc: 0.73
[2019-07-09 21:20:21] Epoch 232, LR: 0.000225, Train Loss: 0.446929, Val Loss: 0.543769, Train Acc: 83.83, Val Acc: 81.16, Val Balanced Acc: 0.73
[2019-07-09 21:29:24] Epoch 233, LR: 0.000225, Train Loss: 0.446422, Val Loss: 0.550731, Train Acc: 83.86, Val Acc: 80.71, Val Balanced Acc: 0.74
[2019-07-09 21:38:27] Epoch 234, LR: 0.000225, Train Loss: 0.443771, Val Loss: 0.543710, Train Acc: 83.72, Val Acc: 81.71, Val Balanced Acc: 0.74
[2019-07-09 21:47:30] Epoch 235, LR: 0.000225, Train Loss: 0.442983, Val Loss: 0.541787, Train Acc: 83.75, Val Acc: 81.47, Val Balanced Acc: 0.73
[2019-07-09 21:56:33] Epoch 236, LR: 0.000225, Train Loss: 0.443286, Val Loss: 0.535737, Train Acc: 83.74, Val Acc: 81.71, Val Balanced Acc: 0.73
[2019-07-09 22:05:35] Epoch 237, LR: 0.000225, Train Loss: 0.446262, Val Loss: 0.556309, Train Acc: 83.75, Val Acc: 81.29, Val Balanced Acc: 0.75
[2019-07-09 22:14:37] Epoch 238, LR: 0.000225, Train Loss: 0.441143, Val Loss: 0.551836, Train Acc: 83.84, Val Acc: 81.87, Val Balanced Acc: 0.74
[2019-07-09 22:23:39] Epoch 239, LR: 0.000225, Train Loss: 0.442270, Val Loss: 0.556146, Train Acc: 83.82, Val Acc: 81.08, Val Balanced Acc: 0.73
[2019-07-09 22:32:41] Epoch 240, LR: 0.000225, Train Loss: 0.442551, Val Loss: 0.548714, Train Acc: 83.94, Val Acc: 81.21, Val Balanced Acc: 0.73
[2019-07-09 22:41:42] Epoch 241, LR: 0.000225, Train Loss: 0.438467, Val Loss: 0.549455, Train Acc: 84.11, Val Acc: 81.61, Val Balanced Acc: 0.73
[2019-07-09 22:50:42] Epoch 242, LR: 0.000225, Train Loss: 0.439219, Val Loss: 0.549853, Train Acc: 83.95, Val Acc: 81.37, Val Balanced Acc: 0.72
[2019-07-09 22:59:47] Epoch 243, LR: 0.000225, Train Loss: 0.437888, Val Loss: 0.545345, Train Acc: 83.93, Val Acc: 81.95, Val Balanced Acc: 0.74
[2019-07-09 23:08:50] Epoch 244, LR: 0.000225, Train Loss: 0.435035, Val Loss: 0.547404, Train Acc: 84.21, Val Acc: 81.11, Val Balanced Acc: 0.73
[2019-07-09 23:17:53] Epoch 245, LR: 0.000225, Train Loss: 0.442782, Val Loss: 0.541371, Train Acc: 83.91, Val Acc: 81.58, Val Balanced Acc: 0.74
[2019-07-09 23:26:55] Epoch 246, LR: 0.000225, Train Loss: 0.436942, Val Loss: 0.543506, Train Acc: 83.97, Val Acc: 81.55, Val Balanced Acc: 0.74
[2019-07-09 23:36:00] Epoch 247, LR: 0.000225, Train Loss: 0.440067, Val Loss: 0.547387, Train Acc: 83.95, Val Acc: 81.11, Val Balanced Acc: 0.74
[2019-07-09 23:45:03] Epoch 248, LR: 0.000225, Train Loss: 0.433368, Val Loss: 0.543822, Train Acc: 84.16, Val Acc: 81.74, Val Balanced Acc: 0.73
[2019-07-09 23:54:07] Epoch 249, LR: 0.000225, Train Loss: 0.432556, Val Loss: 0.569396, Train Acc: 84.03, Val Acc: 80.87, Val Balanced Acc: 0.73
[2019-07-10 00:03:09] Epoch 250, LR: 0.000225, Train Loss: 0.427618, Val Loss: 0.545845, Train Acc: 84.31, Val Acc: 81.42, Val Balanced Acc: 0.73
[2019-07-10 00:12:11] Epoch 251, LR: 0.000225, Train Loss: 0.433958, Val Loss: 0.547081, Train Acc: 84.10, Val Acc: 81.32, Val Balanced Acc: 0.73
[2019-07-10 00:21:16] Epoch 252, LR: 0.000225, Train Loss: 0.435623, Val Loss: 0.561318, Train Acc: 84.10, Val Acc: 81.34, Val Balanced Acc: 0.74
[2019-07-10 00:30:20] Epoch 253, LR: 0.000225, Train Loss: 0.430482, Val Loss: 0.548503, Train Acc: 84.24, Val Acc: 81.53, Val Balanced Acc: 0.75
[2019-07-10 00:39:21] Epoch 254, LR: 0.000225, Train Loss: 0.429800, Val Loss: 0.549172, Train Acc: 84.32, Val Acc: 81.21, Val Balanced Acc: 0.73
[2019-07-10 00:48:25] Epoch 255, LR: 0.000225, Train Loss: 0.425248, Val Loss: 0.545319, Train Acc: 84.58, Val Acc: 81.47, Val Balanced Acc: 0.73
[2019-07-10 00:57:27] Epoch 256, LR: 0.000225, Train Loss: 0.432659, Val Loss: 0.545198, Train Acc: 84.00, Val Acc: 81.53, Val Balanced Acc: 0.74
[2019-07-10 01:06:29] Epoch 257, LR: 0.000225, Train Loss: 0.425386, Val Loss: 0.550468, Train Acc: 84.34, Val Acc: 81.34, Val Balanced Acc: 0.74
[2019-07-10 01:15:32] Epoch 258, LR: 0.000225, Train Loss: 0.427937, Val Loss: 0.550959, Train Acc: 84.34, Val Acc: 81.76, Val Balanced Acc: 0.73
[2019-07-10 01:24:33] Epoch 259, LR: 0.000225, Train Loss: 0.425960, Val Loss: 0.556630, Train Acc: 84.32, Val Acc: 81.24, Val Balanced Acc: 0.72
[2019-07-10 01:33:40] Epoch 260, LR: 0.000225, Train Loss: 0.424470, Val Loss: 0.575872, Train Acc: 84.56, Val Acc: 80.89, Val Balanced Acc: 0.71
[2019-07-10 01:42:44] Epoch 261, LR: 0.000225, Train Loss: 0.428721, Val Loss: 0.556151, Train Acc: 84.30, Val Acc: 81.68, Val Balanced Acc: 0.73
[2019-07-10 01:51:47] Epoch 262, LR: 0.000225, Train Loss: 0.429041, Val Loss: 0.544109, Train Acc: 84.55, Val Acc: 81.76, Val Balanced Acc: 0.73
[2019-07-10 02:00:51] Epoch 263, LR: 0.000225, Train Loss: 0.420921, Val Loss: 0.555514, Train Acc: 84.53, Val Acc: 81.61, Val Balanced Acc: 0.72
[2019-07-10 02:09:54] Epoch 264, LR: 0.000225, Train Loss: 0.429885, Val Loss: 0.551038, Train Acc: 84.26, Val Acc: 82.03, Val Balanced Acc: 0.74
[2019-07-10 02:18:57] Epoch 265, LR: 0.000225, Train Loss: 0.422481, Val Loss: 0.569457, Train Acc: 84.78, Val Acc: 81.58, Val Balanced Acc: 0.74
[2019-07-10 02:27:59] Epoch 266, LR: 0.000225, Train Loss: 0.423344, Val Loss: 0.550132, Train Acc: 84.56, Val Acc: 82.08, Val Balanced Acc: 0.74
[2019-07-10 02:37:02] Epoch 267, LR: 0.000225, Train Loss: 0.419607, Val Loss: 0.559583, Train Acc: 84.60, Val Acc: 81.58, Val Balanced Acc: 0.73
[2019-07-10 02:46:03] Epoch 268, LR: 0.000225, Train Loss: 0.415698, Val Loss: 0.546978, Train Acc: 84.69, Val Acc: 81.82, Val Balanced Acc: 0.74
[2019-07-10 02:55:06] Epoch 269, LR: 0.000225, Train Loss: 0.422718, Val Loss: 0.554786, Train Acc: 84.59, Val Acc: 81.47, Val Balanced Acc: 0.73
[2019-07-10 03:04:09] Epoch 270, LR: 0.000225, Train Loss: 0.414299, Val Loss: 0.538469, Train Acc: 84.82, Val Acc: 82.05, Val Balanced Acc: 0.73
[2019-07-10 03:13:12] Epoch 271, LR: 0.000225, Train Loss: 0.412753, Val Loss: 0.541706, Train Acc: 85.18, Val Acc: 81.74, Val Balanced Acc: 0.72
[2019-07-10 03:22:14] Epoch 272, LR: 0.000034, Train Loss: 0.403093, Val Loss: 0.545008, Train Acc: 85.11, Val Acc: 81.89, Val Balanced Acc: 0.73
[2019-07-10 03:31:17] Epoch 273, LR: 0.000034, Train Loss: 0.402776, Val Loss: 0.527556, Train Acc: 85.30, Val Acc: 82.13, Val Balanced Acc: 0.73
[2019-07-10 03:40:20] Epoch 274, LR: 0.000034, Train Loss: 0.396732, Val Loss: 0.546212, Train Acc: 85.76, Val Acc: 82.08, Val Balanced Acc: 0.74
[2019-07-10 03:49:23] Epoch 275, LR: 0.000034, Train Loss: 0.396382, Val Loss: 0.546074, Train Acc: 85.37, Val Acc: 82.08, Val Balanced Acc: 0.74
[2019-07-10 03:58:25] Epoch 276, LR: 0.000034, Train Loss: 0.394750, Val Loss: 0.545373, Train Acc: 85.49, Val Acc: 82.05, Val Balanced Acc: 0.74
[2019-07-10 04:07:28] Epoch 277, LR: 0.000034, Train Loss: 0.394537, Val Loss: 0.540665, Train Acc: 85.63, Val Acc: 81.66, Val Balanced Acc: 0.74
[2019-07-10 04:16:32] Epoch 278, LR: 0.000034, Train Loss: 0.395245, Val Loss: 0.530894, Train Acc: 85.65, Val Acc: 82.24, Val Balanced Acc: 0.73
[2019-07-10 04:25:38] Epoch 279, LR: 0.000034, Train Loss: 0.396312, Val Loss: 0.529059, Train Acc: 85.71, Val Acc: 81.87, Val Balanced Acc: 0.73
[2019-07-10 04:34:48] Epoch 280, LR: 0.000034, Train Loss: 0.393655, Val Loss: 0.536680, Train Acc: 85.62, Val Acc: 82.47, Val Balanced Acc: 0.74
[2019-07-10 04:43:54] Epoch 281, LR: 0.000034, Train Loss: 0.395121, Val Loss: 0.524347, Train Acc: 85.51, Val Acc: 82.26, Val Balanced Acc: 0.73
[2019-07-10 04:52:56] Epoch 282, LR: 0.000034, Train Loss: 0.391377, Val Loss: 0.534203, Train Acc: 85.78, Val Acc: 82.08, Val Balanced Acc: 0.74
[2019-07-10 05:01:59] Epoch 283, LR: 0.000034, Train Loss: 0.396437, Val Loss: 0.540276, Train Acc: 85.60, Val Acc: 82.03, Val Balanced Acc: 0.73
[2019-07-10 05:11:01] Epoch 284, LR: 0.000034, Train Loss: 0.394378, Val Loss: 0.538178, Train Acc: 85.57, Val Acc: 82.03, Val Balanced Acc: 0.73
[2019-07-10 05:20:03] Epoch 285, LR: 0.000034, Train Loss: 0.388769, Val Loss: 0.536351, Train Acc: 85.96, Val Acc: 82.05, Val Balanced Acc: 0.74
[2019-07-10 05:29:06] Epoch 286, LR: 0.000034, Train Loss: 0.384125, Val Loss: 0.532175, Train Acc: 86.18, Val Acc: 82.16, Val Balanced Acc: 0.74
[2019-07-10 05:38:09] Epoch 287, LR: 0.000034, Train Loss: 0.389683, Val Loss: 0.539224, Train Acc: 85.82, Val Acc: 81.76, Val Balanced Acc: 0.75
[2019-07-10 05:47:11] Epoch 288, LR: 0.000034, Train Loss: 0.386425, Val Loss: 0.545777, Train Acc: 86.14, Val Acc: 81.92, Val Balanced Acc: 0.74
[2019-07-10 05:56:14] Epoch 289, LR: 0.000034, Train Loss: 0.388856, Val Loss: 0.544934, Train Acc: 85.84, Val Acc: 82.11, Val Balanced Acc: 0.75
[2019-07-10 06:05:16] Epoch 290, LR: 0.000034, Train Loss: 0.392430, Val Loss: 0.534477, Train Acc: 85.60, Val Acc: 82.18, Val Balanced Acc: 0.74
[2019-07-10 06:14:18] Epoch 291, LR: 0.000034, Train Loss: 0.390798, Val Loss: 0.544066, Train Acc: 85.88, Val Acc: 81.92, Val Balanced Acc: 0.74
[2019-07-10 06:23:22] Epoch 292, LR: 0.000034, Train Loss: 0.393938, Val Loss: 0.547130, Train Acc: 85.81, Val Acc: 82.11, Val Balanced Acc: 0.75
[2019-07-10 06:32:25] Epoch 293, LR: 0.000034, Train Loss: 0.384857, Val Loss: 0.540762, Train Acc: 85.94, Val Acc: 82.42, Val Balanced Acc: 0.75
[2019-07-10 06:41:28] Epoch 294, LR: 0.000034, Train Loss: 0.387263, Val Loss: 0.534778, Train Acc: 86.03, Val Acc: 81.97, Val Balanced Acc: 0.73
[2019-07-10 06:50:30] Epoch 295, LR: 0.000034, Train Loss: 0.389383, Val Loss: 0.539086, Train Acc: 86.02, Val Acc: 82.05, Val Balanced Acc: 0.75
[2019-07-10 06:59:31] Epoch 296, LR: 0.000034, Train Loss: 0.388262, Val Loss: 0.534633, Train Acc: 85.81, Val Acc: 82.34, Val Balanced Acc: 0.73
[2019-07-10 07:08:32] Epoch 297, LR: 0.000034, Train Loss: 0.392036, Val Loss: 0.551100, Train Acc: 85.89, Val Acc: 82.11, Val Balanced Acc: 0.74
[2019-07-10 07:17:34] Epoch 298, LR: 0.000034, Train Loss: 0.385994, Val Loss: 0.548053, Train Acc: 86.04, Val Acc: 81.97, Val Balanced Acc: 0.73
[2019-07-10 07:26:35] Epoch 299, LR: 0.000034, Train Loss: 0.390459, Val Loss: 0.549826, Train Acc: 85.64, Val Acc: 82.03, Val Balanced Acc: 0.74
[2019-07-10 07:35:37] Epoch 300, LR: 0.000034, Train Loss: 0.387666, Val Loss: 0.535999, Train Acc: 86.04, Val Acc: 82.21, Val Balanced Acc: 0.74

------------------------
Best Validation Accuracy 82.4737 at epoch 280
Best Validation Balanced Accuracy 0.7517 at epoch 289
------------------------

