Data loaded!

8 Classes detected!
model_name: efficientnet
optimizer: sgd
output_dir: results/efficientnet_sgd_1_d1.0_w1.0_r1.0_c1.0/
crop_size: 224
depth_coefficient: 1.0
batch_size: 32
epochs: 300
path_extension: 
learning_rate: 1.0
compound_coefficient: 1.0
lr_scheduler: False
img_size: 256
verbose: False
resolution_coefficient: 1.0
width_coefficient: 1.0
data_augmentation: False

---- Start Training ----
[2019-06-06 09:07:02] Epoch 1, LR: 1.000000, Train Loss: 1.268970, Val Loss: 1.179524, Train Acc: 54.49, Val Acc: 56.73
[2019-06-06 09:15:56] Epoch 2, LR: 1.000000, Train Loss: 1.144299, Val Loss: 1.126471, Train Acc: 58.61, Val Acc: 59.70
[2019-06-06 09:24:52] Epoch 3, LR: 1.000000, Train Loss: 1.096800, Val Loss: 1.081669, Train Acc: 60.33, Val Acc: 59.49
[2019-06-06 09:33:49] Epoch 4, LR: 1.000000, Train Loss: 1.066723, Val Loss: 1.094703, Train Acc: 61.46, Val Acc: 60.75
[2019-06-06 09:42:44] Epoch 5, LR: 1.000000, Train Loss: 1.036929, Val Loss: 1.040352, Train Acc: 62.40, Val Acc: 62.31
[2019-06-06 09:51:39] Epoch 6, LR: 1.000000, Train Loss: 1.011394, Val Loss: 1.004608, Train Acc: 63.47, Val Acc: 64.54
[2019-06-06 10:00:33] Epoch 7, LR: 1.000000, Train Loss: 0.990830, Val Loss: 1.005740, Train Acc: 64.28, Val Acc: 62.46
[2019-06-06 10:09:34] Epoch 8, LR: 1.000000, Train Loss: 0.961598, Val Loss: 1.007596, Train Acc: 65.21, Val Acc: 64.20
[2019-06-06 10:18:31] Epoch 9, LR: 1.000000, Train Loss: 0.941045, Val Loss: 0.950311, Train Acc: 66.06, Val Acc: 65.44
[2019-06-06 10:27:28] Epoch 10, LR: 1.000000, Train Loss: 0.922658, Val Loss: 1.006290, Train Acc: 66.67, Val Acc: 63.62
[2019-06-06 10:36:23] Epoch 11, LR: 1.000000, Train Loss: 0.901702, Val Loss: 0.895243, Train Acc: 67.20, Val Acc: 67.57
[2019-06-06 10:45:19] Epoch 12, LR: 1.000000, Train Loss: 0.878980, Val Loss: 0.905408, Train Acc: 67.88, Val Acc: 67.15
[2019-06-06 10:54:15] Epoch 13, LR: 1.000000, Train Loss: 0.853439, Val Loss: 0.938244, Train Acc: 68.74, Val Acc: 66.33
[2019-06-06 11:03:10] Epoch 14, LR: 1.000000, Train Loss: 0.836107, Val Loss: 0.898855, Train Acc: 69.46, Val Acc: 68.33
[2019-06-06 11:12:05] Epoch 15, LR: 1.000000, Train Loss: 0.814328, Val Loss: 1.031670, Train Acc: 70.03, Val Acc: 61.20
[2019-06-06 11:21:00] Epoch 16, LR: 1.000000, Train Loss: 0.792238, Val Loss: 1.207597, Train Acc: 71.07, Val Acc: 57.54
[2019-06-06 11:29:54] Epoch 17, LR: 1.000000, Train Loss: 0.773256, Val Loss: 0.884505, Train Acc: 71.43, Val Acc: 68.86
[2019-06-06 11:38:48] Epoch 18, LR: 1.000000, Train Loss: 0.753484, Val Loss: 0.896633, Train Acc: 72.41, Val Acc: 68.41
[2019-06-06 11:47:45] Epoch 19, LR: 1.000000, Train Loss: 0.733735, Val Loss: 0.938625, Train Acc: 72.79, Val Acc: 68.12
[2019-06-06 11:56:42] Epoch 20, LR: 1.000000, Train Loss: 0.708182, Val Loss: 0.891741, Train Acc: 73.84, Val Acc: 68.47
[2019-06-06 12:05:37] Epoch 21, LR: 1.000000, Train Loss: 0.691428, Val Loss: 0.887411, Train Acc: 74.19, Val Acc: 68.31
[2019-06-06 12:14:33] Epoch 22, LR: 1.000000, Train Loss: 0.663670, Val Loss: 0.949237, Train Acc: 75.41, Val Acc: 64.86
[2019-06-06 12:23:27] Epoch 23, LR: 1.000000, Train Loss: 0.645283, Val Loss: 0.890850, Train Acc: 76.05, Val Acc: 69.49
[2019-06-06 12:32:22] Epoch 24, LR: 1.000000, Train Loss: 0.619982, Val Loss: 0.927219, Train Acc: 76.87, Val Acc: 66.75
[2019-06-06 12:41:17] Epoch 25, LR: 1.000000, Train Loss: 0.595349, Val Loss: 0.866374, Train Acc: 77.93, Val Acc: 70.41
[2019-06-06 12:50:12] Epoch 26, LR: 1.000000, Train Loss: 0.567200, Val Loss: 1.103199, Train Acc: 78.95, Val Acc: 63.44
[2019-06-06 12:59:08] Epoch 27, LR: 1.000000, Train Loss: 0.545685, Val Loss: 0.828509, Train Acc: 79.89, Val Acc: 70.99
[2019-06-06 13:08:02] Epoch 28, LR: 1.000000, Train Loss: 0.524317, Val Loss: 0.851188, Train Acc: 80.82, Val Acc: 71.89
[2019-06-06 13:16:59] Epoch 29, LR: 1.000000, Train Loss: 0.493494, Val Loss: 0.894009, Train Acc: 81.63, Val Acc: 71.47
[2019-06-06 13:25:54] Epoch 30, LR: 1.000000, Train Loss: 0.480056, Val Loss: 0.931734, Train Acc: 82.32, Val Acc: 70.15
[2019-06-06 13:34:49] Epoch 31, LR: 1.000000, Train Loss: 0.450480, Val Loss: 0.866348, Train Acc: 83.17, Val Acc: 71.73
[2019-06-06 13:43:45] Epoch 32, LR: 1.000000, Train Loss: 0.425059, Val Loss: 0.881279, Train Acc: 84.37, Val Acc: 71.94
[2019-06-06 13:52:41] Epoch 33, LR: 1.000000, Train Loss: 0.403296, Val Loss: 1.034045, Train Acc: 85.27, Val Acc: 70.33
[2019-06-06 14:01:37] Epoch 34, LR: 1.000000, Train Loss: 0.379278, Val Loss: 0.997651, Train Acc: 85.92, Val Acc: 68.41
[2019-06-06 14:10:33] Epoch 35, LR: 1.000000, Train Loss: 0.362399, Val Loss: 0.919497, Train Acc: 86.68, Val Acc: 72.44
[2019-06-06 14:19:27] Epoch 36, LR: 1.000000, Train Loss: 0.336932, Val Loss: 0.917798, Train Acc: 87.65, Val Acc: 72.47
[2019-06-06 14:28:22] Epoch 37, LR: 1.000000, Train Loss: 0.314474, Val Loss: 1.032069, Train Acc: 88.38, Val Acc: 69.94
[2019-06-06 14:37:16] Epoch 38, LR: 1.000000, Train Loss: 0.296451, Val Loss: 1.091183, Train Acc: 89.11, Val Acc: 72.36
[2019-06-06 14:46:10] Epoch 39, LR: 1.000000, Train Loss: 0.271298, Val Loss: 1.094975, Train Acc: 89.97, Val Acc: 69.89
[2019-06-06 14:55:04] Epoch 40, LR: 1.000000, Train Loss: 0.258571, Val Loss: 1.110249, Train Acc: 90.56, Val Acc: 69.57
[2019-06-06 15:03:58] Epoch 41, LR: 1.000000, Train Loss: 0.245844, Val Loss: 1.093848, Train Acc: 91.12, Val Acc: 73.31
[2019-06-06 15:12:57] Epoch 42, LR: 1.000000, Train Loss: 0.226314, Val Loss: 1.120467, Train Acc: 91.86, Val Acc: 72.39
[2019-06-06 15:21:59] Epoch 43, LR: 1.000000, Train Loss: 0.216147, Val Loss: 1.410454, Train Acc: 92.15, Val Acc: 70.54
[2019-06-06 15:30:56] Epoch 44, LR: 1.000000, Train Loss: 0.202710, Val Loss: 1.175909, Train Acc: 92.72, Val Acc: 72.44
[2019-06-06 15:39:51] Epoch 45, LR: 1.000000, Train Loss: 0.190676, Val Loss: 1.095826, Train Acc: 93.04, Val Acc: 73.15
[2019-06-06 15:48:47] Epoch 46, LR: 1.000000, Train Loss: 0.180908, Val Loss: 1.147054, Train Acc: 93.31, Val Acc: 73.12
[2019-06-06 15:57:42] Epoch 47, LR: 1.000000, Train Loss: 0.171855, Val Loss: 1.149021, Train Acc: 93.65, Val Acc: 71.62
[2019-06-06 16:06:38] Epoch 48, LR: 1.000000, Train Loss: 0.164429, Val Loss: 1.373890, Train Acc: 94.03, Val Acc: 71.81
[2019-06-06 16:15:33] Epoch 49, LR: 1.000000, Train Loss: 0.150654, Val Loss: 1.169403, Train Acc: 94.61, Val Acc: 72.89
[2019-06-06 16:24:28] Epoch 50, LR: 1.000000, Train Loss: 0.152327, Val Loss: 1.162060, Train Acc: 94.55, Val Acc: 73.57
[2019-06-06 16:33:26] Epoch 51, LR: 1.000000, Train Loss: 0.135569, Val Loss: 1.204107, Train Acc: 95.20, Val Acc: 74.34
[2019-06-06 16:42:20] Epoch 52, LR: 1.000000, Train Loss: 0.128277, Val Loss: 1.163789, Train Acc: 95.42, Val Acc: 74.15
[2019-06-06 16:51:18] Epoch 53, LR: 1.000000, Train Loss: 0.127019, Val Loss: 1.327877, Train Acc: 95.63, Val Acc: 72.86
[2019-06-06 17:00:13] Epoch 54, LR: 1.000000, Train Loss: 0.107172, Val Loss: 1.378892, Train Acc: 96.16, Val Acc: 73.44
[2019-06-06 17:09:08] Epoch 55, LR: 1.000000, Train Loss: 0.111092, Val Loss: 1.351430, Train Acc: 95.99, Val Acc: 72.55
[2019-06-06 17:18:03] Epoch 56, LR: 1.000000, Train Loss: 0.109706, Val Loss: 1.278505, Train Acc: 96.00, Val Acc: 73.84
[2019-06-06 17:26:58] Epoch 57, LR: 1.000000, Train Loss: 0.099741, Val Loss: 1.328452, Train Acc: 96.34, Val Acc: 74.39
[2019-06-06 17:35:54] Epoch 58, LR: 1.000000, Train Loss: 0.099378, Val Loss: 1.453484, Train Acc: 96.45, Val Acc: 72.26
[2019-06-06 17:44:49] Epoch 59, LR: 1.000000, Train Loss: 0.087702, Val Loss: 1.376903, Train Acc: 96.97, Val Acc: 75.31
[2019-06-06 17:53:45] Epoch 60, LR: 1.000000, Train Loss: 0.088609, Val Loss: 1.367377, Train Acc: 96.99, Val Acc: 74.23
[2019-06-06 18:02:43] Epoch 61, LR: 1.000000, Train Loss: 0.083801, Val Loss: 1.460017, Train Acc: 96.87, Val Acc: 74.81
[2019-06-06 18:11:37] Epoch 62, LR: 1.000000, Train Loss: 0.075104, Val Loss: 1.347868, Train Acc: 97.33, Val Acc: 74.70
[2019-06-06 18:20:34] Epoch 63, LR: 1.000000, Train Loss: 0.084108, Val Loss: 1.296628, Train Acc: 97.01, Val Acc: 74.57
[2019-06-06 18:29:36] Epoch 64, LR: 1.000000, Train Loss: 0.072866, Val Loss: 1.488641, Train Acc: 97.51, Val Acc: 73.91
[2019-06-06 18:38:33] Epoch 65, LR: 1.000000, Train Loss: 0.076095, Val Loss: 1.486986, Train Acc: 97.38, Val Acc: 75.31
[2019-06-06 18:47:29] Epoch 66, LR: 1.000000, Train Loss: 0.065158, Val Loss: 1.432247, Train Acc: 97.78, Val Acc: 74.49
[2019-06-06 18:56:29] Epoch 67, LR: 1.000000, Train Loss: 0.068934, Val Loss: 1.613253, Train Acc: 97.66, Val Acc: 73.78
[2019-06-06 19:05:27] Epoch 68, LR: 1.000000, Train Loss: 0.065583, Val Loss: 1.377192, Train Acc: 97.74, Val Acc: 75.68
[2019-06-06 19:14:22] Epoch 69, LR: 1.000000, Train Loss: 0.066235, Val Loss: 1.434750, Train Acc: 97.73, Val Acc: 75.52
[2019-06-06 19:23:17] Epoch 70, LR: 1.000000, Train Loss: 0.063509, Val Loss: 1.430980, Train Acc: 97.66, Val Acc: 76.07
[2019-06-06 19:32:13] Epoch 71, LR: 1.000000, Train Loss: 0.048334, Val Loss: 1.662897, Train Acc: 98.26, Val Acc: 74.20
[2019-06-06 19:41:08] Epoch 72, LR: 1.000000, Train Loss: 0.058971, Val Loss: 1.540947, Train Acc: 97.91, Val Acc: 74.70
[2019-06-06 19:50:06] Epoch 73, LR: 1.000000, Train Loss: 0.058361, Val Loss: 1.601177, Train Acc: 98.00, Val Acc: 73.57
[2019-06-06 19:59:01] Epoch 74, LR: 1.000000, Train Loss: 0.053825, Val Loss: 1.494777, Train Acc: 98.13, Val Acc: 74.55
[2019-06-06 20:07:56] Epoch 75, LR: 1.000000, Train Loss: 0.055406, Val Loss: 1.478054, Train Acc: 98.02, Val Acc: 75.44
[2019-06-06 20:16:52] Epoch 76, LR: 1.000000, Train Loss: 0.056378, Val Loss: 1.446729, Train Acc: 98.03, Val Acc: 75.52
[2019-06-06 20:25:46] Epoch 77, LR: 1.000000, Train Loss: 0.043490, Val Loss: 1.394237, Train Acc: 98.50, Val Acc: 74.52
[2019-06-06 20:34:42] Epoch 78, LR: 1.000000, Train Loss: 0.038196, Val Loss: 1.457022, Train Acc: 98.64, Val Acc: 75.20
[2019-06-06 20:43:39] Epoch 79, LR: 1.000000, Train Loss: 0.043756, Val Loss: 1.531097, Train Acc: 98.43, Val Acc: 75.31
[2019-06-06 20:52:36] Epoch 80, LR: 1.000000, Train Loss: 0.048715, Val Loss: 1.732161, Train Acc: 98.32, Val Acc: 76.05
[2019-06-06 21:01:32] Epoch 81, LR: 1.000000, Train Loss: 0.037265, Val Loss: 1.459560, Train Acc: 98.79, Val Acc: 76.78
[2019-06-06 21:10:27] Epoch 82, LR: 1.000000, Train Loss: 0.040755, Val Loss: 1.622538, Train Acc: 98.70, Val Acc: 74.97
[2019-06-06 21:19:23] Epoch 83, LR: 1.000000, Train Loss: 0.043237, Val Loss: 1.843866, Train Acc: 98.52, Val Acc: 73.49
[2019-06-06 21:28:19] Epoch 84, LR: 1.000000, Train Loss: 0.037543, Val Loss: 1.680172, Train Acc: 98.63, Val Acc: 75.05
[2019-06-06 21:37:15] Epoch 85, LR: 1.000000, Train Loss: 0.037868, Val Loss: 1.583194, Train Acc: 98.64, Val Acc: 75.28
[2019-06-06 21:46:10] Epoch 86, LR: 1.000000, Train Loss: 0.045259, Val Loss: 1.576979, Train Acc: 98.38, Val Acc: 75.63
[2019-06-06 21:55:05] Epoch 87, LR: 1.000000, Train Loss: 0.043130, Val Loss: 1.545280, Train Acc: 98.62, Val Acc: 75.57
[2019-06-06 22:04:00] Epoch 88, LR: 1.000000, Train Loss: 0.038532, Val Loss: 1.562442, Train Acc: 98.66, Val Acc: 75.65
[2019-06-06 22:12:57] Epoch 89, LR: 1.000000, Train Loss: 0.035938, Val Loss: 1.554245, Train Acc: 98.71, Val Acc: 76.02
[2019-06-06 22:21:52] Epoch 90, LR: 1.000000, Train Loss: 0.032824, Val Loss: 1.683328, Train Acc: 98.82, Val Acc: 75.31
[2019-06-06 22:30:48] Epoch 91, LR: 1.000000, Train Loss: 0.032051, Val Loss: 1.716297, Train Acc: 98.96, Val Acc: 76.26
[2019-06-06 22:39:43] Epoch 92, LR: 1.000000, Train Loss: 0.032451, Val Loss: 1.852515, Train Acc: 98.89, Val Acc: 76.28
[2019-06-06 22:48:39] Epoch 93, LR: 1.000000, Train Loss: 0.028023, Val Loss: 1.688406, Train Acc: 99.02, Val Acc: 76.23
[2019-06-06 22:57:34] Epoch 94, LR: 1.000000, Train Loss: 0.034752, Val Loss: 1.716226, Train Acc: 98.76, Val Acc: 75.68
[2019-06-06 23:06:28] Epoch 95, LR: 1.000000, Train Loss: 0.026577, Val Loss: 1.791859, Train Acc: 99.07, Val Acc: 74.57
[2019-06-06 23:15:23] Epoch 96, LR: 1.000000, Train Loss: 0.027376, Val Loss: 1.632082, Train Acc: 99.11, Val Acc: 75.36
[2019-06-06 23:24:19] Epoch 97, LR: 1.000000, Train Loss: 0.031555, Val Loss: 1.767880, Train Acc: 98.84, Val Acc: 73.91
[2019-06-06 23:33:14] Epoch 98, LR: 1.000000, Train Loss: 0.035415, Val Loss: 1.857151, Train Acc: 98.88, Val Acc: 75.47
[2019-06-06 23:42:09] Epoch 99, LR: 1.000000, Train Loss: 0.026347, Val Loss: 1.651256, Train Acc: 99.20, Val Acc: 75.02
[2019-06-06 23:51:04] Epoch 100, LR: 1.000000, Train Loss: 0.027235, Val Loss: 1.756728, Train Acc: 99.04, Val Acc: 75.47
[2019-06-06 23:59:59] Epoch 101, LR: 1.000000, Train Loss: 0.019664, Val Loss: 1.804849, Train Acc: 99.29, Val Acc: 75.55
[2019-06-07 00:08:56] Epoch 102, LR: 1.000000, Train Loss: 0.031022, Val Loss: 1.738759, Train Acc: 98.94, Val Acc: 72.60
[2019-06-07 00:17:52] Epoch 103, LR: 1.000000, Train Loss: 0.032851, Val Loss: 1.821181, Train Acc: 98.84, Val Acc: 75.41
[2019-06-07 00:26:48] Epoch 104, LR: 1.000000, Train Loss: 0.035053, Val Loss: 1.830188, Train Acc: 98.77, Val Acc: 75.15
[2019-06-07 00:35:44] Epoch 105, LR: 1.000000, Train Loss: 0.024228, Val Loss: 1.615791, Train Acc: 99.22, Val Acc: 74.73
[2019-06-07 00:44:39] Epoch 106, LR: 1.000000, Train Loss: 0.021763, Val Loss: 1.785061, Train Acc: 99.28, Val Acc: 74.89
[2019-06-07 00:53:34] Epoch 107, LR: 1.000000, Train Loss: 0.021385, Val Loss: 1.820125, Train Acc: 99.28, Val Acc: 75.39
[2019-06-07 01:02:30] Epoch 108, LR: 1.000000, Train Loss: 0.027189, Val Loss: 1.875343, Train Acc: 99.10, Val Acc: 75.41
[2019-06-07 01:11:27] Epoch 109, LR: 1.000000, Train Loss: 0.022914, Val Loss: 1.989837, Train Acc: 99.20, Val Acc: 75.23
[2019-06-07 01:20:23] Epoch 110, LR: 1.000000, Train Loss: 0.026005, Val Loss: 2.036542, Train Acc: 99.19, Val Acc: 75.28
[2019-06-07 01:29:19] Epoch 111, LR: 1.000000, Train Loss: 0.018348, Val Loss: 1.823655, Train Acc: 99.40, Val Acc: 75.07
[2019-06-07 01:38:15] Epoch 112, LR: 1.000000, Train Loss: 0.016165, Val Loss: 1.881143, Train Acc: 99.45, Val Acc: 75.63
[2019-06-07 01:47:13] Epoch 113, LR: 1.000000, Train Loss: 0.020214, Val Loss: 1.781780, Train Acc: 99.35, Val Acc: 76.76
[2019-06-07 01:56:10] Epoch 114, LR: 1.000000, Train Loss: 0.020575, Val Loss: 1.822529, Train Acc: 99.35, Val Acc: 75.10
[2019-06-07 02:05:05] Epoch 115, LR: 1.000000, Train Loss: 0.023063, Val Loss: 1.813545, Train Acc: 99.23, Val Acc: 74.91
[2019-06-07 02:14:00] Epoch 116, LR: 1.000000, Train Loss: 0.024997, Val Loss: 1.790877, Train Acc: 99.14, Val Acc: 75.41
[2019-06-07 02:22:55] Epoch 117, LR: 1.000000, Train Loss: 0.021560, Val Loss: 1.775830, Train Acc: 99.22, Val Acc: 75.84
[2019-06-07 02:31:53] Epoch 118, LR: 1.000000, Train Loss: 0.020007, Val Loss: 1.809523, Train Acc: 99.29, Val Acc: 76.34
[2019-06-07 02:40:47] Epoch 119, LR: 1.000000, Train Loss: 0.016345, Val Loss: 1.841114, Train Acc: 99.43, Val Acc: 76.18
[2019-06-07 02:49:42] Epoch 120, LR: 1.000000, Train Loss: 0.014811, Val Loss: 1.829826, Train Acc: 99.49, Val Acc: 76.26
[2019-06-07 02:58:38] Epoch 121, LR: 1.000000, Train Loss: 0.014779, Val Loss: 1.847883, Train Acc: 99.51, Val Acc: 76.05
[2019-06-07 03:07:33] Epoch 122, LR: 1.000000, Train Loss: 0.019821, Val Loss: 1.747722, Train Acc: 99.33, Val Acc: 75.84
[2019-06-07 03:16:27] Epoch 123, LR: 1.000000, Train Loss: 0.016916, Val Loss: 1.899473, Train Acc: 99.41, Val Acc: 75.44
[2019-06-07 03:25:22] Epoch 124, LR: 1.000000, Train Loss: 0.017630, Val Loss: 1.853479, Train Acc: 99.44, Val Acc: 75.49
[2019-06-07 03:34:17] Epoch 125, LR: 1.000000, Train Loss: 0.015736, Val Loss: 1.771158, Train Acc: 99.55, Val Acc: 76.41
[2019-06-07 03:43:14] Epoch 126, LR: 1.000000, Train Loss: 0.016403, Val Loss: 1.889549, Train Acc: 99.48, Val Acc: 76.23
[2019-06-07 03:52:10] Epoch 127, LR: 1.000000, Train Loss: 0.020087, Val Loss: 1.935936, Train Acc: 99.32, Val Acc: 76.10
[2019-06-07 04:01:06] Epoch 128, LR: 1.000000, Train Loss: 0.022490, Val Loss: 1.831655, Train Acc: 99.26, Val Acc: 76.49
[2019-06-07 04:10:02] Epoch 129, LR: 1.000000, Train Loss: 0.024149, Val Loss: 1.859103, Train Acc: 99.21, Val Acc: 75.84
[2019-06-07 04:18:58] Epoch 130, LR: 1.000000, Train Loss: 0.015580, Val Loss: 1.905040, Train Acc: 99.48, Val Acc: 76.49
[2019-06-07 04:27:55] Epoch 131, LR: 1.000000, Train Loss: 0.015685, Val Loss: 1.942305, Train Acc: 99.46, Val Acc: 76.57
[2019-06-07 04:36:56] Epoch 132, LR: 1.000000, Train Loss: 0.016141, Val Loss: 1.934592, Train Acc: 99.44, Val Acc: 75.84
[2019-06-07 04:45:52] Epoch 133, LR: 1.000000, Train Loss: 0.013888, Val Loss: 1.985497, Train Acc: 99.54, Val Acc: 76.26
[2019-06-07 04:54:50] Epoch 134, LR: 1.000000, Train Loss: 0.016761, Val Loss: 1.924538, Train Acc: 99.41, Val Acc: 75.86
[2019-06-07 05:03:50] Epoch 135, LR: 1.000000, Train Loss: 0.017946, Val Loss: 1.791759, Train Acc: 99.41, Val Acc: 75.23
[2019-06-07 05:12:46] Epoch 136, LR: 1.000000, Train Loss: 0.011190, Val Loss: 1.860559, Train Acc: 99.63, Val Acc: 74.36
[2019-06-07 05:21:41] Epoch 137, LR: 1.000000, Train Loss: 0.016839, Val Loss: 1.959844, Train Acc: 99.42, Val Acc: 75.86
[2019-06-07 05:30:36] Epoch 138, LR: 1.000000, Train Loss: 0.020953, Val Loss: 1.838712, Train Acc: 99.29, Val Acc: 75.89
[2019-06-07 05:39:30] Epoch 139, LR: 1.000000, Train Loss: 0.014434, Val Loss: 1.756399, Train Acc: 99.55, Val Acc: 75.49
[2019-06-07 05:48:25] Epoch 140, LR: 1.000000, Train Loss: 0.007133, Val Loss: 1.883641, Train Acc: 99.79, Val Acc: 76.31
[2019-06-07 05:57:21] Epoch 141, LR: 1.000000, Train Loss: 0.010670, Val Loss: 2.013656, Train Acc: 99.61, Val Acc: 76.26
[2019-06-07 06:06:16] Epoch 142, LR: 1.000000, Train Loss: 0.007376, Val Loss: 2.039031, Train Acc: 99.74, Val Acc: 76.49
[2019-06-07 06:15:13] Epoch 143, LR: 1.000000, Train Loss: 0.008505, Val Loss: 2.059411, Train Acc: 99.70, Val Acc: 75.86
[2019-06-07 06:24:08] Epoch 144, LR: 1.000000, Train Loss: 0.010584, Val Loss: 1.958052, Train Acc: 99.61, Val Acc: 75.47
[2019-06-07 06:33:05] Epoch 145, LR: 1.000000, Train Loss: 0.012275, Val Loss: 2.040991, Train Acc: 99.57, Val Acc: 74.70
[2019-06-07 06:42:01] Epoch 146, LR: 1.000000, Train Loss: 0.013540, Val Loss: 2.112577, Train Acc: 99.54, Val Acc: 75.26
[2019-06-07 06:50:57] Epoch 147, LR: 1.000000, Train Loss: 0.019400, Val Loss: 2.001530, Train Acc: 99.34, Val Acc: 75.97
[2019-06-07 06:59:52] Epoch 148, LR: 1.000000, Train Loss: 0.008718, Val Loss: 1.953399, Train Acc: 99.75, Val Acc: 76.23
[2019-06-07 07:08:49] Epoch 149, LR: 1.000000, Train Loss: 0.010535, Val Loss: 2.124939, Train Acc: 99.67, Val Acc: 74.97
[2019-06-07 07:17:44] Epoch 150, LR: 1.000000, Train Loss: 0.011633, Val Loss: 1.930992, Train Acc: 99.62, Val Acc: 76.60
[2019-06-07 07:26:38] Epoch 151, LR: 1.000000, Train Loss: 0.012565, Val Loss: 1.794443, Train Acc: 99.57, Val Acc: 77.36
[2019-06-07 07:35:34] Epoch 152, LR: 0.150000, Train Loss: 0.005722, Val Loss: 1.799809, Train Acc: 99.80, Val Acc: 77.55
[2019-06-07 07:44:29] Epoch 153, LR: 0.150000, Train Loss: 0.002320, Val Loss: 1.828628, Train Acc: 99.93, Val Acc: 77.34
[2019-06-07 07:53:25] Epoch 154, LR: 0.150000, Train Loss: 0.002637, Val Loss: 1.850305, Train Acc: 99.93, Val Acc: 77.44
[2019-06-07 08:02:21] Epoch 155, LR: 0.150000, Train Loss: 0.002110, Val Loss: 1.889739, Train Acc: 99.93, Val Acc: 77.18
[2019-06-07 08:11:16] Epoch 156, LR: 0.150000, Train Loss: 0.002232, Val Loss: 1.913141, Train Acc: 99.96, Val Acc: 77.63
[2019-06-07 08:20:12] Epoch 157, LR: 0.150000, Train Loss: 0.001604, Val Loss: 1.886363, Train Acc: 99.96, Val Acc: 77.60
[2019-06-07 08:29:07] Epoch 158, LR: 0.150000, Train Loss: 0.001732, Val Loss: 1.902763, Train Acc: 99.95, Val Acc: 77.70
[2019-06-07 08:38:04] Epoch 159, LR: 0.150000, Train Loss: 0.001522, Val Loss: 1.923325, Train Acc: 99.96, Val Acc: 77.63
[2019-06-07 08:47:00] Epoch 160, LR: 0.150000, Train Loss: 0.001214, Val Loss: 1.911477, Train Acc: 99.97, Val Acc: 77.63
[2019-06-07 08:55:55] Epoch 161, LR: 0.150000, Train Loss: 0.001168, Val Loss: 1.897403, Train Acc: 99.96, Val Acc: 77.63
[2019-06-07 09:04:51] Epoch 162, LR: 0.150000, Train Loss: 0.001401, Val Loss: 1.925071, Train Acc: 99.95, Val Acc: 77.84
[2019-06-07 09:13:47] Epoch 163, LR: 0.150000, Train Loss: 0.001062, Val Loss: 1.902181, Train Acc: 99.97, Val Acc: 78.02
[2019-06-07 09:22:42] Epoch 164, LR: 0.150000, Train Loss: 0.001241, Val Loss: 1.897182, Train Acc: 99.97, Val Acc: 77.86
[2019-06-07 09:31:38] Epoch 165, LR: 0.150000, Train Loss: 0.001471, Val Loss: 1.946727, Train Acc: 99.96, Val Acc: 77.99
[2019-06-07 09:40:37] Epoch 166, LR: 0.150000, Train Loss: 0.001313, Val Loss: 1.848647, Train Acc: 99.95, Val Acc: 77.18
[2019-06-07 09:49:33] Epoch 167, LR: 0.150000, Train Loss: 0.001042, Val Loss: 1.899222, Train Acc: 99.97, Val Acc: 77.99
[2019-06-07 09:58:28] Epoch 168, LR: 0.150000, Train Loss: 0.001130, Val Loss: 2.014404, Train Acc: 99.98, Val Acc: 77.92
[2019-06-07 10:07:24] Epoch 169, LR: 0.150000, Train Loss: 0.001184, Val Loss: 1.965637, Train Acc: 99.97, Val Acc: 77.81
[2019-06-07 10:16:20] Epoch 170, LR: 0.150000, Train Loss: 0.000802, Val Loss: 1.934179, Train Acc: 99.97, Val Acc: 77.76
[2019-06-07 10:25:17] Epoch 171, LR: 0.150000, Train Loss: 0.001313, Val Loss: 1.945459, Train Acc: 99.95, Val Acc: 77.81
[2019-06-07 10:34:12] Epoch 172, LR: 0.150000, Train Loss: 0.000743, Val Loss: 1.950280, Train Acc: 99.99, Val Acc: 77.73
[2019-06-07 10:43:08] Epoch 173, LR: 0.150000, Train Loss: 0.000704, Val Loss: 1.994436, Train Acc: 99.99, Val Acc: 77.78
[2019-06-07 10:52:04] Epoch 174, LR: 0.150000, Train Loss: 0.001117, Val Loss: 1.966590, Train Acc: 99.97, Val Acc: 77.86
[2019-06-07 11:00:59] Epoch 175, LR: 0.150000, Train Loss: 0.000757, Val Loss: 2.009695, Train Acc: 99.98, Val Acc: 77.81
[2019-06-07 11:09:55] Epoch 176, LR: 0.150000, Train Loss: 0.000842, Val Loss: 1.957105, Train Acc: 99.96, Val Acc: 77.92
[2019-06-07 11:18:51] Epoch 177, LR: 0.150000, Train Loss: 0.000736, Val Loss: 1.947467, Train Acc: 99.99, Val Acc: 77.94
[2019-06-07 11:27:46] Epoch 178, LR: 0.150000, Train Loss: 0.000642, Val Loss: 1.899986, Train Acc: 99.99, Val Acc: 78.02
[2019-06-07 11:36:41] Epoch 179, LR: 0.150000, Train Loss: 0.000586, Val Loss: 1.952962, Train Acc: 99.99, Val Acc: 77.89
[2019-06-07 11:45:36] Epoch 180, LR: 0.150000, Train Loss: 0.001053, Val Loss: 1.940160, Train Acc: 99.97, Val Acc: 77.97
[2019-06-07 11:54:31] Epoch 181, LR: 0.150000, Train Loss: 0.000642, Val Loss: 1.938280, Train Acc: 99.97, Val Acc: 77.76
[2019-06-07 12:03:26] Epoch 182, LR: 0.150000, Train Loss: 0.000946, Val Loss: 1.920067, Train Acc: 99.96, Val Acc: 77.68
[2019-06-07 12:12:20] Epoch 183, LR: 0.150000, Train Loss: 0.000608, Val Loss: 1.946985, Train Acc: 99.99, Val Acc: 77.68
[2019-06-07 12:21:16] Epoch 184, LR: 0.150000, Train Loss: 0.000578, Val Loss: 1.940164, Train Acc: 99.99, Val Acc: 77.86
[2019-06-07 12:30:12] Epoch 185, LR: 0.150000, Train Loss: 0.000466, Val Loss: 1.965067, Train Acc: 99.99, Val Acc: 77.78
[2019-06-07 12:39:09] Epoch 186, LR: 0.150000, Train Loss: 0.000861, Val Loss: 2.012029, Train Acc: 99.97, Val Acc: 77.76
[2019-06-07 12:48:05] Epoch 187, LR: 0.150000, Train Loss: 0.000578, Val Loss: 2.003018, Train Acc: 99.98, Val Acc: 78.15
[2019-06-07 12:57:01] Epoch 188, LR: 0.150000, Train Loss: 0.000538, Val Loss: 2.007960, Train Acc: 99.99, Val Acc: 77.84
[2019-06-07 13:05:55] Epoch 189, LR: 0.150000, Train Loss: 0.000612, Val Loss: 1.980874, Train Acc: 99.98, Val Acc: 77.81
[2019-06-07 13:14:51] Epoch 190, LR: 0.150000, Train Loss: 0.000594, Val Loss: 2.103254, Train Acc: 99.98, Val Acc: 77.60
[2019-06-07 13:23:46] Epoch 191, LR: 0.150000, Train Loss: 0.000667, Val Loss: 2.043792, Train Acc: 99.99, Val Acc: 77.65
[2019-06-07 13:32:42] Epoch 192, LR: 0.150000, Train Loss: 0.000440, Val Loss: 1.971415, Train Acc: 99.99, Val Acc: 77.86
[2019-06-07 13:41:38] Epoch 193, LR: 0.150000, Train Loss: 0.000647, Val Loss: 2.015820, Train Acc: 99.98, Val Acc: 77.76
[2019-06-07 13:50:33] Epoch 194, LR: 0.150000, Train Loss: 0.000677, Val Loss: 2.053040, Train Acc: 99.98, Val Acc: 77.78
[2019-06-07 13:59:28] Epoch 195, LR: 0.150000, Train Loss: 0.000566, Val Loss: 1.972632, Train Acc: 99.99, Val Acc: 77.65
[2019-06-07 14:08:26] Epoch 196, LR: 0.150000, Train Loss: 0.000668, Val Loss: 2.017089, Train Acc: 99.99, Val Acc: 77.68
[2019-06-07 14:17:25] Epoch 197, LR: 0.150000, Train Loss: 0.000600, Val Loss: 1.985722, Train Acc: 99.98, Val Acc: 77.70
[2019-06-07 14:26:25] Epoch 198, LR: 0.150000, Train Loss: 0.000666, Val Loss: 2.038787, Train Acc: 99.98, Val Acc: 77.78
[2019-06-07 14:35:20] Epoch 199, LR: 0.150000, Train Loss: 0.000461, Val Loss: 1.972710, Train Acc: 99.99, Val Acc: 77.76
[2019-06-07 14:44:15] Epoch 200, LR: 0.150000, Train Loss: 0.000478, Val Loss: 1.935023, Train Acc: 99.99, Val Acc: 77.76
[2019-06-07 14:53:12] Epoch 201, LR: 0.150000, Train Loss: 0.000663, Val Loss: 1.995886, Train Acc: 99.99, Val Acc: 78.10
[2019-06-07 15:02:07] Epoch 202, LR: 0.150000, Train Loss: 0.000615, Val Loss: 1.973689, Train Acc: 99.98, Val Acc: 78.23
[2019-06-07 15:11:02] Epoch 203, LR: 0.150000, Train Loss: 0.000546, Val Loss: 1.949916, Train Acc: 99.98, Val Acc: 77.78
[2019-06-07 15:19:57] Epoch 204, LR: 0.150000, Train Loss: 0.000808, Val Loss: 1.978110, Train Acc: 99.97, Val Acc: 77.78
[2019-06-07 15:28:53] Epoch 205, LR: 0.150000, Train Loss: 0.000399, Val Loss: 1.868217, Train Acc: 99.99, Val Acc: 77.86
[2019-06-07 15:37:50] Epoch 206, LR: 0.150000, Train Loss: 0.000448, Val Loss: 2.001344, Train Acc: 99.99, Val Acc: 77.73
[2019-06-07 15:46:45] Epoch 207, LR: 0.150000, Train Loss: 0.000375, Val Loss: 2.025727, Train Acc: 99.99, Val Acc: 77.86
[2019-06-07 15:55:41] Epoch 208, LR: 0.150000, Train Loss: 0.000559, Val Loss: 1.949519, Train Acc: 99.99, Val Acc: 78.10
[2019-06-07 16:04:36] Epoch 209, LR: 0.150000, Train Loss: 0.000710, Val Loss: 1.991379, Train Acc: 99.99, Val Acc: 77.99
[2019-06-07 16:13:32] Epoch 210, LR: 0.150000, Train Loss: 0.000344, Val Loss: 1.989263, Train Acc: 100.00, Val Acc: 78.05
[2019-06-07 16:22:27] Epoch 211, LR: 0.150000, Train Loss: 0.000285, Val Loss: 2.013544, Train Acc: 100.00, Val Acc: 77.99
[2019-06-07 16:31:26] Epoch 212, LR: 0.150000, Train Loss: 0.000458, Val Loss: 2.064682, Train Acc: 99.99, Val Acc: 77.81
[2019-06-07 16:40:21] Epoch 213, LR: 0.150000, Train Loss: 0.000398, Val Loss: 2.000140, Train Acc: 99.98, Val Acc: 77.52
[2019-06-07 16:49:16] Epoch 214, LR: 0.150000, Train Loss: 0.000467, Val Loss: 1.968772, Train Acc: 99.99, Val Acc: 77.99
[2019-06-07 16:58:12] Epoch 215, LR: 0.150000, Train Loss: 0.000574, Val Loss: 1.962259, Train Acc: 99.98, Val Acc: 78.18
[2019-06-07 17:07:08] Epoch 216, LR: 0.150000, Train Loss: 0.000712, Val Loss: 1.989963, Train Acc: 99.97, Val Acc: 78.23
[2019-06-07 17:16:06] Epoch 217, LR: 0.150000, Train Loss: 0.000436, Val Loss: 1.980822, Train Acc: 99.99, Val Acc: 78.31
[2019-06-07 17:25:01] Epoch 218, LR: 0.150000, Train Loss: 0.000751, Val Loss: 1.951312, Train Acc: 99.97, Val Acc: 78.31
[2019-06-07 17:33:59] Epoch 219, LR: 0.150000, Train Loss: 0.000411, Val Loss: 1.986033, Train Acc: 99.99, Val Acc: 78.07
[2019-06-07 17:42:55] Epoch 220, LR: 0.150000, Train Loss: 0.000447, Val Loss: 2.045553, Train Acc: 99.98, Val Acc: 78.15
[2019-06-07 17:51:51] Epoch 221, LR: 0.150000, Train Loss: 0.000548, Val Loss: 2.024898, Train Acc: 99.99, Val Acc: 78.18
[2019-06-07 18:00:46] Epoch 222, LR: 0.022500, Train Loss: 0.000665, Val Loss: 1.994700, Train Acc: 99.98, Val Acc: 78.15
[2019-06-07 18:09:43] Epoch 223, LR: 0.022500, Train Loss: 0.000356, Val Loss: 1.972843, Train Acc: 99.99, Val Acc: 77.76
[2019-06-07 18:18:41] Epoch 224, LR: 0.022500, Train Loss: 0.000304, Val Loss: 2.038771, Train Acc: 100.00, Val Acc: 78.49
[2019-06-07 18:27:35] Epoch 225, LR: 0.022500, Train Loss: 0.000441, Val Loss: 2.002079, Train Acc: 99.99, Val Acc: 77.89
[2019-06-07 18:36:34] Epoch 226, LR: 0.022500, Train Loss: 0.000260, Val Loss: 1.968150, Train Acc: 100.00, Val Acc: 78.18
[2019-06-07 18:45:29] Epoch 227, LR: 0.022500, Train Loss: 0.000319, Val Loss: 2.005109, Train Acc: 100.00, Val Acc: 78.28
[2019-06-07 18:54:24] Epoch 228, LR: 0.022500, Train Loss: 0.000216, Val Loss: 2.038607, Train Acc: 100.00, Val Acc: 78.07
[2019-06-07 19:03:19] Epoch 229, LR: 0.022500, Train Loss: 0.000489, Val Loss: 2.071698, Train Acc: 99.99, Val Acc: 77.86
[2019-06-07 19:12:14] Epoch 230, LR: 0.022500, Train Loss: 0.000829, Val Loss: 2.008463, Train Acc: 99.98, Val Acc: 78.34
[2019-06-07 19:21:08] Epoch 231, LR: 0.022500, Train Loss: 0.000385, Val Loss: 1.996584, Train Acc: 99.99, Val Acc: 77.92
[2019-06-07 19:30:04] Epoch 232, LR: 0.022500, Train Loss: 0.000330, Val Loss: 2.010671, Train Acc: 100.00, Val Acc: 78.15
[2019-06-07 19:39:00] Epoch 233, LR: 0.022500, Train Loss: 0.000870, Val Loss: 1.970296, Train Acc: 99.99, Val Acc: 77.99
[2019-06-07 19:47:56] Epoch 234, LR: 0.022500, Train Loss: 0.000816, Val Loss: 2.002145, Train Acc: 99.97, Val Acc: 78.31
[2019-06-07 19:56:53] Epoch 235, LR: 0.022500, Train Loss: 0.000350, Val Loss: 2.021335, Train Acc: 99.98, Val Acc: 78.15
[2019-06-07 20:05:49] Epoch 236, LR: 0.022500, Train Loss: 0.000384, Val Loss: 2.008524, Train Acc: 99.99, Val Acc: 78.10
[2019-06-07 20:14:45] Epoch 237, LR: 0.022500, Train Loss: 0.000313, Val Loss: 1.962260, Train Acc: 99.99, Val Acc: 77.86
[2019-06-07 20:23:41] Epoch 238, LR: 0.022500, Train Loss: 0.000363, Val Loss: 1.990588, Train Acc: 100.00, Val Acc: 78.13
[2019-06-07 20:32:36] Epoch 239, LR: 0.022500, Train Loss: 0.000270, Val Loss: 1.951759, Train Acc: 100.00, Val Acc: 78.26
[2019-06-07 20:41:32] Epoch 240, LR: 0.022500, Train Loss: 0.000358, Val Loss: 2.018664, Train Acc: 99.99, Val Acc: 78.07
[2019-06-07 20:50:26] Epoch 241, LR: 0.022500, Train Loss: 0.000451, Val Loss: 2.004710, Train Acc: 99.99, Val Acc: 78.34
[2019-06-07 20:59:22] Epoch 242, LR: 0.022500, Train Loss: 0.000434, Val Loss: 2.011474, Train Acc: 99.99, Val Acc: 78.05
[2019-06-07 21:08:18] Epoch 243, LR: 0.022500, Train Loss: 0.000424, Val Loss: 2.036322, Train Acc: 99.98, Val Acc: 78.18
[2019-06-07 21:17:13] Epoch 244, LR: 0.022500, Train Loss: 0.000452, Val Loss: 1.970815, Train Acc: 99.98, Val Acc: 78.26
[2019-06-07 21:26:07] Epoch 245, LR: 0.022500, Train Loss: 0.000605, Val Loss: 2.027470, Train Acc: 99.98, Val Acc: 78.10
[2019-06-07 21:35:01] Epoch 246, LR: 0.022500, Train Loss: 0.000257, Val Loss: 1.962693, Train Acc: 99.99, Val Acc: 78.26
[2019-06-07 21:43:56] Epoch 247, LR: 0.022500, Train Loss: 0.000294, Val Loss: 1.992894, Train Acc: 99.99, Val Acc: 78.13
[2019-06-07 21:52:51] Epoch 248, LR: 0.022500, Train Loss: 0.000460, Val Loss: 1.957789, Train Acc: 99.98, Val Acc: 78.39
[2019-06-07 22:01:49] Epoch 249, LR: 0.022500, Train Loss: 0.000404, Val Loss: 1.983836, Train Acc: 99.99, Val Acc: 77.94
[2019-06-07 22:10:44] Epoch 250, LR: 0.022500, Train Loss: 0.000611, Val Loss: 1.991704, Train Acc: 99.98, Val Acc: 78.02
[2019-06-07 22:19:41] Epoch 251, LR: 0.022500, Train Loss: 0.000442, Val Loss: 2.022219, Train Acc: 99.98, Val Acc: 78.10
[2019-06-07 22:28:37] Epoch 252, LR: 0.022500, Train Loss: 0.000394, Val Loss: 1.968840, Train Acc: 99.99, Val Acc: 77.97
[2019-06-07 22:37:33] Epoch 253, LR: 0.022500, Train Loss: 0.000354, Val Loss: 1.998824, Train Acc: 99.99, Val Acc: 77.99
[2019-06-07 22:46:30] Epoch 254, LR: 0.022500, Train Loss: 0.000187, Val Loss: 1.982419, Train Acc: 100.00, Val Acc: 78.20
[2019-06-07 22:55:26] Epoch 255, LR: 0.022500, Train Loss: 0.000435, Val Loss: 2.050897, Train Acc: 99.99, Val Acc: 78.02
[2019-06-07 23:04:23] Epoch 256, LR: 0.022500, Train Loss: 0.000312, Val Loss: 2.017280, Train Acc: 99.99, Val Acc: 78.44
[2019-06-07 23:13:17] Epoch 257, LR: 0.022500, Train Loss: 0.000300, Val Loss: 2.080982, Train Acc: 99.99, Val Acc: 78.13
[2019-06-07 23:22:12] Epoch 258, LR: 0.022500, Train Loss: 0.000308, Val Loss: 2.013893, Train Acc: 99.99, Val Acc: 78.18
[2019-06-07 23:31:08] Epoch 259, LR: 0.022500, Train Loss: 0.000791, Val Loss: 2.041136, Train Acc: 99.97, Val Acc: 78.31
[2019-06-07 23:40:05] Epoch 260, LR: 0.022500, Train Loss: 0.000707, Val Loss: 2.005623, Train Acc: 99.98, Val Acc: 78.31
[2019-06-07 23:48:59] Epoch 261, LR: 0.022500, Train Loss: 0.000442, Val Loss: 2.012733, Train Acc: 99.98, Val Acc: 78.20
[2019-06-07 23:57:55] Epoch 262, LR: 0.022500, Train Loss: 0.000545, Val Loss: 2.003892, Train Acc: 99.99, Val Acc: 78.02
[2019-06-08 00:06:50] Epoch 263, LR: 0.022500, Train Loss: 0.000523, Val Loss: 2.033927, Train Acc: 99.97, Val Acc: 78.23
[2019-06-08 00:15:45] Epoch 264, LR: 0.022500, Train Loss: 0.000766, Val Loss: 2.028577, Train Acc: 99.98, Val Acc: 78.13
[2019-06-08 00:24:40] Epoch 265, LR: 0.022500, Train Loss: 0.000247, Val Loss: 2.050016, Train Acc: 100.00, Val Acc: 78.15
[2019-06-08 00:33:35] Epoch 266, LR: 0.022500, Train Loss: 0.000295, Val Loss: 1.970298, Train Acc: 100.00, Val Acc: 78.05
[2019-06-08 00:42:34] Epoch 267, LR: 0.022500, Train Loss: 0.000402, Val Loss: 2.012319, Train Acc: 99.99, Val Acc: 78.20
[2019-06-08 00:51:31] Epoch 268, LR: 0.022500, Train Loss: 0.000255, Val Loss: 2.041495, Train Acc: 100.00, Val Acc: 78.15
[2019-06-08 01:00:27] Epoch 269, LR: 0.022500, Train Loss: 0.000231, Val Loss: 1.937643, Train Acc: 99.99, Val Acc: 78.02
[2019-06-08 01:09:23] Epoch 270, LR: 0.022500, Train Loss: 0.000318, Val Loss: 2.043810, Train Acc: 99.99, Val Acc: 78.15
[2019-06-08 01:18:18] Epoch 271, LR: 0.022500, Train Loss: 0.000445, Val Loss: 2.131310, Train Acc: 99.99, Val Acc: 78.31
[2019-06-08 01:27:13] Epoch 272, LR: 0.003375, Train Loss: 0.000514, Val Loss: 2.018918, Train Acc: 99.98, Val Acc: 78.10
[2019-06-08 01:36:08] Epoch 273, LR: 0.003375, Train Loss: 0.000315, Val Loss: 2.057719, Train Acc: 99.99, Val Acc: 78.15
[2019-06-08 01:45:03] Epoch 274, LR: 0.003375, Train Loss: 0.000370, Val Loss: 2.004510, Train Acc: 99.99, Val Acc: 78.34
[2019-06-08 01:54:00] Epoch 275, LR: 0.003375, Train Loss: 0.000531, Val Loss: 2.010337, Train Acc: 99.98, Val Acc: 78.18
[2019-06-08 02:02:56] Epoch 276, LR: 0.003375, Train Loss: 0.000576, Val Loss: 2.013775, Train Acc: 99.99, Val Acc: 77.86
[2019-06-08 02:11:54] Epoch 277, LR: 0.003375, Train Loss: 0.000307, Val Loss: 2.062855, Train Acc: 99.99, Val Acc: 78.10
[2019-06-08 02:20:50] Epoch 278, LR: 0.003375, Train Loss: 0.000354, Val Loss: 2.027179, Train Acc: 99.99, Val Acc: 78.10
[2019-06-08 02:29:45] Epoch 279, LR: 0.003375, Train Loss: 0.000313, Val Loss: 2.005540, Train Acc: 100.00, Val Acc: 78.28
[2019-06-08 02:38:41] Epoch 280, LR: 0.003375, Train Loss: 0.000311, Val Loss: 2.044485, Train Acc: 100.00, Val Acc: 78.36
[2019-06-08 02:47:37] Epoch 281, LR: 0.003375, Train Loss: 0.000380, Val Loss: 2.088421, Train Acc: 99.99, Val Acc: 78.10
[2019-06-08 02:56:32] Epoch 282, LR: 0.003375, Train Loss: 0.000412, Val Loss: 1.995319, Train Acc: 99.99, Val Acc: 78.05
[2019-06-08 03:05:27] Epoch 283, LR: 0.003375, Train Loss: 0.000257, Val Loss: 2.144560, Train Acc: 100.00, Val Acc: 78.07
[2019-06-08 03:14:23] Epoch 284, LR: 0.003375, Train Loss: 0.000391, Val Loss: 2.027270, Train Acc: 99.99, Val Acc: 78.63
[2019-06-08 03:23:19] Epoch 285, LR: 0.003375, Train Loss: 0.000204, Val Loss: 2.057345, Train Acc: 100.00, Val Acc: 78.02
[2019-06-08 03:32:14] Epoch 286, LR: 0.003375, Train Loss: 0.000487, Val Loss: 1.983624, Train Acc: 99.99, Val Acc: 78.26
[2019-06-08 03:41:14] Epoch 287, LR: 0.003375, Train Loss: 0.000448, Val Loss: 2.010864, Train Acc: 99.99, Val Acc: 78.23
[2019-06-08 03:50:09] Epoch 288, LR: 0.003375, Train Loss: 0.000435, Val Loss: 1.991753, Train Acc: 99.99, Val Acc: 78.15
[2019-06-08 03:59:04] Epoch 289, LR: 0.003375, Train Loss: 0.000321, Val Loss: 2.034808, Train Acc: 99.99, Val Acc: 78.26
[2019-06-08 04:07:59] Epoch 290, LR: 0.003375, Train Loss: 0.000399, Val Loss: 1.982664, Train Acc: 99.99, Val Acc: 78.13
[2019-06-08 04:16:58] Epoch 291, LR: 0.003375, Train Loss: 0.000345, Val Loss: 2.046451, Train Acc: 99.99, Val Acc: 78.31
[2019-06-08 04:25:54] Epoch 292, LR: 0.003375, Train Loss: 0.000304, Val Loss: 2.034014, Train Acc: 99.99, Val Acc: 77.92
[2019-06-08 04:34:50] Epoch 293, LR: 0.003375, Train Loss: 0.000280, Val Loss: 2.060697, Train Acc: 99.99, Val Acc: 78.20
[2019-06-08 04:43:48] Epoch 294, LR: 0.003375, Train Loss: 0.000271, Val Loss: 1.991989, Train Acc: 100.00, Val Acc: 78.23
[2019-06-08 04:52:42] Epoch 295, LR: 0.003375, Train Loss: 0.000352, Val Loss: 2.037204, Train Acc: 99.99, Val Acc: 78.13
[2019-06-08 05:01:37] Epoch 296, LR: 0.003375, Train Loss: 0.000332, Val Loss: 2.037882, Train Acc: 99.99, Val Acc: 78.31
[2019-06-08 05:10:33] Epoch 297, LR: 0.003375, Train Loss: 0.000273, Val Loss: 1.990083, Train Acc: 100.00, Val Acc: 78.05
[2019-06-08 05:19:28] Epoch 298, LR: 0.003375, Train Loss: 0.000339, Val Loss: 1.988644, Train Acc: 99.99, Val Acc: 78.23
[2019-06-08 05:28:23] Epoch 299, LR: 0.003375, Train Loss: 0.000395, Val Loss: 2.038714, Train Acc: 99.99, Val Acc: 78.28
[2019-06-08 05:37:18] Epoch 300, LR: 0.003375, Train Loss: 0.000455, Val Loss: 2.017913, Train Acc: 99.99, Val Acc: 78.31

------------------------
Best Validation Accuracy 78.6260 at epoch 284
------------------------

