results/efficientnet_sgd_lr0.01_d1.0_w1.0_r1.0_c1.0_WeightedLoss_DA_steplr_phase2_ColorSpace/
Data loaded!

8 Classes detected!
verbose: False
snapshot: 1
img_size: 256
pretrained_imagenet: False
shade_of_gray: False
epochs: 300
optimizer: sgd
freezed_epochs: 0
retinex: False
balanced_sampler: False
width_coefficient: 1.0
learning_rate: 0.01
compound_coefficient: 1.0
model_name: efficientnet
resolution_coefficient: 1.0
output_dir: results/efficientnet_sgd_lr0.01_d1.0_w1.0_r1.0_c1.0_WeightedLoss_DA_steplr_phase2_ColorSpace/
path_extension: steplr_phase2_ColorSpace
batch_size: 32
weighted_loss: True
data_augmentation: True
colornet: False
crop_size: 224
depth_coefficient: 1.0

---- Start Training ----
[2019-07-15 11:46:53] Epoch 1, LR: 0.010000, Train Loss: 1.429814, Val Loss: 1.245058, Train Acc: 53.97, Val Acc: 60.05, Val Balanced Acc: 0.26
[2019-07-15 11:55:48] Epoch 2, LR: 0.010000, Train Loss: 1.317566, Val Loss: 1.283015, Train Acc: 57.47, Val Acc: 61.32, Val Balanced Acc: 0.24
[2019-07-15 12:04:42] Epoch 3, LR: 0.010000, Train Loss: 1.266516, Val Loss: 1.346433, Train Acc: 58.85, Val Acc: 63.37, Val Balanced Acc: 0.30
[2019-07-15 12:13:38] Epoch 4, LR: 0.010000, Train Loss: 1.227059, Val Loss: 1.132788, Train Acc: 60.43, Val Acc: 64.05, Val Balanced Acc: 0.33
[2019-07-15 12:22:34] Epoch 5, LR: 0.010000, Train Loss: 1.203691, Val Loss: 1.083785, Train Acc: 60.99, Val Acc: 65.53, Val Balanced Acc: 0.38
[2019-07-15 12:31:31] Epoch 6, LR: 0.010000, Train Loss: 1.175219, Val Loss: 1.083229, Train Acc: 61.55, Val Acc: 64.55, Val Balanced Acc: 0.39
[2019-07-15 12:40:26] Epoch 7, LR: 0.010000, Train Loss: 1.149629, Val Loss: 1.087038, Train Acc: 62.57, Val Acc: 64.42, Val Balanced Acc: 0.40
[2019-07-15 12:49:21] Epoch 8, LR: 0.010000, Train Loss: 1.134415, Val Loss: 1.044986, Train Acc: 62.87, Val Acc: 66.50, Val Balanced Acc: 0.41
[2019-07-15 12:58:16] Epoch 9, LR: 0.010000, Train Loss: 1.120695, Val Loss: 1.031102, Train Acc: 63.47, Val Acc: 68.00, Val Balanced Acc: 0.40
[2019-07-15 13:07:11] Epoch 10, LR: 0.010000, Train Loss: 1.100366, Val Loss: 1.048358, Train Acc: 63.95, Val Acc: 66.45, Val Balanced Acc: 0.43
[2019-07-15 13:16:06] Epoch 11, LR: 0.010000, Train Loss: 1.087855, Val Loss: 1.021176, Train Acc: 64.13, Val Acc: 68.08, Val Balanced Acc: 0.41
[2019-07-15 13:25:03] Epoch 12, LR: 0.010000, Train Loss: 1.077657, Val Loss: 1.032236, Train Acc: 64.70, Val Acc: 67.18, Val Balanced Acc: 0.44
[2019-07-15 13:34:00] Epoch 13, LR: 0.010000, Train Loss: 1.071430, Val Loss: 1.012093, Train Acc: 64.76, Val Acc: 68.79, Val Balanced Acc: 0.44
[2019-07-15 13:42:55] Epoch 14, LR: 0.010000, Train Loss: 1.059564, Val Loss: 1.003800, Train Acc: 65.14, Val Acc: 68.50, Val Balanced Acc: 0.40
[2019-07-15 13:51:49] Epoch 15, LR: 0.010000, Train Loss: 1.051119, Val Loss: 1.050999, Train Acc: 65.32, Val Acc: 67.39, Val Balanced Acc: 0.44
[2019-07-15 14:00:43] Epoch 16, LR: 0.010000, Train Loss: 1.045563, Val Loss: 0.962646, Train Acc: 65.83, Val Acc: 68.84, Val Balanced Acc: 0.45
[2019-07-15 14:09:39] Epoch 17, LR: 0.010000, Train Loss: 1.041363, Val Loss: 0.998132, Train Acc: 65.89, Val Acc: 69.26, Val Balanced Acc: 0.48
[2019-07-15 14:18:35] Epoch 18, LR: 0.010000, Train Loss: 1.036790, Val Loss: 0.996223, Train Acc: 65.93, Val Acc: 68.84, Val Balanced Acc: 0.48
[2019-07-15 14:27:31] Epoch 19, LR: 0.010000, Train Loss: 1.026169, Val Loss: 0.928459, Train Acc: 66.14, Val Acc: 69.66, Val Balanced Acc: 0.50
[2019-07-15 14:36:26] Epoch 20, LR: 0.010000, Train Loss: 1.028090, Val Loss: 0.959151, Train Acc: 66.15, Val Acc: 67.79, Val Balanced Acc: 0.51
[2019-07-15 14:45:22] Epoch 21, LR: 0.010000, Train Loss: 1.018975, Val Loss: 0.995335, Train Acc: 66.59, Val Acc: 68.13, Val Balanced Acc: 0.48
[2019-07-15 14:54:17] Epoch 22, LR: 0.010000, Train Loss: 1.015690, Val Loss: 0.938164, Train Acc: 66.70, Val Acc: 70.45, Val Balanced Acc: 0.53
[2019-07-15 15:03:12] Epoch 23, LR: 0.010000, Train Loss: 1.004671, Val Loss: 0.966788, Train Acc: 66.50, Val Acc: 70.61, Val Balanced Acc: 0.48
[2019-07-15 15:12:09] Epoch 24, LR: 0.010000, Train Loss: 1.001978, Val Loss: 0.964259, Train Acc: 66.88, Val Acc: 69.55, Val Balanced Acc: 0.49
[2019-07-15 15:21:07] Epoch 25, LR: 0.010000, Train Loss: 1.000273, Val Loss: 1.017899, Train Acc: 67.02, Val Acc: 63.71, Val Balanced Acc: 0.47
[2019-07-15 15:30:03] Epoch 26, LR: 0.010000, Train Loss: 0.997518, Val Loss: 0.951915, Train Acc: 67.21, Val Acc: 69.47, Val Balanced Acc: 0.49
[2019-07-15 15:39:00] Epoch 27, LR: 0.010000, Train Loss: 0.996141, Val Loss: 1.022981, Train Acc: 66.88, Val Acc: 69.97, Val Balanced Acc: 0.45
[2019-07-15 15:47:55] Epoch 28, LR: 0.010000, Train Loss: 0.987172, Val Loss: 0.988120, Train Acc: 67.25, Val Acc: 67.79, Val Balanced Acc: 0.51
[2019-07-15 15:56:51] Epoch 29, LR: 0.010000, Train Loss: 0.986827, Val Loss: 0.939722, Train Acc: 67.65, Val Acc: 68.92, Val Balanced Acc: 0.54
[2019-07-15 16:05:47] Epoch 30, LR: 0.010000, Train Loss: 0.992211, Val Loss: 1.132001, Train Acc: 67.21, Val Acc: 63.71, Val Balanced Acc: 0.47
[2019-07-15 16:14:43] Epoch 31, LR: 0.010000, Train Loss: 0.978348, Val Loss: 0.986078, Train Acc: 67.37, Val Acc: 69.26, Val Balanced Acc: 0.53
[2019-07-15 16:23:37] Epoch 32, LR: 0.010000, Train Loss: 0.987629, Val Loss: 0.921021, Train Acc: 67.34, Val Acc: 71.13, Val Balanced Acc: 0.52
[2019-07-15 16:32:33] Epoch 33, LR: 0.010000, Train Loss: 0.980413, Val Loss: 0.957203, Train Acc: 67.34, Val Acc: 66.97, Val Balanced Acc: 0.56
[2019-07-15 16:41:30] Epoch 34, LR: 0.010000, Train Loss: 0.983308, Val Loss: 0.995764, Train Acc: 67.64, Val Acc: 68.32, Val Balanced Acc: 0.53
[2019-07-15 16:50:27] Epoch 35, LR: 0.010000, Train Loss: 0.974174, Val Loss: 0.936322, Train Acc: 67.77, Val Acc: 69.24, Val Balanced Acc: 0.55
[2019-07-15 16:59:24] Epoch 36, LR: 0.010000, Train Loss: 0.985023, Val Loss: 0.941265, Train Acc: 67.17, Val Acc: 71.21, Val Balanced Acc: 0.52
[2019-07-15 17:08:22] Epoch 37, LR: 0.010000, Train Loss: 0.972287, Val Loss: 0.910789, Train Acc: 67.73, Val Acc: 69.39, Val Balanced Acc: 0.53
[2019-07-15 17:17:19] Epoch 38, LR: 0.010000, Train Loss: 0.977504, Val Loss: 0.931766, Train Acc: 67.55, Val Acc: 70.76, Val Balanced Acc: 0.52
[2019-07-15 17:26:18] Epoch 39, LR: 0.010000, Train Loss: 0.976847, Val Loss: 0.910584, Train Acc: 67.66, Val Acc: 69.42, Val Balanced Acc: 0.54
[2019-07-15 17:35:15] Epoch 40, LR: 0.010000, Train Loss: 0.979578, Val Loss: 0.898557, Train Acc: 67.41, Val Acc: 71.97, Val Balanced Acc: 0.56
[2019-07-15 17:44:12] Epoch 41, LR: 0.010000, Train Loss: 0.969219, Val Loss: 0.963193, Train Acc: 68.00, Val Acc: 68.42, Val Balanced Acc: 0.51
[2019-07-15 17:53:09] Epoch 42, LR: 0.010000, Train Loss: 0.969707, Val Loss: 0.984187, Train Acc: 67.67, Val Acc: 70.32, Val Balanced Acc: 0.51
[2019-07-15 18:02:06] Epoch 43, LR: 0.010000, Train Loss: 0.967740, Val Loss: 0.956509, Train Acc: 67.93, Val Acc: 70.32, Val Balanced Acc: 0.53
[2019-07-15 18:11:03] Epoch 44, LR: 0.010000, Train Loss: 0.966306, Val Loss: 0.940058, Train Acc: 67.71, Val Acc: 71.11, Val Balanced Acc: 0.53
[2019-07-15 18:19:58] Epoch 45, LR: 0.010000, Train Loss: 0.964966, Val Loss: 0.908822, Train Acc: 67.71, Val Acc: 68.71, Val Balanced Acc: 0.53
[2019-07-15 18:28:59] Epoch 46, LR: 0.010000, Train Loss: 0.961075, Val Loss: 0.913374, Train Acc: 68.16, Val Acc: 71.24, Val Balanced Acc: 0.56
[2019-07-15 18:37:54] Epoch 47, LR: 0.010000, Train Loss: 0.971301, Val Loss: 0.896343, Train Acc: 67.80, Val Acc: 71.87, Val Balanced Acc: 0.56
[2019-07-15 18:46:50] Epoch 48, LR: 0.010000, Train Loss: 0.958651, Val Loss: 0.914062, Train Acc: 68.04, Val Acc: 70.68, Val Balanced Acc: 0.55
[2019-07-15 18:55:46] Epoch 49, LR: 0.010000, Train Loss: 0.962252, Val Loss: 1.055051, Train Acc: 68.36, Val Acc: 64.42, Val Balanced Acc: 0.57
[2019-07-15 19:04:42] Epoch 50, LR: 0.010000, Train Loss: 0.963340, Val Loss: 0.924835, Train Acc: 68.02, Val Acc: 70.58, Val Balanced Acc: 0.54
[2019-07-15 19:13:37] Epoch 51, LR: 0.010000, Train Loss: 0.961710, Val Loss: 0.897044, Train Acc: 68.37, Val Acc: 70.55, Val Balanced Acc: 0.56
[2019-07-15 19:22:35] Epoch 52, LR: 0.010000, Train Loss: 0.949678, Val Loss: 0.944670, Train Acc: 68.31, Val Acc: 70.55, Val Balanced Acc: 0.59
[2019-07-15 19:31:31] Epoch 53, LR: 0.010000, Train Loss: 0.954253, Val Loss: 0.894616, Train Acc: 68.45, Val Acc: 71.29, Val Balanced Acc: 0.52
[2019-07-15 19:40:28] Epoch 54, LR: 0.010000, Train Loss: 0.951863, Val Loss: 0.947776, Train Acc: 68.13, Val Acc: 70.71, Val Balanced Acc: 0.49
[2019-07-15 19:49:24] Epoch 55, LR: 0.010000, Train Loss: 0.945377, Val Loss: 0.945396, Train Acc: 68.58, Val Acc: 70.76, Val Balanced Acc: 0.53
[2019-07-15 19:58:20] Epoch 56, LR: 0.010000, Train Loss: 0.950550, Val Loss: 0.927586, Train Acc: 68.23, Val Acc: 71.50, Val Balanced Acc: 0.53
[2019-07-15 20:07:16] Epoch 57, LR: 0.010000, Train Loss: 0.943442, Val Loss: 0.915873, Train Acc: 68.79, Val Acc: 70.71, Val Balanced Acc: 0.53
[2019-07-15 20:16:10] Epoch 58, LR: 0.010000, Train Loss: 0.949430, Val Loss: 0.944935, Train Acc: 68.72, Val Acc: 69.21, Val Balanced Acc: 0.56
[2019-07-15 20:25:06] Epoch 59, LR: 0.010000, Train Loss: 0.946829, Val Loss: 0.923948, Train Acc: 68.61, Val Acc: 71.71, Val Balanced Acc: 0.55
[2019-07-15 20:34:02] Epoch 60, LR: 0.010000, Train Loss: 0.938136, Val Loss: 0.910956, Train Acc: 68.65, Val Acc: 72.29, Val Balanced Acc: 0.55
[2019-07-15 20:42:59] Epoch 61, LR: 0.010000, Train Loss: 0.942852, Val Loss: 0.908527, Train Acc: 68.80, Val Acc: 69.55, Val Balanced Acc: 0.53
[2019-07-15 20:51:55] Epoch 62, LR: 0.010000, Train Loss: 0.943287, Val Loss: 0.942789, Train Acc: 68.96, Val Acc: 67.97, Val Balanced Acc: 0.54
[2019-07-15 21:00:52] Epoch 63, LR: 0.010000, Train Loss: 0.943916, Val Loss: 0.886832, Train Acc: 68.68, Val Acc: 71.79, Val Balanced Acc: 0.55
[2019-07-15 21:09:49] Epoch 64, LR: 0.010000, Train Loss: 0.940108, Val Loss: 0.967178, Train Acc: 68.91, Val Acc: 70.21, Val Balanced Acc: 0.53
[2019-07-15 21:18:45] Epoch 65, LR: 0.010000, Train Loss: 0.935546, Val Loss: 0.903901, Train Acc: 68.74, Val Acc: 69.97, Val Balanced Acc: 0.55
[2019-07-15 21:27:40] Epoch 66, LR: 0.010000, Train Loss: 0.933429, Val Loss: 0.943350, Train Acc: 69.26, Val Acc: 70.53, Val Balanced Acc: 0.52
[2019-07-15 21:36:35] Epoch 67, LR: 0.010000, Train Loss: 0.933325, Val Loss: 0.877263, Train Acc: 69.03, Val Acc: 72.95, Val Balanced Acc: 0.54
[2019-07-15 21:45:32] Epoch 68, LR: 0.010000, Train Loss: 0.932409, Val Loss: 0.882469, Train Acc: 69.15, Val Acc: 71.55, Val Balanced Acc: 0.56
[2019-07-15 21:54:32] Epoch 69, LR: 0.010000, Train Loss: 0.933125, Val Loss: 0.917541, Train Acc: 69.20, Val Acc: 71.39, Val Balanced Acc: 0.51
[2019-07-15 22:03:29] Epoch 70, LR: 0.010000, Train Loss: 0.937058, Val Loss: 0.894850, Train Acc: 69.05, Val Acc: 71.55, Val Balanced Acc: 0.60
[2019-07-15 22:12:26] Epoch 71, LR: 0.010000, Train Loss: 0.929388, Val Loss: 0.947947, Train Acc: 69.10, Val Acc: 70.63, Val Balanced Acc: 0.55
[2019-07-15 22:21:22] Epoch 72, LR: 0.010000, Train Loss: 0.932590, Val Loss: 0.918452, Train Acc: 68.88, Val Acc: 70.32, Val Balanced Acc: 0.58
[2019-07-15 22:30:17] Epoch 73, LR: 0.010000, Train Loss: 0.927057, Val Loss: 0.945373, Train Acc: 69.12, Val Acc: 70.66, Val Balanced Acc: 0.57
[2019-07-15 22:39:13] Epoch 74, LR: 0.010000, Train Loss: 0.930336, Val Loss: 0.872975, Train Acc: 69.27, Val Acc: 72.18, Val Balanced Acc: 0.54
[2019-07-15 22:48:10] Epoch 75, LR: 0.010000, Train Loss: 0.921134, Val Loss: 0.911330, Train Acc: 69.21, Val Acc: 71.08, Val Balanced Acc: 0.52
[2019-07-15 22:57:10] Epoch 76, LR: 0.010000, Train Loss: 0.918423, Val Loss: 0.933073, Train Acc: 69.75, Val Acc: 71.61, Val Balanced Acc: 0.57
[2019-07-15 23:06:05] Epoch 77, LR: 0.010000, Train Loss: 0.925757, Val Loss: 0.922092, Train Acc: 69.01, Val Acc: 72.16, Val Balanced Acc: 0.54
[2019-07-15 23:15:01] Epoch 78, LR: 0.010000, Train Loss: 0.925062, Val Loss: 0.894098, Train Acc: 69.14, Val Acc: 72.37, Val Balanced Acc: 0.55
[2019-07-15 23:23:57] Epoch 79, LR: 0.010000, Train Loss: 0.916689, Val Loss: 0.878290, Train Acc: 69.35, Val Acc: 71.58, Val Balanced Acc: 0.56
[2019-07-15 23:32:52] Epoch 80, LR: 0.010000, Train Loss: 0.927109, Val Loss: 0.917290, Train Acc: 69.07, Val Acc: 71.68, Val Balanced Acc: 0.51
[2019-07-15 23:41:47] Epoch 81, LR: 0.010000, Train Loss: 0.915798, Val Loss: 0.913746, Train Acc: 69.77, Val Acc: 69.71, Val Balanced Acc: 0.52
[2019-07-15 23:50:42] Epoch 82, LR: 0.010000, Train Loss: 0.922530, Val Loss: 0.944005, Train Acc: 69.41, Val Acc: 70.58, Val Balanced Acc: 0.57
[2019-07-15 23:59:37] Epoch 83, LR: 0.010000, Train Loss: 0.919198, Val Loss: 0.886674, Train Acc: 69.89, Val Acc: 70.45, Val Balanced Acc: 0.58
[2019-07-16 00:08:32] Epoch 84, LR: 0.010000, Train Loss: 0.914490, Val Loss: 0.875427, Train Acc: 69.60, Val Acc: 72.95, Val Balanced Acc: 0.54
[2019-07-16 00:17:27] Epoch 85, LR: 0.010000, Train Loss: 0.916834, Val Loss: 0.967633, Train Acc: 69.83, Val Acc: 70.18, Val Balanced Acc: 0.58
[2019-07-16 00:26:21] Epoch 86, LR: 0.010000, Train Loss: 0.908716, Val Loss: 0.945207, Train Acc: 69.87, Val Acc: 67.50, Val Balanced Acc: 0.55
[2019-07-16 00:35:16] Epoch 87, LR: 0.010000, Train Loss: 0.912178, Val Loss: 0.891769, Train Acc: 69.54, Val Acc: 71.21, Val Balanced Acc: 0.59
[2019-07-16 00:44:11] Epoch 88, LR: 0.010000, Train Loss: 0.909144, Val Loss: 0.877393, Train Acc: 69.63, Val Acc: 72.97, Val Balanced Acc: 0.61
[2019-07-16 00:53:09] Epoch 89, LR: 0.010000, Train Loss: 0.908438, Val Loss: 0.869268, Train Acc: 69.86, Val Acc: 72.39, Val Balanced Acc: 0.57
[2019-07-16 01:02:06] Epoch 90, LR: 0.010000, Train Loss: 0.914613, Val Loss: 0.927438, Train Acc: 69.86, Val Acc: 71.92, Val Balanced Acc: 0.53
[2019-07-16 01:11:01] Epoch 91, LR: 0.010000, Train Loss: 0.909038, Val Loss: 0.880830, Train Acc: 69.72, Val Acc: 72.50, Val Balanced Acc: 0.56
[2019-07-16 01:19:57] Epoch 92, LR: 0.010000, Train Loss: 0.908756, Val Loss: 0.922212, Train Acc: 69.53, Val Acc: 68.26, Val Balanced Acc: 0.55
[2019-07-16 01:28:55] Epoch 93, LR: 0.010000, Train Loss: 0.906021, Val Loss: 0.830797, Train Acc: 69.81, Val Acc: 73.13, Val Balanced Acc: 0.60
[2019-07-16 01:37:50] Epoch 94, LR: 0.010000, Train Loss: 0.907686, Val Loss: 0.870408, Train Acc: 69.96, Val Acc: 70.74, Val Balanced Acc: 0.56
[2019-07-16 01:46:46] Epoch 95, LR: 0.010000, Train Loss: 0.902566, Val Loss: 0.936530, Train Acc: 70.27, Val Acc: 70.82, Val Balanced Acc: 0.55
[2019-07-16 01:55:46] Epoch 96, LR: 0.010000, Train Loss: 0.899477, Val Loss: 0.892923, Train Acc: 70.16, Val Acc: 72.82, Val Balanced Acc: 0.60
[2019-07-16 02:04:47] Epoch 97, LR: 0.010000, Train Loss: 0.897509, Val Loss: 0.890687, Train Acc: 70.34, Val Acc: 72.26, Val Balanced Acc: 0.56
[2019-07-16 02:13:49] Epoch 98, LR: 0.010000, Train Loss: 0.905021, Val Loss: 0.896148, Train Acc: 70.20, Val Acc: 72.45, Val Balanced Acc: 0.56
[2019-07-16 02:22:46] Epoch 99, LR: 0.010000, Train Loss: 0.905695, Val Loss: 0.871830, Train Acc: 70.05, Val Acc: 70.84, Val Balanced Acc: 0.56
[2019-07-16 02:31:43] Epoch 100, LR: 0.010000, Train Loss: 0.889917, Val Loss: 0.872721, Train Acc: 70.42, Val Acc: 71.39, Val Balanced Acc: 0.62
[2019-07-16 02:40:40] Epoch 101, LR: 0.010000, Train Loss: 0.903118, Val Loss: 0.915089, Train Acc: 70.22, Val Acc: 71.50, Val Balanced Acc: 0.61
[2019-07-16 02:49:36] Epoch 102, LR: 0.010000, Train Loss: 0.892792, Val Loss: 0.868545, Train Acc: 70.50, Val Acc: 71.53, Val Balanced Acc: 0.56
[2019-07-16 02:58:32] Epoch 103, LR: 0.010000, Train Loss: 0.892215, Val Loss: 0.886340, Train Acc: 70.39, Val Acc: 70.47, Val Balanced Acc: 0.53
[2019-07-16 03:07:29] Epoch 104, LR: 0.010000, Train Loss: 0.894109, Val Loss: 0.894153, Train Acc: 70.23, Val Acc: 71.71, Val Balanced Acc: 0.56
[2019-07-16 03:16:27] Epoch 105, LR: 0.010000, Train Loss: 0.894873, Val Loss: 0.859716, Train Acc: 70.31, Val Acc: 72.89, Val Balanced Acc: 0.59
[2019-07-16 03:25:22] Epoch 106, LR: 0.010000, Train Loss: 0.890481, Val Loss: 0.840744, Train Acc: 70.15, Val Acc: 72.82, Val Balanced Acc: 0.59
[2019-07-16 03:34:17] Epoch 107, LR: 0.010000, Train Loss: 0.890956, Val Loss: 0.847183, Train Acc: 70.26, Val Acc: 73.45, Val Balanced Acc: 0.58
[2019-07-16 03:43:12] Epoch 108, LR: 0.010000, Train Loss: 0.887440, Val Loss: 0.881404, Train Acc: 70.61, Val Acc: 71.39, Val Balanced Acc: 0.57
[2019-07-16 03:52:07] Epoch 109, LR: 0.010000, Train Loss: 0.889952, Val Loss: 0.874785, Train Acc: 70.17, Val Acc: 70.34, Val Balanced Acc: 0.57
[2019-07-16 04:01:03] Epoch 110, LR: 0.010000, Train Loss: 0.891293, Val Loss: 0.941286, Train Acc: 70.22, Val Acc: 71.68, Val Balanced Acc: 0.56
[2019-07-16 04:09:58] Epoch 111, LR: 0.010000, Train Loss: 0.889423, Val Loss: 0.887999, Train Acc: 70.46, Val Acc: 71.39, Val Balanced Acc: 0.63
[2019-07-16 04:18:53] Epoch 112, LR: 0.010000, Train Loss: 0.890391, Val Loss: 0.831183, Train Acc: 70.57, Val Acc: 73.08, Val Balanced Acc: 0.59
[2019-07-16 04:27:48] Epoch 113, LR: 0.010000, Train Loss: 0.894619, Val Loss: 0.863476, Train Acc: 70.08, Val Acc: 72.82, Val Balanced Acc: 0.61
[2019-07-16 04:36:44] Epoch 114, LR: 0.010000, Train Loss: 0.890803, Val Loss: 0.888818, Train Acc: 70.67, Val Acc: 70.42, Val Balanced Acc: 0.57
[2019-07-16 04:45:40] Epoch 115, LR: 0.010000, Train Loss: 0.887048, Val Loss: 0.859653, Train Acc: 70.41, Val Acc: 72.66, Val Balanced Acc: 0.58
[2019-07-16 04:54:37] Epoch 116, LR: 0.010000, Train Loss: 0.885292, Val Loss: 0.909297, Train Acc: 70.73, Val Acc: 69.58, Val Balanced Acc: 0.61
[2019-07-16 05:03:36] Epoch 117, LR: 0.010000, Train Loss: 0.884679, Val Loss: 0.861952, Train Acc: 70.70, Val Acc: 72.42, Val Balanced Acc: 0.60
[2019-07-16 05:12:37] Epoch 118, LR: 0.010000, Train Loss: 0.887256, Val Loss: 0.961468, Train Acc: 70.64, Val Acc: 68.05, Val Balanced Acc: 0.60
[2019-07-16 05:21:35] Epoch 119, LR: 0.010000, Train Loss: 0.889861, Val Loss: 0.932276, Train Acc: 70.57, Val Acc: 66.66, Val Balanced Acc: 0.53
[2019-07-16 05:30:32] Epoch 120, LR: 0.010000, Train Loss: 0.878913, Val Loss: 0.865984, Train Acc: 70.59, Val Acc: 73.42, Val Balanced Acc: 0.55
[2019-07-16 05:39:29] Epoch 121, LR: 0.010000, Train Loss: 0.888651, Val Loss: 0.871074, Train Acc: 70.76, Val Acc: 72.34, Val Balanced Acc: 0.59
[2019-07-16 05:48:27] Epoch 122, LR: 0.010000, Train Loss: 0.881498, Val Loss: 0.882234, Train Acc: 70.72, Val Acc: 71.39, Val Balanced Acc: 0.57
[2019-07-16 05:57:24] Epoch 123, LR: 0.010000, Train Loss: 0.889948, Val Loss: 0.864988, Train Acc: 70.38, Val Acc: 72.39, Val Balanced Acc: 0.60
[2019-07-16 06:06:21] Epoch 124, LR: 0.010000, Train Loss: 0.875819, Val Loss: 0.927532, Train Acc: 70.59, Val Acc: 71.82, Val Balanced Acc: 0.59
[2019-07-16 06:15:18] Epoch 125, LR: 0.010000, Train Loss: 0.880696, Val Loss: 0.867024, Train Acc: 70.52, Val Acc: 74.16, Val Balanced Acc: 0.57
[2019-07-16 06:24:14] Epoch 126, LR: 0.010000, Train Loss: 0.875703, Val Loss: 0.910321, Train Acc: 70.83, Val Acc: 71.05, Val Balanced Acc: 0.59
[2019-07-16 06:33:11] Epoch 127, LR: 0.010000, Train Loss: 0.880891, Val Loss: 0.856108, Train Acc: 70.61, Val Acc: 71.37, Val Balanced Acc: 0.59
[2019-07-16 06:42:14] Epoch 128, LR: 0.010000, Train Loss: 0.881016, Val Loss: 0.864174, Train Acc: 70.83, Val Acc: 72.74, Val Balanced Acc: 0.55
[2019-07-16 06:51:12] Epoch 129, LR: 0.010000, Train Loss: 0.877210, Val Loss: 0.874175, Train Acc: 70.99, Val Acc: 73.03, Val Balanced Acc: 0.54
[2019-07-16 07:00:10] Epoch 130, LR: 0.010000, Train Loss: 0.882717, Val Loss: 0.884142, Train Acc: 70.64, Val Acc: 71.55, Val Balanced Acc: 0.60
[2019-07-16 07:09:07] Epoch 131, LR: 0.010000, Train Loss: 0.876249, Val Loss: 0.889025, Train Acc: 70.38, Val Acc: 74.34, Val Balanced Acc: 0.63
[2019-07-16 07:18:05] Epoch 132, LR: 0.010000, Train Loss: 0.876867, Val Loss: 0.836666, Train Acc: 70.69, Val Acc: 71.16, Val Balanced Acc: 0.58
[2019-07-16 07:27:03] Epoch 133, LR: 0.010000, Train Loss: 0.871975, Val Loss: 0.878136, Train Acc: 71.04, Val Acc: 72.84, Val Balanced Acc: 0.56
[2019-07-16 07:36:00] Epoch 134, LR: 0.010000, Train Loss: 0.877273, Val Loss: 0.950634, Train Acc: 71.10, Val Acc: 70.05, Val Balanced Acc: 0.56
[2019-07-16 07:44:55] Epoch 135, LR: 0.010000, Train Loss: 0.867559, Val Loss: 0.886023, Train Acc: 70.87, Val Acc: 71.82, Val Balanced Acc: 0.54
[2019-07-16 07:53:53] Epoch 136, LR: 0.010000, Train Loss: 0.873004, Val Loss: 0.854077, Train Acc: 71.13, Val Acc: 72.95, Val Balanced Acc: 0.61
[2019-07-16 08:02:50] Epoch 137, LR: 0.010000, Train Loss: 0.871897, Val Loss: 0.962368, Train Acc: 70.91, Val Acc: 71.53, Val Balanced Acc: 0.60
[2019-07-16 08:11:46] Epoch 138, LR: 0.010000, Train Loss: 0.872613, Val Loss: 0.881009, Train Acc: 70.97, Val Acc: 73.39, Val Balanced Acc: 0.58
[2019-07-16 08:20:42] Epoch 139, LR: 0.010000, Train Loss: 0.880561, Val Loss: 0.850266, Train Acc: 70.51, Val Acc: 73.16, Val Balanced Acc: 0.60
[2019-07-16 08:29:37] Epoch 140, LR: 0.010000, Train Loss: 0.872906, Val Loss: 0.903653, Train Acc: 70.68, Val Acc: 72.50, Val Balanced Acc: 0.57
[2019-07-16 08:38:33] Epoch 141, LR: 0.010000, Train Loss: 0.873973, Val Loss: 0.840329, Train Acc: 70.89, Val Acc: 73.21, Val Balanced Acc: 0.58
[2019-07-16 08:47:31] Epoch 142, LR: 0.010000, Train Loss: 0.868814, Val Loss: 0.899014, Train Acc: 71.13, Val Acc: 72.47, Val Balanced Acc: 0.58
[2019-07-16 08:56:28] Epoch 143, LR: 0.010000, Train Loss: 0.868324, Val Loss: 0.912184, Train Acc: 71.22, Val Acc: 68.50, Val Balanced Acc: 0.55
[2019-07-16 09:05:26] Epoch 144, LR: 0.010000, Train Loss: 0.870842, Val Loss: 0.848022, Train Acc: 71.08, Val Acc: 73.63, Val Balanced Acc: 0.55
[2019-07-16 09:14:22] Epoch 145, LR: 0.010000, Train Loss: 0.869668, Val Loss: 0.883541, Train Acc: 71.12, Val Acc: 70.47, Val Balanced Acc: 0.61
[2019-07-16 09:23:17] Epoch 146, LR: 0.010000, Train Loss: 0.866680, Val Loss: 0.998282, Train Acc: 70.96, Val Acc: 69.50, Val Balanced Acc: 0.57
[2019-07-16 09:32:14] Epoch 147, LR: 0.010000, Train Loss: 0.865247, Val Loss: 0.893688, Train Acc: 70.89, Val Acc: 71.21, Val Balanced Acc: 0.60
[2019-07-16 09:41:11] Epoch 148, LR: 0.010000, Train Loss: 0.870511, Val Loss: 0.887504, Train Acc: 70.97, Val Acc: 73.68, Val Balanced Acc: 0.57
[2019-07-16 09:50:08] Epoch 149, LR: 0.010000, Train Loss: 0.869808, Val Loss: 0.917702, Train Acc: 71.05, Val Acc: 70.92, Val Balanced Acc: 0.61
[2019-07-16 09:59:04] Epoch 150, LR: 0.010000, Train Loss: 0.861610, Val Loss: 0.830034, Train Acc: 71.39, Val Acc: 74.74, Val Balanced Acc: 0.59
[2019-07-16 10:08:00] Epoch 151, LR: 0.010000, Train Loss: 0.867705, Val Loss: 0.903616, Train Acc: 71.57, Val Acc: 72.84, Val Balanced Acc: 0.56
[2019-07-16 10:16:57] Epoch 152, LR: 0.001000, Train Loss: 0.763618, Val Loss: 0.744946, Train Acc: 74.51, Val Acc: 76.92, Val Balanced Acc: 0.66
[2019-07-16 10:25:55] Epoch 153, LR: 0.001000, Train Loss: 0.725597, Val Loss: 0.730909, Train Acc: 75.95, Val Acc: 77.71, Val Balanced Acc: 0.66
[2019-07-16 10:34:51] Epoch 154, LR: 0.001000, Train Loss: 0.717197, Val Loss: 0.723312, Train Acc: 75.97, Val Acc: 77.08, Val Balanced Acc: 0.68
[2019-07-16 10:43:48] Epoch 155, LR: 0.001000, Train Loss: 0.702528, Val Loss: 0.715402, Train Acc: 76.55, Val Acc: 77.34, Val Balanced Acc: 0.67
[2019-07-16 10:52:46] Epoch 156, LR: 0.001000, Train Loss: 0.693034, Val Loss: 0.717979, Train Acc: 76.84, Val Acc: 78.05, Val Balanced Acc: 0.69
[2019-07-16 11:01:45] Epoch 157, LR: 0.001000, Train Loss: 0.692784, Val Loss: 0.708987, Train Acc: 76.95, Val Acc: 78.18, Val Balanced Acc: 0.69
[2019-07-16 11:10:42] Epoch 158, LR: 0.001000, Train Loss: 0.683553, Val Loss: 0.701245, Train Acc: 77.08, Val Acc: 77.84, Val Balanced Acc: 0.68
[2019-07-16 11:19:37] Epoch 159, LR: 0.001000, Train Loss: 0.677209, Val Loss: 0.695990, Train Acc: 77.19, Val Acc: 78.03, Val Balanced Acc: 0.66
[2019-07-16 11:28:34] Epoch 160, LR: 0.001000, Train Loss: 0.671400, Val Loss: 0.690350, Train Acc: 77.55, Val Acc: 78.63, Val Balanced Acc: 0.68
[2019-07-16 11:37:34] Epoch 161, LR: 0.001000, Train Loss: 0.666311, Val Loss: 0.707892, Train Acc: 77.71, Val Acc: 78.63, Val Balanced Acc: 0.70
[2019-07-16 11:46:34] Epoch 162, LR: 0.001000, Train Loss: 0.672020, Val Loss: 0.703506, Train Acc: 77.23, Val Acc: 78.45, Val Balanced Acc: 0.67
[2019-07-16 11:55:32] Epoch 163, LR: 0.001000, Train Loss: 0.660999, Val Loss: 0.692340, Train Acc: 77.99, Val Acc: 77.89, Val Balanced Acc: 0.72
[2019-07-16 12:04:28] Epoch 164, LR: 0.001000, Train Loss: 0.663440, Val Loss: 0.696262, Train Acc: 77.73, Val Acc: 77.97, Val Balanced Acc: 0.70
[2019-07-16 12:13:23] Epoch 165, LR: 0.001000, Train Loss: 0.657178, Val Loss: 0.675460, Train Acc: 77.76, Val Acc: 79.21, Val Balanced Acc: 0.70
[2019-07-16 12:22:20] Epoch 166, LR: 0.001000, Train Loss: 0.656668, Val Loss: 0.677552, Train Acc: 77.87, Val Acc: 78.68, Val Balanced Acc: 0.68
[2019-07-16 12:31:16] Epoch 167, LR: 0.001000, Train Loss: 0.652812, Val Loss: 0.680385, Train Acc: 78.06, Val Acc: 78.47, Val Balanced Acc: 0.71
[2019-07-16 12:40:12] Epoch 168, LR: 0.001000, Train Loss: 0.650867, Val Loss: 0.667459, Train Acc: 78.08, Val Acc: 78.95, Val Balanced Acc: 0.71
[2019-07-16 12:49:09] Epoch 169, LR: 0.001000, Train Loss: 0.651306, Val Loss: 0.672550, Train Acc: 77.98, Val Acc: 78.34, Val Balanced Acc: 0.69
[2019-07-16 12:58:05] Epoch 170, LR: 0.001000, Train Loss: 0.649510, Val Loss: 0.665491, Train Acc: 77.88, Val Acc: 79.05, Val Balanced Acc: 0.69
[2019-07-16 13:07:02] Epoch 171, LR: 0.001000, Train Loss: 0.650094, Val Loss: 0.661825, Train Acc: 78.09, Val Acc: 78.24, Val Balanced Acc: 0.69
[2019-07-16 13:15:58] Epoch 172, LR: 0.001000, Train Loss: 0.649012, Val Loss: 0.672572, Train Acc: 78.14, Val Acc: 79.29, Val Balanced Acc: 0.70
[2019-07-16 13:24:54] Epoch 173, LR: 0.001000, Train Loss: 0.646883, Val Loss: 0.661093, Train Acc: 78.22, Val Acc: 78.97, Val Balanced Acc: 0.69
[2019-07-16 13:33:56] Epoch 174, LR: 0.001000, Train Loss: 0.635791, Val Loss: 0.689627, Train Acc: 78.56, Val Acc: 79.05, Val Balanced Acc: 0.69
[2019-07-16 13:42:52] Epoch 175, LR: 0.001000, Train Loss: 0.638537, Val Loss: 0.671956, Train Acc: 78.64, Val Acc: 78.21, Val Balanced Acc: 0.69
[2019-07-16 13:51:49] Epoch 176, LR: 0.001000, Train Loss: 0.637458, Val Loss: 0.680466, Train Acc: 78.71, Val Acc: 78.21, Val Balanced Acc: 0.71
[2019-07-16 14:00:45] Epoch 177, LR: 0.001000, Train Loss: 0.636415, Val Loss: 0.674730, Train Acc: 78.82, Val Acc: 78.16, Val Balanced Acc: 0.73
[2019-07-16 14:09:42] Epoch 178, LR: 0.001000, Train Loss: 0.631293, Val Loss: 0.680897, Train Acc: 78.60, Val Acc: 78.16, Val Balanced Acc: 0.69
[2019-07-16 14:18:37] Epoch 179, LR: 0.001000, Train Loss: 0.635298, Val Loss: 0.680495, Train Acc: 78.61, Val Acc: 77.79, Val Balanced Acc: 0.70
[2019-07-16 14:27:34] Epoch 180, LR: 0.001000, Train Loss: 0.633110, Val Loss: 0.688015, Train Acc: 78.59, Val Acc: 78.13, Val Balanced Acc: 0.70
[2019-07-16 14:36:31] Epoch 181, LR: 0.001000, Train Loss: 0.633891, Val Loss: 0.669705, Train Acc: 78.95, Val Acc: 78.95, Val Balanced Acc: 0.70
[2019-07-16 14:45:31] Epoch 182, LR: 0.001000, Train Loss: 0.632526, Val Loss: 0.668915, Train Acc: 78.71, Val Acc: 79.29, Val Balanced Acc: 0.69
[2019-07-16 14:54:27] Epoch 183, LR: 0.001000, Train Loss: 0.625705, Val Loss: 0.705039, Train Acc: 78.81, Val Acc: 78.32, Val Balanced Acc: 0.70
[2019-07-16 15:03:23] Epoch 184, LR: 0.001000, Train Loss: 0.624289, Val Loss: 0.682928, Train Acc: 78.93, Val Acc: 77.84, Val Balanced Acc: 0.71
[2019-07-16 15:12:22] Epoch 185, LR: 0.001000, Train Loss: 0.626120, Val Loss: 0.681182, Train Acc: 78.97, Val Acc: 78.26, Val Balanced Acc: 0.68
[2019-07-16 15:21:17] Epoch 186, LR: 0.001000, Train Loss: 0.623980, Val Loss: 0.673859, Train Acc: 78.90, Val Acc: 79.42, Val Balanced Acc: 0.70
[2019-07-16 15:30:12] Epoch 187, LR: 0.001000, Train Loss: 0.629927, Val Loss: 0.665326, Train Acc: 78.57, Val Acc: 79.34, Val Balanced Acc: 0.70
[2019-07-16 15:39:07] Epoch 188, LR: 0.001000, Train Loss: 0.621997, Val Loss: 0.672151, Train Acc: 78.94, Val Acc: 78.97, Val Balanced Acc: 0.70
[2019-07-16 15:48:03] Epoch 189, LR: 0.001000, Train Loss: 0.624857, Val Loss: 0.712498, Train Acc: 78.99, Val Acc: 77.97, Val Balanced Acc: 0.71
[2019-07-16 15:56:59] Epoch 190, LR: 0.001000, Train Loss: 0.613008, Val Loss: 0.693800, Train Acc: 79.42, Val Acc: 78.03, Val Balanced Acc: 0.68
[2019-07-16 16:05:56] Epoch 191, LR: 0.001000, Train Loss: 0.621736, Val Loss: 0.674343, Train Acc: 78.64, Val Acc: 79.37, Val Balanced Acc: 0.70
[2019-07-16 16:14:52] Epoch 192, LR: 0.001000, Train Loss: 0.625826, Val Loss: 0.691003, Train Acc: 78.95, Val Acc: 78.61, Val Balanced Acc: 0.70
[2019-07-16 16:23:47] Epoch 193, LR: 0.001000, Train Loss: 0.613321, Val Loss: 0.706393, Train Acc: 79.29, Val Acc: 78.37, Val Balanced Acc: 0.71
[2019-07-16 16:32:43] Epoch 194, LR: 0.001000, Train Loss: 0.615377, Val Loss: 0.667027, Train Acc: 79.37, Val Acc: 78.37, Val Balanced Acc: 0.70
[2019-07-16 16:41:39] Epoch 195, LR: 0.001000, Train Loss: 0.615266, Val Loss: 0.684466, Train Acc: 79.12, Val Acc: 79.13, Val Balanced Acc: 0.69
[2019-07-16 16:50:35] Epoch 196, LR: 0.001000, Train Loss: 0.615211, Val Loss: 0.687118, Train Acc: 79.14, Val Acc: 78.32, Val Balanced Acc: 0.71
[2019-07-16 16:59:32] Epoch 197, LR: 0.001000, Train Loss: 0.616082, Val Loss: 0.688369, Train Acc: 78.95, Val Acc: 78.37, Val Balanced Acc: 0.68
[2019-07-16 17:08:28] Epoch 198, LR: 0.001000, Train Loss: 0.617176, Val Loss: 0.678537, Train Acc: 79.05, Val Acc: 78.68, Val Balanced Acc: 0.70
[2019-07-16 17:17:26] Epoch 199, LR: 0.001000, Train Loss: 0.610684, Val Loss: 0.666705, Train Acc: 79.19, Val Acc: 78.32, Val Balanced Acc: 0.71
[2019-07-16 17:26:23] Epoch 200, LR: 0.001000, Train Loss: 0.609086, Val Loss: 0.678012, Train Acc: 79.32, Val Acc: 79.34, Val Balanced Acc: 0.70
[2019-07-16 17:35:19] Epoch 201, LR: 0.001000, Train Loss: 0.608062, Val Loss: 0.680800, Train Acc: 79.28, Val Acc: 78.89, Val Balanced Acc: 0.70
[2019-07-16 17:44:18] Epoch 202, LR: 0.001000, Train Loss: 0.599950, Val Loss: 0.712614, Train Acc: 79.70, Val Acc: 78.05, Val Balanced Acc: 0.71
[2019-07-16 17:53:20] Epoch 203, LR: 0.001000, Train Loss: 0.603798, Val Loss: 0.660892, Train Acc: 79.63, Val Acc: 79.00, Val Balanced Acc: 0.72
[2019-07-16 18:02:19] Epoch 204, LR: 0.001000, Train Loss: 0.608890, Val Loss: 0.664727, Train Acc: 79.47, Val Acc: 78.42, Val Balanced Acc: 0.70
[2019-07-16 18:11:17] Epoch 205, LR: 0.001000, Train Loss: 0.610792, Val Loss: 0.671616, Train Acc: 79.44, Val Acc: 79.50, Val Balanced Acc: 0.71
[2019-07-16 18:20:13] Epoch 206, LR: 0.001000, Train Loss: 0.595891, Val Loss: 0.645373, Train Acc: 79.91, Val Acc: 79.47, Val Balanced Acc: 0.70
[2019-07-16 18:29:14] Epoch 207, LR: 0.001000, Train Loss: 0.606388, Val Loss: 0.671728, Train Acc: 79.69, Val Acc: 78.82, Val Balanced Acc: 0.71
[2019-07-16 18:38:12] Epoch 208, LR: 0.001000, Train Loss: 0.597642, Val Loss: 0.661834, Train Acc: 79.76, Val Acc: 78.76, Val Balanced Acc: 0.71
[2019-07-16 18:47:08] Epoch 209, LR: 0.001000, Train Loss: 0.597760, Val Loss: 0.729077, Train Acc: 79.72, Val Acc: 76.47, Val Balanced Acc: 0.69
[2019-07-16 18:56:04] Epoch 210, LR: 0.001000, Train Loss: 0.603545, Val Loss: 0.680935, Train Acc: 79.62, Val Acc: 78.87, Val Balanced Acc: 0.69
[2019-07-16 19:05:01] Epoch 211, LR: 0.001000, Train Loss: 0.596023, Val Loss: 0.685382, Train Acc: 79.86, Val Acc: 78.79, Val Balanced Acc: 0.73
[2019-07-16 19:13:57] Epoch 212, LR: 0.001000, Train Loss: 0.599731, Val Loss: 0.687479, Train Acc: 79.94, Val Acc: 79.16, Val Balanced Acc: 0.72
[2019-07-16 19:22:53] Epoch 213, LR: 0.001000, Train Loss: 0.603231, Val Loss: 0.698674, Train Acc: 79.53, Val Acc: 78.45, Val Balanced Acc: 0.70
[2019-07-16 19:31:49] Epoch 214, LR: 0.001000, Train Loss: 0.601558, Val Loss: 0.689501, Train Acc: 79.29, Val Acc: 77.92, Val Balanced Acc: 0.71
[2019-07-16 19:40:46] Epoch 215, LR: 0.001000, Train Loss: 0.597572, Val Loss: 0.696476, Train Acc: 79.80, Val Acc: 78.29, Val Balanced Acc: 0.71
[2019-07-16 19:49:42] Epoch 216, LR: 0.001000, Train Loss: 0.590825, Val Loss: 0.681977, Train Acc: 80.02, Val Acc: 78.26, Val Balanced Acc: 0.70
[2019-07-16 19:58:40] Epoch 217, LR: 0.001000, Train Loss: 0.592414, Val Loss: 0.691378, Train Acc: 79.83, Val Acc: 79.05, Val Balanced Acc: 0.67
[2019-07-16 20:07:35] Epoch 218, LR: 0.001000, Train Loss: 0.586844, Val Loss: 0.674796, Train Acc: 80.03, Val Acc: 78.87, Val Balanced Acc: 0.73
[2019-07-16 20:16:31] Epoch 219, LR: 0.001000, Train Loss: 0.596134, Val Loss: 0.698502, Train Acc: 79.67, Val Acc: 77.13, Val Balanced Acc: 0.70
[2019-07-16 20:25:27] Epoch 220, LR: 0.001000, Train Loss: 0.594050, Val Loss: 0.683958, Train Acc: 79.92, Val Acc: 78.53, Val Balanced Acc: 0.70
[2019-07-16 20:34:22] Epoch 221, LR: 0.001000, Train Loss: 0.588129, Val Loss: 0.679791, Train Acc: 80.24, Val Acc: 79.11, Val Balanced Acc: 0.69
[2019-07-16 20:43:19] Epoch 222, LR: 0.000100, Train Loss: 0.556334, Val Loss: 0.646458, Train Acc: 81.07, Val Acc: 79.47, Val Balanced Acc: 0.72
[2019-07-16 20:52:16] Epoch 223, LR: 0.000100, Train Loss: 0.531770, Val Loss: 0.638493, Train Acc: 81.82, Val Acc: 79.84, Val Balanced Acc: 0.73
[2019-07-16 21:01:11] Epoch 224, LR: 0.000100, Train Loss: 0.528235, Val Loss: 0.632112, Train Acc: 82.11, Val Acc: 80.16, Val Balanced Acc: 0.72
[2019-07-16 21:10:06] Epoch 225, LR: 0.000100, Train Loss: 0.523544, Val Loss: 0.636464, Train Acc: 82.30, Val Acc: 79.84, Val Balanced Acc: 0.72
[2019-07-16 21:19:01] Epoch 226, LR: 0.000100, Train Loss: 0.521840, Val Loss: 0.635460, Train Acc: 82.25, Val Acc: 80.21, Val Balanced Acc: 0.74
[2019-07-16 21:27:56] Epoch 227, LR: 0.000100, Train Loss: 0.509177, Val Loss: 0.628258, Train Acc: 82.70, Val Acc: 80.58, Val Balanced Acc: 0.73
[2019-07-16 21:36:52] Epoch 228, LR: 0.000100, Train Loss: 0.508439, Val Loss: 0.636477, Train Acc: 82.85, Val Acc: 79.63, Val Balanced Acc: 0.73
[2019-07-16 21:45:49] Epoch 229, LR: 0.000100, Train Loss: 0.513340, Val Loss: 0.636489, Train Acc: 82.46, Val Acc: 80.16, Val Balanced Acc: 0.74
[2019-07-16 21:54:46] Epoch 230, LR: 0.000100, Train Loss: 0.506047, Val Loss: 0.626349, Train Acc: 82.87, Val Acc: 80.18, Val Balanced Acc: 0.73
[2019-07-16 22:03:43] Epoch 231, LR: 0.000100, Train Loss: 0.515994, Val Loss: 0.641371, Train Acc: 82.84, Val Acc: 80.63, Val Balanced Acc: 0.74
[2019-07-16 22:12:40] Epoch 232, LR: 0.000100, Train Loss: 0.509030, Val Loss: 0.635181, Train Acc: 82.87, Val Acc: 80.13, Val Balanced Acc: 0.75
[2019-07-16 22:21:39] Epoch 233, LR: 0.000100, Train Loss: 0.509633, Val Loss: 0.629640, Train Acc: 82.71, Val Acc: 80.29, Val Balanced Acc: 0.73
[2019-07-16 22:30:35] Epoch 234, LR: 0.000100, Train Loss: 0.501170, Val Loss: 0.628905, Train Acc: 83.09, Val Acc: 80.82, Val Balanced Acc: 0.74
[2019-07-16 22:39:31] Epoch 235, LR: 0.000100, Train Loss: 0.501830, Val Loss: 0.633733, Train Acc: 83.05, Val Acc: 80.45, Val Balanced Acc: 0.73
[2019-07-16 22:48:28] Epoch 236, LR: 0.000100, Train Loss: 0.499843, Val Loss: 0.622660, Train Acc: 82.85, Val Acc: 80.92, Val Balanced Acc: 0.74
[2019-07-16 22:57:25] Epoch 237, LR: 0.000100, Train Loss: 0.502274, Val Loss: 0.628076, Train Acc: 83.16, Val Acc: 80.21, Val Balanced Acc: 0.73
[2019-07-16 23:06:22] Epoch 238, LR: 0.000100, Train Loss: 0.499504, Val Loss: 0.620760, Train Acc: 82.93, Val Acc: 80.66, Val Balanced Acc: 0.74
[2019-07-16 23:15:18] Epoch 239, LR: 0.000100, Train Loss: 0.501124, Val Loss: 0.634861, Train Acc: 82.98, Val Acc: 80.24, Val Balanced Acc: 0.73
[2019-07-16 23:24:15] Epoch 240, LR: 0.000100, Train Loss: 0.501915, Val Loss: 0.632698, Train Acc: 82.77, Val Acc: 79.74, Val Balanced Acc: 0.74
[2019-07-16 23:33:12] Epoch 241, LR: 0.000100, Train Loss: 0.493128, Val Loss: 0.639898, Train Acc: 83.29, Val Acc: 80.53, Val Balanced Acc: 0.74
[2019-07-16 23:42:09] Epoch 242, LR: 0.000100, Train Loss: 0.503582, Val Loss: 0.652660, Train Acc: 82.76, Val Acc: 80.26, Val Balanced Acc: 0.73
[2019-07-16 23:51:08] Epoch 243, LR: 0.000100, Train Loss: 0.494707, Val Loss: 0.640975, Train Acc: 83.31, Val Acc: 80.11, Val Balanced Acc: 0.73
[2019-07-17 00:00:03] Epoch 244, LR: 0.000100, Train Loss: 0.496693, Val Loss: 0.622164, Train Acc: 83.30, Val Acc: 80.13, Val Balanced Acc: 0.73
[2019-07-17 00:08:59] Epoch 245, LR: 0.000100, Train Loss: 0.494285, Val Loss: 0.634603, Train Acc: 83.01, Val Acc: 80.71, Val Balanced Acc: 0.74
[2019-07-17 00:17:54] Epoch 246, LR: 0.000100, Train Loss: 0.498257, Val Loss: 0.635268, Train Acc: 83.11, Val Acc: 80.32, Val Balanced Acc: 0.74
[2019-07-17 00:26:50] Epoch 247, LR: 0.000100, Train Loss: 0.491188, Val Loss: 0.643578, Train Acc: 83.50, Val Acc: 81.29, Val Balanced Acc: 0.73
[2019-07-17 00:35:45] Epoch 248, LR: 0.000100, Train Loss: 0.501481, Val Loss: 0.642417, Train Acc: 82.94, Val Acc: 79.89, Val Balanced Acc: 0.74
[2019-07-17 00:44:42] Epoch 249, LR: 0.000100, Train Loss: 0.502229, Val Loss: 0.631990, Train Acc: 82.77, Val Acc: 80.05, Val Balanced Acc: 0.74
[2019-07-17 00:53:39] Epoch 250, LR: 0.000100, Train Loss: 0.497075, Val Loss: 0.624369, Train Acc: 82.75, Val Acc: 80.29, Val Balanced Acc: 0.73
[2019-07-17 01:02:36] Epoch 251, LR: 0.000100, Train Loss: 0.493048, Val Loss: 0.630190, Train Acc: 83.12, Val Acc: 80.55, Val Balanced Acc: 0.73
[2019-07-17 01:11:34] Epoch 252, LR: 0.000100, Train Loss: 0.490804, Val Loss: 0.627290, Train Acc: 83.44, Val Acc: 80.50, Val Balanced Acc: 0.73
[2019-07-17 01:20:31] Epoch 253, LR: 0.000100, Train Loss: 0.487177, Val Loss: 0.628356, Train Acc: 83.60, Val Acc: 80.45, Val Balanced Acc: 0.73
[2019-07-17 01:29:29] Epoch 254, LR: 0.000100, Train Loss: 0.492267, Val Loss: 0.635780, Train Acc: 83.23, Val Acc: 80.13, Val Balanced Acc: 0.74
[2019-07-17 01:38:26] Epoch 255, LR: 0.000100, Train Loss: 0.488745, Val Loss: 0.637053, Train Acc: 83.26, Val Acc: 80.39, Val Balanced Acc: 0.73
[2019-07-17 01:47:23] Epoch 256, LR: 0.000100, Train Loss: 0.486727, Val Loss: 0.638980, Train Acc: 83.35, Val Acc: 79.95, Val Balanced Acc: 0.74
[2019-07-17 01:56:21] Epoch 257, LR: 0.000100, Train Loss: 0.490634, Val Loss: 0.633342, Train Acc: 83.39, Val Acc: 80.32, Val Balanced Acc: 0.73
[2019-07-17 02:05:18] Epoch 258, LR: 0.000100, Train Loss: 0.485775, Val Loss: 0.642970, Train Acc: 83.53, Val Acc: 79.97, Val Balanced Acc: 0.74
[2019-07-17 02:14:15] Epoch 259, LR: 0.000100, Train Loss: 0.492640, Val Loss: 0.632221, Train Acc: 83.30, Val Acc: 80.92, Val Balanced Acc: 0.74
[2019-07-17 02:23:12] Epoch 260, LR: 0.000100, Train Loss: 0.487813, Val Loss: 0.640164, Train Acc: 83.35, Val Acc: 80.45, Val Balanced Acc: 0.72
[2019-07-17 02:32:09] Epoch 261, LR: 0.000100, Train Loss: 0.485798, Val Loss: 0.628635, Train Acc: 83.25, Val Acc: 80.53, Val Balanced Acc: 0.73
[2019-07-17 02:41:07] Epoch 262, LR: 0.000100, Train Loss: 0.486099, Val Loss: 0.641085, Train Acc: 83.17, Val Acc: 80.34, Val Balanced Acc: 0.73
[2019-07-17 02:50:04] Epoch 263, LR: 0.000100, Train Loss: 0.476448, Val Loss: 0.642423, Train Acc: 83.69, Val Acc: 80.63, Val Balanced Acc: 0.74
[2019-07-17 02:59:01] Epoch 264, LR: 0.000100, Train Loss: 0.480084, Val Loss: 0.634314, Train Acc: 83.58, Val Acc: 80.53, Val Balanced Acc: 0.74
[2019-07-17 03:08:01] Epoch 265, LR: 0.000100, Train Loss: 0.482267, Val Loss: 0.647034, Train Acc: 83.62, Val Acc: 80.53, Val Balanced Acc: 0.74
[2019-07-17 03:16:59] Epoch 266, LR: 0.000100, Train Loss: 0.488944, Val Loss: 0.638521, Train Acc: 83.45, Val Acc: 80.66, Val Balanced Acc: 0.73
[2019-07-17 03:25:58] Epoch 267, LR: 0.000100, Train Loss: 0.482092, Val Loss: 0.635395, Train Acc: 83.65, Val Acc: 80.16, Val Balanced Acc: 0.75
[2019-07-17 03:34:55] Epoch 268, LR: 0.000100, Train Loss: 0.488531, Val Loss: 0.642447, Train Acc: 83.16, Val Acc: 80.45, Val Balanced Acc: 0.73
[2019-07-17 03:43:54] Epoch 269, LR: 0.000100, Train Loss: 0.476377, Val Loss: 0.646843, Train Acc: 83.60, Val Acc: 80.03, Val Balanced Acc: 0.73
[2019-07-17 03:52:52] Epoch 270, LR: 0.000100, Train Loss: 0.478461, Val Loss: 0.637992, Train Acc: 83.79, Val Acc: 80.58, Val Balanced Acc: 0.74
[2019-07-17 04:01:50] Epoch 271, LR: 0.000100, Train Loss: 0.485452, Val Loss: 0.639086, Train Acc: 83.35, Val Acc: 80.24, Val Balanced Acc: 0.73
[2019-07-17 04:10:48] Epoch 272, LR: 0.000010, Train Loss: 0.467144, Val Loss: 0.634300, Train Acc: 84.18, Val Acc: 80.87, Val Balanced Acc: 0.74
[2019-07-17 04:19:45] Epoch 273, LR: 0.000010, Train Loss: 0.471165, Val Loss: 0.633758, Train Acc: 84.06, Val Acc: 80.53, Val Balanced Acc: 0.74
[2019-07-17 04:28:42] Epoch 274, LR: 0.000010, Train Loss: 0.473453, Val Loss: 0.643265, Train Acc: 84.03, Val Acc: 80.24, Val Balanced Acc: 0.74
[2019-07-17 04:37:37] Epoch 275, LR: 0.000010, Train Loss: 0.464778, Val Loss: 0.642530, Train Acc: 84.28, Val Acc: 80.08, Val Balanced Acc: 0.74
[2019-07-17 04:46:33] Epoch 276, LR: 0.000010, Train Loss: 0.471747, Val Loss: 0.625063, Train Acc: 83.94, Val Acc: 80.87, Val Balanced Acc: 0.74
[2019-07-17 04:55:29] Epoch 277, LR: 0.000010, Train Loss: 0.466861, Val Loss: 0.644303, Train Acc: 83.95, Val Acc: 80.61, Val Balanced Acc: 0.74
[2019-07-17 05:04:25] Epoch 278, LR: 0.000010, Train Loss: 0.467554, Val Loss: 0.628772, Train Acc: 84.14, Val Acc: 80.66, Val Balanced Acc: 0.74
[2019-07-17 05:13:22] Epoch 279, LR: 0.000010, Train Loss: 0.465961, Val Loss: 0.634081, Train Acc: 84.11, Val Acc: 80.68, Val Balanced Acc: 0.74
[2019-07-17 05:22:19] Epoch 280, LR: 0.000010, Train Loss: 0.473673, Val Loss: 0.634884, Train Acc: 83.75, Val Acc: 80.71, Val Balanced Acc: 0.74
[2019-07-17 05:31:16] Epoch 281, LR: 0.000010, Train Loss: 0.467807, Val Loss: 0.628864, Train Acc: 84.33, Val Acc: 80.50, Val Balanced Acc: 0.74
[2019-07-17 05:40:13] Epoch 282, LR: 0.000010, Train Loss: 0.473053, Val Loss: 0.642073, Train Acc: 83.73, Val Acc: 80.32, Val Balanced Acc: 0.74
[2019-07-17 05:49:14] Epoch 283, LR: 0.000010, Train Loss: 0.474354, Val Loss: 0.635322, Train Acc: 84.09, Val Acc: 80.50, Val Balanced Acc: 0.74
[2019-07-17 05:58:11] Epoch 284, LR: 0.000010, Train Loss: 0.461996, Val Loss: 0.628145, Train Acc: 84.39, Val Acc: 80.68, Val Balanced Acc: 0.74
[2019-07-17 06:07:08] Epoch 285, LR: 0.000010, Train Loss: 0.468147, Val Loss: 0.631760, Train Acc: 83.99, Val Acc: 80.37, Val Balanced Acc: 0.74
[2019-07-17 06:16:05] Epoch 286, LR: 0.000010, Train Loss: 0.464688, Val Loss: 0.632137, Train Acc: 84.29, Val Acc: 80.61, Val Balanced Acc: 0.74
[2019-07-17 06:25:02] Epoch 287, LR: 0.000010, Train Loss: 0.467342, Val Loss: 0.649092, Train Acc: 83.90, Val Acc: 80.11, Val Balanced Acc: 0.74
[2019-07-17 06:33:57] Epoch 288, LR: 0.000010, Train Loss: 0.469228, Val Loss: 0.630475, Train Acc: 84.03, Val Acc: 80.50, Val Balanced Acc: 0.74
[2019-07-17 06:42:53] Epoch 289, LR: 0.000010, Train Loss: 0.469776, Val Loss: 0.641980, Train Acc: 83.77, Val Acc: 80.58, Val Balanced Acc: 0.74
[2019-07-17 06:51:50] Epoch 290, LR: 0.000010, Train Loss: 0.467182, Val Loss: 0.631532, Train Acc: 84.01, Val Acc: 80.42, Val Balanced Acc: 0.73
[2019-07-17 07:00:46] Epoch 291, LR: 0.000010, Train Loss: 0.470117, Val Loss: 0.628053, Train Acc: 84.04, Val Acc: 80.13, Val Balanced Acc: 0.72
[2019-07-17 07:09:42] Epoch 292, LR: 0.000010, Train Loss: 0.467439, Val Loss: 0.637103, Train Acc: 83.93, Val Acc: 80.42, Val Balanced Acc: 0.73
[2019-07-17 07:18:38] Epoch 293, LR: 0.000010, Train Loss: 0.463929, Val Loss: 0.633057, Train Acc: 84.18, Val Acc: 80.26, Val Balanced Acc: 0.74
[2019-07-17 07:27:38] Epoch 294, LR: 0.000010, Train Loss: 0.468569, Val Loss: 0.635379, Train Acc: 84.14, Val Acc: 80.63, Val Balanced Acc: 0.74
[2019-07-17 07:36:35] Epoch 295, LR: 0.000010, Train Loss: 0.467359, Val Loss: 0.640856, Train Acc: 83.91, Val Acc: 80.45, Val Balanced Acc: 0.74
[2019-07-17 07:45:34] Epoch 296, LR: 0.000010, Train Loss: 0.465790, Val Loss: 0.640678, Train Acc: 84.12, Val Acc: 80.39, Val Balanced Acc: 0.73
[2019-07-17 07:54:35] Epoch 297, LR: 0.000010, Train Loss: 0.467444, Val Loss: 0.628831, Train Acc: 84.11, Val Acc: 80.58, Val Balanced Acc: 0.73
[2019-07-17 08:03:32] Epoch 298, LR: 0.000010, Train Loss: 0.475568, Val Loss: 0.636325, Train Acc: 83.78, Val Acc: 80.29, Val Balanced Acc: 0.73
[2019-07-17 08:12:29] Epoch 299, LR: 0.000010, Train Loss: 0.459642, Val Loss: 0.620868, Train Acc: 84.69, Val Acc: 80.53, Val Balanced Acc: 0.73
[2019-07-17 08:21:26] Epoch 300, LR: 0.000010, Train Loss: 0.466032, Val Loss: 0.638838, Train Acc: 84.30, Val Acc: 80.63, Val Balanced Acc: 0.74

------------------------
Best Validation Accuracy 81.2895 at epoch 247
Best Validation Balanced Accuracy 0.7478 at epoch 232
------------------------

